2024-06-07 11:25:34,473:INFO: Check up feature_size: 100
2024-06-07 11:25:34,474:INFO: ####################################################################################################
2024-06-07 11:25:43,251:INFO: Reading already processed data from ../data_processing/outputs/devign_cpg_c0/devign.bin!
2024-06-07 11:25:43,251:INFO: train_dataset: 14209; valid_dataset: 1753; test_dataset: 1771
2024-06-07 11:25:43,252:INFO: train_batch: 223, valid_batch: 28, test_batch: 28
2024-06-07 11:25:43,252:INFO: ####################################################################################################
2024-06-07 11:25:43,252:INFO: Check up model_type: devign
2024-06-07 11:25:43,336:INFO: Total Parameters : 856463
2024-06-07 11:25:43,336:INFO: ####################################################################################################
2024-06-07 11:25:44,462:INFO: Start training!
2024-06-07 11:27:33,356:INFO: ----------------------------------------------------------------------------------------------------
2024-06-07 11:27:33,356:INFO: Epoch 1	---Train--- Average Loss:    49.3873	 Patience 0	 Loss:    48.1331	Accuracy: 56.2812	Precision: 52.2505	Recall: 33.3959	f1: 40.748	
2024-06-07 11:27:39,190:INFO: Epoch 1	----Valid---- Loss: 47.0412	Accuracy: 56.9880	Precision: 53.6290	Recall: 33.6709	F1: 41.3686
2024-06-07 11:27:45,187:INFO: Epoch 1	----Test---- Loss: 47.9087	Accuracy: 56.4653	Precision: 54.7059	Recall: 34.0659	F1: 41.9865
2024-06-07 11:29:29,258:INFO: ----------------------------------------------------------------------------------------------------
2024-06-07 11:29:29,258:INFO: Epoch 2	---Train--- Average Loss:    48.8657	 Patience 0	 Loss:    48.4054	Accuracy: 56.6824	Precision: 52.9643	Recall: 33.6617	f1: 41.162	
2024-06-07 11:29:35,070:INFO: Epoch 2	----Valid---- Loss: 47.3244	Accuracy: 57.0451	Precision: 53.5783	Recall: 35.0633	F1: 42.3871
2024-06-07 11:29:41,158:INFO: Epoch 2	----Test---- Loss: 48.7082	Accuracy: 55.5618	Precision: 53.2922	Recall: 31.6239	F1: 39.6935
2024-06-07 11:31:27,345:INFO: ----------------------------------------------------------------------------------------------------
2024-06-07 11:31:27,346:INFO: Epoch 3	---Train--- Average Loss:    48.2631	 Patience 0	 Loss:    49.5462	Accuracy: 56.8794	Precision: 55.4653	Recall: 21.3415	f1: 30.823	
2024-06-07 11:31:33,057:INFO: Epoch 3	----Valid---- Loss: 48.3479	Accuracy: 55.6189	Precision: 51.6949	Recall: 23.1646	F1: 31.9930
2024-06-07 11:31:39,009:INFO: Epoch 3	----Test---- Loss: 50.2225	Accuracy: 54.4325	Precision: 51.9108	Recall: 19.9023	F1: 28.7732
2024-06-07 11:33:19,633:INFO: ----------------------------------------------------------------------------------------------------
2024-06-07 11:33:19,633:INFO: Epoch 4	---Train--- Average Loss:    47.9400	 Patience 1	 Loss:    47.4983	Accuracy: 58.8430	Precision: 56.7822	Recall: 35.8662	f1: 43.963	
2024-06-07 11:33:25,385:INFO: Epoch 4	----Valid---- Loss: 46.7882	Accuracy: 57.4444	Precision: 54.1667	Recall: 36.2025	F1: 43.3991
2024-06-07 11:33:31,392:INFO: Epoch 4	----Test---- Loss: 48.3382	Accuracy: 56.5217	Precision: 55.0102	Recall: 32.8449	F1: 41.1315
2024-06-07 11:35:12,878:INFO: ----------------------------------------------------------------------------------------------------
2024-06-07 11:35:12,878:INFO: Epoch 5	---Train--- Average Loss:    47.5369	 Patience 0	 Loss:    47.0442	Accuracy: 60.2365	Precision: 58.6664	Recall: 39.4778	f1: 47.196	
2024-06-07 11:35:18,675:INFO: Epoch 5	----Valid---- Loss: 46.5955	Accuracy: 58.9276	Precision: 56.2278	Recall: 40.0000	F1: 46.7456
2024-06-07 11:35:24,729:INFO: Epoch 5	----Test---- Loss: 48.3255	Accuracy: 56.6347	Precision: 55.0296	Recall: 34.0659	F1: 42.0814
2024-06-07 11:37:14,072:INFO: ----------------------------------------------------------------------------------------------------
2024-06-07 11:37:14,072:INFO: Epoch 6	---Train--- Average Loss:    47.0264	 Patience 0	 Loss:    47.1786	Accuracy: 60.1168	Precision: 58.8621	Recall: 37.8518	f1: 46.075	
2024-06-07 11:37:19,891:INFO: Epoch 6	----Valid---- Loss: 46.8453	Accuracy: 58.1289	Precision: 55.0360	Recall: 38.7342	F1: 45.4681
2024-06-07 11:37:25,954:INFO: Epoch 6	----Test---- Loss: 48.6770	Accuracy: 56.6347	Precision: 55.1102	Recall: 33.5775	F1: 41.7299
2024-06-07 11:39:07,524:INFO: ----------------------------------------------------------------------------------------------------
2024-06-07 11:39:07,524:INFO: Epoch 7	---Train--- Average Loss:    46.5383	 Patience 1	 Loss:    47.0694	Accuracy: 60.1028	Precision: 57.9177	Recall: 41.5729	f1: 48.403	
2024-06-07 11:39:13,292:INFO: Epoch 7	----Valid---- Loss: 46.6936	Accuracy: 59.7262	Precision: 57.2917	Recall: 41.7722	F1: 48.3163
2024-06-07 11:39:19,324:INFO: Epoch 7	----Test---- Loss: 48.7540	Accuracy: 55.7312	Precision: 53.2710	Recall: 34.7985	F1: 42.0975
2024-06-07 11:41:01,301:INFO: ----------------------------------------------------------------------------------------------------
2024-06-07 11:41:01,301:INFO: Epoch 8	---Train--- Average Loss:    46.2625	 Patience 0	 Loss:    45.7897	Accuracy: 61.3625	Precision: 57.6083	Recall: 53.6273	f1: 55.547	
2024-06-07 11:41:07,108:INFO: Epoch 8	----Valid---- Loss: 45.8964	Accuracy: 59.2128	Precision: 54.8263	Recall: 53.9241	F1: 54.3714
2024-06-07 11:41:13,149:INFO: Epoch 8	----Test---- Loss: 48.0195	Accuracy: 57.4252	Precision: 54.4828	Recall: 48.2295	F1: 51.1658
2024-06-07 11:42:56,232:INFO: ----------------------------------------------------------------------------------------------------
2024-06-07 11:42:56,232:INFO: Epoch 9	---Train--- Average Loss:    45.7568	 Patience 0	 Loss:    45.5892	Accuracy: 62.8405	Precision: 62.8690	Recall: 42.6204	f1: 50.801	
2024-06-07 11:43:02,106:INFO: Epoch 9	----Valid---- Loss: 45.8574	Accuracy: 59.8973	Precision: 57.4614	Recall: 42.4051	F1: 48.7983
2024-06-07 11:43:08,263:INFO: Epoch 9	----Test---- Loss: 48.2620	Accuracy: 57.0864	Precision: 55.7730	Recall: 34.7985	F1: 42.8571
2024-06-07 11:44:51,773:INFO: ----------------------------------------------------------------------------------------------------
2024-06-07 11:44:51,773:INFO: Epoch 10	---Train--- Average Loss:    45.4222	 Patience 1	 Loss:    44.5024	Accuracy: 62.5026	Precision: 56.9441	Recall: 68.4647	f1: 62.175	
2024-06-07 11:44:57,668:INFO: Epoch 10	----Valid---- Loss: 45.4912	Accuracy: 58.5853	Precision: 53.2587	Recall: 66.2025	F1: 59.0293
2024-06-07 11:45:03,851:INFO: Epoch 10	----Test---- Loss: 47.2076	Accuracy: 56.5217	Precision: 52.5762	Recall: 61.0501	F1: 56.4972
2024-06-07 11:46:47,094:INFO: ----------------------------------------------------------------------------------------------------
2024-06-07 11:46:47,094:INFO: Epoch 11	---Train--- Average Loss:    45.1858	 Patience 0	 Loss:    44.1676	Accuracy: 64.9025	Precision: 62.0489	Recall: 56.7230	f1: 59.267	
2024-06-07 11:46:53,017:INFO: Epoch 11	----Valid---- Loss: 44.9703	Accuracy: 61.2664	Precision: 57.4297	Recall: 54.3038	F1: 55.8230
2024-06-07 11:46:59,537:INFO: Epoch 11	----Test---- Loss: 47.1577	Accuracy: 57.9334	Precision: 55.3468	Recall: 46.7643	F1: 50.6949
2024-06-07 11:48:42,691:INFO: ----------------------------------------------------------------------------------------------------
2024-06-07 11:48:42,691:INFO: Epoch 12	---Train--- Average Loss:    44.6112	 Patience 1	 Loss:    43.8327	Accuracy: 64.4169	Precision: 59.5197	Recall: 65.4941	f1: 62.364	
2024-06-07 11:48:48,591:INFO: Epoch 12	----Valid---- Loss: 44.9301	Accuracy: 60.2966	Precision: 55.2573	Recall: 62.5316	F1: 58.6698
2024-06-07 11:48:54,771:INFO: Epoch 12	----Test---- Loss: 47.0207	Accuracy: 56.4653	Precision: 52.8436	Recall: 54.4567	F1: 53.6380
2024-06-07 11:50:38,365:INFO: ----------------------------------------------------------------------------------------------------
2024-06-07 11:50:38,365:INFO: Epoch 13	---Train--- Average Loss:    44.2195	 Patience 2	 Loss:    43.2615	Accuracy: 66.1060	Precision: 62.3360	Recall: 62.4140	f1: 62.375	
2024-06-07 11:50:44,280:INFO: Epoch 13	----Valid---- Loss: 44.7387	Accuracy: 60.9812	Precision: 56.5432	Recall: 57.9747	F1: 57.2500
2024-06-07 11:50:50,457:INFO: Epoch 13	----Test---- Loss: 47.2168	Accuracy: 57.5946	Precision: 54.5213	Recall: 50.0611	F1: 52.1961
2024-06-07 11:52:33,891:INFO: ----------------------------------------------------------------------------------------------------
2024-06-07 11:52:33,891:INFO: Epoch 14	---Train--- Average Loss:    43.7298	 Patience 3	 Loss:    42.8893	Accuracy: 67.3165	Precision: 65.0515	Recall: 59.1932	f1: 61.984	
2024-06-07 11:52:39,797:INFO: Epoch 14	----Valid---- Loss: 44.7909	Accuracy: 62.3503	Precision: 58.8556	Recall: 54.6835	F1: 56.6929
2024-06-07 11:52:45,988:INFO: Epoch 14	----Test---- Loss: 47.3755	Accuracy: 58.5545	Precision: 56.3718	Recall: 45.9096	F1: 50.6057
2024-06-07 11:54:29,387:INFO: ----------------------------------------------------------------------------------------------------
2024-06-07 11:54:29,387:INFO: Epoch 15	---Train--- Average Loss:    43.4603	 Patience 4	 Loss:    42.1667	Accuracy: 68.1681	Precision: 63.9381	Recall: 67.1670	f1: 65.513	
2024-06-07 11:54:35,346:INFO: Epoch 15	----Valid---- Loss: 44.5612	Accuracy: 61.5516	Precision: 56.8558	Recall: 60.8861	F1: 58.8020
2024-06-07 11:54:41,408:INFO: Epoch 15	----Test---- Loss: 46.7764	Accuracy: 58.5545	Precision: 55.3729	Recall: 53.4799	F1: 54.4099
2024-06-07 11:56:23,511:INFO: ----------------------------------------------------------------------------------------------------
2024-06-07 11:56:23,511:INFO: Epoch 16	---Train--- Average Loss:    43.0781	 Patience 5	 Loss:    41.7861	Accuracy: 69.4138	Precision: 67.1405	Recall: 62.7736	f1: 64.884	
2024-06-07 11:56:29,340:INFO: Epoch 16	----Valid---- Loss: 44.3729	Accuracy: 63.3200	Precision: 59.7094	Recall: 57.2152	F1: 58.4357
2024-06-07 11:56:35,445:INFO: Epoch 16	----Test---- Loss: 46.5233	Accuracy: 59.5709	Precision: 57.4964	Recall: 48.2295	F1: 52.4568
2024-06-07 11:58:17,608:INFO: ----------------------------------------------------------------------------------------------------
2024-06-07 11:58:17,608:INFO: Epoch 17	---Train--- Average Loss:    42.6271	 Patience 6	 Loss:    41.3504	Accuracy: 69.2519	Precision: 63.7052	Recall: 73.6554	f1: 68.320	
2024-06-07 11:58:23,422:INFO: Epoch 17	----Valid---- Loss: 44.3589	Accuracy: 61.8939	Precision: 56.4346	Recall: 67.7215	F1: 61.5650
2024-06-07 11:58:29,515:INFO: Epoch 17	----Test---- Loss: 46.6936	Accuracy: 58.4980	Precision: 54.7404	Recall: 59.2186	F1: 56.8915
2024-06-07 12:00:10,983:INFO: ----------------------------------------------------------------------------------------------------
2024-06-07 12:00:10,983:INFO: Epoch 18	---Train--- Average Loss:    42.2773	 Patience 0	 Loss:    41.1617	Accuracy: 69.4278	Precision: 63.2970	Recall: 76.3602	f1: 69.218	
2024-06-07 12:00:16,797:INFO: Epoch 18	----Valid---- Loss: 44.4066	Accuracy: 61.4946	Precision: 55.8257	Recall: 69.7468	F1: 62.0146
2024-06-07 12:00:22,883:INFO: Epoch 18	----Test---- Loss: 46.5567	Accuracy: 58.6110	Precision: 54.6039	Recall: 62.2711	F1: 58.1860
2024-06-07 12:02:04,767:INFO: ----------------------------------------------------------------------------------------------------
2024-06-07 12:02:04,767:INFO: Epoch 19	---Train--- Average Loss:    41.9605	 Patience 0	 Loss:    40.4650	Accuracy: 71.4969	Precision: 68.1748	Recall: 68.7930	f1: 68.482	
2024-06-07 12:02:10,613:INFO: Epoch 19	----Valid---- Loss: 44.0885	Accuracy: 63.0918	Precision: 58.6041	Recall: 61.6456	F1: 60.0864
2024-06-07 12:02:16,726:INFO: Epoch 19	----Test---- Loss: 46.5969	Accuracy: 59.6273	Precision: 56.7183	Recall: 53.6020	F1: 55.1161
2024-06-07 12:03:58,350:INFO: ----------------------------------------------------------------------------------------------------
2024-06-07 12:03:58,350:INFO: Epoch 20	---Train--- Average Loss:    41.4978	 Patience 1	 Loss:    40.2922	Accuracy: 71.1943	Precision: 66.9713	Recall: 71.0444	f1: 68.948	
2024-06-07 12:04:04,184:INFO: Epoch 20	----Valid---- Loss: 44.4020	Accuracy: 62.2362	Precision: 57.2398	Recall: 64.0506	F1: 60.4540
2024-06-07 12:04:10,258:INFO: Epoch 20	----Test---- Loss: 47.0198	Accuracy: 58.9497	Precision: 55.6650	Recall: 55.1893	F1: 55.4261
2024-06-07 12:05:52,241:INFO: ----------------------------------------------------------------------------------------------------
2024-06-07 12:05:52,241:INFO: Epoch 21	---Train--- Average Loss:    41.0171	 Patience 2	 Loss:    39.7238	Accuracy: 72.1233	Precision: 66.8326	Recall: 75.5785	f1: 70.937	
2024-06-07 12:05:58,057:INFO: Epoch 21	----Valid---- Loss: 44.4041	Accuracy: 62.2362	Precision: 56.9264	Recall: 66.5823	F1: 61.3769
2024-06-07 12:06:04,165:INFO: Epoch 21	----Test---- Loss: 46.5082	Accuracy: 59.6838	Precision: 56.0554	Recall: 59.3407	F1: 57.6512
2024-06-07 12:07:46,624:INFO: ----------------------------------------------------------------------------------------------------
2024-06-07 12:07:46,624:INFO: Epoch 22	---Train--- Average Loss:    40.6346	 Patience 3	 Loss:    39.7997	Accuracy: 72.4470	Precision: 68.8440	Recall: 70.8568	f1: 69.836	
2024-06-07 12:07:52,439:INFO: Epoch 22	----Valid---- Loss: 44.5887	Accuracy: 62.8066	Precision: 58.0796	Recall: 62.7848	F1: 60.3406
2024-06-07 12:07:58,518:INFO: Epoch 22	----Test---- Loss: 47.4343	Accuracy: 58.6110	Precision: 55.5128	Recall: 52.8694	F1: 54.1588
2024-06-07 12:09:43,756:INFO: ----------------------------------------------------------------------------------------------------
2024-06-07 12:09:43,756:INFO: Epoch 23	---Train--- Average Loss:    40.4952	 Patience 4	 Loss:    39.4797	Accuracy: 73.3971	Precision: 71.7493	Recall: 67.4640	f1: 69.541	
2024-06-07 12:09:49,693:INFO: Epoch 23	----Valid---- Loss: 44.5305	Accuracy: 63.9475	Precision: 60.3403	Recall: 58.3544	F1: 59.3308
2024-06-07 12:09:56,233:INFO: Epoch 23	----Test---- Loss: 47.5973	Accuracy: 59.4015	Precision: 57.1633	Recall: 48.7179	F1: 52.6038
2024-06-07 12:11:40,556:INFO: ----------------------------------------------------------------------------------------------------
2024-06-07 12:11:40,556:INFO: Epoch 24	---Train--- Average Loss:    39.9496	 Patience 5	 Loss:    39.1856	Accuracy: 73.5097	Precision: 72.3278	Recall: 66.6510	f1: 69.373	
2024-06-07 12:11:46,484:INFO: Epoch 24	----Valid---- Loss: 44.3094	Accuracy: 63.7764	Precision: 60.3196	Recall: 57.3418	F1: 58.7930
2024-06-07 12:11:52,692:INFO: Epoch 24	----Test---- Loss: 47.3781	Accuracy: 59.5709	Precision: 57.5624	Recall: 47.8632	F1: 52.2667
2024-06-07 12:13:37,106:INFO: ----------------------------------------------------------------------------------------------------
2024-06-07 12:13:37,106:INFO: Epoch 25	---Train--- Average Loss:    39.6251	 Patience 6	 Loss:    39.2073	Accuracy: 72.7286	Precision: 67.8870	Recall: 74.7967	f1: 71.175	
2024-06-07 12:13:43,055:INFO: Epoch 25	----Valid---- Loss: 44.9426	Accuracy: 61.3234	Precision: 56.0606	Recall: 65.5696	F1: 60.4434
2024-06-07 12:13:49,279:INFO: Epoch 25	----Test---- Loss: 47.1733	Accuracy: 59.2885	Precision: 55.9902	Recall: 55.9219	F1: 55.9560
2024-06-07 12:15:33,015:INFO: ----------------------------------------------------------------------------------------------------
2024-06-07 12:15:33,016:INFO: Epoch 26	---Train--- Average Loss:    39.3600	 Patience 7	 Loss:    39.1314	Accuracy: 72.9045	Precision: 69.6998	Recall: 70.4190	f1: 70.058	
2024-06-07 12:15:38,928:INFO: Epoch 26	----Valid---- Loss: 44.6519	Accuracy: 62.5784	Precision: 57.9952	Recall: 61.5190	F1: 59.7052
2024-06-07 12:15:45,128:INFO: Epoch 26	----Test---- Loss: 47.7144	Accuracy: 59.2321	Precision: 56.4069	Recall: 52.1368	F1: 54.1878
2024-06-07 12:17:29,319:INFO: ----------------------------------------------------------------------------------------------------
2024-06-07 12:17:29,319:INFO: Epoch 27	---Train--- Average Loss:    38.9672	 Patience 8	 Loss:    38.9253	Accuracy: 73.8194	Precision: 71.0908	Recall: 70.5128	f1: 70.801	
2024-06-07 12:17:35,254:INFO: Epoch 27	----Valid---- Loss: 45.0817	Accuracy: 61.7228	Precision: 57.3366	Recall: 58.8608	F1: 58.0887
2024-06-07 12:17:41,455:INFO: Epoch 27	----Test---- Loss: 47.6216	Accuracy: 58.6110	Precision: 55.6136	Recall: 52.0147	F1: 53.7539
2024-06-07 12:19:24,738:INFO: ----------------------------------------------------------------------------------------------------
2024-06-07 12:19:24,738:INFO: Epoch 28	---Train--- Average Loss:    38.6129	 Patience 9	 Loss:    37.2009	Accuracy: 76.5501	Precision: 73.0653	Recall: 75.8755	f1: 74.444	
2024-06-07 12:19:30,658:INFO: Epoch 28	----Valid---- Loss: 44.3489	Accuracy: 63.2059	Precision: 58.4204	Recall: 63.6709	F1: 60.9328
2024-06-07 12:19:36,846:INFO: Epoch 28	----Test---- Loss: 46.5058	Accuracy: 61.3778	Precision: 58.5335	Recall: 56.5324	F1: 57.5155
2024-06-07 12:21:19,737:INFO: ----------------------------------------------------------------------------------------------------
2024-06-07 12:21:19,737:INFO: Epoch 29	---Train--- Average Loss:    38.3238	 Patience 10	 Loss:    36.8774	Accuracy: 77.3665	Precision: 73.4929	Recall: 77.7674	f1: 75.570	
2024-06-07 12:21:25,623:INFO: Epoch 29	----Valid---- Loss: 44.1673	Accuracy: 63.9475	Precision: 59.2506	Recall: 64.0506	F1: 61.5572
2024-06-07 12:21:31,799:INFO: Epoch 29	----Test---- Loss: 46.8556	Accuracy: 60.3049	Precision: 57.4359	Recall: 54.7009	F1: 56.0350
2024-06-07 12:23:15,203:INFO: ----------------------------------------------------------------------------------------------------
2024-06-07 12:23:15,203:INFO: Epoch 30	---Train--- Average Loss:    38.0696	 Patience 11	 Loss:    36.9983	Accuracy: 77.4861	Precision: 77.1993	Recall: 70.9350	f1: 73.935	
2024-06-07 12:23:21,121:INFO: Epoch 30	----Valid---- Loss: 44.0453	Accuracy: 64.9173	Precision: 61.8403	Recall: 57.8481	F1: 59.7776
2024-06-07 12:23:27,288:INFO: Epoch 30	----Test---- Loss: 47.6419	Accuracy: 60.6437	Precision: 58.7644	Recall: 49.9389	F1: 53.9934
2024-06-07 12:25:10,110:INFO: ----------------------------------------------------------------------------------------------------
2024-06-07 12:25:10,110:INFO: Epoch 31	---Train--- Average Loss:    37.9133	 Patience 12	 Loss:    36.4330	Accuracy: 77.8239	Precision: 73.7173	Recall: 78.8462	f1: 76.196	
2024-06-07 12:25:15,951:INFO: Epoch 31	----Valid---- Loss: 44.5053	Accuracy: 63.6052	Precision: 58.6560	Recall: 65.1899	F1: 61.7506
2024-06-07 12:25:22,047:INFO: Epoch 31	----Test---- Loss: 46.7117	Accuracy: 60.3614	Precision: 57.0567	Recall: 57.7534	F1: 57.4029
2024-06-07 12:27:03,289:INFO: ----------------------------------------------------------------------------------------------------
2024-06-07 12:27:03,289:INFO: Epoch 32	---Train--- Average Loss:    37.5088	 Patience 13	 Loss:    36.5027	Accuracy: 78.1195	Precision: 76.2498	Recall: 74.6404	f1: 75.437	
2024-06-07 12:27:09,119:INFO: Epoch 32	----Valid---- Loss: 44.8004	Accuracy: 63.8334	Precision: 59.8734	Recall: 59.8734	F1: 59.8734
2024-06-07 12:27:15,210:INFO: Epoch 32	----Test---- Loss: 47.1393	Accuracy: 61.0954	Precision: 58.7366	Recall: 53.3578	F1: 55.9181
2024-06-07 12:28:57,938:INFO: ----------------------------------------------------------------------------------------------------
2024-06-07 12:28:57,938:INFO: Epoch 33	---Train--- Average Loss:    37.3287	 Patience 14	 Loss:    36.3587	Accuracy: 78.1828	Precision: 76.1587	Recall: 75.0156	f1: 75.583	
2024-06-07 12:29:03,844:INFO: Epoch 33	----Valid---- Loss: 44.5966	Accuracy: 63.0918	Precision: 58.9041	Recall: 59.8734	F1: 59.3848
2024-06-07 12:29:10,021:INFO: Epoch 33	----Test---- Loss: 47.5844	Accuracy: 60.3614	Precision: 57.8947	Recall: 52.3810	F1: 55.0000
2024-06-07 12:30:53,165:INFO: ----------------------------------------------------------------------------------------------------
2024-06-07 12:30:53,165:INFO: Epoch 34	---Train--- Average Loss:    37.0459	 Patience 15	 Loss:    36.1356	Accuracy: 78.9218	Precision: 79.8805	Recall: 71.0757	f1: 75.221	
2024-06-07 12:30:59,079:INFO: Epoch 34	----Valid---- Loss: 44.5897	Accuracy: 64.4609	Precision: 62.1190	Recall: 54.1772	F1: 57.8769
2024-06-07 12:31:05,265:INFO: Epoch 34	----Test---- Loss: 47.9135	Accuracy: 60.8696	Precision: 60.0318	Recall: 46.0317	F1: 52.1078
2024-06-07 12:32:48,388:INFO: ----------------------------------------------------------------------------------------------------
2024-06-07 12:32:48,389:INFO: Epoch 35	---Train--- Average Loss:    36.7786	 Patience 16	 Loss:    35.9613	Accuracy: 79.1892	Precision: 80.3960	Recall: 71.1069	f1: 75.467	
2024-06-07 12:32:54,650:INFO: Epoch 35	----Valid---- Loss: 44.9224	Accuracy: 64.2327	Precision: 62.1461	Recall: 52.7848	F1: 57.0842
2024-06-07 12:33:00,851:INFO: Epoch 35	----Test---- Loss: 48.2229	Accuracy: 61.0954	Precision: 60.5178	Recall: 45.6654	F1: 52.0529
2024-06-07 12:34:43,244:INFO: ----------------------------------------------------------------------------------------------------
2024-06-07 12:34:43,244:INFO: Epoch 36	---Train--- Average Loss:    36.3363	 Patience 17	 Loss:    36.8508	Accuracy: 78.1688	Precision: 81.4193	Recall: 66.7292	f1: 73.346	
2024-06-07 12:34:49,067:INFO: Epoch 36	----Valid---- Loss: 45.3875	Accuracy: 64.1187	Precision: 62.8389	Recall: 49.8734	F1: 55.6104
2024-06-07 12:34:55,179:INFO: Epoch 36	----Test---- Loss: 48.4977	Accuracy: 60.9260	Precision: 60.4613	Recall: 44.8107	F1: 51.4727
2024-06-07 12:36:38,993:INFO: ----------------------------------------------------------------------------------------------------
2024-06-07 12:36:38,993:INFO: Epoch 37	---Train--- Average Loss:    36.4563	 Patience 18	 Loss:    36.1549	Accuracy: 79.1400	Precision: 83.1146	Recall: 67.3390	f1: 74.400	
2024-06-07 12:36:44,843:INFO: Epoch 37	----Valid---- Loss: 45.2134	Accuracy: 63.8334	Precision: 62.5402	Recall: 49.2405	F1: 55.0992
2024-06-07 12:36:50,958:INFO: Epoch 37	----Test---- Loss: 47.7177	Accuracy: 61.5471	Precision: 62.1479	Recall: 43.1013	F1: 50.9012
2024-06-07 12:38:32,984:INFO: ----------------------------------------------------------------------------------------------------
2024-06-07 12:38:32,984:INFO: Epoch 38	---Train--- Average Loss:    36.2033	 Patience 19	 Loss:    34.6295	Accuracy: 80.6742	Precision: 77.0050	Recall: 81.3634	f1: 79.124	
2024-06-07 12:38:38,835:INFO: Epoch 38	----Valid---- Loss: 44.5618	Accuracy: 64.1757	Precision: 59.3750	Recall: 64.9367	F1: 62.0314
2024-06-07 12:38:44,966:INFO: Epoch 38	----Test---- Loss: 47.2267	Accuracy: 61.2648	Precision: 58.3648	Recall: 56.6545	F1: 57.4969
2024-06-07 12:40:26,705:INFO: ----------------------------------------------------------------------------------------------------
2024-06-07 12:40:26,705:INFO: Epoch 39	---Train--- Average Loss:    36.0315	 Patience 0	 Loss:    34.3891	Accuracy: 81.1528	Precision: 78.0731	Recall: 80.8318	f1: 79.428	
2024-06-07 12:40:32,556:INFO: Epoch 39	----Valid---- Loss: 44.6443	Accuracy: 63.4912	Precision: 59.0361	Recall: 62.0253	F1: 60.4938
2024-06-07 12:40:38,691:INFO: Epoch 39	----Test---- Loss: 47.8160	Accuracy: 60.1920	Precision: 57.3454	Recall: 54.3346	F1: 55.7994
2024-06-07 12:42:20,878:INFO: ----------------------------------------------------------------------------------------------------
2024-06-07 12:42:20,878:INFO: Epoch 40	---Train--- Average Loss:    35.7102	 Patience 1	 Loss:    35.2940	Accuracy: 80.3434	Precision: 82.5357	Recall: 71.4509	f1: 76.594	
2024-06-07 12:42:26,735:INFO: Epoch 40	----Valid---- Loss: 45.0325	Accuracy: 64.3468	Precision: 62.2585	Recall: 53.0380	F1: 57.2796
2024-06-07 12:42:32,831:INFO: Epoch 40	----Test---- Loss: 48.2603	Accuracy: 60.5308	Precision: 59.7403	Recall: 44.9328	F1: 51.2892
2024-06-07 12:44:14,337:INFO: ----------------------------------------------------------------------------------------------------
2024-06-07 12:44:14,338:INFO: Epoch 41	---Train--- Average Loss:    35.4022	 Patience 2	 Loss:    34.6189	Accuracy: 81.2935	Precision: 82.3692	Recall: 74.3590	f1: 78.159	
2024-06-07 12:44:20,189:INFO: Epoch 41	----Valid---- Loss: 44.3866	Accuracy: 64.8032	Precision: 62.2003	Recall: 55.8228	F1: 58.8392
2024-06-07 12:44:26,278:INFO: Epoch 41	----Test---- Loss: 48.2626	Accuracy: 61.0954	Precision: 59.8485	Recall: 48.2295	F1: 53.4145
2024-06-07 12:46:09,020:INFO: ----------------------------------------------------------------------------------------------------
2024-06-07 12:46:09,020:INFO: Epoch 42	---Train--- Average Loss:    35.4280	 Patience 3	 Loss:    34.4146	Accuracy: 81.4413	Precision: 81.3825	Recall: 76.2039	f1: 78.708	
2024-06-07 12:46:14,858:INFO: Epoch 42	----Valid---- Loss: 44.7479	Accuracy: 64.4609	Precision: 61.3915	Recall: 56.9620	F1: 59.0939
2024-06-07 12:46:20,972:INFO: Epoch 42	----Test---- Loss: 47.7630	Accuracy: 60.8696	Precision: 59.2375	Recall: 49.3284	F1: 53.8308
2024-06-07 12:48:03,614:INFO: ----------------------------------------------------------------------------------------------------
2024-06-07 12:48:03,614:INFO: Epoch 43	---Train--- Average Loss:    34.8691	 Patience 4	 Loss:    35.4866	Accuracy: 80.1886	Precision: 83.1267	Recall: 70.2470	f1: 76.146	
2024-06-07 12:48:09,461:INFO: Epoch 43	----Valid---- Loss: 45.3989	Accuracy: 64.1187	Precision: 62.6772	Recall: 50.3797	F1: 55.8596
2024-06-07 12:48:15,568:INFO: Epoch 43	----Test---- Loss: 48.9658	Accuracy: 60.2484	Precision: 59.8628	Recall: 42.6129	F1: 49.7860
2024-06-07 12:49:58,182:INFO: ----------------------------------------------------------------------------------------------------
2024-06-07 12:49:58,182:INFO: Epoch 44	---Train--- Average Loss:    35.0170	 Patience 5	 Loss:    34.3839	Accuracy: 81.6454	Precision: 83.1583	Recall: 74.2652	f1: 78.461	
2024-06-07 12:50:04,023:INFO: Epoch 44	----Valid---- Loss: 45.5041	Accuracy: 63.7764	Precision: 61.5156	Recall: 52.4051	F1: 56.5960
2024-06-07 12:50:10,154:INFO: Epoch 44	----Test---- Loss: 48.0225	Accuracy: 61.4342	Precision: 60.8280	Recall: 46.6422	F1: 52.7989
2024-06-07 12:51:51,994:INFO: ----------------------------------------------------------------------------------------------------
2024-06-07 12:51:51,994:INFO: Epoch 45	---Train--- Average Loss:    34.9745	 Patience 6	 Loss:    34.7542	Accuracy: 81.2302	Precision: 84.4194	Recall: 71.4978	f1: 77.423	
2024-06-07 12:51:57,858:INFO: Epoch 45	----Valid---- Loss: 45.0603	Accuracy: 65.2596	Precision: 64.1186	Recall: 52.0253	F1: 57.4423
2024-06-07 12:52:04,000:INFO: Epoch 45	----Test---- Loss: 48.5894	Accuracy: 60.8131	Precision: 60.7945	Recall: 42.9792	F1: 50.3577
2024-06-07 12:53:45,920:INFO: ----------------------------------------------------------------------------------------------------
2024-06-07 12:53:45,921:INFO: Epoch 46	---Train--- Average Loss:    34.6708	 Patience 7	 Loss:    33.4140	Accuracy: 82.8137	Precision: 80.7752	Recall: 81.1288	f1: 80.952	
2024-06-07 12:53:51,765:INFO: Epoch 46	----Valid---- Loss: 44.9026	Accuracy: 63.7764	Precision: 59.7730	Recall: 60.0000	F1: 59.8863
2024-06-07 12:53:57,857:INFO: Epoch 46	----Test---- Loss: 47.5858	Accuracy: 60.9825	Precision: 58.4433	Recall: 54.0904	F1: 56.1826
2024-06-07 12:55:38,862:INFO: ----------------------------------------------------------------------------------------------------
2024-06-07 12:55:38,862:INFO: Epoch 47	---Train--- Average Loss:    34.4776	 Patience 8	 Loss:    34.5420	Accuracy: 81.4836	Precision: 82.3843	Recall: 74.8749	f1: 78.450	
2024-06-07 12:55:45,031:INFO: Epoch 47	----Valid---- Loss: 45.5977	Accuracy: 64.1187	Precision: 61.7518	Recall: 53.5443	F1: 57.3559
2024-06-07 12:55:51,136:INFO: Epoch 47	----Test---- Loss: 48.3941	Accuracy: 60.7002	Precision: 59.4181	Recall: 47.3748	F1: 52.7174
2024-06-07 12:57:32,300:INFO: ----------------------------------------------------------------------------------------------------
2024-06-07 12:57:32,300:INFO: Epoch 48	---Train--- Average Loss:    34.4905	 Patience 9	 Loss:    33.7356	Accuracy: 82.4689	Precision: 83.4733	Recall: 76.1257	f1: 79.630	
2024-06-07 12:57:38,153:INFO: Epoch 48	----Valid---- Loss: 45.2947	Accuracy: 64.0616	Precision: 61.6618	Recall: 53.5443	F1: 57.3171
2024-06-07 12:57:44,279:INFO: Epoch 48	----Test---- Loss: 47.5807	Accuracy: 61.6036	Precision: 60.6759	Recall: 48.2295	F1: 53.7415
2024-06-07 12:59:26,012:INFO: ----------------------------------------------------------------------------------------------------
2024-06-07 12:59:26,013:INFO: Epoch 49	---Train--- Average Loss:    34.2634	 Patience 10	 Loss:    34.6075	Accuracy: 80.4912	Precision: 74.9587	Recall: 85.0844	f1: 79.701	
2024-06-07 12:59:31,827:INFO: Epoch 49	----Valid---- Loss: 44.7039	Accuracy: 63.7193	Precision: 58.4989	Recall: 67.0886	F1: 62.5000
2024-06-07 12:59:37,941:INFO: Epoch 49	----Test---- Loss: 47.5658	Accuracy: 60.4178	Precision: 56.6441	Recall: 61.4164	F1: 58.9338
2024-06-07 13:01:21,230:INFO: ----------------------------------------------------------------------------------------------------
2024-06-07 13:01:21,230:INFO: Epoch 50	---Train--- Average Loss:    34.2034	 Patience 0	 Loss:    33.1992	Accuracy: 83.3486	Precision: 84.3388	Recall: 77.3765	f1: 80.708	
2024-06-07 13:01:27,137:INFO: Epoch 50	----Valid---- Loss: 45.3075	Accuracy: 64.3468	Precision: 61.7354	Recall: 54.9367	F1: 58.1380
2024-06-07 13:01:33,307:INFO: Epoch 50	----Test---- Loss: 47.9989	Accuracy: 61.5471	Precision: 60.3916	Recall: 48.9621	F1: 54.0796
2024-06-07 13:03:17,216:INFO: ----------------------------------------------------------------------------------------------------
2024-06-07 13:03:17,216:INFO: Epoch 51	---Train--- Average Loss:    34.0027	 Patience 1	 Loss:    33.6055	Accuracy: 82.9897	Precision: 86.6323	Recall: 73.5616	f1: 79.564	
2024-06-07 13:03:23,142:INFO: Epoch 51	----Valid---- Loss: 45.8015	Accuracy: 63.6623	Precision: 62.4796	Recall: 48.4810	F1: 54.5973
2024-06-07 13:03:29,317:INFO: Epoch 51	----Test---- Loss: 47.8259	Accuracy: 61.9424	Precision: 62.3932	Recall: 44.5665	F1: 51.9943
2024-06-07 13:05:12,299:INFO: ----------------------------------------------------------------------------------------------------
2024-06-07 13:05:12,299:INFO: Epoch 52	---Train--- Average Loss:    33.6701	 Patience 2	 Loss:    32.7819	Accuracy: 84.1439	Precision: 86.2214	Recall: 77.0951	f1: 81.403	
2024-06-07 13:05:18,235:INFO: Epoch 52	----Valid---- Loss: 45.1695	Accuracy: 64.2327	Precision: 62.4427	Recall: 51.7722	F1: 56.6090
2024-06-07 13:05:24,446:INFO: Epoch 52	----Test---- Loss: 47.9993	Accuracy: 61.8295	Precision: 61.4400	Recall: 46.8864	F1: 53.1856
2024-06-07 13:07:07,255:INFO: ----------------------------------------------------------------------------------------------------
2024-06-07 13:07:07,255:INFO: Epoch 53	---Train--- Average Loss:    33.8574	 Patience 3	 Loss:    32.0223	Accuracy: 85.0236	Precision: 84.8351	Recall: 81.2539	f1: 83.006	
2024-06-07 13:07:13,178:INFO: Epoch 53	----Valid---- Loss: 44.7751	Accuracy: 65.0314	Precision: 62.1733	Recall: 57.2152	F1: 59.5913
2024-06-07 13:07:19,354:INFO: Epoch 53	----Test---- Loss: 47.2604	Accuracy: 62.6765	Precision: 61.7910	Recall: 50.5495	F1: 55.6078
2024-06-07 13:09:03,177:INFO: ----------------------------------------------------------------------------------------------------
2024-06-07 13:09:03,177:INFO: Epoch 54	---Train--- Average Loss:    33.5322	 Patience 4	 Loss:    34.6728	Accuracy: 81.4484	Precision: 87.9491	Recall: 68.1207	f1: 76.775	
2024-06-07 13:09:09,107:INFO: Epoch 54	----Valid---- Loss: 45.4798	Accuracy: 64.1757	Precision: 64.4643	Recall: 45.6962	F1: 53.4815
2024-06-07 13:09:15,295:INFO: Epoch 54	----Test---- Loss: 48.9182	Accuracy: 61.2648	Precision: 62.8627	Recall: 39.6825	F1: 48.6527
2024-06-07 13:10:59,762:INFO: ----------------------------------------------------------------------------------------------------
2024-06-07 13:10:59,762:INFO: Epoch 55	---Train--- Average Loss:    33.1277	 Patience 5	 Loss:    32.2030	Accuracy: 84.8124	Precision: 85.5537	Recall: 79.7217	f1: 82.535	
2024-06-07 13:11:05,697:INFO: Epoch 55	----Valid---- Loss: 45.1880	Accuracy: 64.4039	Precision: 61.9253	Recall: 54.5570	F1: 58.0081
2024-06-07 13:11:11,906:INFO: Epoch 55	----Test---- Loss: 48.0541	Accuracy: 61.0390	Precision: 59.8174	Recall: 47.9853	F1: 53.2520
2024-06-07 13:12:55,604:INFO: ----------------------------------------------------------------------------------------------------
2024-06-07 13:12:55,604:INFO: Epoch 56	---Train--- Average Loss:    33.1288	 Patience 6	 Loss:    33.4060	Accuracy: 83.0811	Precision: 85.6301	Recall: 75.0000	f1: 79.963	
2024-06-07 13:13:01,530:INFO: Epoch 56	----Valid---- Loss: 45.5195	Accuracy: 64.2327	Precision: 62.4049	Recall: 51.8987	F1: 56.6690
2024-06-07 13:13:07,734:INFO: Epoch 56	----Test---- Loss: 48.7855	Accuracy: 60.5872	Precision: 60.2716	Recall: 43.3455	F1: 50.4261
2024-06-07 13:14:51,560:INFO: ----------------------------------------------------------------------------------------------------
2024-06-07 13:14:51,560:INFO: Epoch 57	---Train--- Average Loss:    33.2409	 Patience 7	 Loss:    32.6141	Accuracy: 84.3128	Precision: 85.9410	Recall: 77.8924	f1: 81.719	
2024-06-07 13:14:57,511:INFO: Epoch 57	----Valid---- Loss: 45.1253	Accuracy: 64.5750	Precision: 62.4082	Recall: 53.7975	F1: 57.7838
2024-06-07 13:15:03,713:INFO: Epoch 57	----Test---- Loss: 48.1364	Accuracy: 61.7730	Precision: 60.8232	Recall: 48.7179	F1: 54.1017
2024-06-07 13:16:47,089:INFO: ----------------------------------------------------------------------------------------------------
2024-06-07 13:16:47,090:INFO: Epoch 58	---Train--- Average Loss:    32.9433	 Patience 8	 Loss:    31.9095	Accuracy: 85.3121	Precision: 86.5479	Recall: 79.7686	f1: 83.020	
2024-06-07 13:16:52,984:INFO: Epoch 58	----Valid---- Loss: 44.7842	Accuracy: 65.0314	Precision: 62.5177	Recall: 55.9494	F1: 59.0514
2024-06-07 13:16:59,156:INFO: Epoch 58	----Test---- Loss: 48.2606	Accuracy: 61.0954	Precision: 60.0000	Recall: 47.6190	F1: 53.0973
2024-06-07 13:18:42,751:INFO: ----------------------------------------------------------------------------------------------------
2024-06-07 13:18:42,751:INFO: Epoch 59	---Train--- Average Loss:    33.0048	 Patience 9	 Loss:    32.6088	Accuracy: 84.5872	Precision: 87.8510	Recall: 76.3133	f1: 81.677	
2024-06-07 13:18:49,022:INFO: Epoch 59	----Valid---- Loss: 44.6129	Accuracy: 65.8871	Precision: 65.0000	Recall: 52.6582	F1: 58.1818
2024-06-07 13:18:55,225:INFO: Epoch 59	----Test---- Loss: 48.5404	Accuracy: 61.2084	Precision: 61.3793	Recall: 43.4676	F1: 50.8935
2024-06-07 13:20:39,047:INFO: ----------------------------------------------------------------------------------------------------
2024-06-07 13:20:39,047:INFO: Epoch 60	---Train--- Average Loss:    32.5998	 Patience 10	 Loss:    31.3915	Accuracy: 85.9807	Precision: 85.8983	Recall: 82.3796	f1: 84.102	
2024-06-07 13:20:44,961:INFO: Epoch 60	----Valid---- Loss: 44.3664	Accuracy: 66.0011	Precision: 63.2877	Recall: 58.4810	F1: 60.7895
2024-06-07 13:20:51,513:INFO: Epoch 60	----Test---- Loss: 47.9980	Accuracy: 61.7730	Precision: 60.4412	Recall: 50.1832	F1: 54.8366
2024-06-07 13:22:35,091:INFO: ----------------------------------------------------------------------------------------------------
2024-06-07 13:22:35,092:INFO: Epoch 61	---Train--- Average Loss:    32.5319	 Patience 11	 Loss:    32.0096	Accuracy: 85.2277	Precision: 86.4833	Recall: 79.6279	f1: 82.914	
2024-06-07 13:22:40,994:INFO: Epoch 61	----Valid---- Loss: 44.8446	Accuracy: 65.2596	Precision: 63.3284	Recall: 54.4304	F1: 58.5432
2024-06-07 13:22:47,156:INFO: Epoch 61	----Test---- Loss: 48.2590	Accuracy: 61.1519	Precision: 60.2504	Recall: 47.0085	F1: 52.8121
2024-06-07 13:24:31,487:INFO: ----------------------------------------------------------------------------------------------------
2024-06-07 13:24:31,487:INFO: Epoch 62	---Train--- Average Loss:    32.4633	 Patience 12	 Loss:    31.7647	Accuracy: 85.1573	Precision: 81.9306	Recall: 85.9912	f1: 83.912	
2024-06-07 13:24:37,456:INFO: Epoch 62	----Valid---- Loss: 45.1704	Accuracy: 63.4341	Precision: 58.7135	Recall: 63.5443	F1: 61.0334
2024-06-07 13:24:43,658:INFO: Epoch 62	----Test---- Loss: 48.0903	Accuracy: 60.5872	Precision: 57.5531	Recall: 56.2882	F1: 56.9136
2024-06-07 13:26:27,886:INFO: ----------------------------------------------------------------------------------------------------
2024-06-07 13:26:27,886:INFO: Epoch 63	---Train--- Average Loss:    32.5644	 Patience 13	 Loss:    31.4864	Accuracy: 85.8611	Precision: 87.0962	Recall: 80.5191	f1: 83.679	
2024-06-07 13:26:33,823:INFO: Epoch 63	----Valid---- Loss: 45.4109	Accuracy: 64.5750	Precision: 62.1234	Recall: 54.8101	F1: 58.2381
2024-06-07 13:26:40,002:INFO: Epoch 63	----Test---- Loss: 48.4819	Accuracy: 60.7002	Precision: 59.3893	Recall: 47.4969	F1: 52.7815
2024-06-07 13:28:22,873:INFO: ----------------------------------------------------------------------------------------------------
2024-06-07 13:28:22,874:INFO: Epoch 64	---Train--- Average Loss:    32.1452	 Patience 14	 Loss:    31.4463	Accuracy: 86.1004	Precision: 87.1201	Recall: 81.1132	f1: 84.009	
2024-06-07 13:28:28,783:INFO: Epoch 64	----Valid---- Loss: 44.5268	Accuracy: 66.0011	Precision: 63.8968	Recall: 56.4557	F1: 59.9462
2024-06-07 13:28:34,954:INFO: Epoch 64	----Test---- Loss: 48.1677	Accuracy: 61.3778	Precision: 60.2428	Recall: 48.4737	F1: 53.7212
2024-06-07 13:30:18,829:INFO: ----------------------------------------------------------------------------------------------------
2024-06-07 13:30:18,829:INFO: Epoch 65	---Train--- Average Loss:    32.2441	 Patience 15	 Loss:    30.9797	Accuracy: 86.5015	Precision: 84.5525	Recall: 85.6629	f1: 85.104	
2024-06-07 13:30:24,746:INFO: Epoch 65	----Valid---- Loss: 45.4185	Accuracy: 63.7764	Precision: 59.5092	Recall: 61.3924	F1: 60.4361
2024-06-07 13:30:30,934:INFO: Epoch 65	----Test---- Loss: 48.4914	Accuracy: 60.4178	Precision: 57.5255	Recall: 55.0672	F1: 56.2695
2024-06-07 13:32:13,955:INFO: ----------------------------------------------------------------------------------------------------
2024-06-07 13:32:13,955:INFO: Epoch 66	---Train--- Average Loss:    32.2970	 Patience 16	 Loss:    32.4706	Accuracy: 84.6576	Precision: 87.6160	Recall: 76.7667	f1: 81.833	
2024-06-07 13:32:19,869:INFO: Epoch 66	----Valid---- Loss: 45.6531	Accuracy: 64.2327	Precision: 62.7943	Recall: 50.6329	F1: 56.0617
2024-06-07 13:32:26,035:INFO: Epoch 66	----Test---- Loss: 48.9579	Accuracy: 60.7566	Precision: 60.3679	Recall: 44.0781	F1: 50.9527
2024-06-07 13:34:09,941:INFO: ----------------------------------------------------------------------------------------------------
2024-06-07 13:34:09,942:INFO: Epoch 67	---Train--- Average Loss:    32.2208	 Patience 17	 Loss:    31.3691	Accuracy: 86.1848	Precision: 86.8006	Recall: 81.7386	f1: 84.194	
2024-06-07 13:34:15,845:INFO: Epoch 67	----Valid---- Loss: 45.8872	Accuracy: 63.8334	Precision: 61.3703	Recall: 53.2911	F1: 57.0461
2024-06-07 13:34:22,017:INFO: Epoch 67	----Test---- Loss: 48.3632	Accuracy: 61.3213	Precision: 60.2134	Recall: 48.2295	F1: 53.5593
2024-06-07 13:36:05,479:INFO: ----------------------------------------------------------------------------------------------------
2024-06-07 13:36:05,479:INFO: Epoch 68	---Train--- Average Loss:    32.0749	 Patience 18	 Loss:    30.7110	Accuracy: 86.7619	Precision: 84.3450	Recall: 86.6792	f1: 85.496	
2024-06-07 13:36:11,396:INFO: Epoch 68	----Valid---- Loss: 45.2748	Accuracy: 64.2327	Precision: 60.2003	Recall: 60.8861	F1: 60.5412
2024-06-07 13:36:17,587:INFO: Epoch 68	----Test---- Loss: 47.6234	Accuracy: 61.9989	Precision: 59.6817	Recall: 54.9451	F1: 57.2155
2024-06-07 13:38:01,354:INFO: ----------------------------------------------------------------------------------------------------
2024-06-07 13:38:01,354:INFO: Epoch 69	---Train--- Average Loss:    31.7481	 Patience 19	 Loss:    30.6749	Accuracy: 87.0505	Precision: 86.8847	Recall: 83.8962	f1: 85.364	
2024-06-07 13:38:07,263:INFO: Epoch 69	----Valid---- Loss: 45.1850	Accuracy: 64.4039	Precision: 61.2466	Recall: 57.2152	F1: 59.1623
2024-06-07 13:38:13,447:INFO: Epoch 69	----Test---- Loss: 48.4725	Accuracy: 60.8131	Precision: 58.7904	Recall: 51.0379	F1: 54.6405
2024-06-07 13:39:57,208:INFO: ----------------------------------------------------------------------------------------------------
2024-06-07 13:39:57,208:INFO: Epoch 70	---Train--- Average Loss:    31.8515	 Patience 20	 Loss:    31.7006	Accuracy: 85.6218	Precision: 86.9086	Recall: 80.1282	f1: 83.381	
2024-06-07 13:40:03,124:INFO: Epoch 70	----Valid---- Loss: 44.9640	Accuracy: 65.5448	Precision: 63.5965	Recall: 55.0633	F1: 59.0231
2024-06-07 13:40:09,311:INFO: Epoch 70	----Test---- Loss: 48.6018	Accuracy: 61.0390	Precision: 59.5273	Recall: 49.2063	F1: 53.8770
2024-06-07 13:41:52,356:INFO: ----------------------------------------------------------------------------------------------------
2024-06-07 13:41:52,356:INFO: Epoch 71	---Train--- Average Loss:    31.5515	 Patience 21	 Loss:    31.2062	Accuracy: 85.9666	Precision: 83.3485	Recall: 86.0069	f1: 84.657	
2024-06-07 13:41:58,602:INFO: Epoch 71	----Valid---- Loss: 44.8866	Accuracy: 64.6891	Precision: 60.7818	Recall: 61.0127	F1: 60.8970
2024-06-07 13:42:04,759:INFO: Epoch 71	----Test---- Loss: 47.4131	Accuracy: 61.7730	Precision: 58.9646	Recall: 57.0208	F1: 57.9764
2024-06-07 13:43:48,128:INFO: ----------------------------------------------------------------------------------------------------
2024-06-07 13:43:48,128:INFO: Epoch 72	---Train--- Average Loss:    31.7456	 Patience 22	 Loss:    30.4371	Accuracy: 87.2757	Precision: 85.6101	Recall: 86.2258	f1: 85.917	
2024-06-07 13:43:54,050:INFO: Epoch 72	----Valid---- Loss: 45.1363	Accuracy: 64.2327	Precision: 60.1494	Recall: 61.1392	F1: 60.6403
2024-06-07 13:44:00,594:INFO: Epoch 72	----Test---- Loss: 47.8874	Accuracy: 61.2648	Precision: 58.7847	Recall: 54.3346	F1: 56.4721
2024-06-07 13:45:43,846:INFO: ----------------------------------------------------------------------------------------------------
2024-06-07 13:45:43,846:INFO: Epoch 73	---Train--- Average Loss:    31.5788	 Patience 23	 Loss:    30.6041	Accuracy: 86.8604	Precision: 83.5233	Recall: 88.2114	f1: 85.803	
2024-06-07 13:45:49,750:INFO: Epoch 73	----Valid---- Loss: 44.6979	Accuracy: 64.6321	Precision: 59.8608	Recall: 65.3165	F1: 62.4697
2024-06-07 13:45:55,928:INFO: Epoch 73	----Test---- Loss: 47.8023	Accuracy: 61.1519	Precision: 57.8069	Recall: 59.2186	F1: 58.5042
2024-06-07 13:47:40,059:INFO: ----------------------------------------------------------------------------------------------------
2024-06-07 13:47:40,059:INFO: Epoch 74	---Train--- Average Loss:    31.4979	 Patience 24	 Loss:    32.1496	Accuracy: 84.1298	Precision: 78.5311	Recall: 89.1026	f1: 83.483	
2024-06-07 13:47:45,970:INFO: Epoch 74	----Valid---- Loss: 45.6228	Accuracy: 62.8066	Precision: 57.1726	Recall: 69.6203	F1: 62.7854
2024-06-07 13:47:52,160:INFO: Epoch 74	----Test---- Loss: 47.8536	Accuracy: 60.8696	Precision: 56.8182	Recall: 64.1026	F1: 60.2410
2024-06-07 13:49:35,560:INFO: ----------------------------------------------------------------------------------------------------
2024-06-07 13:49:35,560:INFO: Epoch 75	---Train--- Average Loss:    31.4963	 Patience 0	 Loss:    30.3167	Accuracy: 87.4446	Precision: 84.7498	Recall: 87.9300	f1: 86.311	
2024-06-07 13:49:41,399:INFO: Epoch 75	----Valid---- Loss: 44.7009	Accuracy: 64.9743	Precision: 60.2804	Recall: 65.3165	F1: 62.6974
2024-06-07 13:49:47,508:INFO: Epoch 75	----Test---- Loss: 47.9678	Accuracy: 61.3778	Precision: 58.4481	Recall: 57.0208	F1: 57.7256
2024-06-07 13:51:30,605:INFO: ----------------------------------------------------------------------------------------------------
2024-06-07 13:51:30,606:INFO: Epoch 76	---Train--- Average Loss:    31.2522	 Patience 1	 Loss:    31.3715	Accuracy: 86.3537	Precision: 88.8986	Recall: 79.6279	f1: 84.008	
2024-06-07 13:51:36,518:INFO: Epoch 76	----Valid---- Loss: 46.0368	Accuracy: 64.0616	Precision: 62.2699	Recall: 51.3924	F1: 56.3107
2024-06-07 13:51:42,717:INFO: Epoch 76	----Test---- Loss: 49.3593	Accuracy: 60.0791	Precision: 59.1503	Recall: 44.2002	F1: 50.5940
2024-06-07 13:53:26,603:INFO: ----------------------------------------------------------------------------------------------------
2024-06-07 13:53:26,603:INFO: Epoch 77	---Train--- Average Loss:    31.2635	 Patience 2	 Loss:    30.1946	Accuracy: 87.6979	Precision: 86.1994	Recall: 86.5228	f1: 86.361	
2024-06-07 13:53:32,523:INFO: Epoch 77	----Valid---- Loss: 45.5908	Accuracy: 63.8334	Precision: 60.3175	Recall: 57.7215	F1: 58.9909
2024-06-07 13:53:38,715:INFO: Epoch 77	----Test---- Loss: 48.2369	Accuracy: 60.9260	Precision: 58.5695	Recall: 52.9915	F1: 55.6410
2024-06-07 13:55:22,588:INFO: ----------------------------------------------------------------------------------------------------
2024-06-07 13:55:22,588:INFO: Epoch 78	---Train--- Average Loss:    31.1655	 Patience 3	 Loss:    31.7498	Accuracy: 84.6154	Precision: 78.4921	Recall: 90.6660	f1: 84.141	
2024-06-07 13:55:28,540:INFO: Epoch 78	----Valid---- Loss: 45.1072	Accuracy: 63.8334	Precision: 58.1933	Recall: 70.1266	F1: 63.6051
2024-06-07 13:55:34,737:INFO: Epoch 78	----Test---- Loss: 48.0915	Accuracy: 60.0226	Precision: 55.6575	Recall: 66.6667	F1: 60.6667
2024-06-07 13:57:17,946:INFO: ----------------------------------------------------------------------------------------------------
2024-06-07 13:57:17,946:INFO: Epoch 79	---Train--- Average Loss:    31.0900	 Patience 0	 Loss:    30.4243	Accuracy: 87.2757	Precision: 86.3550	Recall: 85.1939	f1: 85.771	
2024-06-07 13:57:23,896:INFO: Epoch 79	----Valid---- Loss: 45.4562	Accuracy: 64.1757	Precision: 60.8000	Recall: 57.7215	F1: 59.2208
2024-06-07 13:57:30,117:INFO: Epoch 79	----Test---- Loss: 48.4205	Accuracy: 60.5872	Precision: 58.1867	Recall: 52.5031	F1: 55.1990
2024-06-07 13:59:12,331:INFO: ----------------------------------------------------------------------------------------------------
2024-06-07 13:59:12,331:INFO: Epoch 80	---Train--- Average Loss:    31.0901	 Patience 1	 Loss:    30.5052	Accuracy: 87.4235	Precision: 87.0082	Recall: 84.7092	f1: 85.843	
2024-06-07 13:59:18,187:INFO: Epoch 80	----Valid---- Loss: 44.9740	Accuracy: 64.8032	Precision: 61.5487	Recall: 58.3544	F1: 59.9090
2024-06-07 13:59:24,314:INFO: Epoch 80	----Test---- Loss: 48.5829	Accuracy: 60.6437	Precision: 58.4958	Recall: 51.2821	F1: 54.6519
2024-06-07 14:01:06,602:INFO: ----------------------------------------------------------------------------------------------------
2024-06-07 14:01:06,602:INFO: Epoch 81	---Train--- Average Loss:    31.3654	 Patience 2	 Loss:    30.0298	Accuracy: 87.7683	Precision: 84.9385	Recall: 88.5241	f1: 86.694	
2024-06-07 14:01:12,440:INFO: Epoch 81	----Valid---- Loss: 45.1354	Accuracy: 64.4609	Precision: 60.0967	Recall: 62.9114	F1: 61.4719
2024-06-07 14:01:18,552:INFO: Epoch 81	----Test---- Loss: 48.0449	Accuracy: 61.0954	Precision: 57.9853	Recall: 57.6313	F1: 57.8077
2024-06-07 14:03:00,553:INFO: ----------------------------------------------------------------------------------------------------
2024-06-07 14:03:00,553:INFO: Epoch 82	---Train--- Average Loss:    30.6621	 Patience 3	 Loss:    31.1269	Accuracy: 86.7830	Precision: 90.1101	Recall: 79.3465	f1: 84.386	
2024-06-07 14:03:06,417:INFO: Epoch 82	----Valid---- Loss: 45.4887	Accuracy: 64.6891	Precision: 63.5499	Recall: 50.7595	F1: 56.4391
2024-06-07 14:03:12,553:INFO: Epoch 82	----Test---- Loss: 49.1167	Accuracy: 60.8696	Precision: 60.3279	Recall: 44.9328	F1: 51.5045
2024-06-07 14:04:54,378:INFO: ----------------------------------------------------------------------------------------------------
2024-06-07 14:04:54,378:INFO: Epoch 83	---Train--- Average Loss:    30.7626	 Patience 4	 Loss:    29.5746	Accuracy: 88.8099	Precision: 89.2134	Recall: 85.4753	f1: 87.304	
2024-06-07 14:05:00,240:INFO: Epoch 83	----Valid---- Loss: 45.6950	Accuracy: 64.1757	Precision: 61.4085	Recall: 55.1899	F1: 58.1333
2024-06-07 14:05:06,356:INFO: Epoch 83	----Test---- Loss: 48.3769	Accuracy: 61.3213	Precision: 59.9702	Recall: 49.2063	F1: 54.0577
2024-06-07 14:06:48,778:INFO: ----------------------------------------------------------------------------------------------------
2024-06-07 14:06:48,778:INFO: Epoch 84	---Train--- Average Loss:    30.7810	 Patience 5	 Loss:    30.9794	Accuracy: 86.9449	Precision: 90.5374	Recall: 79.2839	f1: 84.538	
2024-06-07 14:06:54,630:INFO: Epoch 84	----Valid---- Loss: 45.5197	Accuracy: 65.0314	Precision: 64.2973	Recall: 50.3797	F1: 56.4940
2024-06-07 14:07:01,073:INFO: Epoch 84	----Test---- Loss: 49.1716	Accuracy: 60.8696	Precision: 61.0915	Recall: 42.3687	F1: 50.0360
2024-06-07 14:08:43,654:INFO: ----------------------------------------------------------------------------------------------------
2024-06-07 14:08:43,654:INFO: Epoch 85	---Train--- Average Loss:    30.4499	 Patience 6	 Loss:    29.6010	Accuracy: 88.6129	Precision: 87.8485	Recall: 86.6948	f1: 87.268	
2024-06-07 14:08:49,518:INFO: Epoch 85	----Valid---- Loss: 45.1612	Accuracy: 64.7461	Precision: 61.4973	Recall: 58.2278	F1: 59.8179
2024-06-07 14:08:55,654:INFO: Epoch 85	----Test---- Loss: 47.7243	Accuracy: 62.5635	Precision: 60.6557	Recall: 54.2125	F1: 57.2534
2024-06-07 14:10:37,577:INFO: ----------------------------------------------------------------------------------------------------
2024-06-07 14:10:37,577:INFO: Epoch 86	---Train--- Average Loss:    30.4041	 Patience 7	 Loss:    29.6074	Accuracy: 88.4369	Precision: 86.9194	Recall: 87.4765	f1: 87.197	
2024-06-07 14:10:43,439:INFO: Epoch 86	----Valid---- Loss: 45.5225	Accuracy: 63.7193	Precision: 59.8718	Recall: 59.1139	F1: 59.4904
2024-06-07 14:10:49,560:INFO: Epoch 86	----Test---- Loss: 47.8796	Accuracy: 61.6601	Precision: 59.1864	Recall: 55.0672	F1: 57.0525
2024-06-07 14:12:33,803:INFO: ----------------------------------------------------------------------------------------------------
2024-06-07 14:12:33,803:INFO: Epoch 87	---Train--- Average Loss:    30.5853	 Patience 8	 Loss:    30.0746	Accuracy: 88.0217	Precision: 88.7550	Recall: 84.0369	f1: 86.332	
2024-06-07 14:12:39,737:INFO: Epoch 87	----Valid---- Loss: 45.4025	Accuracy: 64.7461	Precision: 61.7486	Recall: 57.2152	F1: 59.3955
2024-06-07 14:12:45,950:INFO: Epoch 87	----Test---- Loss: 48.5797	Accuracy: 61.2084	Precision: 59.5930	Recall: 50.0611	F1: 54.4127
2024-06-07 14:14:29,013:INFO: ----------------------------------------------------------------------------------------------------
2024-06-07 14:14:29,013:INFO: Epoch 88	---Train--- Average Loss:    30.5561	 Patience 9	 Loss:    30.1096	Accuracy: 87.9583	Precision: 88.0585	Recall: 84.7405	f1: 86.368	
2024-06-07 14:14:34,865:INFO: Epoch 88	----Valid---- Loss: 45.1034	Accuracy: 64.8602	Precision: 61.1538	Recall: 60.3797	F1: 60.7643
2024-06-07 14:14:40,987:INFO: Epoch 88	----Test---- Loss: 48.9519	Accuracy: 60.6437	Precision: 58.3106	Recall: 52.2589	F1: 55.1191
2024-06-07 14:16:23,178:INFO: ----------------------------------------------------------------------------------------------------
2024-06-07 14:16:23,178:INFO: Epoch 89	---Train--- Average Loss:    30.4600	 Patience 10	 Loss:    29.9775	Accuracy: 88.2469	Precision: 90.2555	Recall: 82.8330	f1: 86.385	
2024-06-07 14:16:29,028:INFO: Epoch 89	----Valid---- Loss: 45.7016	Accuracy: 64.5180	Precision: 63.1661	Recall: 51.0127	F1: 56.4426
2024-06-07 14:16:35,166:INFO: Epoch 89	----Test---- Loss: 49.2554	Accuracy: 60.5308	Precision: 59.3750	Recall: 46.3980	F1: 52.0905
2024-06-07 14:18:16,685:INFO: ----------------------------------------------------------------------------------------------------
2024-06-07 14:18:16,685:INFO: Epoch 90	---Train--- Average Loss:    30.3500	 Patience 11	 Loss:    30.2175	Accuracy: 87.7894	Precision: 88.2739	Recall: 84.0369	f1: 86.103	
2024-06-07 14:18:22,552:INFO: Epoch 90	----Valid---- Loss: 45.1708	Accuracy: 65.2025	Precision: 62.5698	Recall: 56.7089	F1: 59.4954
2024-06-07 14:18:28,679:INFO: Epoch 90	----Test---- Loss: 48.3118	Accuracy: 61.4907	Precision: 59.8561	Recall: 50.7937	F1: 54.9538
2024-06-07 14:20:10,854:INFO: ----------------------------------------------------------------------------------------------------
2024-06-07 14:20:10,854:INFO: Epoch 91	---Train--- Average Loss:    30.3071	 Patience 12	 Loss:    28.8964	Accuracy: 89.6122	Precision: 88.4856	Recall: 88.4303	f1: 88.458	
2024-06-07 14:20:16,687:INFO: Epoch 91	----Valid---- Loss: 45.5896	Accuracy: 64.0046	Precision: 60.4194	Recall: 58.3544	F1: 59.3690
2024-06-07 14:20:22,810:INFO: Epoch 91	----Test---- Loss: 48.5570	Accuracy: 60.9825	Precision: 58.3770	Recall: 54.4567	F1: 56.3487
2024-06-07 14:22:04,347:INFO: ----------------------------------------------------------------------------------------------------
2024-06-07 14:22:04,347:INFO: Epoch 92	---Train--- Average Loss:    30.0411	 Patience 13	 Loss:    28.9788	Accuracy: 89.4644	Precision: 88.1483	Recall: 88.4928	f1: 88.320	
2024-06-07 14:22:10,194:INFO: Epoch 92	----Valid---- Loss: 45.1198	Accuracy: 64.9173	Precision: 60.9238	Recall: 61.7722	F1: 61.3451
2024-06-07 14:22:16,316:INFO: Epoch 92	----Test---- Loss: 48.5106	Accuracy: 61.3778	Precision: 58.8005	Recall: 55.0672	F1: 56.8726
2024-06-07 14:23:57,850:INFO: ----------------------------------------------------------------------------------------------------
2024-06-07 14:23:57,851:INFO: Epoch 93	---Train--- Average Loss:    30.4196	 Patience 14	 Loss:    29.9676	Accuracy: 88.2962	Precision: 89.8468	Recall: 83.4271	f1: 86.518	
2024-06-07 14:24:03,698:INFO: Epoch 93	----Valid---- Loss: 45.6068	Accuracy: 64.3468	Precision: 62.1502	Recall: 53.4177	F1: 57.4541
2024-06-07 14:24:09,809:INFO: Epoch 93	----Test---- Loss: 48.9043	Accuracy: 60.8696	Precision: 59.6626	Recall: 47.4969	F1: 52.8892
2024-06-07 14:25:53,442:INFO: ----------------------------------------------------------------------------------------------------
2024-06-07 14:25:53,442:INFO: Epoch 94	---Train--- Average Loss:    30.1887	 Patience 15	 Loss:    29.3890	Accuracy: 88.8099	Precision: 86.4643	Recall: 89.0869	f1: 87.756	
2024-06-07 14:25:59,395:INFO: Epoch 94	----Valid---- Loss: 44.6607	Accuracy: 65.1455	Precision: 60.5418	Recall: 65.0633	F1: 62.7212
2024-06-07 14:26:05,629:INFO: Epoch 94	----Test---- Loss: 48.2441	Accuracy: 60.8131	Precision: 57.6313	Recall: 57.6313	F1: 57.6313
2024-06-07 14:27:50,337:INFO: ----------------------------------------------------------------------------------------------------
2024-06-07 14:27:50,337:INFO: Epoch 95	---Train--- Average Loss:    30.1358	 Patience 16	 Loss:    29.7787	Accuracy: 88.5214	Precision: 89.8212	Recall: 84.0213	f1: 86.824	
2024-06-07 14:27:56,294:INFO: Epoch 95	----Valid---- Loss: 45.3666	Accuracy: 64.8602	Precision: 62.6453	Recall: 54.5570	F1: 58.3221
2024-06-07 14:28:02,522:INFO: Epoch 95	----Test---- Loss: 49.2953	Accuracy: 59.7403	Precision: 57.9580	Recall: 47.1306	F1: 51.9865
2024-06-07 14:29:46,794:INFO: ----------------------------------------------------------------------------------------------------
2024-06-07 14:29:46,794:INFO: Epoch 96	---Train--- Average Loss:    30.2145	 Patience 17	 Loss:    29.9854	Accuracy: 87.6627	Precision: 83.1880	Recall: 90.9787	f1: 86.909	
2024-06-07 14:29:52,747:INFO: Epoch 96	----Valid---- Loss: 45.2210	Accuracy: 64.1187	Precision: 58.8754	Recall: 67.5949	F1: 62.9346
2024-06-07 14:29:59,330:INFO: Epoch 96	----Test---- Loss: 48.2996	Accuracy: 60.7002	Precision: 56.8562	Recall: 62.2711	F1: 59.4406
2024-06-07 14:31:43,324:INFO: ----------------------------------------------------------------------------------------------------
2024-06-07 14:31:43,325:INFO: Epoch 97	---Train--- Average Loss:    30.3617	 Patience 18	 Loss:    29.9008	Accuracy: 87.6416	Precision: 82.6485	Recall: 91.8230	f1: 86.995	
2024-06-07 14:31:49,295:INFO: Epoch 97	----Valid---- Loss: 44.8674	Accuracy: 64.4609	Precision: 59.0466	Recall: 68.9873	F1: 63.6311
2024-06-07 14:31:55,518:INFO: Epoch 97	----Test---- Loss: 47.8302	Accuracy: 60.6437	Precision: 56.6740	Recall: 63.2479	F1: 59.7807
2024-06-07 14:33:39,970:INFO: ----------------------------------------------------------------------------------------------------
2024-06-07 14:33:39,971:INFO: Epoch 98	---Train--- Average Loss:    29.7870	 Patience 0	 Loss:    29.0824	Accuracy: 89.1125	Precision: 86.6959	Recall: 89.5560	f1: 88.103	
2024-06-07 14:33:45,939:INFO: Epoch 98	----Valid---- Loss: 45.5204	Accuracy: 63.6052	Precision: 58.8785	Recall: 63.7975	F1: 61.2394
2024-06-07 14:33:52,174:INFO: Epoch 98	----Test---- Loss: 48.3793	Accuracy: 60.9260	Precision: 57.6970	Recall: 58.1197	F1: 57.9075
2024-06-07 14:35:36,919:INFO: ----------------------------------------------------------------------------------------------------
2024-06-07 14:35:36,919:INFO: Epoch 99	---Train--- Average Loss:    29.6540	 Patience 1	 Loss:    28.6450	Accuracy: 89.9923	Precision: 89.2271	Recall: 88.4459	f1: 88.835	
2024-06-07 14:35:42,870:INFO: Epoch 99	----Valid---- Loss: 45.4269	Accuracy: 64.0616	Precision: 60.3627	Recall: 58.9873	F1: 59.6671
2024-06-07 14:35:49,107:INFO: Epoch 99	----Test---- Loss: 48.7822	Accuracy: 60.4178	Precision: 57.7428	Recall: 53.7241	F1: 55.6610
2024-06-07 14:37:33,135:INFO: ----------------------------------------------------------------------------------------------------
2024-06-07 14:37:33,135:INFO: Epoch 100	---Train--- Average Loss:    29.7322	 Patience 2	 Loss:    28.7959	Accuracy: 89.8022	Precision: 88.8854	Recall: 88.3990	f1: 88.642	
2024-06-07 14:37:39,113:INFO: Epoch 100	----Valid---- Loss: 45.0425	Accuracy: 64.5750	Precision: 60.7098	Recall: 60.6329	F1: 60.6713
2024-06-07 14:37:45,335:INFO: Epoch 100	----Test---- Loss: 49.0971	Accuracy: 60.2484	Precision: 57.4194	Recall: 54.3346	F1: 55.8344
2024-06-07 14:37:45,335:INFO: Finish training!
2024-06-07 14:37:45,350:INFO: ####################################################################################################
2024-06-07 14:37:45,350:INFO: Test result
2024-06-07 14:37:51,592:INFO: models/FFmpeg/DevignModel	----Test---- Loss: 47.8302	Accuracy: 60.6437	Precision: 56.6740	Recall: 63.2479	F1: 59.7807
