2024-06-14 14:25:06,660:INFO: Check up feature_size: 100
2024-06-14 14:25:06,660:INFO: ####################################################################################################
2024-06-14 14:25:15,366:INFO: Reading already processed data from ../data_processing/outputs/devign_cpg_sim/devign.bin!
2024-06-14 14:25:15,366:INFO: train_dataset: 15350; valid_dataset: 1912; test_dataset: 1922
2024-06-14 14:25:15,366:INFO: train_batch: 240, valid_batch: 30, test_batch: 31
2024-06-14 14:25:15,366:INFO: ####################################################################################################
2024-06-14 14:25:15,367:INFO: Check up model_type: devign
2024-06-14 14:25:15,434:INFO: Total Parameters : 916663
2024-06-14 14:25:15,434:INFO: ####################################################################################################
2024-06-14 14:25:16,813:INFO: Start training!
2024-06-14 14:27:19,208:INFO: ----------------------------------------------------------------------------------------------------
2024-06-14 14:27:19,209:INFO: Epoch 1	---Train--- Average Loss:    48.8413	 Patience 0	 Loss:    48.0173	Accuracy: 55.4397	Precision: 50.8969	Recall: 48.1173	f1: 49.468	
2024-06-14 14:27:25,073:INFO: Epoch 1	----Valid---- Loss: 48.3049	Accuracy: 55.2301	Precision: 50.0652	Recall: 44.8075	F1: 47.2906
2024-06-14 14:27:30,814:INFO: Epoch 1	----Test---- Loss: 48.3128	Accuracy: 55.0521	Precision: 52.1525	Recall: 47.2160	F1: 49.5617
2024-06-14 14:29:06,944:INFO: ----------------------------------------------------------------------------------------------------
2024-06-14 14:29:06,944:INFO: Epoch 2	---Train--- Average Loss:    48.0693	 Patience 0	 Loss:    47.6250	Accuracy: 57.3029	Precision: 53.1347	Recall: 49.2095	f1: 51.097	
2024-06-14 14:29:12,607:INFO: Epoch 2	----Valid---- Loss: 48.1459	Accuracy: 54.9163	Precision: 49.6689	Recall: 43.7573	F1: 46.5261
2024-06-14 14:29:18,254:INFO: Epoch 2	----Test---- Loss: 46.7131	Accuracy: 55.5436	Precision: 53.0769	Recall: 47.3684	F1: 50.0605
2024-06-14 14:30:54,816:INFO: ----------------------------------------------------------------------------------------------------
2024-06-14 14:30:54,816:INFO: Epoch 3	---Train--- Average Loss:    47.7423	 Patience 1	 Loss:    47.2107	Accuracy: 57.8306	Precision: 53.3324	Recall: 55.7775	f1: 54.528	
2024-06-14 14:31:00,449:INFO: Epoch 3	----Valid---- Loss: 47.8166	Accuracy: 54.9686	Precision: 49.7642	Recall: 49.2415	F1: 49.5015
2024-06-14 14:31:06,012:INFO: Epoch 3	----Test---- Loss: 46.3833	Accuracy: 55.4360	Precision: 52.3164	Recall: 53.2796	F1: 52.7936
2024-06-14 14:32:41,426:INFO: ----------------------------------------------------------------------------------------------------
2024-06-14 14:32:41,426:INFO: Epoch 4	---Train--- Average Loss:    47.3258	 Patience 0	 Loss:    46.9068	Accuracy: 58.9772	Precision: 55.0760	Recall: 51.5378	f1: 53.248	
2024-06-14 14:32:47,410:INFO: Epoch 4	----Valid---- Loss: 47.7634	Accuracy: 55.8577	Precision: 50.8497	Recall: 45.3909	F1: 47.9655
2024-06-14 14:32:53,010:INFO: Epoch 4	----Test---- Loss: 46.6594	Accuracy: 55.2745	Precision: 52.4778	Recall: 47.4713	F1: 49.8491
2024-06-14 14:34:28,966:INFO: ----------------------------------------------------------------------------------------------------
2024-06-14 14:34:28,966:INFO: Epoch 5	---Train--- Average Loss:    46.9583	 Patience 1	 Loss:    46.6107	Accuracy: 60.0782	Precision: 56.5769	Recall: 51.3078	f1: 53.814	
2024-06-14 14:34:34,638:INFO: Epoch 5	----Valid---- Loss: 47.6400	Accuracy: 56.5900	Precision: 51.8121	Recall: 45.0408	F1: 48.1898
2024-06-14 14:34:40,593:INFO: Epoch 5	----Test---- Loss: 46.4719	Accuracy: 56.6200	Precision: 54.3716	Recall: 45.7471	F1: 49.6879
2024-06-14 14:36:17,317:INFO: ----------------------------------------------------------------------------------------------------
2024-06-14 14:36:17,318:INFO: Epoch 6	---Train--- Average Loss:    46.6312	 Patience 2	 Loss:    46.0794	Accuracy: 60.8143	Precision: 56.4900	Recall: 58.9825	f1: 57.709	
2024-06-14 14:36:23,018:INFO: Epoch 6	----Valid---- Loss: 47.5861	Accuracy: 56.0669	Precision: 51.0059	Recall: 50.2917	F1: 50.6463
2024-06-14 14:36:28,672:INFO: Epoch 6	----Test---- Loss: 46.1687	Accuracy: 56.7815	Precision: 53.8012	Recall: 52.9954	F1: 53.3952
2024-06-14 14:38:07,431:INFO: ----------------------------------------------------------------------------------------------------
2024-06-14 14:38:07,431:INFO: Epoch 7	---Train--- Average Loss:    46.1378	 Patience 0	 Loss:    45.6646	Accuracy: 62.1759	Precision: 58.5689	Recall: 56.5824	f1: 57.558	
2024-06-14 14:38:13,259:INFO: Epoch 7	----Valid---- Loss: 47.4044	Accuracy: 57.2699	Precision: 52.5510	Recall: 48.0747	F1: 50.2133
2024-06-14 14:38:19,011:INFO: Epoch 7	----Test---- Loss: 46.1098	Accuracy: 57.5888	Precision: 55.4293	Recall: 50.2288	F1: 52.7011
2024-06-14 14:39:57,934:INFO: ----------------------------------------------------------------------------------------------------
2024-06-14 14:39:57,934:INFO: Epoch 8	---Train--- Average Loss:    45.7486	 Patience 1	 Loss:    45.1871	Accuracy: 63.2834	Precision: 59.3204	Recall: 60.4628	f1: 59.886	
2024-06-14 14:40:03,768:INFO: Epoch 8	----Valid---- Loss: 47.2200	Accuracy: 57.2176	Precision: 52.3187	Recall: 51.3419	F1: 51.8257
2024-06-14 14:40:09,549:INFO: Epoch 8	----Test---- Loss: 46.0813	Accuracy: 58.1808	Precision: 56.0335	Recall: 53.4169	F1: 54.6939
2024-06-14 14:41:48,855:INFO: ----------------------------------------------------------------------------------------------------
2024-06-14 14:41:48,855:INFO: Epoch 9	---Train--- Average Loss:    45.3488	 Patience 0	 Loss:    44.7682	Accuracy: 63.8371	Precision: 59.8765	Recall: 61.2963	f1: 60.578	
2024-06-14 14:41:54,709:INFO: Epoch 9	----Valid---- Loss: 47.1340	Accuracy: 57.4791	Precision: 52.6128	Recall: 51.6919	F1: 52.1483
2024-06-14 14:42:00,519:INFO: Epoch 9	----Test---- Loss: 46.2453	Accuracy: 57.6964	Precision: 54.7929	Recall: 53.4025	F1: 54.0888
2024-06-14 14:43:39,867:INFO: ----------------------------------------------------------------------------------------------------
2024-06-14 14:43:39,868:INFO: Epoch 10	---Train--- Average Loss:    44.8793	 Patience 0	 Loss:    44.4105	Accuracy: 63.9349	Precision: 58.4683	Recall: 70.5519	f1: 63.944	
2024-06-14 14:43:45,728:INFO: Epoch 10	----Valid---- Loss: 47.0627	Accuracy: 58.1067	Precision: 52.8112	Recall: 61.3769	F1: 56.7728
2024-06-14 14:43:51,532:INFO: Epoch 10	----Test---- Loss: 45.7918	Accuracy: 58.5038	Precision: 55.0940	Recall: 63.7300	F1: 59.0981
2024-06-14 14:45:31,200:INFO: ----------------------------------------------------------------------------------------------------
2024-06-14 14:45:31,201:INFO: Epoch 11	---Train--- Average Loss:    44.4376	 Patience 0	 Loss:    43.7432	Accuracy: 65.4788	Precision: 60.1048	Recall: 70.9112	f1: 65.062	
2024-06-14 14:45:37,072:INFO: Epoch 11	----Valid---- Loss: 46.8371	Accuracy: 58.0544	Precision: 52.8147	Recall: 60.2100	F1: 56.2704
2024-06-14 14:45:42,892:INFO: Epoch 11	----Test---- Loss: 46.0435	Accuracy: 58.0194	Precision: 54.4444	Recall: 62.0968	F1: 58.0194
2024-06-14 14:47:22,310:INFO: ----------------------------------------------------------------------------------------------------
2024-06-14 14:47:22,310:INFO: Epoch 12	---Train--- Average Loss:    43.8509	 Patience 1	 Loss:    43.2615	Accuracy: 66.5407	Precision: 61.0505	Recall: 72.3340	f1: 66.215	
2024-06-14 14:47:28,183:INFO: Epoch 12	----Valid---- Loss: 46.7835	Accuracy: 59.1527	Precision: 53.8384	Recall: 62.1937	F1: 57.7152
2024-06-14 14:47:34,005:INFO: Epoch 12	----Test---- Loss: 45.7664	Accuracy: 58.0732	Precision: 54.4456	Recall: 62.7880	F1: 58.3200
2024-06-14 14:49:13,964:INFO: ----------------------------------------------------------------------------------------------------
2024-06-14 14:49:13,964:INFO: Epoch 13	---Train--- Average Loss:    43.5184	 Patience 0	 Loss:    42.6454	Accuracy: 67.8111	Precision: 62.6776	Recall: 71.6585	f1: 66.868	
2024-06-14 14:49:19,832:INFO: Epoch 13	----Valid---- Loss: 46.6751	Accuracy: 59.7280	Precision: 54.5455	Recall: 60.9102	F1: 57.5524
2024-06-14 14:49:25,646:INFO: Epoch 13	----Test---- Loss: 46.1506	Accuracy: 57.8041	Precision: 54.3501	Recall: 61.1047	F1: 57.5298
2024-06-14 14:51:05,114:INFO: ----------------------------------------------------------------------------------------------------
2024-06-14 14:51:05,114:INFO: Epoch 14	---Train--- Average Loss:    42.9088	 Patience 1	 Loss:    42.3018	Accuracy: 69.2704	Precision: 66.3840	Recall: 65.2486	f1: 65.811	
2024-06-14 14:51:10,965:INFO: Epoch 14	----Valid---- Loss: 46.7465	Accuracy: 60.3033	Precision: 55.9322	Recall: 53.9090	F1: 54.9020
2024-06-14 14:51:16,771:INFO: Epoch 14	----Test---- Loss: 46.4107	Accuracy: 57.9656	Precision: 55.4863	Recall: 51.2083	F1: 53.2615
2024-06-14 14:52:55,726:INFO: ----------------------------------------------------------------------------------------------------
2024-06-14 14:52:55,727:INFO: Epoch 15	---Train--- Average Loss:    42.4649	 Patience 2	 Loss:    41.6744	Accuracy: 69.9479	Precision: 65.1271	Recall: 72.5496	f1: 68.638	
2024-06-14 14:53:01,533:INFO: Epoch 15	----Valid---- Loss: 46.5739	Accuracy: 60.1987	Precision: 55.1836	Recall: 59.6266	F1: 57.3191
2024-06-14 14:53:07,311:INFO: Epoch 15	----Test---- Loss: 46.3236	Accuracy: 57.7503	Precision: 54.6990	Recall: 59.2677	F1: 56.8918
2024-06-14 14:54:46,292:INFO: ----------------------------------------------------------------------------------------------------
2024-06-14 14:54:46,292:INFO: Epoch 16	---Train--- Average Loss:    42.0657	 Patience 3	 Loss:    41.0130	Accuracy: 71.1336	Precision: 67.1322	Recall: 71.1555	f1: 69.085	
2024-06-14 14:54:52,096:INFO: Epoch 16	----Valid---- Loss: 46.4928	Accuracy: 60.8264	Precision: 56.1785	Recall: 57.2929	F1: 56.7302
2024-06-14 14:54:57,839:INFO: Epoch 16	----Test---- Loss: 46.6007	Accuracy: 57.8579	Precision: 55.6075	Recall: 54.1524	F1: 54.8703
2024-06-14 14:56:36,248:INFO: ----------------------------------------------------------------------------------------------------
2024-06-14 14:56:36,249:INFO: Epoch 17	---Train--- Average Loss:    41.4174	 Patience 4	 Loss:    40.7032	Accuracy: 71.1205	Precision: 66.3388	Recall: 73.6706	f1: 69.813	
2024-06-14 14:56:42,051:INFO: Epoch 17	----Valid---- Loss: 46.6208	Accuracy: 60.3033	Precision: 55.3030	Recall: 59.6266	F1: 57.3835
2024-06-14 14:56:47,817:INFO: Epoch 17	----Test---- Loss: 46.4149	Accuracy: 58.2347	Precision: 54.7516	Recall: 58.6806	F1: 56.6480
2024-06-14 14:58:26,148:INFO: ----------------------------------------------------------------------------------------------------
2024-06-14 14:58:26,148:INFO: Epoch 18	---Train--- Average Loss:    41.1065	 Patience 5	 Loss:    40.8620	Accuracy: 69.8762	Precision: 62.7708	Recall: 82.4375	f1: 71.272	
2024-06-14 14:58:31,958:INFO: Epoch 18	----Valid---- Loss: 46.6865	Accuracy: 59.5188	Precision: 53.7693	Recall: 69.0782	F1: 60.4699
2024-06-14 14:58:37,731:INFO: Epoch 18	----Test---- Loss: 46.0875	Accuracy: 58.8805	Precision: 54.4651	Recall: 71.2139	F1: 61.7234
2024-06-14 15:00:16,081:INFO: ----------------------------------------------------------------------------------------------------
2024-06-14 15:00:16,081:INFO: Epoch 19	---Train--- Average Loss:    40.6141	 Patience 0	 Loss:    39.7638	Accuracy: 73.0163	Precision: 67.2211	Recall: 78.9882	f1: 72.631	
2024-06-14 15:00:21,885:INFO: Epoch 19	----Valid---- Loss: 46.5352	Accuracy: 61.5063	Precision: 56.2307	Recall: 63.7106	F1: 59.7374
2024-06-14 15:00:27,978:INFO: Epoch 19	----Test---- Loss: 46.6565	Accuracy: 58.0194	Precision: 54.6559	Recall: 61.9266	F1: 58.0645
2024-06-14 15:02:06,578:INFO: ----------------------------------------------------------------------------------------------------
2024-06-14 15:02:06,578:INFO: Epoch 20	---Train--- Average Loss:    40.0866	 Patience 1	 Loss:    38.9896	Accuracy: 74.5212	Precision: 70.2405	Recall: 75.9845	f1: 73.000	
2024-06-14 15:02:12,402:INFO: Epoch 20	----Valid---- Loss: 46.6152	Accuracy: 61.2448	Precision: 56.5169	Recall: 58.6931	F1: 57.5844
2024-06-14 15:02:18,180:INFO: Epoch 20	----Test---- Loss: 46.6661	Accuracy: 58.6114	Precision: 55.1535	Recall: 58.2851	F1: 56.6761
2024-06-14 15:03:57,324:INFO: ----------------------------------------------------------------------------------------------------
2024-06-14 15:03:57,325:INFO: Epoch 21	---Train--- Average Loss:    39.8163	 Patience 2	 Loss:    38.7196	Accuracy: 74.5212	Precision: 69.4696	Recall: 78.1259	f1: 73.544	
2024-06-14 15:04:03,134:INFO: Epoch 21	----Valid---- Loss: 46.7125	Accuracy: 60.9833	Precision: 55.9358	Recall: 61.0268	F1: 58.3705
2024-06-14 15:04:08,882:INFO: Epoch 21	----Test---- Loss: 46.2985	Accuracy: 59.4187	Precision: 55.6830	Recall: 61.8772	F1: 58.6169
2024-06-14 15:05:47,565:INFO: ----------------------------------------------------------------------------------------------------
2024-06-14 15:05:47,566:INFO: Epoch 22	---Train--- Average Loss:    39.1647	 Patience 3	 Loss:    38.2235	Accuracy: 75.3811	Precision: 70.2820	Recall: 79.1607	f1: 74.458	
2024-06-14 15:05:53,372:INFO: Epoch 22	----Valid---- Loss: 46.7626	Accuracy: 61.1925	Precision: 56.1105	Recall: 61.6103	F1: 58.7319
2024-06-14 15:05:59,156:INFO: Epoch 22	----Test---- Loss: 46.3553	Accuracy: 60.3337	Precision: 57.0691	Recall: 63.2723	F1: 60.0109
2024-06-14 15:07:38,128:INFO: ----------------------------------------------------------------------------------------------------
2024-06-14 15:07:38,128:INFO: Epoch 23	---Train--- Average Loss:    38.8876	 Patience 4	 Loss:    38.0812	Accuracy: 75.3811	Precision: 70.2561	Recall: 79.2325	f1: 74.475	
2024-06-14 15:07:43,928:INFO: Epoch 23	----Valid---- Loss: 47.1458	Accuracy: 60.7741	Precision: 55.7097	Recall: 60.9102	F1: 58.1940
2024-06-14 15:07:49,686:INFO: Epoch 23	----Test---- Loss: 46.7149	Accuracy: 59.0958	Precision: 55.9006	Recall: 61.7849	F1: 58.6957
2024-06-14 15:09:28,183:INFO: ----------------------------------------------------------------------------------------------------
2024-06-14 15:09:28,183:INFO: Epoch 24	---Train--- Average Loss:    38.5083	 Patience 5	 Loss:    37.2336	Accuracy: 77.4267	Precision: 74.7415	Recall: 75.8264	f1: 75.280	
2024-06-14 15:09:33,989:INFO: Epoch 24	----Valid---- Loss: 46.9036	Accuracy: 61.4540	Precision: 57.2639	Recall: 55.1925	F1: 56.2092
2024-06-14 15:09:39,759:INFO: Epoch 24	----Test---- Loss: 46.7544	Accuracy: 60.0108	Precision: 57.3317	Recall: 55.1445	F1: 56.2169
2024-06-14 15:11:18,760:INFO: ----------------------------------------------------------------------------------------------------
2024-06-14 15:11:18,760:INFO: Epoch 25	---Train--- Average Loss:    38.0074	 Patience 6	 Loss:    37.5015	Accuracy: 76.0391	Precision: 69.5611	Recall: 83.8172	f1: 76.027	
2024-06-14 15:11:24,579:INFO: Epoch 25	----Valid---- Loss: 46.9617	Accuracy: 61.0879	Precision: 55.5775	Recall: 65.6943	F1: 60.2139
2024-06-14 15:11:30,350:INFO: Epoch 25	----Test---- Loss: 46.3524	Accuracy: 59.7417	Precision: 55.6084	Recall: 67.5520	F1: 61.0010
2024-06-14 15:13:09,015:INFO: ----------------------------------------------------------------------------------------------------
2024-06-14 15:13:09,015:INFO: Epoch 26	---Train--- Average Loss:    37.5538	 Patience 7	 Loss:    37.0887	Accuracy: 76.9967	Precision: 71.2831	Recall: 82.4806	f1: 76.474	
2024-06-14 15:13:14,837:INFO: Epoch 26	----Valid---- Loss: 47.1317	Accuracy: 61.3494	Precision: 56.1715	Recall: 62.6604	F1: 59.2388
2024-06-14 15:13:20,634:INFO: Epoch 26	----Test---- Loss: 46.7235	Accuracy: 59.7417	Precision: 56.1934	Recall: 64.0643	F1: 59.8712
2024-06-14 15:14:58,918:INFO: ----------------------------------------------------------------------------------------------------
2024-06-14 15:14:58,918:INFO: Epoch 27	---Train--- Average Loss:    37.5436	 Patience 8	 Loss:    37.8054	Accuracy: 75.3681	Precision: 69.1409	Recall: 82.4662	f1: 75.218	
2024-06-14 15:15:04,743:INFO: Epoch 27	----Valid---- Loss: 47.0716	Accuracy: 60.9310	Precision: 55.4028	Recall: 65.8110	F1: 60.1600
2024-06-14 15:15:10,517:INFO: Epoch 27	----Test---- Loss: 46.8882	Accuracy: 59.3111	Precision: 55.8341	Recall: 66.0205	F1: 60.5016
2024-06-14 15:16:49,265:INFO: ----------------------------------------------------------------------------------------------------
2024-06-14 15:16:49,265:INFO: Epoch 28	---Train--- Average Loss:    36.9226	 Patience 9	 Loss:    36.5163	Accuracy: 77.5049	Precision: 70.5475	Recall: 86.4760	f1: 77.704	
2024-06-14 15:16:55,060:INFO: Epoch 28	----Valid---- Loss: 47.0763	Accuracy: 61.2448	Precision: 55.5449	Recall: 67.7946	F1: 61.0615
2024-06-14 15:17:00,813:INFO: Epoch 28	----Test---- Loss: 46.1356	Accuracy: 60.0646	Precision: 56.1808	Recall: 69.5205	F1: 62.1429
2024-06-14 15:18:39,485:INFO: ----------------------------------------------------------------------------------------------------
2024-06-14 15:18:39,486:INFO: Epoch 29	---Train--- Average Loss:    36.5888	 Patience 0	 Loss:    38.0242	Accuracy: 74.5537	Precision: 66.1927	Recall: 89.6522	f1: 76.157	
2024-06-14 15:18:45,284:INFO: Epoch 29	----Valid---- Loss: 47.3046	Accuracy: 60.2510	Precision: 54.1418	Recall: 73.9790	F1: 62.5247
2024-06-14 15:18:51,067:INFO: Epoch 29	----Test---- Loss: 46.5034	Accuracy: 58.9882	Precision: 54.1632	Recall: 74.7967	F1: 62.8293
2024-06-14 15:20:29,603:INFO: ----------------------------------------------------------------------------------------------------
2024-06-14 15:20:29,603:INFO: Epoch 30	---Train--- Average Loss:    36.5538	 Patience 0	 Loss:    36.2523	Accuracy: 77.9674	Precision: 71.2806	Recall: 86.0736	f1: 77.982	
2024-06-14 15:20:35,344:INFO: Epoch 30	----Valid---- Loss: 47.3543	Accuracy: 60.6695	Precision: 55.1020	Recall: 66.1610	F1: 60.1273
2024-06-14 15:20:41,055:INFO: Epoch 30	----Test---- Loss: 46.6877	Accuracy: 59.3649	Precision: 55.4092	Recall: 67.7011	F1: 60.9415
2024-06-14 15:22:19,286:INFO: ----------------------------------------------------------------------------------------------------
2024-06-14 15:22:19,286:INFO: Epoch 31	---Train--- Average Loss:    36.0774	 Patience 1	 Loss:    35.4814	Accuracy: 79.4919	Precision: 75.2519	Recall: 81.5895	f1: 78.293	
2024-06-14 15:22:25,028:INFO: Epoch 31	----Valid---- Loss: 46.9861	Accuracy: 61.7678	Precision: 57.0156	Recall: 59.7433	F1: 58.3476
2024-06-14 15:22:30,722:INFO: Epoch 31	----Test---- Loss: 47.6203	Accuracy: 58.2347	Precision: 55.1648	Recall: 57.7011	F1: 56.4045
2024-06-14 15:24:08,579:INFO: ----------------------------------------------------------------------------------------------------
2024-06-14 15:24:08,580:INFO: Epoch 32	---Train--- Average Loss:    36.0232	 Patience 2	 Loss:    35.4231	Accuracy: 79.3681	Precision: 73.3983	Recall: 85.4556	f1: 78.969	
2024-06-14 15:24:14,330:INFO: Epoch 32	----Valid---- Loss: 47.2529	Accuracy: 60.6695	Precision: 55.4068	Recall: 62.7771	F1: 58.8621
2024-06-14 15:24:20,187:INFO: Epoch 32	----Test---- Loss: 47.6657	Accuracy: 60.8854	Precision: 56.8756	Recall: 67.7060	F1: 61.8200
2024-06-14 15:25:57,585:INFO: ----------------------------------------------------------------------------------------------------
2024-06-14 15:25:57,586:INFO: Epoch 33	---Train--- Average Loss:    35.8625	 Patience 3	 Loss:    36.0587	Accuracy: 77.8893	Precision: 70.7065	Recall: 87.4533	f1: 78.193	
2024-06-14 15:26:03,671:INFO: Epoch 33	----Valid---- Loss: 47.3620	Accuracy: 60.8264	Precision: 55.0847	Recall: 68.2614	F1: 60.9693
2024-06-14 15:26:09,364:INFO: Epoch 33	----Test---- Loss: 47.0143	Accuracy: 59.2573	Precision: 55.4217	Recall: 68.4211	F1: 61.2391
2024-06-14 15:27:47,819:INFO: ----------------------------------------------------------------------------------------------------
2024-06-14 15:27:47,819:INFO: Epoch 34	---Train--- Average Loss:    35.5555	 Patience 4	 Loss:    35.1375	Accuracy: 80.0651	Precision: 75.0514	Recall: 83.9178	f1: 79.237	
2024-06-14 15:27:53,627:INFO: Epoch 34	----Valid---- Loss: 47.5901	Accuracy: 60.7218	Precision: 55.6025	Recall: 61.3769	F1: 58.3472
2024-06-14 15:27:59,389:INFO: Epoch 34	----Test---- Loss: 47.2153	Accuracy: 59.1496	Precision: 55.6818	Recall: 62.0253	F1: 58.6826
2024-06-14 15:29:38,598:INFO: ----------------------------------------------------------------------------------------------------
2024-06-14 15:29:38,599:INFO: Epoch 35	---Train--- Average Loss:    35.2235	 Patience 5	 Loss:    34.7091	Accuracy: 80.5863	Precision: 75.1772	Recall: 85.3550	f1: 79.943	
2024-06-14 15:29:44,391:INFO: Epoch 35	----Valid---- Loss: 47.3882	Accuracy: 60.8787	Precision: 55.6712	Recall: 62.4271	F1: 58.8559
2024-06-14 15:29:50,156:INFO: Epoch 35	----Test---- Loss: 46.5897	Accuracy: 60.2799	Precision: 56.6802	Recall: 64.3678	F1: 60.2799
2024-06-14 15:31:29,305:INFO: ----------------------------------------------------------------------------------------------------
2024-06-14 15:31:29,305:INFO: Epoch 36	---Train--- Average Loss:    34.9891	 Patience 6	 Loss:    36.3684	Accuracy: 77.0293	Precision: 68.9781	Recall: 89.6378	f1: 77.963	
2024-06-14 15:31:35,101:INFO: Epoch 36	----Valid---- Loss: 47.6096	Accuracy: 59.7803	Precision: 53.8462	Recall: 71.8786	F1: 61.5692
2024-06-14 15:31:40,869:INFO: Epoch 36	----Test---- Loss: 47.2915	Accuracy: 57.9117	Precision: 53.8664	Recall: 70.4598	F1: 61.0558
2024-06-14 15:33:20,023:INFO: ----------------------------------------------------------------------------------------------------
2024-06-14 15:33:20,023:INFO: Epoch 37	---Train--- Average Loss:    34.5653	 Patience 7	 Loss:    34.3199	Accuracy: 80.7362	Precision: 74.2573	Recall: 88.0138	f1: 80.552	
2024-06-14 15:33:25,814:INFO: Epoch 37	----Valid---- Loss: 47.2596	Accuracy: 61.2971	Precision: 55.7185	Recall: 66.5111	F1: 60.6383
2024-06-14 15:33:31,572:INFO: Epoch 37	----Test---- Loss: 47.0421	Accuracy: 59.3111	Precision: 55.3537	Recall: 66.7051	F1: 60.5016
2024-06-14 15:35:09,994:INFO: ----------------------------------------------------------------------------------------------------
2024-06-14 15:35:09,994:INFO: Epoch 38	---Train--- Average Loss:    34.7407	 Patience 8	 Loss:    34.8514	Accuracy: 80.0391	Precision: 73.6344	Recall: 87.1802	f1: 79.837	
2024-06-14 15:35:15,780:INFO: Epoch 38	----Valid---- Loss: 47.2515	Accuracy: 61.6632	Precision: 56.0078	Recall: 67.4446	F1: 61.1964
2024-06-14 15:35:21,520:INFO: Epoch 38	----Test---- Loss: 46.9523	Accuracy: 59.8493	Precision: 56.0952	Recall: 67.3913	F1: 61.2266
2024-06-14 15:37:00,421:INFO: ----------------------------------------------------------------------------------------------------
2024-06-14 15:37:00,422:INFO: Epoch 39	---Train--- Average Loss:    34.3792	 Patience 9	 Loss:    33.7952	Accuracy: 82.1498	Precision: 78.0452	Recall: 84.3490	f1: 81.075	
2024-06-14 15:37:06,206:INFO: Epoch 39	----Valid---- Loss: 47.4262	Accuracy: 61.6632	Precision: 56.9507	Recall: 59.2765	F1: 58.0903
2024-06-14 15:37:11,982:INFO: Epoch 39	----Test---- Loss: 46.9891	Accuracy: 59.5802	Precision: 56.8649	Recall: 59.9089	F1: 58.3472
2024-06-14 15:38:51,152:INFO: ----------------------------------------------------------------------------------------------------
2024-06-14 15:38:51,153:INFO: Epoch 40	---Train--- Average Loss:    34.0826	 Patience 10	 Loss:    33.6326	Accuracy: 82.1564	Precision: 76.5246	Recall: 87.4677	f1: 81.631	
2024-06-14 15:38:56,938:INFO: Epoch 40	----Valid---- Loss: 47.3644	Accuracy: 61.1402	Precision: 55.8642	Recall: 63.3606	F1: 59.3767
2024-06-14 15:39:02,707:INFO: Epoch 40	----Test---- Loss: 46.6576	Accuracy: 60.4952	Precision: 56.6567	Recall: 65.2826	F1: 60.6645
2024-06-14 15:40:41,675:INFO: ----------------------------------------------------------------------------------------------------
2024-06-14 15:40:41,675:INFO: Epoch 41	---Train--- Average Loss:    34.2459	 Patience 11	 Loss:    33.4563	Accuracy: 82.4495	Precision: 76.7907	Recall: 87.8270	f1: 81.939	
2024-06-14 15:40:47,465:INFO: Epoch 41	----Valid---- Loss: 47.1435	Accuracy: 61.5586	Precision: 56.2500	Recall: 64.0607	F1: 59.9018
2024-06-14 15:40:53,220:INFO: Epoch 41	----Test---- Loss: 46.4684	Accuracy: 61.5716	Precision: 57.8431	Recall: 67.5057	F1: 62.3020
2024-06-14 15:42:32,405:INFO: ----------------------------------------------------------------------------------------------------
2024-06-14 15:42:32,405:INFO: Epoch 42	---Train--- Average Loss:    33.9976	 Patience 12	 Loss:    34.9349	Accuracy: 81.4397	Precision: 85.7740	Recall: 70.7962	f1: 77.569	
2024-06-14 15:42:38,216:INFO: Epoch 42	----Valid---- Loss: 48.2944	Accuracy: 61.5063	Precision: 59.9018	Recall: 42.7071	F1: 49.8638
2024-06-14 15:42:43,969:INFO: Epoch 42	----Test---- Loss: 48.7893	Accuracy: 58.6114	Precision: 57.7223	Recall: 42.6267	F1: 49.0391
2024-06-14 15:44:23,097:INFO: ----------------------------------------------------------------------------------------------------
2024-06-14 15:44:23,098:INFO: Epoch 43	---Train--- Average Loss:    34.0576	 Patience 13	 Loss:    33.5693	Accuracy: 83.0358	Precision: 84.6435	Recall: 76.4444	f1: 80.335	
2024-06-14 15:44:28,906:INFO: Epoch 43	----Valid---- Loss: 47.3135	Accuracy: 62.3954	Precision: 60.0291	Recall: 48.1914	F1: 53.4628
2024-06-14 15:44:34,653:INFO: Epoch 43	----Test---- Loss: 47.4963	Accuracy: 60.6566	Precision: 59.6615	Recall: 48.7327	F1: 53.6462
2024-06-14 15:46:13,004:INFO: ----------------------------------------------------------------------------------------------------
2024-06-14 15:46:13,004:INFO: Epoch 44	---Train--- Average Loss:    33.8590	 Patience 14	 Loss:    34.3807	Accuracy: 81.8436	Precision: 85.4255	Recall: 72.2765	f1: 78.303	
2024-06-14 15:46:18,799:INFO: Epoch 44	----Valid---- Loss: 48.0380	Accuracy: 62.0816	Precision: 60.4762	Recall: 44.4574	F1: 51.2441
2024-06-14 15:46:24,562:INFO: Epoch 44	----Test---- Loss: 48.3109	Accuracy: 59.5264	Precision: 58.9041	Recall: 44.5339	F1: 50.7208
2024-06-14 15:48:03,392:INFO: ----------------------------------------------------------------------------------------------------
2024-06-14 15:48:03,392:INFO: Epoch 45	---Train--- Average Loss:    33.5196	 Patience 15	 Loss:    33.1613	Accuracy: 83.4332	Precision: 82.7182	Recall: 80.2098	f1: 81.445	
2024-06-14 15:48:09,206:INFO: Epoch 45	----Valid---- Loss: 47.2165	Accuracy: 62.5000	Precision: 59.0674	Recall: 53.2089	F1: 55.9853
2024-06-14 15:48:14,931:INFO: Epoch 45	----Test---- Loss: 47.9414	Accuracy: 59.3649	Precision: 57.2152	Recall: 52.0138	F1: 54.4907
2024-06-14 15:49:53,964:INFO: ----------------------------------------------------------------------------------------------------
2024-06-14 15:49:53,964:INFO: Epoch 46	---Train--- Average Loss:    33.2739	 Patience 16	 Loss:    36.0906	Accuracy: 80.0456	Precision: 86.9054	Recall: 65.9097	f1: 74.965	
2024-06-14 15:49:59,749:INFO: Epoch 46	----Valid---- Loss: 47.5700	Accuracy: 63.5983	Precision: 64.4524	Recall: 41.8903	F1: 50.7779
2024-06-14 15:50:05,503:INFO: Epoch 46	----Test---- Loss: 48.9114	Accuracy: 59.4726	Precision: 60.4853	Recall: 39.9314	F1: 48.1048
2024-06-14 15:51:44,067:INFO: ----------------------------------------------------------------------------------------------------
2024-06-14 15:51:44,067:INFO: Epoch 47	---Train--- Average Loss:    33.3046	 Patience 17	 Loss:    35.0513	Accuracy: 81.3746	Precision: 86.5917	Recall: 69.7039	f1: 77.235	
2024-06-14 15:51:50,203:INFO: Epoch 47	----Valid---- Loss: 47.4181	Accuracy: 63.4414	Precision: 63.2107	Recall: 44.1074	F1: 51.9588
2024-06-14 15:51:55,950:INFO: Epoch 47	----Test---- Loss: 49.3575	Accuracy: 58.5038	Precision: 58.7379	Recall: 41.2969	F1: 48.4970
2024-06-14 15:53:35,673:INFO: ----------------------------------------------------------------------------------------------------
2024-06-14 15:53:35,673:INFO: Epoch 48	---Train--- Average Loss:    33.2037	 Patience 18	 Loss:    33.0263	Accuracy: 83.7590	Precision: 82.8938	Recall: 80.8566	f1: 81.862	
2024-06-14 15:53:41,567:INFO: Epoch 48	----Valid---- Loss: 47.6352	Accuracy: 61.7678	Precision: 58.1186	Recall: 52.6254	F1: 55.2358
2024-06-14 15:53:47,419:INFO: Epoch 48	----Test---- Loss: 48.2310	Accuracy: 58.9882	Precision: 56.3910	Recall: 52.0833	F1: 54.1516
2024-06-14 15:55:27,549:INFO: ----------------------------------------------------------------------------------------------------
2024-06-14 15:55:27,549:INFO: Epoch 49	---Train--- Average Loss:    32.9459	 Patience 19	 Loss:    32.7779	Accuracy: 84.1759	Precision: 84.9622	Recall: 79.0888	f1: 81.920	
2024-06-14 15:55:33,460:INFO: Epoch 49	----Valid---- Loss: 47.8069	Accuracy: 61.7678	Precision: 58.9235	Recall: 48.5414	F1: 53.2310
2024-06-14 15:55:39,316:INFO: Epoch 49	----Test---- Loss: 48.3025	Accuracy: 58.9882	Precision: 57.0259	Recall: 48.3237	F1: 52.3154
2024-06-14 15:57:19,583:INFO: ----------------------------------------------------------------------------------------------------
2024-06-14 15:57:19,584:INFO: Epoch 50	---Train--- Average Loss:    32.7799	 Patience 20	 Loss:    32.8282	Accuracy: 83.9023	Precision: 82.2759	Recall: 82.1932	f1: 82.235	
2024-06-14 15:57:25,474:INFO: Epoch 50	----Valid---- Loss: 47.3423	Accuracy: 61.9770	Precision: 58.1047	Recall: 54.3757	F1: 56.1784
2024-06-14 15:57:31,288:INFO: Epoch 50	----Test---- Loss: 48.1582	Accuracy: 59.0420	Precision: 56.7110	Recall: 53.7844	F1: 55.2089
2024-06-14 15:59:21,168:INFO: ----------------------------------------------------------------------------------------------------
2024-06-14 15:59:21,169:INFO: Epoch 51	---Train--- Average Loss:    32.5696	 Patience 21	 Loss:    32.3177	Accuracy: 84.8339	Precision: 83.9443	Recall: 82.2794	f1: 83.103	
2024-06-14 15:59:27,075:INFO: Epoch 51	----Valid---- Loss: 47.6458	Accuracy: 62.0293	Precision: 58.4516	Recall: 52.8588	F1: 55.5147
2024-06-14 15:59:32,930:INFO: Epoch 51	----Test---- Loss: 48.0008	Accuracy: 59.6340	Precision: 57.0361	Recall: 53.0707	F1: 54.9820
2024-06-14 16:01:13,358:INFO: ----------------------------------------------------------------------------------------------------
2024-06-14 16:01:13,359:INFO: Epoch 52	---Train--- Average Loss:    32.2899	 Patience 22	 Loss:    33.1452	Accuracy: 83.8893	Precision: 86.8408	Recall: 75.9701	f1: 81.043	
2024-06-14 16:01:19,248:INFO: Epoch 52	----Valid---- Loss: 48.5064	Accuracy: 61.4540	Precision: 59.4637	Recall: 43.9907	F1: 50.5701
2024-06-14 16:01:25,101:INFO: Epoch 52	----Test---- Loss: 48.1953	Accuracy: 60.1722	Precision: 59.1111	Recall: 46.2341	F1: 51.8856
2024-06-14 16:03:05,568:INFO: ----------------------------------------------------------------------------------------------------
2024-06-14 16:03:05,569:INFO: Epoch 53	---Train--- Average Loss:    32.1822	 Patience 23	 Loss:    32.7367	Accuracy: 84.2866	Precision: 85.6717	Recall: 78.4565	f1: 81.905	
2024-06-14 16:03:11,455:INFO: Epoch 53	----Valid---- Loss: 47.8540	Accuracy: 62.6046	Precision: 60.0852	Recall: 49.3582	F1: 54.1960
2024-06-14 16:03:17,301:INFO: Epoch 53	----Test---- Loss: 47.9746	Accuracy: 60.0646	Precision: 59.1922	Recall: 48.6270	F1: 53.3920
2024-06-14 16:04:57,592:INFO: ----------------------------------------------------------------------------------------------------
2024-06-14 16:04:57,593:INFO: Epoch 54	---Train--- Average Loss:    32.0165	 Patience 24	 Loss:    36.3570	Accuracy: 79.6221	Precision: 88.9544	Recall: 62.8485	f1: 73.657	
2024-06-14 16:05:03,483:INFO: Epoch 54	----Valid---- Loss: 48.9418	Accuracy: 62.0293	Precision: 63.8478	Recall: 35.2392	F1: 45.4135
2024-06-14 16:05:09,340:INFO: Epoch 54	----Test---- Loss: 49.1787	Accuracy: 59.7417	Precision: 62.2568	Recall: 36.6133	F1: 46.1095
2024-06-14 16:06:49,381:INFO: ----------------------------------------------------------------------------------------------------
2024-06-14 16:06:49,381:INFO: Epoch 55	---Train--- Average Loss:    32.1265	 Patience 25	 Loss:    33.1301	Accuracy: 84.0717	Precision: 87.8925	Recall: 75.2228	f1: 81.066	
2024-06-14 16:06:55,284:INFO: Epoch 55	----Valid---- Loss: 47.8399	Accuracy: 62.9707	Precision: 61.9200	Recall: 45.1575	F1: 52.2267
2024-06-14 16:07:01,158:INFO: Epoch 55	----Test---- Loss: 48.9133	Accuracy: 58.5038	Precision: 57.2308	Recall: 43.0058	F1: 49.1089
2024-06-14 16:08:41,412:INFO: ----------------------------------------------------------------------------------------------------
2024-06-14 16:08:41,412:INFO: Epoch 56	---Train--- Average Loss:    31.9011	 Patience 26	 Loss:    33.8124	Accuracy: 83.1010	Precision: 88.2673	Recall: 72.3340	f1: 79.510	
2024-06-14 16:08:47,300:INFO: Epoch 56	----Valid---- Loss: 47.6766	Accuracy: 63.3368	Precision: 63.3562	Recall: 43.1739	F1: 51.3532
2024-06-14 16:08:53,164:INFO: Epoch 56	----Test---- Loss: 48.8753	Accuracy: 59.5264	Precision: 59.3750	Recall: 41.6859	F1: 48.9824
2024-06-14 16:10:33,686:INFO: ----------------------------------------------------------------------------------------------------
2024-06-14 16:10:33,686:INFO: Epoch 57	---Train--- Average Loss:    31.9085	 Patience 27	 Loss:    31.6834	Accuracy: 85.8893	Precision: 86.5690	Recall: 81.5177	f1: 83.967	
2024-06-14 16:10:39,569:INFO: Epoch 57	----Valid---- Loss: 47.8073	Accuracy: 62.1339	Precision: 59.0723	Recall: 50.5251	F1: 54.4654
2024-06-14 16:10:45,417:INFO: Epoch 57	----Test---- Loss: 48.1780	Accuracy: 59.7417	Precision: 58.3673	Recall: 49.2537	F1: 53.4247
2024-06-14 16:12:26,042:INFO: ----------------------------------------------------------------------------------------------------
2024-06-14 16:12:26,042:INFO: Epoch 58	---Train--- Average Loss:    31.9972	 Patience 28	 Loss:    31.3975	Accuracy: 85.9805	Precision: 83.6272	Recall: 85.8867	f1: 84.742	
2024-06-14 16:12:31,934:INFO: Epoch 58	----Valid---- Loss: 48.3652	Accuracy: 61.0356	Precision: 56.7308	Recall: 55.0758	F1: 55.8911
2024-06-14 16:12:37,806:INFO: Epoch 58	----Test---- Loss: 47.2962	Accuracy: 60.6028	Precision: 58.3238	Recall: 57.9247	F1: 58.1236
2024-06-14 16:14:18,126:INFO: ----------------------------------------------------------------------------------------------------
2024-06-14 16:14:18,126:INFO: Epoch 59	---Train--- Average Loss:    31.7056	 Patience 29	 Loss:    31.9145	Accuracy: 85.5765	Precision: 87.0394	Recall: 80.1092	f1: 83.431	
2024-06-14 16:14:24,032:INFO: Epoch 59	----Valid---- Loss: 48.0490	Accuracy: 62.0816	Precision: 59.2179	Recall: 49.4749	F1: 53.9097
2024-06-14 16:14:29,882:INFO: Epoch 59	----Test---- Loss: 47.9126	Accuracy: 60.3875	Precision: 59.5628	Recall: 49.7717	F1: 54.2289
2024-06-14 16:16:10,170:INFO: ----------------------------------------------------------------------------------------------------
2024-06-14 16:16:10,170:INFO: Epoch 60	---Train--- Average Loss:    31.5285	 Patience 30	 Loss:    32.4575	Accuracy: 84.8860	Precision: 87.5973	Recall: 77.6516	f1: 82.325	
2024-06-14 16:16:16,064:INFO: Epoch 60	----Valid---- Loss: 47.6093	Accuracy: 62.7092	Precision: 60.6509	Recall: 47.8413	F1: 53.4899
2024-06-14 16:16:21,915:INFO: Epoch 60	----Test---- Loss: 47.7840	Accuracy: 60.7643	Precision: 59.7923	Recall: 46.8060	F1: 52.5081
2024-06-14 16:18:02,492:INFO: ----------------------------------------------------------------------------------------------------
2024-06-14 16:18:02,493:INFO: Epoch 61	---Train--- Average Loss:    31.2290	 Patience 31	 Loss:    33.0414	Accuracy: 83.8697	Precision: 85.7644	Recall: 77.2348	f1: 81.276	
2024-06-14 16:18:08,779:INFO: Epoch 61	----Valid---- Loss: 48.1293	Accuracy: 61.9770	Precision: 59.2330	Recall: 48.6581	F1: 53.4273
2024-06-14 16:18:14,666:INFO: Epoch 61	----Test---- Loss: 48.7862	Accuracy: 59.1496	Precision: 58.0552	Recall: 45.9770	F1: 51.3149
2024-06-14 16:19:55,088:INFO: ----------------------------------------------------------------------------------------------------
2024-06-14 16:19:55,089:INFO: Epoch 62	---Train--- Average Loss:    31.5713	 Patience 32	 Loss:    31.0503	Accuracy: 86.6906	Precision: 86.7065	Recall: 83.4291	f1: 85.036	
2024-06-14 16:20:01,017:INFO: Epoch 62	----Valid---- Loss: 47.9271	Accuracy: 62.0816	Precision: 58.5938	Recall: 52.5088	F1: 55.3846
2024-06-14 16:20:07,242:INFO: Epoch 62	----Test---- Loss: 47.4888	Accuracy: 61.0334	Precision: 59.2172	Recall: 53.9080	F1: 56.4380
2024-06-14 16:21:47,615:INFO: ----------------------------------------------------------------------------------------------------
2024-06-14 16:21:47,615:INFO: Epoch 63	---Train--- Average Loss:    30.9523	 Patience 33	 Loss:    33.9632	Accuracy: 82.8534	Precision: 89.1422	Recall: 70.7962	f1: 78.917	
2024-06-14 16:21:53,537:INFO: Epoch 63	----Valid---- Loss: 49.0181	Accuracy: 61.5063	Precision: 60.9403	Recall: 39.3232	F1: 47.8014
2024-06-14 16:21:59,589:INFO: Epoch 63	----Test---- Loss: 50.4472	Accuracy: 59.3750	Precision: 60.0000	Recall: 39.4209	F1: 47.5806
2024-06-14 16:23:40,758:INFO: ----------------------------------------------------------------------------------------------------
2024-06-14 16:23:40,758:INFO: Epoch 64	---Train--- Average Loss:    31.5448	 Patience 34	 Loss:    32.8815	Accuracy: 84.4560	Precision: 89.0502	Recall: 74.9210	f1: 81.377	
2024-06-14 16:23:46,680:INFO: Epoch 64	----Valid---- Loss: 48.3885	Accuracy: 61.8201	Precision: 60.7083	Recall: 42.0070	F1: 49.6552
2024-06-14 16:23:52,557:INFO: Epoch 64	----Test---- Loss: 48.5896	Accuracy: 59.7955	Precision: 60.0634	Recall: 43.3638	F1: 50.3654
2024-06-14 16:25:33,866:INFO: ----------------------------------------------------------------------------------------------------
2024-06-14 16:25:33,867:INFO: Epoch 65	---Train--- Average Loss:    30.9395	 Patience 35	 Loss:    30.6598	Accuracy: 87.1857	Precision: 86.1196	Recall: 85.5131	f1: 85.815	
2024-06-14 16:25:39,809:INFO: Epoch 65	----Valid---- Loss: 48.1425	Accuracy: 61.1925	Precision: 57.1606	Recall: 53.5589	F1: 55.3012
2024-06-14 16:25:45,689:INFO: Epoch 65	----Test---- Loss: 47.8285	Accuracy: 60.0108	Precision: 57.7778	Recall: 53.8550	F1: 55.7475
2024-06-14 16:27:26,789:INFO: ----------------------------------------------------------------------------------------------------
2024-06-14 16:27:26,789:INFO: Epoch 66	---Train--- Average Loss:    30.7324	 Patience 36	 Loss:    30.8082	Accuracy: 87.0945	Precision: 87.1806	Recall: 83.8603	f1: 85.488	
2024-06-14 16:27:32,678:INFO: Epoch 66	----Valid---- Loss: 47.5229	Accuracy: 62.4477	Precision: 59.2053	Recall: 52.1587	F1: 55.4591
2024-06-14 16:27:38,540:INFO: Epoch 66	----Test---- Loss: 47.9198	Accuracy: 60.1722	Precision: 58.4197	Recall: 51.8391	F1: 54.9330
2024-06-14 16:29:19,082:INFO: ----------------------------------------------------------------------------------------------------
2024-06-14 16:29:19,082:INFO: Epoch 67	---Train--- Average Loss:    30.7234	 Patience 37	 Loss:    32.9665	Accuracy: 84.2020	Precision: 88.2016	Recall: 75.2084	f1: 81.188	
2024-06-14 16:29:24,911:INFO: Epoch 67	----Valid---- Loss: 47.4262	Accuracy: 62.9184	Precision: 61.6352	Recall: 45.7410	F1: 52.5117
2024-06-14 16:29:30,704:INFO: Epoch 67	----Test---- Loss: 48.5878	Accuracy: 59.6340	Precision: 59.4637	Recall: 43.3333	F1: 50.1330
2024-06-14 16:31:10,154:INFO: ----------------------------------------------------------------------------------------------------
2024-06-14 16:31:10,155:INFO: Epoch 68	---Train--- Average Loss:    30.6290	 Patience 38	 Loss:    32.6995	Accuracy: 84.7427	Precision: 89.2384	Recall: 75.4383	f1: 81.760	
2024-06-14 16:31:15,973:INFO: Epoch 68	----Valid---- Loss: 47.6160	Accuracy: 63.3891	Precision: 62.7642	Recall: 45.0408	F1: 52.4457
2024-06-14 16:31:21,775:INFO: Epoch 68	----Test---- Loss: 48.7980	Accuracy: 59.9031	Precision: 59.7774	Recall: 43.3180	F1: 50.2338
2024-06-14 16:33:02,663:INFO: ----------------------------------------------------------------------------------------------------
2024-06-14 16:33:02,663:INFO: Epoch 69	---Train--- Average Loss:    30.5062	 Patience 39	 Loss:    32.4279	Accuracy: 84.9967	Precision: 88.4520	Recall: 76.9474	f1: 82.300	
2024-06-14 16:33:08,565:INFO: Epoch 69	----Valid---- Loss: 47.7000	Accuracy: 63.2322	Precision: 61.8827	Recall: 46.7911	F1: 53.2890
2024-06-14 16:33:14,436:INFO: Epoch 69	----Test---- Loss: 48.3277	Accuracy: 60.7104	Precision: 60.8108	Recall: 46.3387	F1: 52.5974
2024-06-14 16:34:54,890:INFO: ----------------------------------------------------------------------------------------------------
2024-06-14 16:34:54,891:INFO: Epoch 70	---Train--- Average Loss:    30.5545	 Patience 40	 Loss:    31.5903	Accuracy: 86.0521	Precision: 88.2241	Recall: 79.8936	f1: 83.852	
2024-06-14 16:35:00,836:INFO: Epoch 70	----Valid---- Loss: 47.9387	Accuracy: 62.7092	Precision: 60.4348	Recall: 48.6581	F1: 53.9108
2024-06-14 16:35:06,734:INFO: Epoch 70	----Test---- Loss: 48.6761	Accuracy: 59.5802	Precision: 59.0585	Recall: 47.1526	F1: 52.4383
2024-06-14 16:36:47,754:INFO: ----------------------------------------------------------------------------------------------------
2024-06-14 16:36:47,754:INFO: Epoch 71	---Train--- Average Loss:    30.4862	 Patience 41	 Loss:    30.0736	Accuracy: 87.7068	Precision: 84.3517	Recall: 89.4797	f1: 86.840	
2024-06-14 16:36:53,698:INFO: Epoch 71	----Valid---- Loss: 47.4764	Accuracy: 62.0816	Precision: 57.3991	Recall: 59.7433	F1: 58.5477
2024-06-14 16:36:59,590:INFO: Epoch 71	----Test---- Loss: 46.8577	Accuracy: 61.3025	Precision: 58.2222	Recall: 60.4383	F1: 59.3096
2024-06-14 16:38:40,756:INFO: ----------------------------------------------------------------------------------------------------
2024-06-14 16:38:40,756:INFO: Epoch 72	---Train--- Average Loss:    30.4722	 Patience 42	 Loss:    29.9006	Accuracy: 88.1368	Precision: 85.4325	Recall: 89.0055	f1: 87.182	
2024-06-14 16:38:46,686:INFO: Epoch 72	----Valid---- Loss: 47.8148	Accuracy: 62.0816	Precision: 57.6212	Recall: 58.2264	F1: 57.9222
2024-06-14 16:38:52,581:INFO: Epoch 72	----Test---- Loss: 47.3925	Accuracy: 60.6028	Precision: 58.0866	Recall: 58.3524	F1: 58.2192
2024-06-14 16:40:33,815:INFO: ----------------------------------------------------------------------------------------------------
2024-06-14 16:40:33,815:INFO: Epoch 73	---Train--- Average Loss:    30.2234	 Patience 43	 Loss:    30.4884	Accuracy: 87.2899	Precision: 85.1467	Recall: 87.1659	f1: 86.144	
2024-06-14 16:40:39,742:INFO: Epoch 73	----Valid---- Loss: 47.9496	Accuracy: 61.4540	Precision: 57.0258	Recall: 56.8261	F1: 56.9258
2024-06-14 16:40:45,610:INFO: Epoch 73	----Test---- Loss: 47.2493	Accuracy: 61.0872	Precision: 58.3815	Recall: 58.1797	F1: 58.2804
2024-06-14 16:42:26,564:INFO: ----------------------------------------------------------------------------------------------------
2024-06-14 16:42:26,564:INFO: Epoch 74	---Train--- Average Loss:    30.1254	 Patience 44	 Loss:    31.3471	Accuracy: 86.3844	Precision: 88.3912	Recall: 80.5404	f1: 84.283	
2024-06-14 16:42:32,486:INFO: Epoch 74	----Valid---- Loss: 47.7012	Accuracy: 62.3954	Precision: 59.8571	Recall: 48.8915	F1: 53.8215
2024-06-14 16:42:38,353:INFO: Epoch 74	----Test---- Loss: 48.4934	Accuracy: 59.8493	Precision: 58.6895	Recall: 47.4654	F1: 52.4841
2024-06-14 16:44:19,175:INFO: ----------------------------------------------------------------------------------------------------
2024-06-14 16:44:19,176:INFO: Epoch 75	---Train--- Average Loss:    30.0320	 Patience 45	 Loss:    30.9866	Accuracy: 86.9902	Precision: 89.6183	Recall: 80.6410	f1: 84.893	
2024-06-14 16:44:25,113:INFO: Epoch 75	----Valid---- Loss: 48.4810	Accuracy: 61.5586	Precision: 59.0237	Recall: 46.5578	F1: 52.0548
2024-06-14 16:44:31,018:INFO: Epoch 75	----Test---- Loss: 47.8272	Accuracy: 60.4413	Precision: 59.7668	Recall: 47.1807	F1: 52.7331
2024-06-14 16:46:11,614:INFO: ----------------------------------------------------------------------------------------------------
2024-06-14 16:46:11,614:INFO: Epoch 76	---Train--- Average Loss:    29.5441	 Patience 46	 Loss:    30.1138	Accuracy: 88.0847	Precision: 87.3453	Recall: 86.2029	f1: 86.770	
2024-06-14 16:46:17,525:INFO: Epoch 76	----Valid---- Loss: 47.9312	Accuracy: 61.6109	Precision: 57.7554	Recall: 53.4422	F1: 55.5152
2024-06-14 16:46:23,725:INFO: Epoch 76	----Test---- Loss: 47.6006	Accuracy: 60.6566	Precision: 58.4767	Recall: 54.7756	F1: 56.5657
2024-06-14 16:48:04,019:INFO: ----------------------------------------------------------------------------------------------------
2024-06-14 16:48:04,020:INFO: Epoch 77	---Train--- Average Loss:    29.8770	 Patience 47	 Loss:    31.5024	Accuracy: 86.2085	Precision: 89.6478	Recall: 78.6577	f1: 83.794	
2024-06-14 16:48:09,940:INFO: Epoch 77	----Valid---- Loss: 48.4683	Accuracy: 61.9247	Precision: 60.2219	Recall: 44.3407	F1: 51.0753
2024-06-14 16:48:15,809:INFO: Epoch 77	----Test---- Loss: 48.6354	Accuracy: 59.4726	Precision: 59.1806	Recall: 44.6224	F1: 50.8806
2024-06-14 16:49:56,909:INFO: ----------------------------------------------------------------------------------------------------
2024-06-14 16:49:56,909:INFO: Epoch 78	---Train--- Average Loss:    29.8110	 Patience 48	 Loss:    31.4819	Accuracy: 86.5212	Precision: 90.0935	Recall: 78.9451	f1: 84.152	
2024-06-14 16:50:02,838:INFO: Epoch 78	----Valid---- Loss: 48.4151	Accuracy: 61.9247	Precision: 60.4200	Recall: 43.6406	F1: 50.6775
2024-06-14 16:50:08,728:INFO: Epoch 78	----Test---- Loss: 49.2902	Accuracy: 58.9882	Precision: 59.2126	Recall: 42.7759	F1: 49.6697
2024-06-14 16:51:50,103:INFO: ----------------------------------------------------------------------------------------------------
2024-06-14 16:51:50,103:INFO: Epoch 79	---Train--- Average Loss:    29.5861	 Patience 49	 Loss:    29.8389	Accuracy: 88.2345	Precision: 86.2103	Recall: 88.1431	f1: 87.166	
2024-06-14 16:51:56,064:INFO: Epoch 79	----Valid---- Loss: 47.9446	Accuracy: 61.1925	Precision: 56.8862	Recall: 55.4259	F1: 56.1466
2024-06-14 16:52:01,977:INFO: Epoch 79	----Test---- Loss: 47.8836	Accuracy: 59.9031	Precision: 57.0749	Recall: 55.5556	F1: 56.3050
2024-06-14 16:53:42,493:INFO: ----------------------------------------------------------------------------------------------------
2024-06-14 16:53:42,493:INFO: Epoch 80	---Train--- Average Loss:    29.7227	 Patience 50	 Loss:    29.8210	Accuracy: 88.5537	Precision: 88.0357	Recall: 86.5047	f1: 87.264	
2024-06-14 16:53:48,314:INFO: Epoch 80	----Valid---- Loss: 47.4445	Accuracy: 62.9184	Precision: 59.7884	Recall: 52.7421	F1: 56.0446
2024-06-14 16:53:54,097:INFO: Epoch 80	----Test---- Loss: 47.5266	Accuracy: 60.7104	Precision: 58.7097	Recall: 52.6012	F1: 55.4878
2024-06-14 16:55:33,315:INFO: ----------------------------------------------------------------------------------------------------
2024-06-14 16:55:33,315:INFO: Epoch 81	---Train--- Average Loss:    29.3813	 Patience 51	 Loss:    30.3517	Accuracy: 87.8436	Precision: 88.6695	Recall: 83.9034	f1: 86.221	
2024-06-14 16:55:39,146:INFO: Epoch 81	----Valid---- Loss: 47.8243	Accuracy: 62.5000	Precision: 59.4340	Recall: 51.4586	F1: 55.1595
2024-06-14 16:55:44,905:INFO: Epoch 81	----Test---- Loss: 48.2747	Accuracy: 59.8493	Precision: 58.4000	Recall: 50.2294	F1: 54.0074
2024-06-14 16:57:23,936:INFO: ----------------------------------------------------------------------------------------------------
2024-06-14 16:57:23,936:INFO: Epoch 82	---Train--- Average Loss:    29.6235	 Patience 52	 Loss:    29.5935	Accuracy: 88.6450	Precision: 86.4838	Recall: 88.8330	f1: 87.643	
2024-06-14 16:57:29,772:INFO: Epoch 82	----Valid---- Loss: 48.1913	Accuracy: 60.9833	Precision: 56.5217	Recall: 56.1260	F1: 56.3232
2024-06-14 16:57:35,568:INFO: Epoch 82	----Test---- Loss: 47.3145	Accuracy: 60.8719	Precision: 57.8522	Recall: 58.0533	F1: 57.9526
2024-06-14 16:59:14,383:INFO: ----------------------------------------------------------------------------------------------------
2024-06-14 16:59:14,383:INFO: Epoch 83	---Train--- Average Loss:    29.4198	 Patience 53	 Loss:    29.8938	Accuracy: 88.4691	Precision: 87.7584	Recall: 86.6485	f1: 87.200	
2024-06-14 16:59:20,155:INFO: Epoch 83	----Valid---- Loss: 47.9366	Accuracy: 61.9770	Precision: 58.2278	Recall: 53.6756	F1: 55.8591
2024-06-14 16:59:25,872:INFO: Epoch 83	----Test---- Loss: 47.7976	Accuracy: 60.2260	Precision: 57.5061	Recall: 55.0406	F1: 56.2463
2024-06-14 17:01:04,407:INFO: ----------------------------------------------------------------------------------------------------
2024-06-14 17:01:04,408:INFO: Epoch 84	---Train--- Average Loss:    29.6708	 Patience 54	 Loss:    29.5585	Accuracy: 88.6971	Precision: 86.0356	Recall: 89.6091	f1: 87.786	
2024-06-14 17:01:10,176:INFO: Epoch 84	----Valid---- Loss: 47.8970	Accuracy: 61.2448	Precision: 56.5760	Recall: 58.2264	F1: 57.3893
2024-06-14 17:01:15,894:INFO: Epoch 84	----Test---- Loss: 47.5107	Accuracy: 60.1722	Precision: 57.6659	Recall: 57.6659	F1: 57.6659
2024-06-14 17:02:54,192:INFO: ----------------------------------------------------------------------------------------------------
2024-06-14 17:02:54,192:INFO: Epoch 85	---Train--- Average Loss:    29.4473	 Patience 55	 Loss:    29.7364	Accuracy: 88.5863	Precision: 87.2283	Recall: 87.6545	f1: 87.441	
2024-06-14 17:02:59,969:INFO: Epoch 85	----Valid---- Loss: 47.9502	Accuracy: 61.6632	Precision: 57.5426	Recall: 55.1925	F1: 56.3431
2024-06-14 17:03:05,709:INFO: Epoch 85	----Test---- Loss: 48.1574	Accuracy: 59.7417	Precision: 57.6271	Recall: 54.4622	F1: 56.0000
2024-06-14 17:04:44,699:INFO: ----------------------------------------------------------------------------------------------------
2024-06-14 17:04:44,700:INFO: Epoch 86	---Train--- Average Loss:    29.2246	 Patience 56	 Loss:    29.3854	Accuracy: 89.0619	Precision: 88.4599	Recall: 87.2521	f1: 87.852	
2024-06-14 17:04:50,462:INFO: Epoch 86	----Valid---- Loss: 48.4916	Accuracy: 61.3494	Precision: 57.7225	Recall: 51.4586	F1: 54.4109
2024-06-14 17:04:56,177:INFO: Epoch 86	----Test---- Loss: 47.8080	Accuracy: 60.2799	Precision: 58.0892	Recall: 52.7168	F1: 55.2727
2024-06-14 17:06:35,211:INFO: ----------------------------------------------------------------------------------------------------
2024-06-14 17:06:35,211:INFO: Epoch 87	---Train--- Average Loss:    29.1223	 Patience 57	 Loss:    29.2554	Accuracy: 89.3941	Precision: 88.7242	Recall: 87.7551	f1: 88.237	
2024-06-14 17:06:40,987:INFO: Epoch 87	----Valid---- Loss: 47.9080	Accuracy: 62.2908	Precision: 58.8773	Recall: 52.6254	F1: 55.5761
2024-06-14 17:06:46,700:INFO: Epoch 87	----Test---- Loss: 47.6894	Accuracy: 60.5490	Precision: 58.3438	Recall: 53.6952	F1: 55.9230
2024-06-14 17:08:25,539:INFO: ----------------------------------------------------------------------------------------------------
2024-06-14 17:08:25,539:INFO: Epoch 88	---Train--- Average Loss:    29.3802	 Patience 58	 Loss:    29.5542	Accuracy: 88.7687	Precision: 87.6547	Recall: 87.5539	f1: 87.604	
2024-06-14 17:08:31,329:INFO: Epoch 88	----Valid---- Loss: 48.3673	Accuracy: 61.5063	Precision: 57.4416	Recall: 54.4924	F1: 55.9281
2024-06-14 17:08:37,078:INFO: Epoch 88	----Test---- Loss: 48.5075	Accuracy: 59.1496	Precision: 56.8627	Recall: 53.2721	F1: 55.0089
2024-06-14 17:10:15,884:INFO: ----------------------------------------------------------------------------------------------------
2024-06-14 17:10:15,884:INFO: Epoch 89	---Train--- Average Loss:    28.9935	 Patience 59	 Loss:    29.7095	Accuracy: 88.6124	Precision: 88.8806	Recall: 85.5849	f1: 87.202	
2024-06-14 17:10:21,672:INFO: Epoch 89	----Valid---- Loss: 48.3367	Accuracy: 61.4017	Precision: 57.8393	Recall: 51.2252	F1: 54.3317
2024-06-14 17:10:27,418:INFO: Epoch 89	----Test---- Loss: 47.8442	Accuracy: 60.5490	Precision: 59.5491	Recall: 51.1973	F1: 55.0582
2024-06-14 17:12:05,599:INFO: ----------------------------------------------------------------------------------------------------
2024-06-14 17:12:05,599:INFO: Epoch 90	---Train--- Average Loss:    29.0811	 Patience 60	 Loss:    30.3634	Accuracy: 87.9544	Precision: 90.2727	Recall: 82.2938	f1: 86.099	
2024-06-14 17:12:11,360:INFO: Epoch 90	----Valid---- Loss: 49.0106	Accuracy: 61.1925	Precision: 58.6727	Recall: 45.3909	F1: 51.1842
2024-06-14 17:12:17,426:INFO: Epoch 90	----Test---- Loss: 48.8154	Accuracy: 59.6340	Precision: 59.1837	Recall: 46.3470	F1: 51.9846
2024-06-14 17:13:55,348:INFO: ----------------------------------------------------------------------------------------------------
2024-06-14 17:13:55,348:INFO: Epoch 91	---Train--- Average Loss:    28.9427	 Patience 61	 Loss:    29.6628	Accuracy: 88.8143	Precision: 89.6025	Recall: 85.2113	f1: 87.352	
2024-06-14 17:14:01,133:INFO: Epoch 91	----Valid---- Loss: 48.6397	Accuracy: 61.2448	Precision: 57.9670	Recall: 49.2415	F1: 53.2492
2024-06-14 17:14:06,901:INFO: Epoch 91	----Test---- Loss: 47.8738	Accuracy: 60.3337	Precision: 58.3784	Recall: 50.1742	F1: 53.9663
2024-06-14 17:15:44,983:INFO: ----------------------------------------------------------------------------------------------------
2024-06-14 17:15:44,983:INFO: Epoch 92	---Train--- Average Loss:    28.9475	 Patience 62	 Loss:    28.9795	Accuracy: 89.6352	Precision: 87.8972	Recall: 89.4510	f1: 88.667	
2024-06-14 17:15:50,763:INFO: Epoch 92	----Valid---- Loss: 48.4971	Accuracy: 61.0356	Precision: 56.7797	Recall: 54.7258	F1: 55.7338
2024-06-14 17:15:56,492:INFO: Epoch 92	----Test---- Loss: 47.7574	Accuracy: 60.3875	Precision: 58.1114	Recall: 55.1724	F1: 56.6038
2024-06-14 17:17:34,938:INFO: ----------------------------------------------------------------------------------------------------
2024-06-14 17:17:34,939:INFO: Epoch 93	---Train--- Average Loss:    28.9401	 Patience 63	 Loss:    29.9096	Accuracy: 88.4235	Precision: 89.1019	Recall: 84.8376	f1: 86.917	
2024-06-14 17:17:40,708:INFO: Epoch 93	----Valid---- Loss: 48.0252	Accuracy: 62.5000	Precision: 59.4595	Recall: 51.3419	F1: 55.1033
2024-06-14 17:17:46,423:INFO: Epoch 93	----Test---- Loss: 48.8413	Accuracy: 58.6652	Precision: 56.7460	Recall: 49.3103	F1: 52.7675
2024-06-14 17:19:24,437:INFO: ----------------------------------------------------------------------------------------------------
2024-06-14 17:19:24,437:INFO: Epoch 94	---Train--- Average Loss:    28.7475	 Patience 64	 Loss:    29.0650	Accuracy: 89.4137	Precision: 87.2572	Recall: 89.7528	f1: 88.487	
2024-06-14 17:19:30,221:INFO: Epoch 94	----Valid---- Loss: 48.1694	Accuracy: 61.4017	Precision: 57.1947	Recall: 55.1925	F1: 56.1758
2024-06-14 17:19:36,119:INFO: Epoch 94	----Test---- Loss: 49.5177	Accuracy: 59.7917	Precision: 57.2082	Recall: 55.6793	F1: 56.4334
2024-06-14 17:21:16,444:INFO: ----------------------------------------------------------------------------------------------------
2024-06-14 17:21:16,444:INFO: Epoch 95	---Train--- Average Loss:    28.6181	 Patience 65	 Loss:    30.1939	Accuracy: 88.2671	Precision: 90.9481	Recall: 82.3081	f1: 86.413	
2024-06-14 17:21:22,324:INFO: Epoch 95	----Valid---- Loss: 48.5148	Accuracy: 61.5586	Precision: 59.0504	Recall: 46.4411	F1: 51.9922
2024-06-14 17:21:28,162:INFO: Epoch 95	----Test---- Loss: 48.6856	Accuracy: 59.8493	Precision: 59.4675	Recall: 45.9954	F1: 51.8710
2024-06-14 17:23:10,733:INFO: ----------------------------------------------------------------------------------------------------
2024-06-14 17:23:10,733:INFO: Epoch 96	---Train--- Average Loss:    28.8260	 Patience 66	 Loss:    30.5719	Accuracy: 87.7524	Precision: 90.2760	Recall: 81.7907	f1: 85.824	
2024-06-14 17:23:16,707:INFO: Epoch 96	----Valid---- Loss: 47.9802	Accuracy: 62.2908	Precision: 60.2719	Recall: 46.5578	F1: 52.5346
2024-06-14 17:23:22,547:INFO: Epoch 96	----Test---- Loss: 48.4532	Accuracy: 60.3875	Precision: 59.7651	Recall: 46.8354	F1: 52.5161
2024-06-14 17:25:01,372:INFO: ----------------------------------------------------------------------------------------------------
2024-06-14 17:25:01,373:INFO: Epoch 97	---Train--- Average Loss:    28.6027	 Patience 67	 Loss:    28.9324	Accuracy: 89.4919	Precision: 86.4448	Recall: 91.1038	f1: 88.713	
2024-06-14 17:25:07,189:INFO: Epoch 97	----Valid---- Loss: 47.7695	Accuracy: 62.3431	Precision: 57.7053	Recall: 59.8600	F1: 58.7629
2024-06-14 17:25:12,968:INFO: Epoch 97	----Test---- Loss: 47.6636	Accuracy: 60.2260	Precision: 57.2697	Recall: 59.3103	F1: 58.2722
2024-06-14 17:26:52,067:INFO: ----------------------------------------------------------------------------------------------------
2024-06-14 17:26:52,067:INFO: Epoch 98	---Train--- Average Loss:    28.6074	 Patience 68	 Loss:    29.0363	Accuracy: 89.6287	Precision: 89.7128	Recall: 87.1084	f1: 88.391	
2024-06-14 17:26:58,179:INFO: Epoch 98	----Valid---- Loss: 47.7911	Accuracy: 62.3954	Precision: 59.1755	Recall: 51.9253	F1: 55.3139
2024-06-14 17:27:04,057:INFO: Epoch 98	----Test---- Loss: 47.9774	Accuracy: 60.2799	Precision: 58.5714	Recall: 51.8391	F1: 55.0000
2024-06-14 17:28:44,787:INFO: ----------------------------------------------------------------------------------------------------
2024-06-14 17:28:44,788:INFO: Epoch 99	---Train--- Average Loss:    28.6202	 Patience 69	 Loss:    30.3008	Accuracy: 88.0977	Precision: 90.6512	Recall: 82.2219	f1: 86.231	
2024-06-14 17:28:50,750:INFO: Epoch 99	----Valid---- Loss: 47.7914	Accuracy: 62.7615	Precision: 60.8371	Recall: 47.4912	F1: 53.3421
2024-06-14 17:28:56,683:INFO: Epoch 99	----Test---- Loss: 48.5657	Accuracy: 60.0646	Precision: 59.2105	Recall: 46.6590	F1: 52.1907
2024-06-14 17:30:38,359:INFO: ----------------------------------------------------------------------------------------------------
2024-06-14 17:30:38,359:INFO: Epoch 100	---Train--- Average Loss:    28.5696	 Patience 70	 Loss:    29.9426	Accuracy: 88.5537	Precision: 90.6265	Recall: 83.3717	f1: 86.848	
2024-06-14 17:30:44,316:INFO: Epoch 100	----Valid---- Loss: 47.9899	Accuracy: 62.3954	Precision: 60.2071	Recall: 47.4912	F1: 53.0985
2024-06-14 17:30:50,271:INFO: Epoch 100	----Test---- Loss: 48.1197	Accuracy: 60.6028	Precision: 60.0567	Recall: 48.5126	F1: 53.6709
2024-06-14 17:30:50,271:INFO: Finish training!
2024-06-14 17:30:50,288:INFO: ####################################################################################################
2024-06-14 17:30:50,288:INFO: Test result
2024-06-14 17:30:56,426:INFO: models/FFmpeg/DevignModel	----Test---- Loss: 46.4451	Accuracy: 59.2612	Precision: 54.7677	Recall: 74.6667	F1: 63.1876
