2024-07-14 17:37:05,028:INFO: Check up feature_size: 100
2024-07-14 17:37:05,028:INFO: ####################################################################################################
2024-07-14 17:37:13,819:INFO: Reading already processed data from ../data_processing/outputs/devign_cpg_c0/devign.bin!
2024-07-14 17:37:13,819:INFO: train_dataset: 14209; valid_dataset: 1753; test_dataset: 1771
2024-07-14 17:37:13,819:INFO: train_batch: 223, valid_batch: 28, test_batch: 28
2024-07-14 17:37:13,820:INFO: ####################################################################################################
2024-07-14 17:37:13,820:INFO: Check up model_type: devign
2024-07-14 17:37:13,907:INFO: Total Parameters : 1158267
2024-07-14 17:37:13,907:INFO: ####################################################################################################
2024-07-14 17:37:15,051:INFO: Start training!
2024-07-14 17:38:12,265:INFO: ----------------------------------------------------------------------------------------------------
2024-07-14 17:38:12,265:INFO: Epoch 1	---Train--- Average Loss:    48.3040	 Patience 0	 Loss:    47.4553	Accuracy: 56.7457	Precision: 52.1194	Recall: 48.0613	f1: 50.008	
2024-07-14 17:38:14,955:INFO: Epoch 1	----Valid---- Loss: 46.8471	Accuracy: 56.8169	Precision: 52.2327	Recall: 48.8608	F1: 50.4905
2024-07-14 17:38:17,641:INFO: Epoch 1	----Test---- Loss: 47.2521	Accuracy: 57.2558	Precision: 53.9440	Recall: 51.7705	F1: 52.8349
2024-07-14 17:39:05,402:INFO: ----------------------------------------------------------------------------------------------------
2024-07-14 17:39:05,402:INFO: Epoch 2	---Train--- Average Loss:    47.4188	 Patience 0	 Loss:    46.7212	Accuracy: 60.1450	Precision: 56.1483	Recall: 52.3296	f1: 54.172	
2024-07-14 17:39:08,040:INFO: Epoch 2	----Valid---- Loss: 46.3563	Accuracy: 58.6423	Precision: 54.3391	Recall: 51.5190	F1: 52.8915
2024-07-14 17:39:10,734:INFO: Epoch 2	----Test---- Loss: 47.0846	Accuracy: 56.9170	Precision: 53.7333	Recall: 49.2063	F1: 51.3703
2024-07-14 17:39:59,064:INFO: ----------------------------------------------------------------------------------------------------
2024-07-14 17:39:59,064:INFO: Epoch 3	---Train--- Average Loss:    46.6093	 Patience 0	 Loss:    45.8529	Accuracy: 60.8699	Precision: 55.2486	Recall: 68.7930	f1: 61.281	
2024-07-14 17:40:01,737:INFO: Epoch 3	----Valid---- Loss: 45.9888	Accuracy: 58.4712	Precision: 53.1959	Recall: 65.3165	F1: 58.6364
2024-07-14 17:40:04,464:INFO: Epoch 3	----Test---- Loss: 46.7287	Accuracy: 56.8605	Precision: 52.7309	Recall: 64.8352	F1: 58.1599
2024-07-14 17:40:52,871:INFO: ----------------------------------------------------------------------------------------------------
2024-07-14 17:40:52,872:INFO: Epoch 4	---Train--- Average Loss:    45.7988	 Patience 0	 Loss:    44.9593	Accuracy: 62.6856	Precision: 56.6561	Recall: 72.7955	f1: 63.720	
2024-07-14 17:40:55,542:INFO: Epoch 4	----Valid---- Loss: 45.6287	Accuracy: 59.4410	Precision: 53.9382	Recall: 68.4810	F1: 60.3458
2024-07-14 17:40:58,255:INFO: Epoch 4	----Test---- Loss: 46.4249	Accuracy: 57.9898	Precision: 53.6162	Recall: 67.8877	F1: 59.9138
2024-07-14 17:41:46,463:INFO: ----------------------------------------------------------------------------------------------------
2024-07-14 17:41:46,463:INFO: Epoch 5	---Train--- Average Loss:    45.0294	 Patience 0	 Loss:    44.1120	Accuracy: 64.2762	Precision: 58.7649	Recall: 69.1839	f1: 63.550	
2024-07-14 17:41:49,094:INFO: Epoch 5	----Valid---- Loss: 45.4747	Accuracy: 59.7832	Precision: 54.5847	Recall: 64.0506	F1: 58.9400
2024-07-14 17:41:51,807:INFO: Epoch 5	----Test---- Loss: 46.3367	Accuracy: 58.4416	Precision: 54.4290	Recall: 62.2711	F1: 58.0866
2024-07-14 17:42:39,662:INFO: ----------------------------------------------------------------------------------------------------
2024-07-14 17:42:39,662:INFO: Epoch 6	---Train--- Average Loss:    44.1650	 Patience 1	 Loss:    43.3782	Accuracy: 65.1207	Precision: 59.0840	Recall: 73.2176	f1: 65.396	
2024-07-14 17:42:42,323:INFO: Epoch 6	----Valid---- Loss: 45.2230	Accuracy: 58.9276	Precision: 53.6611	Recall: 64.9367	F1: 58.7629
2024-07-14 17:42:45,053:INFO: Epoch 6	----Test---- Loss: 46.2567	Accuracy: 58.2157	Precision: 53.9939	Recall: 65.2015	F1: 59.0708
2024-07-14 17:43:33,285:INFO: ----------------------------------------------------------------------------------------------------
2024-07-14 17:43:33,285:INFO: Epoch 7	---Train--- Average Loss:    43.4148	 Patience 2	 Loss:    42.6299	Accuracy: 66.2116	Precision: 59.7102	Recall: 76.6729	f1: 67.137	
2024-07-14 17:43:35,966:INFO: Epoch 7	----Valid---- Loss: 45.1640	Accuracy: 59.6691	Precision: 54.1048	Recall: 69.2405	F1: 60.7440
2024-07-14 17:43:38,702:INFO: Epoch 7	----Test---- Loss: 46.1842	Accuracy: 59.2321	Precision: 54.7596	Recall: 68.1319	F1: 60.7182
2024-07-14 17:44:28,215:INFO: ----------------------------------------------------------------------------------------------------
2024-07-14 17:44:28,215:INFO: Epoch 8	---Train--- Average Loss:    42.6908	 Patience 0	 Loss:    42.0256	Accuracy: 66.9928	Precision: 60.1790	Recall: 78.8462	f1: 68.259	
2024-07-14 17:44:30,945:INFO: Epoch 8	----Valid---- Loss: 45.1568	Accuracy: 59.1557	Precision: 53.5441	Recall: 70.7595	F1: 60.9597
2024-07-14 17:44:33,736:INFO: Epoch 8	----Test---- Loss: 46.1079	Accuracy: 58.6674	Precision: 54.2439	Recall: 67.8877	F1: 60.3037
2024-07-14 17:45:22,945:INFO: ----------------------------------------------------------------------------------------------------
2024-07-14 17:45:22,945:INFO: Epoch 9	---Train--- Average Loss:    41.9268	 Patience 0	 Loss:    41.7889	Accuracy: 66.6690	Precision: 59.5843	Recall: 80.6754	f1: 68.544	
2024-07-14 17:45:25,678:INFO: Epoch 9	----Valid---- Loss: 45.3092	Accuracy: 58.6423	Precision: 52.9954	Recall: 72.7848	F1: 61.3333
2024-07-14 17:45:28,475:INFO: Epoch 9	----Test---- Loss: 46.2721	Accuracy: 58.4416	Precision: 53.8894	Recall: 70.2076	F1: 60.9756
2024-07-14 17:46:18,250:INFO: ----------------------------------------------------------------------------------------------------
2024-07-14 17:46:18,250:INFO: Epoch 10	---Train--- Average Loss:    41.2095	 Patience 0	 Loss:    41.1868	Accuracy: 67.6684	Precision: 60.5429	Recall: 80.8943	f1: 69.254	
2024-07-14 17:46:21,010:INFO: Epoch 10	----Valid---- Loss: 45.3436	Accuracy: 59.4410	Precision: 53.6540	Recall: 73.4177	F1: 61.9989
2024-07-14 17:46:23,822:INFO: Epoch 10	----Test---- Loss: 46.1685	Accuracy: 59.0627	Precision: 54.4340	Recall: 70.4518	F1: 61.4156
2024-07-14 17:47:13,400:INFO: ----------------------------------------------------------------------------------------------------
2024-07-14 17:47:13,401:INFO: Epoch 11	---Train--- Average Loss:    40.5422	 Patience 0	 Loss:    41.1645	Accuracy: 68.0273	Precision: 60.7595	Recall: 81.8011	f1: 69.727	
2024-07-14 17:47:16,175:INFO: Epoch 11	----Valid---- Loss: 45.4777	Accuracy: 58.8705	Precision: 53.1109	Recall: 74.5570	F1: 62.0326
2024-07-14 17:47:19,316:INFO: Epoch 11	----Test---- Loss: 46.6791	Accuracy: 58.1592	Precision: 53.6245	Recall: 70.4518	F1: 60.8971
2024-07-14 17:48:09,900:INFO: ----------------------------------------------------------------------------------------------------
2024-07-14 17:48:09,900:INFO: Epoch 12	---Train--- Average Loss:    39.7870	 Patience 0	 Loss:    41.2510	Accuracy: 67.5558	Precision: 59.8024	Recall: 85.1782	f1: 70.270	
2024-07-14 17:48:12,679:INFO: Epoch 12	----Valid---- Loss: 46.2370	Accuracy: 57.5585	Precision: 51.9658	Recall: 76.9620	F1: 62.0408
2024-07-14 17:48:15,518:INFO: Epoch 12	----Test---- Loss: 47.0295	Accuracy: 57.5381	Precision: 52.9725	Recall: 72.8938	F1: 61.3566
2024-07-14 17:49:06,509:INFO: ----------------------------------------------------------------------------------------------------
2024-07-14 17:49:06,509:INFO: Epoch 13	---Train--- Average Loss:    39.1031	 Patience 0	 Loss:    39.6898	Accuracy: 70.7509	Precision: 63.0475	Recall: 84.6154	f1: 72.256	
2024-07-14 17:49:09,286:INFO: Epoch 13	----Valid---- Loss: 45.5558	Accuracy: 59.4980	Precision: 53.6036	Recall: 75.3165	F1: 62.6316
2024-07-14 17:49:12,124:INFO: Epoch 13	----Test---- Loss: 46.6482	Accuracy: 59.2885	Precision: 54.5966	Recall: 71.0623	F1: 61.7507
2024-07-14 17:50:05,134:INFO: ----------------------------------------------------------------------------------------------------
2024-07-14 17:50:05,134:INFO: Epoch 14	---Train--- Average Loss:    38.7937	 Patience 0	 Loss:    39.7834	Accuracy: 70.4061	Precision: 62.3911	Recall: 86.2414	f1: 72.403	
2024-07-14 17:50:07,956:INFO: Epoch 14	----Valid---- Loss: 45.9378	Accuracy: 58.1289	Precision: 52.4433	Recall: 76.0759	F1: 62.0868
2024-07-14 17:50:10,858:INFO: Epoch 14	----Test---- Loss: 46.7369	Accuracy: 58.3851	Precision: 53.6871	Recall: 72.8938	F1: 61.8332
2024-07-14 17:51:03,757:INFO: ----------------------------------------------------------------------------------------------------
2024-07-14 17:51:03,757:INFO: Epoch 15	---Train--- Average Loss:    38.0533	 Patience 1	 Loss:    39.1892	Accuracy: 71.7503	Precision: 64.0118	Recall: 85.0688	f1: 73.053	
2024-07-14 17:51:06,627:INFO: Epoch 15	----Valid---- Loss: 46.1040	Accuracy: 58.4712	Precision: 52.8388	Recall: 73.0380	F1: 61.3177
2024-07-14 17:51:09,560:INFO: Epoch 15	----Test---- Loss: 47.0948	Accuracy: 58.1028	Precision: 53.5948	Recall: 70.0855	F1: 60.7407
2024-07-14 17:52:01,846:INFO: ----------------------------------------------------------------------------------------------------
2024-07-14 17:52:01,846:INFO: Epoch 16	---Train--- Average Loss:    37.5253	 Patience 2	 Loss:    41.1181	Accuracy: 67.9288	Precision: 59.7913	Recall: 87.7892	f1: 71.134	
2024-07-14 17:52:04,730:INFO: Epoch 16	----Valid---- Loss: 47.5727	Accuracy: 55.3337	Precision: 50.2881	Recall: 77.3418	F1: 60.9476
2024-07-14 17:52:07,662:INFO: Epoch 16	----Test---- Loss: 48.4092	Accuracy: 55.4489	Precision: 51.2909	Recall: 72.7717	F1: 60.1716
2024-07-14 17:52:59,691:INFO: ----------------------------------------------------------------------------------------------------
2024-07-14 17:52:59,691:INFO: Epoch 17	---Train--- Average Loss:    37.1973	 Patience 3	 Loss:    41.1471	Accuracy: 67.6191	Precision: 59.2117	Recall: 90.1970	f1: 71.491	
2024-07-14 17:53:02,578:INFO: Epoch 17	----Valid---- Loss: 47.5659	Accuracy: 55.7901	Precision: 50.5995	Recall: 80.1266	F1: 62.0284
2024-07-14 17:53:05,539:INFO: Epoch 17	----Test---- Loss: 48.0030	Accuracy: 56.8605	Precision: 52.2376	Recall: 78.3883	F1: 62.6953
2024-07-14 17:53:57,907:INFO: ----------------------------------------------------------------------------------------------------
2024-07-14 17:53:57,908:INFO: Epoch 18	---Train--- Average Loss:    36.4749	 Patience 4	 Loss:    39.5049	Accuracy: 71.1943	Precision: 63.5646	Recall: 84.3652	f1: 72.503	
2024-07-14 17:54:00,812:INFO: Epoch 18	----Valid---- Loss: 46.6468	Accuracy: 58.3571	Precision: 52.7624	Recall: 72.5316	F1: 61.0874
2024-07-14 17:54:03,764:INFO: Epoch 18	----Test---- Loss: 47.9554	Accuracy: 58.6674	Precision: 54.1311	Recall: 69.5971	F1: 60.8974
2024-07-14 17:54:56,333:INFO: ----------------------------------------------------------------------------------------------------
2024-07-14 17:54:56,333:INFO: Epoch 19	---Train--- Average Loss:    36.1932	 Patience 5	 Loss:    39.9131	Accuracy: 70.8354	Precision: 62.7002	Recall: 86.9137	f1: 72.848	
2024-07-14 17:54:59,258:INFO: Epoch 19	----Valid---- Loss: 47.6138	Accuracy: 56.8169	Precision: 51.4261	Recall: 75.3165	F1: 61.1197
2024-07-14 17:55:02,252:INFO: Epoch 19	----Test---- Loss: 48.4916	Accuracy: 57.3123	Precision: 52.8353	Recall: 71.6728	F1: 60.8290
2024-07-14 17:55:55,479:INFO: ----------------------------------------------------------------------------------------------------
2024-07-14 17:55:55,480:INFO: Epoch 20	---Train--- Average Loss:    35.9578	 Patience 6	 Loss:    43.1503	Accuracy: 64.1776	Precision: 56.4095	Recall: 89.8530	f1: 69.308	
2024-07-14 17:55:58,410:INFO: Epoch 20	----Valid---- Loss: 49.0424	Accuracy: 54.0217	Precision: 49.3856	Recall: 81.3924	F1: 61.4723
2024-07-14 17:56:01,401:INFO: Epoch 20	----Test---- Loss: 49.9600	Accuracy: 53.5855	Precision: 49.8825	Recall: 77.7778	F1: 60.7824
2024-07-14 17:56:54,552:INFO: ----------------------------------------------------------------------------------------------------
2024-07-14 17:56:54,552:INFO: Epoch 21	---Train--- Average Loss:    35.4974	 Patience 7	 Loss:    43.4744	Accuracy: 64.1776	Precision: 56.2801	Recall: 91.4947	f1: 69.692	
2024-07-14 17:56:57,481:INFO: Epoch 21	----Valid---- Loss: 49.8655	Accuracy: 53.1090	Precision: 48.7934	Recall: 81.8987	F1: 61.1531
2024-07-14 17:57:00,466:INFO: Epoch 21	----Test---- Loss: 50.0413	Accuracy: 54.0373	Precision: 50.1922	Recall: 79.7314	F1: 61.6038
2024-07-14 17:57:53,508:INFO: ----------------------------------------------------------------------------------------------------
2024-07-14 17:57:53,508:INFO: Epoch 22	---Train--- Average Loss:    35.1613	 Patience 8	 Loss:    41.5533	Accuracy: 67.9006	Precision: 59.5842	Recall: 89.1807	f1: 71.438	
2024-07-14 17:57:56,439:INFO: Epoch 22	----Valid---- Loss: 48.8956	Accuracy: 55.3908	Precision: 50.3257	Recall: 78.2278	F1: 61.2488
2024-07-14 17:57:59,428:INFO: Epoch 22	----Test---- Loss: 49.9303	Accuracy: 54.4890	Precision: 50.5394	Recall: 74.3590	F1: 60.1779
2024-07-14 17:58:52,303:INFO: ----------------------------------------------------------------------------------------------------
2024-07-14 17:58:52,303:INFO: Epoch 23	---Train--- Average Loss:    34.7321	 Patience 9	 Loss:    41.5358	Accuracy: 67.7739	Precision: 59.2337	Recall: 91.1194	f1: 71.796	
2024-07-14 17:58:55,554:INFO: Epoch 23	----Valid---- Loss: 48.7118	Accuracy: 55.7901	Precision: 50.5967	Recall: 80.5063	F1: 62.1397
2024-07-14 17:58:58,548:INFO: Epoch 23	----Test---- Loss: 49.6096	Accuracy: 55.5618	Precision: 51.2780	Recall: 78.3883	F1: 61.9990
2024-07-14 17:59:51,054:INFO: ----------------------------------------------------------------------------------------------------
2024-07-14 17:59:51,055:INFO: Epoch 24	---Train--- Average Loss:    34.6082	 Patience 10	 Loss:    39.3102	Accuracy: 71.3562	Precision: 62.6386	Recall: 90.1188	f1: 73.907	
2024-07-14 17:59:53,998:INFO: Epoch 24	----Valid---- Loss: 47.5582	Accuracy: 57.6155	Precision: 51.9600	Recall: 78.8608	F1: 62.6445
2024-07-14 17:59:56,987:INFO: Epoch 24	----Test---- Loss: 48.6175	Accuracy: 57.4252	Precision: 52.7897	Recall: 75.0916	F1: 61.9960
2024-07-14 18:00:50,004:INFO: ----------------------------------------------------------------------------------------------------
2024-07-14 18:00:50,004:INFO: Epoch 25	---Train--- Average Loss:    34.3337	 Patience 0	 Loss:    40.3797	Accuracy: 69.6812	Precision: 61.0828	Recall: 89.9625	f1: 72.762	
2024-07-14 18:00:52,945:INFO: Epoch 25	----Valid---- Loss: 48.5787	Accuracy: 56.0183	Precision: 50.7793	Recall: 78.3544	F1: 61.6227
2024-07-14 18:00:55,948:INFO: Epoch 25	----Test---- Loss: 49.1444	Accuracy: 55.6748	Precision: 51.4358	Recall: 74.3590	F1: 60.8088
2024-07-14 18:01:49,257:INFO: ----------------------------------------------------------------------------------------------------
2024-07-14 18:01:49,257:INFO: Epoch 26	---Train--- Average Loss:    33.9085	 Patience 1	 Loss:    40.2478	Accuracy: 69.6319	Precision: 61.0562	Recall: 89.8374	f1: 72.702	
2024-07-14 18:01:52,212:INFO: Epoch 26	----Valid---- Loss: 48.6165	Accuracy: 56.2464	Precision: 50.9465	Recall: 78.3544	F1: 61.7456
2024-07-14 18:01:55,224:INFO: Epoch 26	----Test---- Loss: 49.3349	Accuracy: 56.1829	Precision: 51.8236	Recall: 74.6032	F1: 61.1612
2024-07-14 18:02:48,681:INFO: ----------------------------------------------------------------------------------------------------
2024-07-14 18:02:48,682:INFO: Epoch 27	---Train--- Average Loss:    33.5791	 Patience 2	 Loss:    40.2418	Accuracy: 70.2512	Precision: 61.4435	Recall: 91.0413	f1: 73.370	
2024-07-14 18:02:51,614:INFO: Epoch 27	----Valid---- Loss: 48.4058	Accuracy: 56.9880	Precision: 51.4682	Recall: 79.8734	F1: 62.5992
2024-07-14 18:02:54,612:INFO: Epoch 27	----Test---- Loss: 49.3858	Accuracy: 56.0700	Precision: 51.6817	Recall: 76.9231	F1: 61.8253
2024-07-14 18:03:47,781:INFO: ----------------------------------------------------------------------------------------------------
2024-07-14 18:03:47,782:INFO: Epoch 28	---Train--- Average Loss:    33.5734	 Patience 3	 Loss:    38.6914	Accuracy: 72.7356	Precision: 64.1558	Recall: 89.3527	f1: 74.686	
2024-07-14 18:03:50,727:INFO: Epoch 28	----Valid---- Loss: 47.5633	Accuracy: 58.3571	Precision: 52.6270	Recall: 76.0759	F1: 62.2153
2024-07-14 18:03:53,748:INFO: Epoch 28	----Test---- Loss: 48.9838	Accuracy: 57.2558	Precision: 52.7531	Recall: 72.5275	F1: 61.0797
2024-07-14 18:04:46,824:INFO: ----------------------------------------------------------------------------------------------------
2024-07-14 18:04:46,824:INFO: Epoch 29	---Train--- Average Loss:    33.2590	 Patience 4	 Loss:    39.1241	Accuracy: 71.5884	Precision: 62.2954	Recall: 93.4334	f1: 74.751	
2024-07-14 18:04:49,791:INFO: Epoch 29	----Valid---- Loss: 47.5313	Accuracy: 57.3303	Precision: 51.6640	Recall: 82.5316	F1: 63.5478
2024-07-14 18:04:52,802:INFO: Epoch 29	----Test---- Loss: 48.5194	Accuracy: 57.4816	Precision: 52.6570	Recall: 79.8535	F1: 63.4643
2024-07-14 18:05:46,265:INFO: ----------------------------------------------------------------------------------------------------
2024-07-14 18:05:46,266:INFO: Epoch 30	---Train--- Average Loss:    33.2406	 Patience 0	 Loss:    39.0994	Accuracy: 71.8207	Precision: 62.8547	Recall: 91.4321	f1: 74.497	
2024-07-14 18:05:49,225:INFO: Epoch 30	----Valid---- Loss: 48.6984	Accuracy: 56.3035	Precision: 50.9852	Recall: 78.6076	F1: 61.8526
2024-07-14 18:05:52,246:INFO: Epoch 30	----Test---- Loss: 48.8985	Accuracy: 57.4252	Precision: 52.7288	Recall: 76.6789	F1: 62.4876
2024-07-14 18:06:45,308:INFO: ----------------------------------------------------------------------------------------------------
2024-07-14 18:06:45,308:INFO: Epoch 31	---Train--- Average Loss:    33.0807	 Patience 1	 Loss:    35.5442	Accuracy: 78.0491	Precision: 70.1761	Recall: 89.1026	f1: 78.515	
2024-07-14 18:06:48,256:INFO: Epoch 31	----Valid---- Loss: 46.0947	Accuracy: 60.9812	Precision: 55.0000	Recall: 73.7975	F1: 63.0270
2024-07-14 18:06:51,258:INFO: Epoch 31	----Test---- Loss: 47.8860	Accuracy: 58.6110	Precision: 54.1426	Recall: 68.6203	F1: 60.5277
2024-07-14 18:07:44,331:INFO: ----------------------------------------------------------------------------------------------------
2024-07-14 18:07:44,332:INFO: Epoch 32	---Train--- Average Loss:    32.5821	 Patience 2	 Loss:    33.0742	Accuracy: 82.5040	Precision: 76.1994	Recall: 88.8993	f1: 82.061	
2024-07-14 18:07:47,283:INFO: Epoch 32	----Valid---- Loss: 45.3947	Accuracy: 62.6925	Precision: 57.1130	Recall: 69.1139	F1: 62.5430
2024-07-14 18:07:50,292:INFO: Epoch 32	----Test---- Loss: 47.3399	Accuracy: 60.5308	Precision: 56.2893	Recall: 65.5678	F1: 60.5753
2024-07-14 18:08:43,626:INFO: ----------------------------------------------------------------------------------------------------
2024-07-14 18:08:43,626:INFO: Epoch 33	---Train--- Average Loss:    32.4901	 Patience 3	 Loss:    35.2702	Accuracy: 78.2954	Precision: 69.9086	Recall: 90.9162	f1: 79.040	
2024-07-14 18:08:46,569:INFO: Epoch 33	----Valid---- Loss: 46.5151	Accuracy: 60.9812	Precision: 54.9074	Recall: 75.0633	F1: 63.4225
2024-07-14 18:08:49,564:INFO: Epoch 33	----Test---- Loss: 48.5912	Accuracy: 58.2722	Precision: 53.6832	Recall: 71.1844	F1: 61.2073
2024-07-14 18:09:43,143:INFO: ----------------------------------------------------------------------------------------------------
2024-07-14 18:09:43,143:INFO: Epoch 34	---Train--- Average Loss:    32.3016	 Patience 4	 Loss:    36.7210	Accuracy: 75.9167	Precision: 66.7644	Recall: 92.5891	f1: 77.584	
2024-07-14 18:09:46,097:INFO: Epoch 34	----Valid---- Loss: 47.1779	Accuracy: 58.9846	Precision: 53.0008	Recall: 79.3671	F1: 63.5580
2024-07-14 18:09:49,136:INFO: Epoch 34	----Test---- Loss: 49.0716	Accuracy: 56.8041	Precision: 52.3077	Recall: 74.7253	F1: 61.5385
2024-07-14 18:10:42,181:INFO: ----------------------------------------------------------------------------------------------------
2024-07-14 18:10:42,181:INFO: Epoch 35	---Train--- Average Loss:    32.0262	 Patience 0	 Loss:    36.6832	Accuracy: 76.0504	Precision: 66.9192	Recall: 92.5422	f1: 77.672	
2024-07-14 18:10:45,457:INFO: Epoch 35	----Valid---- Loss: 47.2491	Accuracy: 58.6423	Precision: 52.7707	Recall: 78.3544	F1: 63.0667
2024-07-14 18:10:48,477:INFO: Epoch 35	----Test---- Loss: 48.4472	Accuracy: 58.1592	Precision: 53.3448	Recall: 75.9463	F1: 62.6700
2024-07-14 18:11:41,381:INFO: ----------------------------------------------------------------------------------------------------
2024-07-14 18:11:41,381:INFO: Epoch 36	---Train--- Average Loss:    32.0056	 Patience 1	 Loss:    34.1661	Accuracy: 80.5124	Precision: 73.5856	Recall: 88.4615	f1: 80.341	
2024-07-14 18:11:44,294:INFO: Epoch 36	----Valid---- Loss: 46.1817	Accuracy: 61.5516	Precision: 55.8350	Recall: 70.2532	F1: 62.2197
2024-07-14 18:11:47,262:INFO: Epoch 36	----Test---- Loss: 48.7154	Accuracy: 58.4980	Precision: 54.2683	Recall: 65.2015	F1: 59.2346
2024-07-14 18:12:39,440:INFO: ----------------------------------------------------------------------------------------------------
2024-07-14 18:12:39,440:INFO: Epoch 37	---Train--- Average Loss:    31.6244	 Patience 2	 Loss:    33.8956	Accuracy: 81.3217	Precision: 75.4558	Recall: 86.7104	f1: 80.693	
2024-07-14 18:12:42,362:INFO: Epoch 37	----Valid---- Loss: 46.3480	Accuracy: 61.3805	Precision: 55.9286	Recall: 67.4684	F1: 61.1589
2024-07-14 18:12:45,333:INFO: Epoch 37	----Test---- Loss: 48.2194	Accuracy: 59.7967	Precision: 55.8986	Recall: 61.9048	F1: 58.7486
2024-07-14 18:13:37,483:INFO: ----------------------------------------------------------------------------------------------------
2024-07-14 18:13:37,484:INFO: Epoch 38	---Train--- Average Loss:    31.7372	 Patience 3	 Loss:    37.1544	Accuracy: 75.1214	Precision: 65.6356	Recall: 93.8868	f1: 77.260	
2024-07-14 18:13:40,392:INFO: Epoch 38	----Valid---- Loss: 46.5321	Accuracy: 59.6691	Precision: 53.3387	Recall: 83.9241	F1: 65.2238
2024-07-14 18:13:43,355:INFO: Epoch 38	----Test---- Loss: 47.7118	Accuracy: 58.9497	Precision: 53.7891	Recall: 79.7314	F1: 64.2400
2024-07-14 18:14:36,221:INFO: ----------------------------------------------------------------------------------------------------
2024-07-14 18:14:36,221:INFO: Epoch 39	---Train--- Average Loss:    31.4291	 Patience 0	 Loss:    37.0149	Accuracy: 75.5789	Precision: 66.5760	Recall: 91.8699	f1: 77.204	
2024-07-14 18:14:39,128:INFO: Epoch 39	----Valid---- Loss: 48.5060	Accuracy: 57.6726	Precision: 52.0942	Recall: 75.5696	F1: 61.6736
2024-07-14 18:14:42,102:INFO: Epoch 39	----Test---- Loss: 49.3470	Accuracy: 57.5381	Precision: 52.8805	Recall: 75.0916	F1: 62.0585
2024-07-14 18:15:34,284:INFO: ----------------------------------------------------------------------------------------------------
2024-07-14 18:15:34,285:INFO: Epoch 40	---Train--- Average Loss:    31.5594	 Patience 1	 Loss:    34.1727	Accuracy: 80.1464	Precision: 71.7643	Recall: 92.1513	f1: 80.690	
2024-07-14 18:15:37,188:INFO: Epoch 40	----Valid---- Loss: 46.5667	Accuracy: 60.6389	Precision: 54.6296	Recall: 74.6835	F1: 63.1016
2024-07-14 18:15:40,164:INFO: Epoch 40	----Test---- Loss: 48.2041	Accuracy: 58.3851	Precision: 53.8033	Recall: 70.8181	F1: 61.1492
2024-07-14 18:16:33,261:INFO: ----------------------------------------------------------------------------------------------------
2024-07-14 18:16:33,261:INFO: Epoch 41	---Train--- Average Loss:    30.9907	 Patience 2	 Loss:    32.2938	Accuracy: 83.8623	Precision: 78.6642	Recall: 88.0238	f1: 83.081	
2024-07-14 18:16:36,171:INFO: Epoch 41	----Valid---- Loss: 45.9947	Accuracy: 62.0650	Precision: 56.7568	Recall: 66.4557	F1: 61.2245
2024-07-14 18:16:39,148:INFO: Epoch 41	----Test---- Loss: 47.8406	Accuracy: 60.7566	Precision: 56.6524	Recall: 64.4689	F1: 60.3084
2024-07-14 18:17:32,141:INFO: ----------------------------------------------------------------------------------------------------
2024-07-14 18:17:32,141:INFO: Epoch 42	---Train--- Average Loss:    31.2109	 Patience 3	 Loss:    32.7873	Accuracy: 82.8348	Precision: 76.1603	Recall: 90.0563	f1: 82.527	
2024-07-14 18:17:35,068:INFO: Epoch 42	----Valid---- Loss: 46.2783	Accuracy: 61.1523	Precision: 55.4229	Recall: 70.5063	F1: 62.0613
2024-07-14 18:17:38,046:INFO: Epoch 42	----Test---- Loss: 47.5580	Accuracy: 60.4743	Precision: 55.9919	Recall: 67.8877	F1: 61.3687
2024-07-14 18:18:30,812:INFO: ----------------------------------------------------------------------------------------------------
2024-07-14 18:18:30,812:INFO: Epoch 43	---Train--- Average Loss:    31.1023	 Patience 4	 Loss:    38.5807	Accuracy: 72.9326	Precision: 63.3118	Recall: 94.8093	f1: 75.923	
2024-07-14 18:18:33,729:INFO: Epoch 43	----Valid---- Loss: 47.0326	Accuracy: 59.4410	Precision: 53.1424	Recall: 84.5570	F1: 65.2662
2024-07-14 18:18:36,698:INFO: Epoch 43	----Test---- Loss: 47.7827	Accuracy: 58.9497	Precision: 53.6164	Recall: 83.2723	F1: 65.2319
2024-07-14 18:19:29,936:INFO: ----------------------------------------------------------------------------------------------------
2024-07-14 18:19:29,936:INFO: Epoch 44	---Train--- Average Loss:    30.7732	 Patience 0	 Loss:    34.2768	Accuracy: 80.7727	Precision: 74.5445	Recall: 86.9919	f1: 80.289	
2024-07-14 18:19:32,854:INFO: Epoch 44	----Valid---- Loss: 47.0832	Accuracy: 60.9812	Precision: 55.5439	Recall: 67.2152	F1: 60.8247
2024-07-14 18:19:35,831:INFO: Epoch 44	----Test---- Loss: 49.3012	Accuracy: 57.9334	Precision: 53.8302	Recall: 63.4921	F1: 58.2633
2024-07-14 18:20:28,802:INFO: ----------------------------------------------------------------------------------------------------
2024-07-14 18:20:28,802:INFO: Epoch 45	---Train--- Average Loss:    31.0267	 Patience 1	 Loss:    35.4800	Accuracy: 78.2462	Precision: 69.3615	Recall: 92.5578	f1: 79.298	
2024-07-14 18:20:31,719:INFO: Epoch 45	----Valid---- Loss: 46.8208	Accuracy: 60.6389	Precision: 54.4883	Recall: 76.8354	F1: 63.7605
2024-07-14 18:20:34,723:INFO: Epoch 45	----Test---- Loss: 48.4809	Accuracy: 58.5545	Precision: 53.7577	Recall: 74.2369	F1: 62.3590
2024-07-14 18:21:27,524:INFO: ----------------------------------------------------------------------------------------------------
2024-07-14 18:21:27,524:INFO: Epoch 46	---Train--- Average Loss:    30.7518	 Patience 2	 Loss:    34.9556	Accuracy: 79.0133	Precision: 70.2203	Recall: 92.6829	f1: 79.903	
2024-07-14 18:21:30,439:INFO: Epoch 46	----Valid---- Loss: 46.4460	Accuracy: 60.8100	Precision: 54.5778	Recall: 77.7215	F1: 64.1253
2024-07-14 18:21:33,415:INFO: Epoch 46	----Test---- Loss: 47.8227	Accuracy: 59.9097	Precision: 54.7765	Recall: 76.3126	F1: 63.7755
2024-07-14 18:22:25,852:INFO: ----------------------------------------------------------------------------------------------------
2024-07-14 18:22:25,852:INFO: Epoch 47	---Train--- Average Loss:    30.5533	 Patience 3	 Loss:    34.0643	Accuracy: 80.5405	Precision: 72.7877	Recall: 90.6660	f1: 80.749	
2024-07-14 18:22:29,094:INFO: Epoch 47	----Valid---- Loss: 46.5480	Accuracy: 60.9812	Precision: 54.9812	Recall: 74.0506	F1: 63.1068
2024-07-14 18:22:32,072:INFO: Epoch 47	----Test---- Loss: 48.7339	Accuracy: 58.5545	Precision: 53.9461	Recall: 70.9402	F1: 61.2869
2024-07-14 18:23:25,036:INFO: ----------------------------------------------------------------------------------------------------
2024-07-14 18:23:25,037:INFO: Epoch 48	---Train--- Average Loss:    30.5795	 Patience 4	 Loss:    32.9826	Accuracy: 82.3070	Precision: 74.4643	Recall: 92.3702	f1: 82.456	
2024-07-14 18:23:27,946:INFO: Epoch 48	----Valid---- Loss: 46.6169	Accuracy: 60.9812	Precision: 55.0095	Recall: 73.6709	F1: 62.9870
2024-07-14 18:23:30,924:INFO: Epoch 48	----Test---- Loss: 48.5289	Accuracy: 58.9497	Precision: 54.3152	Recall: 70.6960	F1: 61.4324
2024-07-14 18:24:24,172:INFO: ----------------------------------------------------------------------------------------------------
2024-07-14 18:24:24,172:INFO: Epoch 49	---Train--- Average Loss:    30.2534	 Patience 5	 Loss:    36.3103	Accuracy: 76.6486	Precision: 67.2109	Recall: 93.9650	f1: 78.367	
2024-07-14 18:24:27,090:INFO: Epoch 49	----Valid---- Loss: 47.4569	Accuracy: 59.4410	Precision: 53.3054	Recall: 80.6329	F1: 64.1814
2024-07-14 18:24:30,060:INFO: Epoch 49	----Test---- Loss: 49.3237	Accuracy: 57.1993	Precision: 52.4980	Recall: 78.2662	F1: 62.8431
2024-07-14 18:25:22,410:INFO: ----------------------------------------------------------------------------------------------------
2024-07-14 18:25:22,410:INFO: Epoch 50	---Train--- Average Loss:    30.2562	 Patience 6	 Loss:    32.2149	Accuracy: 83.6934	Precision: 76.8179	Recall: 91.3383	f1: 83.451	
2024-07-14 18:25:25,315:INFO: Epoch 50	----Valid---- Loss: 45.9735	Accuracy: 62.0080	Precision: 56.1386	Recall: 71.7722	F1: 63.0000
2024-07-14 18:25:28,291:INFO: Epoch 50	----Test---- Loss: 48.2101	Accuracy: 59.9097	Precision: 55.4664	Recall: 67.5214	F1: 60.9031
2024-07-14 18:26:21,439:INFO: ----------------------------------------------------------------------------------------------------
2024-07-14 18:26:21,439:INFO: Epoch 51	---Train--- Average Loss:    30.5652	 Patience 7	 Loss:    32.0443	Accuracy: 83.9961	Precision: 77.8890	Recall: 89.9937	f1: 83.505	
2024-07-14 18:26:24,346:INFO: Epoch 51	----Valid---- Loss: 46.8432	Accuracy: 60.9241	Precision: 55.3846	Recall: 68.3544	F1: 61.1898
2024-07-14 18:26:27,331:INFO: Epoch 51	----Test---- Loss: 48.9386	Accuracy: 58.6110	Precision: 54.3347	Recall: 65.8120	F1: 59.5251
2024-07-14 18:27:20,146:INFO: ----------------------------------------------------------------------------------------------------
2024-07-14 18:27:20,146:INFO: Epoch 52	---Train--- Average Loss:    30.3409	 Patience 8	 Loss:    32.4460	Accuracy: 83.3134	Precision: 76.2420	Recall: 91.4165	f1: 83.143	
2024-07-14 18:27:23,050:INFO: Epoch 52	----Valid---- Loss: 46.6061	Accuracy: 61.0953	Precision: 55.3678	Recall: 70.5063	F1: 62.0267
2024-07-14 18:27:26,018:INFO: Epoch 52	----Test---- Loss: 49.4897	Accuracy: 57.5946	Precision: 53.3074	Recall: 66.9109	F1: 59.3395
2024-07-14 18:28:18,281:INFO: ----------------------------------------------------------------------------------------------------
2024-07-14 18:28:18,281:INFO: Epoch 53	---Train--- Average Loss:    29.6960	 Patience 9	 Loss:    33.1103	Accuracy: 82.3492	Precision: 75.8099	Recall: 89.2745	f1: 81.993	
2024-07-14 18:28:21,173:INFO: Epoch 53	----Valid---- Loss: 46.7091	Accuracy: 61.4946	Precision: 55.8974	Recall: 68.9873	F1: 61.7564
2024-07-14 18:28:24,132:INFO: Epoch 53	----Test---- Loss: 49.5313	Accuracy: 57.8204	Precision: 53.6437	Recall: 64.7131	F1: 58.6608
2024-07-14 18:29:16,927:INFO: ----------------------------------------------------------------------------------------------------
2024-07-14 18:29:16,927:INFO: Epoch 54	---Train--- Average Loss:    30.0226	 Patience 10	 Loss:    30.7335	Accuracy: 86.2482	Precision: 81.3081	Recall: 90.1814	f1: 85.515	
2024-07-14 18:29:19,809:INFO: Epoch 54	----Valid---- Loss: 46.4664	Accuracy: 61.4946	Precision: 56.2028	Recall: 65.9494	F1: 60.6872
2024-07-14 18:29:22,764:INFO: Epoch 54	----Test---- Loss: 48.4420	Accuracy: 59.6273	Precision: 55.5437	Recall: 63.6142	F1: 59.3056
2024-07-14 18:30:15,602:INFO: ----------------------------------------------------------------------------------------------------
2024-07-14 18:30:15,602:INFO: Epoch 55	---Train--- Average Loss:    29.9130	 Patience 11	 Loss:    30.8051	Accuracy: 86.4171	Precision: 83.6498	Recall: 86.7886	f1: 85.190	
2024-07-14 18:30:18,478:INFO: Epoch 55	----Valid---- Loss: 45.6172	Accuracy: 63.5482	Precision: 59.0636	Recall: 62.2785	F1: 60.6285
2024-07-14 18:30:21,419:INFO: Epoch 55	----Test---- Loss: 48.2674	Accuracy: 60.8696	Precision: 57.5721	Recall: 58.4860	F1: 58.0254
2024-07-14 18:31:13,843:INFO: ----------------------------------------------------------------------------------------------------
2024-07-14 18:31:13,844:INFO: Epoch 56	---Train--- Average Loss:    30.0193	 Patience 12	 Loss:    33.4135	Accuracy: 81.7299	Precision: 73.7322	Recall: 92.2921	f1: 81.975	
2024-07-14 18:31:16,733:INFO: Epoch 56	----Valid---- Loss: 47.1216	Accuracy: 60.1255	Precision: 54.2563	Recall: 73.4177	F1: 62.3991
2024-07-14 18:31:19,682:INFO: Epoch 56	----Test---- Loss: 49.6417	Accuracy: 56.8605	Precision: 52.5346	Recall: 69.5971	F1: 59.8739
2024-07-14 18:32:12,277:INFO: ----------------------------------------------------------------------------------------------------
2024-07-14 18:32:12,278:INFO: Epoch 57	---Train--- Average Loss:    29.5039	 Patience 13	 Loss:    32.2444	Accuracy: 83.3978	Precision: 75.5798	Recall: 93.2458	f1: 83.488	
2024-07-14 18:32:15,171:INFO: Epoch 57	----Valid---- Loss: 46.0744	Accuracy: 61.4375	Precision: 55.2876	Recall: 75.4430	F1: 63.8116
2024-07-14 18:32:18,123:INFO: Epoch 57	----Test---- Loss: 48.2552	Accuracy: 59.3450	Precision: 54.5371	Recall: 72.6496	F1: 62.3037
2024-07-14 18:33:10,745:INFO: ----------------------------------------------------------------------------------------------------
2024-07-14 18:33:10,745:INFO: Epoch 58	---Train--- Average Loss:    29.4836	 Patience 14	 Loss:    30.1775	Accuracy: 87.5079	Precision: 85.7275	Recall: 86.6792	f1: 86.201	
2024-07-14 18:33:13,636:INFO: Epoch 58	----Valid---- Loss: 45.7047	Accuracy: 63.4912	Precision: 59.3985	Recall: 60.0000	F1: 59.6977
2024-07-14 18:33:16,573:INFO: Epoch 58	----Test---- Loss: 48.2412	Accuracy: 60.8696	Precision: 57.9949	Recall: 55.7998	F1: 56.8762
2024-07-14 18:34:08,631:INFO: ----------------------------------------------------------------------------------------------------
2024-07-14 18:34:08,631:INFO: Epoch 59	---Train--- Average Loss:    29.6489	 Patience 15	 Loss:    30.7800	Accuracy: 85.9174	Precision: 79.1716	Recall: 93.2458	f1: 85.634	
2024-07-14 18:34:11,837:INFO: Epoch 59	----Valid---- Loss: 45.4723	Accuracy: 62.9207	Precision: 56.8762	Recall: 73.2911	F1: 64.0487
2024-07-14 18:34:14,786:INFO: Epoch 59	----Test---- Loss: 48.2433	Accuracy: 59.2321	Precision: 54.5798	Recall: 70.5739	F1: 61.5548
2024-07-14 18:35:06,481:INFO: ----------------------------------------------------------------------------------------------------
2024-07-14 18:35:06,481:INFO: Epoch 60	---Train--- Average Loss:    29.5674	 Patience 16	 Loss:    30.6184	Accuracy: 86.3959	Precision: 80.4226	Recall: 92.2295	f1: 85.922	
2024-07-14 18:35:09,358:INFO: Epoch 60	----Valid---- Loss: 45.3737	Accuracy: 63.3771	Precision: 57.5510	Recall: 71.3924	F1: 63.7288
2024-07-14 18:35:12,303:INFO: Epoch 60	----Test---- Loss: 48.3441	Accuracy: 59.9097	Precision: 55.5669	Recall: 66.4225	F1: 60.5117
2024-07-14 18:36:05,111:INFO: ----------------------------------------------------------------------------------------------------
2024-07-14 18:36:05,111:INFO: Epoch 61	---Train--- Average Loss:    29.2704	 Patience 17	 Loss:    30.1370	Accuracy: 87.1349	Precision: 81.9619	Recall: 91.5729	f1: 86.501	
2024-07-14 18:36:08,071:INFO: Epoch 61	----Valid---- Loss: 45.4736	Accuracy: 63.0918	Precision: 57.5983	Recall: 68.6076	F1: 62.6228
2024-07-14 18:36:11,089:INFO: Epoch 61	----Test---- Loss: 48.3047	Accuracy: 59.8532	Precision: 55.6604	Recall: 64.8352	F1: 59.8985
2024-07-14 18:37:04,211:INFO: ----------------------------------------------------------------------------------------------------
2024-07-14 18:37:04,211:INFO: Epoch 62	---Train--- Average Loss:    29.2576	 Patience 18	 Loss:    34.4288	Accuracy: 79.9282	Precision: 70.9258	Recall: 93.9024	f1: 80.813	
2024-07-14 18:37:07,174:INFO: Epoch 62	----Valid---- Loss: 47.3687	Accuracy: 59.4980	Precision: 53.4188	Recall: 79.1139	F1: 63.7755
2024-07-14 18:37:10,197:INFO: Epoch 62	----Test---- Loss: 49.2530	Accuracy: 57.5946	Precision: 52.9565	Recall: 74.3590	F1: 61.8588
2024-07-14 18:38:03,522:INFO: ----------------------------------------------------------------------------------------------------
2024-07-14 18:38:03,522:INFO: Epoch 63	---Train--- Average Loss:    29.1488	 Patience 19	 Loss:    34.5627	Accuracy: 79.5411	Precision: 70.3583	Recall: 94.2620	f1: 80.575	
2024-07-14 18:38:06,478:INFO: Epoch 63	----Valid---- Loss: 47.5509	Accuracy: 58.8705	Precision: 52.9412	Recall: 78.6076	F1: 63.2705
2024-07-14 18:38:09,506:INFO: Epoch 63	----Test---- Loss: 48.8764	Accuracy: 58.1592	Precision: 53.3107	Recall: 76.6789	F1: 62.8943
2024-07-14 18:39:02,541:INFO: ----------------------------------------------------------------------------------------------------
2024-07-14 18:39:02,541:INFO: Epoch 64	---Train--- Average Loss:    29.1802	 Patience 20	 Loss:    34.2908	Accuracy: 80.2871	Precision: 71.8967	Recall: 92.2764	f1: 80.822	
2024-07-14 18:39:05,500:INFO: Epoch 64	----Valid---- Loss: 47.3610	Accuracy: 59.5550	Precision: 53.6519	Recall: 75.3165	F1: 62.6646
2024-07-14 18:39:08,517:INFO: Epoch 64	----Test---- Loss: 49.5843	Accuracy: 57.4252	Precision: 53.0065	Recall: 69.9634	F1: 60.3158
2024-07-14 18:40:02,256:INFO: ----------------------------------------------------------------------------------------------------
2024-07-14 18:40:02,256:INFO: Epoch 65	---Train--- Average Loss:    29.0121	 Patience 21	 Loss:    32.3758	Accuracy: 83.3556	Precision: 75.3426	Recall: 93.6836	f1: 83.518	
2024-07-14 18:40:05,222:INFO: Epoch 65	----Valid---- Loss: 47.1044	Accuracy: 60.0114	Precision: 54.0345	Recall: 75.4430	F1: 62.9688
2024-07-14 18:40:08,253:INFO: Epoch 65	----Test---- Loss: 47.8654	Accuracy: 59.8532	Precision: 54.8825	Recall: 74.1148	F1: 63.0649
2024-07-14 18:41:01,444:INFO: ----------------------------------------------------------------------------------------------------
2024-07-14 18:41:01,444:INFO: Epoch 66	---Train--- Average Loss:    29.2936	 Patience 22	 Loss:    32.2551	Accuracy: 83.4260	Precision: 75.2910	Recall: 94.0432	f1: 83.629	
2024-07-14 18:41:04,408:INFO: Epoch 66	----Valid---- Loss: 47.1063	Accuracy: 59.6121	Precision: 53.6804	Recall: 75.6962	F1: 62.8151
2024-07-14 18:41:07,426:INFO: Epoch 66	----Test---- Loss: 48.6008	Accuracy: 59.1756	Precision: 54.2781	Recall: 74.3590	F1: 62.7512
2024-07-14 18:42:00,786:INFO: ----------------------------------------------------------------------------------------------------
2024-07-14 18:42:00,787:INFO: Epoch 67	---Train--- Average Loss:    29.6312	 Patience 23	 Loss:    34.0099	Accuracy: 80.5475	Precision: 71.3196	Recall: 94.9812	f1: 81.467	
2024-07-14 18:42:03,754:INFO: Epoch 67	----Valid---- Loss: 46.8446	Accuracy: 60.2396	Precision: 53.9241	Recall: 80.8861	F1: 64.7089
2024-07-14 18:42:06,768:INFO: Epoch 67	----Test---- Loss: 48.2906	Accuracy: 58.7804	Precision: 53.7616	Recall: 77.6557	F1: 63.5365
2024-07-14 18:43:00,266:INFO: ----------------------------------------------------------------------------------------------------
2024-07-14 18:43:00,266:INFO: Epoch 68	---Train--- Average Loss:    29.0679	 Patience 24	 Loss:    31.0369	Accuracy: 85.6007	Precision: 79.2732	Recall: 92.0888	f1: 85.202	
2024-07-14 18:43:03,229:INFO: Epoch 68	----Valid---- Loss: 46.6274	Accuracy: 61.3234	Precision: 55.5446	Recall: 71.0127	F1: 62.3333
2024-07-14 18:43:06,245:INFO: Epoch 68	----Test---- Loss: 48.2701	Accuracy: 60.1355	Precision: 55.6557	Recall: 67.8877	F1: 61.1661
2024-07-14 18:43:59,459:INFO: ----------------------------------------------------------------------------------------------------
2024-07-14 18:43:59,459:INFO: Epoch 69	---Train--- Average Loss:    29.0660	 Patience 25	 Loss:    32.1430	Accuracy: 83.7145	Precision: 75.9735	Recall: 93.3396	f1: 83.766	
2024-07-14 18:44:02,425:INFO: Epoch 69	----Valid---- Loss: 46.9884	Accuracy: 60.2396	Precision: 54.3256	Recall: 73.9241	F1: 62.6273
2024-07-14 18:44:05,467:INFO: Epoch 69	----Test---- Loss: 48.6701	Accuracy: 59.1191	Precision: 54.4186	Recall: 71.4286	F1: 61.7740
2024-07-14 18:44:59,158:INFO: ----------------------------------------------------------------------------------------------------
2024-07-14 18:44:59,159:INFO: Epoch 70	---Train--- Average Loss:    28.9942	 Patience 26	 Loss:    35.7291	Accuracy: 77.7887	Precision: 68.2886	Recall: 94.5747	f1: 79.310	
2024-07-14 18:45:02,125:INFO: Epoch 70	----Valid---- Loss: 48.2226	Accuracy: 58.3001	Precision: 52.4481	Recall: 80.0000	F1: 63.3584
2024-07-14 18:45:05,146:INFO: Epoch 70	----Test---- Loss: 49.5960	Accuracy: 57.0864	Precision: 52.4320	Recall: 77.6557	F1: 62.5984
2024-07-14 18:45:58,993:INFO: ----------------------------------------------------------------------------------------------------
2024-07-14 18:45:58,994:INFO: Epoch 71	---Train--- Average Loss:    29.0187	 Patience 27	 Loss:    30.1780	Accuracy: 86.9379	Precision: 80.7006	Recall: 93.2927	f1: 86.541	
2024-07-14 18:46:01,957:INFO: Epoch 71	----Valid---- Loss: 46.3044	Accuracy: 61.3805	Precision: 55.5122	Recall: 72.0253	F1: 62.6997
2024-07-14 18:46:04,978:INFO: Epoch 71	----Test---- Loss: 48.2876	Accuracy: 60.0226	Precision: 55.5224	Recall: 68.1319	F1: 61.1842
2024-07-14 18:46:58,094:INFO: ----------------------------------------------------------------------------------------------------
2024-07-14 18:46:58,094:INFO: Epoch 72	---Train--- Average Loss:    28.5356	 Patience 28	 Loss:    30.7538	Accuracy: 86.0159	Precision: 79.1177	Recall: 93.6523	f1: 85.774	
2024-07-14 18:47:01,053:INFO: Epoch 72	----Valid---- Loss: 45.9976	Accuracy: 62.1221	Precision: 56.0461	Recall: 73.9241	F1: 63.7555
2024-07-14 18:47:04,391:INFO: Epoch 72	----Test---- Loss: 47.8083	Accuracy: 60.1920	Precision: 55.4389	Recall: 70.9402	F1: 62.2389
2024-07-14 18:47:57,295:INFO: ----------------------------------------------------------------------------------------------------
2024-07-14 18:47:57,295:INFO: Epoch 73	---Train--- Average Loss:    28.8146	 Patience 29	 Loss:    29.7945	Accuracy: 87.6979	Precision: 82.3677	Recall: 92.4640	f1: 87.124	
2024-07-14 18:48:00,261:INFO: Epoch 73	----Valid---- Loss: 46.2080	Accuracy: 62.3503	Precision: 56.7288	Recall: 69.3671	F1: 62.4146
2024-07-14 18:48:03,288:INFO: Epoch 73	----Test---- Loss: 49.0722	Accuracy: 58.6674	Precision: 54.6227	Recall: 62.7595	F1: 58.4091
2024-07-14 18:48:57,266:INFO: ----------------------------------------------------------------------------------------------------
2024-07-14 18:48:57,266:INFO: Epoch 74	---Train--- Average Loss:    28.5419	 Patience 30	 Loss:    29.0571	Accuracy: 88.9577	Precision: 84.5032	Recall: 92.4171	f1: 88.283	
2024-07-14 18:49:00,240:INFO: Epoch 74	----Valid---- Loss: 45.6745	Accuracy: 63.2059	Precision: 57.8719	Recall: 67.4684	F1: 62.3027
2024-07-14 18:49:03,270:INFO: Epoch 74	----Test---- Loss: 47.4509	Accuracy: 61.6601	Precision: 57.5594	Recall: 65.0794	F1: 61.0888
2024-07-14 18:49:56,801:INFO: ----------------------------------------------------------------------------------------------------
2024-07-14 18:49:56,801:INFO: Epoch 75	---Train--- Average Loss:    28.5214	 Patience 31	 Loss:    28.9496	Accuracy: 89.1266	Precision: 85.3314	Recall: 91.5885	f1: 88.349	
2024-07-14 18:49:59,777:INFO: Epoch 75	----Valid---- Loss: 45.9521	Accuracy: 62.5214	Precision: 57.2837	Recall: 66.2025	F1: 61.4210
2024-07-14 18:50:02,800:INFO: Epoch 75	----Test---- Loss: 48.3029	Accuracy: 60.2484	Precision: 56.4246	Recall: 61.6606	F1: 58.9265
2024-07-14 18:50:56,742:INFO: ----------------------------------------------------------------------------------------------------
2024-07-14 18:50:56,742:INFO: Epoch 76	---Train--- Average Loss:    28.2517	 Patience 32	 Loss:    29.4100	Accuracy: 88.2047	Precision: 82.2140	Recall: 94.1682	f1: 87.786	
2024-07-14 18:50:59,695:INFO: Epoch 76	----Valid---- Loss: 45.5423	Accuracy: 62.5214	Precision: 56.5260	Recall: 72.9114	F1: 63.6816
2024-07-14 18:51:02,721:INFO: Epoch 76	----Test---- Loss: 47.3530	Accuracy: 61.2084	Precision: 56.4961	Recall: 70.0855	F1: 62.5613
2024-07-14 18:51:56,691:INFO: ----------------------------------------------------------------------------------------------------
2024-07-14 18:51:56,691:INFO: Epoch 77	---Train--- Average Loss:    28.3991	 Patience 33	 Loss:    31.7784	Accuracy: 84.3128	Precision: 76.8319	Recall: 93.2770	f1: 84.260	
2024-07-14 18:51:59,647:INFO: Epoch 77	----Valid---- Loss: 47.1771	Accuracy: 60.4678	Precision: 54.5972	Recall: 72.9114	F1: 62.4390
2024-07-14 18:52:02,675:INFO: Epoch 77	----Test---- Loss: 49.6872	Accuracy: 57.5946	Precision: 53.2505	Recall: 68.0098	F1: 59.7319
2024-07-14 18:52:56,606:INFO: ----------------------------------------------------------------------------------------------------
2024-07-14 18:52:56,606:INFO: Epoch 78	---Train--- Average Loss:    28.3524	 Patience 34	 Loss:    33.8411	Accuracy: 80.7798	Precision: 71.5614	Recall: 95.0907	f1: 81.665	
2024-07-14 18:52:59,576:INFO: Epoch 78	----Valid---- Loss: 47.7101	Accuracy: 59.1557	Precision: 53.1356	Recall: 79.3671	F1: 63.6548
2024-07-14 18:53:02,593:INFO: Epoch 78	----Test---- Loss: 48.8406	Accuracy: 57.9898	Precision: 53.1486	Recall: 77.2894	F1: 62.9851
2024-07-14 18:53:56,198:INFO: ----------------------------------------------------------------------------------------------------
2024-07-14 18:53:56,198:INFO: Epoch 79	---Train--- Average Loss:    28.2965	 Patience 35	 Loss:    28.9166	Accuracy: 89.2885	Precision: 85.5766	Recall: 91.6510	f1: 88.510	
2024-07-14 18:53:59,172:INFO: Epoch 79	----Valid---- Loss: 45.9008	Accuracy: 63.0348	Precision: 57.7342	Recall: 67.0886	F1: 62.0609
2024-07-14 18:54:02,192:INFO: Epoch 79	----Test---- Loss: 48.8031	Accuracy: 59.5144	Precision: 55.6291	Recall: 61.5385	F1: 58.4348
2024-07-14 18:54:55,862:INFO: ----------------------------------------------------------------------------------------------------
2024-07-14 18:54:55,862:INFO: Epoch 80	---Train--- Average Loss:    28.2578	 Patience 36	 Loss:    29.3882	Accuracy: 88.0991	Precision: 82.3368	Recall: 93.6523	f1: 87.631	
2024-07-14 18:54:58,829:INFO: Epoch 80	----Valid---- Loss: 46.1663	Accuracy: 62.0080	Precision: 56.1386	Recall: 71.7722	F1: 63.0000
2024-07-14 18:55:01,855:INFO: Epoch 80	----Test---- Loss: 48.1906	Accuracy: 60.2484	Precision: 55.8376	Recall: 67.1551	F1: 60.9756
2024-07-14 18:55:55,289:INFO: ----------------------------------------------------------------------------------------------------
2024-07-14 18:55:55,289:INFO: Epoch 81	---Train--- Average Loss:    28.2479	 Patience 37	 Loss:    27.8499	Accuracy: 90.9424	Precision: 87.7271	Recall: 92.8705	f1: 90.226	
2024-07-14 18:55:58,200:INFO: Epoch 81	----Valid---- Loss: 45.0559	Accuracy: 64.2898	Precision: 59.3822	Recall: 65.6962	F1: 62.3798
2024-07-14 18:56:01,182:INFO: Epoch 81	----Test---- Loss: 47.1896	Accuracy: 62.1118	Precision: 58.2774	Recall: 63.6142	F1: 60.8290
2024-07-14 18:56:53,734:INFO: ----------------------------------------------------------------------------------------------------
2024-07-14 18:56:53,734:INFO: Epoch 82	---Train--- Average Loss:    28.3292	 Patience 38	 Loss:    28.2528	Accuracy: 90.2456	Precision: 86.9469	Recall: 92.1670	f1: 89.481	
2024-07-14 18:56:56,661:INFO: Epoch 82	----Valid---- Loss: 45.6241	Accuracy: 63.6623	Precision: 58.5859	Recall: 66.0759	F1: 62.1059
2024-07-14 18:56:59,639:INFO: Epoch 82	----Test---- Loss: 47.6990	Accuracy: 61.7730	Precision: 58.2176	Recall: 61.4164	F1: 59.7742
2024-07-14 18:57:52,003:INFO: ----------------------------------------------------------------------------------------------------
2024-07-14 18:57:52,003:INFO: Epoch 83	---Train--- Average Loss:    27.8848	 Patience 39	 Loss:    28.4122	Accuracy: 89.9711	Precision: 86.8168	Recall: 91.6354	f1: 89.161	
2024-07-14 18:57:54,925:INFO: Epoch 83	----Valid---- Loss: 45.5710	Accuracy: 63.2630	Precision: 58.1111	Recall: 66.2025	F1: 61.8935
2024-07-14 18:57:57,905:INFO: Epoch 83	----Test---- Loss: 47.9309	Accuracy: 60.8696	Precision: 57.0787	Recall: 62.0269	F1: 59.4500
2024-07-14 18:58:50,242:INFO: ----------------------------------------------------------------------------------------------------
2024-07-14 18:58:50,242:INFO: Epoch 84	---Train--- Average Loss:    27.9596	 Patience 40	 Loss:    31.2709	Accuracy: 84.8336	Precision: 76.9338	Recall: 94.6998	f1: 84.897	
2024-07-14 18:58:53,164:INFO: Epoch 84	----Valid---- Loss: 47.0257	Accuracy: 60.3537	Precision: 54.3300	Recall: 75.4430	F1: 63.1691
2024-07-14 18:58:56,444:INFO: Epoch 84	----Test---- Loss: 48.3849	Accuracy: 59.0627	Precision: 54.2342	Recall: 73.5043	F1: 62.4158
2024-07-14 18:59:48,461:INFO: ----------------------------------------------------------------------------------------------------
2024-07-14 18:59:48,461:INFO: Epoch 85	---Train--- Average Loss:    27.9422	 Patience 41	 Loss:    30.7149	Accuracy: 85.9526	Precision: 78.6235	Recall: 94.4809	f1: 85.826	
2024-07-14 18:59:51,375:INFO: Epoch 85	----Valid---- Loss: 46.3271	Accuracy: 61.4375	Precision: 55.2680	Recall: 75.6962	F1: 63.8889
2024-07-14 18:59:54,360:INFO: Epoch 85	----Test---- Loss: 48.3525	Accuracy: 59.7967	Precision: 54.9128	Recall: 73.0159	F1: 62.6834
2024-07-14 19:00:46,759:INFO: ----------------------------------------------------------------------------------------------------
2024-07-14 19:00:46,759:INFO: Epoch 86	---Train--- Average Loss:    27.8711	 Patience 42	 Loss:    30.1376	Accuracy: 86.8816	Precision: 79.9577	Recall: 94.5591	f1: 86.648	
2024-07-14 19:00:49,684:INFO: Epoch 86	----Valid---- Loss: 45.7893	Accuracy: 61.8939	Precision: 55.6691	Recall: 75.8228	F1: 64.2015
2024-07-14 19:00:52,653:INFO: Epoch 86	----Test---- Loss: 48.4827	Accuracy: 59.1191	Precision: 54.3538	Recall: 72.4054	F1: 62.0942
2024-07-14 19:01:45,774:INFO: ----------------------------------------------------------------------------------------------------
2024-07-14 19:01:45,774:INFO: Epoch 87	---Train--- Average Loss:    27.8956	 Patience 43	 Loss:    29.0981	Accuracy: 88.7395	Precision: 83.4169	Recall: 93.5897	f1: 88.211	
2024-07-14 19:01:48,705:INFO: Epoch 87	----Valid---- Loss: 46.0020	Accuracy: 62.4643	Precision: 56.7073	Recall: 70.6329	F1: 62.9087
2024-07-14 19:01:51,696:INFO: Epoch 87	----Test---- Loss: 48.2255	Accuracy: 59.7403	Precision: 55.4303	Recall: 66.0562	F1: 60.2786
2024-07-14 19:02:45,319:INFO: ----------------------------------------------------------------------------------------------------
2024-07-14 19:02:45,319:INFO: Epoch 88	---Train--- Average Loss:    27.7987	 Patience 44	 Loss:    31.5116	Accuracy: 84.7350	Precision: 76.7769	Recall: 94.7467	f1: 84.820	
2024-07-14 19:02:48,238:INFO: Epoch 88	----Valid---- Loss: 46.7821	Accuracy: 61.0382	Precision: 54.8504	Recall: 76.5823	F1: 63.9197
2024-07-14 19:02:51,220:INFO: Epoch 88	----Test---- Loss: 47.9837	Accuracy: 59.7403	Precision: 54.8446	Recall: 73.2601	F1: 62.7287
2024-07-14 19:03:44,008:INFO: ----------------------------------------------------------------------------------------------------
2024-07-14 19:03:44,009:INFO: Epoch 89	---Train--- Average Loss:    27.7799	 Patience 45	 Loss:    28.9200	Accuracy: 89.0070	Precision: 83.5229	Recall: 94.1526	f1: 88.520	
2024-07-14 19:03:46,942:INFO: Epoch 89	----Valid---- Loss: 45.8891	Accuracy: 62.6355	Precision: 56.7031	Recall: 72.2785	F1: 63.5504
2024-07-14 19:03:49,933:INFO: Epoch 89	----Test---- Loss: 47.8798	Accuracy: 60.4743	Precision: 55.9799	Recall: 68.0098	F1: 61.4112
2024-07-14 19:04:43,189:INFO: ----------------------------------------------------------------------------------------------------
2024-07-14 19:04:43,189:INFO: Epoch 90	---Train--- Average Loss:    27.7900	 Patience 46	 Loss:    27.5499	Accuracy: 91.2028	Precision: 87.7716	Recall: 93.4803	f1: 90.536	
2024-07-14 19:04:46,117:INFO: Epoch 90	----Valid---- Loss: 45.5163	Accuracy: 63.8334	Precision: 58.6475	Recall: 66.9620	F1: 62.5296
2024-07-14 19:04:49,105:INFO: Epoch 90	----Test---- Loss: 47.7538	Accuracy: 61.0954	Precision: 57.1272	Recall: 63.6142	F1: 60.1964
2024-07-14 19:05:41,893:INFO: ----------------------------------------------------------------------------------------------------
2024-07-14 19:05:41,894:INFO: Epoch 91	---Train--- Average Loss:    27.6870	 Patience 47	 Loss:    28.5631	Accuracy: 89.6544	Precision: 84.6024	Recall: 94.1526	f1: 89.122	
2024-07-14 19:05:44,833:INFO: Epoch 91	----Valid---- Loss: 45.8961	Accuracy: 62.6925	Precision: 56.9246	Recall: 70.7595	F1: 63.0926
2024-07-14 19:05:47,817:INFO: Epoch 91	----Test---- Loss: 47.8198	Accuracy: 60.5872	Precision: 56.1546	Recall: 67.3993	F1: 61.2653
2024-07-14 19:06:40,353:INFO: ----------------------------------------------------------------------------------------------------
2024-07-14 19:06:40,353:INFO: Epoch 92	---Train--- Average Loss:    27.7215	 Patience 48	 Loss:    29.7728	Accuracy: 87.6135	Precision: 80.8655	Recall: 94.9500	f1: 87.344	
2024-07-14 19:06:43,281:INFO: Epoch 92	----Valid---- Loss: 45.8365	Accuracy: 62.1791	Precision: 55.9849	Recall: 75.1899	F1: 64.1815
2024-07-14 19:06:46,272:INFO: Epoch 92	----Test---- Loss: 48.0350	Accuracy: 59.8532	Precision: 55.0657	Recall: 71.6728	F1: 62.2812
2024-07-14 19:07:39,144:INFO: ----------------------------------------------------------------------------------------------------
2024-07-14 19:07:39,144:INFO: Epoch 93	---Train--- Average Loss:    27.6759	 Patience 49	 Loss:    27.3606	Accuracy: 91.6532	Precision: 88.0848	Recall: 94.1995	f1: 91.040	
2024-07-14 19:07:42,098:INFO: Epoch 93	----Valid---- Loss: 44.2016	Accuracy: 65.5448	Precision: 60.1751	Recall: 69.6203	F1: 64.5540
2024-07-14 19:07:45,088:INFO: Epoch 93	----Test---- Loss: 47.5399	Accuracy: 61.9424	Precision: 57.9758	Recall: 64.3468	F1: 60.9954
2024-07-14 19:08:38,251:INFO: ----------------------------------------------------------------------------------------------------
2024-07-14 19:08:38,251:INFO: Epoch 94	---Train--- Average Loss:    27.4279	 Patience 50	 Loss:    27.3371	Accuracy: 92.0966	Precision: 92.6135	Recall: 89.5872	f1: 91.075	
2024-07-14 19:08:41,184:INFO: Epoch 94	----Valid---- Loss: 45.3473	Accuracy: 64.6891	Precision: 61.9580	Recall: 56.0759	F1: 58.8704
2024-07-14 19:08:44,174:INFO: Epoch 94	----Test---- Loss: 48.6071	Accuracy: 60.9825	Precision: 59.1168	Recall: 50.6716	F1: 54.5694
2024-07-14 19:09:37,954:INFO: ----------------------------------------------------------------------------------------------------
2024-07-14 19:09:37,955:INFO: Epoch 95	---Train--- Average Loss:    27.5904	 Patience 51	 Loss:    27.3313	Accuracy: 91.6673	Precision: 88.8607	Recall: 93.1676	f1: 90.963	
2024-07-14 19:09:40,906:INFO: Epoch 95	----Valid---- Loss: 45.4051	Accuracy: 64.1757	Precision: 59.5745	Recall: 63.7975	F1: 61.6137
2024-07-14 19:09:43,896:INFO: Epoch 95	----Test---- Loss: 47.6641	Accuracy: 61.2648	Precision: 57.5482	Recall: 61.9048	F1: 59.6471
2024-07-14 19:10:37,234:INFO: ----------------------------------------------------------------------------------------------------
2024-07-14 19:10:37,234:INFO: Epoch 96	---Train--- Average Loss:    27.4507	 Patience 52	 Loss:    26.8818	Accuracy: 92.4766	Precision: 90.6703	Recall: 92.8393	f1: 91.742	
2024-07-14 19:10:40,488:INFO: Epoch 96	----Valid---- Loss: 45.2243	Accuracy: 64.6321	Precision: 60.7053	Recall: 61.0127	F1: 60.8586
2024-07-14 19:10:43,485:INFO: Epoch 96	----Test---- Loss: 48.5584	Accuracy: 60.5308	Precision: 57.3892	Recall: 56.8987	F1: 57.1429
2024-07-14 19:11:36,638:INFO: ----------------------------------------------------------------------------------------------------
2024-07-14 19:11:36,639:INFO: Epoch 97	---Train--- Average Loss:    27.4100	 Patience 53	 Loss:    27.4781	Accuracy: 91.5406	Precision: 89.1114	Recall: 92.5109	f1: 90.779	
2024-07-14 19:11:39,568:INFO: Epoch 97	----Valid---- Loss: 45.6596	Accuracy: 64.1187	Precision: 60.0249	Recall: 61.0127	F1: 60.5148
2024-07-14 19:11:42,553:INFO: Epoch 97	----Test---- Loss: 47.8440	Accuracy: 61.5471	Precision: 58.3738	Recall: 58.7302	F1: 58.5514
2024-07-14 19:12:35,669:INFO: ----------------------------------------------------------------------------------------------------
2024-07-14 19:12:35,669:INFO: Epoch 98	---Train--- Average Loss:    27.3745	 Patience 54	 Loss:    27.4560	Accuracy: 91.5898	Precision: 88.6117	Recall: 93.3083	f1: 90.899	
2024-07-14 19:12:38,609:INFO: Epoch 98	----Valid---- Loss: 45.6861	Accuracy: 63.6052	Precision: 59.0261	Recall: 62.9114	F1: 60.9069
2024-07-14 19:12:41,599:INFO: Epoch 98	----Test---- Loss: 47.6526	Accuracy: 61.4907	Precision: 57.9374	Recall: 61.0501	F1: 59.4530
2024-07-14 19:13:34,539:INFO: ----------------------------------------------------------------------------------------------------
2024-07-14 19:13:34,539:INFO: Epoch 99	---Train--- Average Loss:    27.4610	 Patience 55	 Loss:    26.7589	Accuracy: 92.7511	Precision: 91.4683	Recall: 92.5266	f1: 91.994	
2024-07-14 19:13:37,420:INFO: Epoch 99	----Valid---- Loss: 45.2832	Accuracy: 64.5180	Precision: 60.7143	Recall: 60.2532	F1: 60.4828
2024-07-14 19:13:40,366:INFO: Epoch 99	----Test---- Loss: 48.3048	Accuracy: 61.3778	Precision: 58.3643	Recall: 57.5092	F1: 57.9336
2024-07-14 19:14:33,183:INFO: ----------------------------------------------------------------------------------------------------
2024-07-14 19:14:33,183:INFO: Epoch 100	---Train--- Average Loss:    27.2258	 Patience 56	 Loss:    28.5423	Accuracy: 89.6896	Precision: 84.7498	Recall: 94.0119	f1: 89.141	
2024-07-14 19:14:36,067:INFO: Epoch 100	----Valid---- Loss: 46.7349	Accuracy: 61.3234	Precision: 55.6338	Recall: 70.0000	F1: 61.9955
2024-07-14 19:14:39,021:INFO: Epoch 100	----Test---- Loss: 48.7532	Accuracy: 59.3450	Precision: 54.9058	Recall: 67.6435	F1: 60.6127
2024-07-14 19:14:39,021:INFO: Finish training!
2024-07-14 19:14:39,038:INFO: ####################################################################################################
2024-07-14 19:14:39,038:INFO: Test result
2024-07-14 19:14:41,996:INFO: models/FFmpeg/DevignModel	----Test---- Loss: 47.7827	Accuracy: 58.9497	Precision: 53.6164	Recall: 83.2723	F1: 65.2319
