2024-06-08 16:07:16,001:INFO: Check up feature_size: 100
2024-06-08 16:07:16,001:INFO: ####################################################################################################
2024-06-08 16:07:25,272:INFO: Reading already processed data from ../data_processing/outputs/devign_cpg_sim/devign.bin!
2024-06-08 16:07:25,272:INFO: train_dataset: 15350; valid_dataset: 1912; test_dataset: 1922
2024-06-08 16:07:25,272:INFO: train_batch: 240, valid_batch: 30, test_batch: 31
2024-06-08 16:07:25,272:INFO: ####################################################################################################
2024-06-08 16:07:25,273:INFO: Check up model_type: devign
2024-06-08 16:07:25,350:INFO: Total Parameters : 856463
2024-06-08 16:07:25,350:INFO: ####################################################################################################
2024-06-08 16:07:26,867:INFO: Start training!
2024-06-08 16:09:18,238:INFO: ----------------------------------------------------------------------------------------------------
2024-06-08 16:09:18,238:INFO: Epoch 1	---Train--- Average Loss:    48.8678	 Patience 0	 Loss:    48.0234	Accuracy: 55.6287	Precision: 51.0629	Recall: 50.7473	f1: 50.905	
2024-06-08 16:09:23,575:INFO: Epoch 1	----Valid---- Loss: 48.2925	Accuracy: 55.9100	Precision: 50.8706	Recall: 47.7246	F1: 49.2474
2024-06-08 16:09:28,837:INFO: Epoch 1	----Test---- Loss: 48.1197	Accuracy: 54.8438	Precision: 51.7475	Recall: 51.1136	F1: 51.4286
2024-06-08 16:10:56,975:INFO: ----------------------------------------------------------------------------------------------------
2024-06-08 16:10:56,975:INFO: Epoch 2	---Train--- Average Loss:    48.0846	 Patience 0	 Loss:    47.6007	Accuracy: 57.0293	Precision: 52.7718	Recall: 49.5257	f1: 51.097	
2024-06-08 16:11:02,158:INFO: Epoch 2	----Valid---- Loss: 47.9946	Accuracy: 55.5962	Precision: 50.5405	Recall: 43.6406	F1: 46.8378
2024-06-08 16:11:07,373:INFO: Epoch 2	----Test---- Loss: 46.6320	Accuracy: 55.3283	Precision: 52.7848	Recall: 47.7117	F1: 50.1202
2024-06-08 16:12:39,112:INFO: ----------------------------------------------------------------------------------------------------
2024-06-08 16:12:39,113:INFO: Epoch 3	---Train--- Average Loss:    47.7391	 Patience 1	 Loss:    47.2747	Accuracy: 58.9186	Precision: 56.1579	Recall: 42.7278	f1: 48.531	
2024-06-08 16:12:44,237:INFO: Epoch 3	----Valid---- Loss: 47.8379	Accuracy: 56.6423	Precision: 52.3333	Recall: 36.6394	F1: 43.1023
2024-06-08 16:12:49,281:INFO: Epoch 3	----Test---- Loss: 46.5237	Accuracy: 55.7589	Precision: 53.7242	Recall: 39.0104	F1: 45.2000
2024-06-08 16:14:17,114:INFO: ----------------------------------------------------------------------------------------------------
2024-06-08 16:14:17,115:INFO: Epoch 4	---Train--- Average Loss:    47.3421	 Patience 2	 Loss:    46.8673	Accuracy: 59.1401	Precision: 55.2640	Recall: 51.7534	f1: 53.451	
2024-06-08 16:14:22,626:INFO: Epoch 4	----Valid---- Loss: 47.6264	Accuracy: 56.7469	Precision: 51.9789	Recall: 45.9743	F1: 48.7926
2024-06-08 16:14:27,716:INFO: Epoch 4	----Test---- Loss: 46.5091	Accuracy: 55.4898	Precision: 52.8105	Recall: 46.4368	F1: 49.4190
2024-06-08 16:15:56,021:INFO: ----------------------------------------------------------------------------------------------------
2024-06-08 16:15:56,022:INFO: Epoch 5	---Train--- Average Loss:    46.9951	 Patience 3	 Loss:    46.4707	Accuracy: 60.8795	Precision: 57.2982	Recall: 53.7654	f1: 55.476	
2024-06-08 16:16:01,212:INFO: Epoch 5	----Valid---- Loss: 47.5026	Accuracy: 57.2176	Precision: 52.6104	Recall: 45.8576	F1: 49.0025
2024-06-08 16:16:06,331:INFO: Epoch 5	----Test---- Loss: 46.3308	Accuracy: 56.3509	Precision: 53.8562	Recall: 47.3563	F1: 50.3976
2024-06-08 16:17:34,699:INFO: ----------------------------------------------------------------------------------------------------
2024-06-08 16:17:34,700:INFO: Epoch 6	---Train--- Average Loss:    46.6678	 Patience 4	 Loss:    46.0837	Accuracy: 61.2899	Precision: 57.5416	Recall: 55.7057	f1: 56.609	
2024-06-08 16:17:39,912:INFO: Epoch 6	----Valid---- Loss: 47.5371	Accuracy: 55.7531	Precision: 50.7190	Recall: 45.2742	F1: 47.8422
2024-06-08 16:17:45,070:INFO: Epoch 6	----Test---- Loss: 46.2149	Accuracy: 56.4047	Precision: 53.6432	Recall: 49.1935	F1: 51.3221
2024-06-08 16:19:15,256:INFO: ----------------------------------------------------------------------------------------------------
2024-06-08 16:19:15,256:INFO: Epoch 7	---Train--- Average Loss:    46.1769	 Patience 5	 Loss:    45.6796	Accuracy: 61.9283	Precision: 57.9254	Recall: 58.5082	f1: 58.215	
2024-06-08 16:19:20,567:INFO: Epoch 7	----Valid---- Loss: 47.4102	Accuracy: 56.9561	Precision: 52.0732	Recall: 49.8250	F1: 50.9243
2024-06-08 16:19:25,818:INFO: Epoch 7	----Test---- Loss: 46.0377	Accuracy: 57.3197	Precision: 54.9210	Recall: 51.7162	F1: 53.2705
2024-06-08 16:20:56,576:INFO: ----------------------------------------------------------------------------------------------------
2024-06-08 16:20:56,577:INFO: Epoch 8	---Train--- Average Loss:    45.8345	 Patience 0	 Loss:    45.1736	Accuracy: 63.4463	Precision: 59.8826	Recall: 58.6519	f1: 59.261	
2024-06-08 16:21:01,907:INFO: Epoch 8	----Valid---- Loss: 47.1021	Accuracy: 57.8452	Precision: 53.1288	Recall: 50.5251	F1: 51.7943
2024-06-08 16:21:07,196:INFO: Epoch 8	----Test---- Loss: 46.1557	Accuracy: 57.4273	Precision: 55.3770	Recall: 51.0251	F1: 53.1120
2024-06-08 16:22:38,552:INFO: ----------------------------------------------------------------------------------------------------
2024-06-08 16:22:38,552:INFO: Epoch 9	---Train--- Average Loss:    45.4129	 Patience 0	 Loss:    44.8835	Accuracy: 63.3225	Precision: 58.5655	Recall: 65.2486	f1: 61.727	
2024-06-08 16:22:43,889:INFO: Epoch 9	----Valid---- Loss: 47.0351	Accuracy: 57.7929	Precision: 52.6767	Recall: 57.4096	F1: 54.9414
2024-06-08 16:22:49,185:INFO: Epoch 9	----Test---- Loss: 46.1459	Accuracy: 57.6964	Precision: 54.3131	Recall: 58.8235	F1: 56.4784
2024-06-08 16:24:19,990:INFO: ----------------------------------------------------------------------------------------------------
2024-06-08 16:24:19,991:INFO: Epoch 10	---Train--- Average Loss:    44.9614	 Patience 0	 Loss:    44.5278	Accuracy: 63.6352	Precision: 57.9926	Recall: 71.7448	f1: 64.140	
2024-06-08 16:24:25,332:INFO: Epoch 10	----Valid---- Loss: 46.9142	Accuracy: 57.8452	Precision: 52.4590	Recall: 63.4772	F1: 57.4446
2024-06-08 16:24:30,620:INFO: Epoch 10	----Test---- Loss: 45.9088	Accuracy: 57.9656	Precision: 54.3992	Recall: 65.7895	F1: 59.5546
2024-06-08 16:26:02,040:INFO: ----------------------------------------------------------------------------------------------------
2024-06-08 16:26:02,040:INFO: Epoch 11	---Train--- Average Loss:    44.5025	 Patience 0	 Loss:    43.7877	Accuracy: 65.6482	Precision: 60.5563	Recall: 69.4596	f1: 64.703	
2024-06-08 16:26:07,404:INFO: Epoch 11	----Valid---- Loss: 46.8024	Accuracy: 58.5251	Precision: 53.3543	Recall: 59.3932	F1: 56.2120
2024-06-08 16:26:12,722:INFO: Epoch 11	----Test---- Loss: 46.0894	Accuracy: 58.1808	Precision: 54.8148	Recall: 59.6774	F1: 57.1429
2024-06-08 16:27:43,647:INFO: ----------------------------------------------------------------------------------------------------
2024-06-08 16:27:43,647:INFO: Epoch 12	---Train--- Average Loss:    44.0086	 Patience 1	 Loss:    43.3861	Accuracy: 66.6384	Precision: 62.8085	Recall: 64.7312	f1: 63.755	
2024-06-08 16:27:49,005:INFO: Epoch 12	----Valid---- Loss: 46.8789	Accuracy: 58.8389	Precision: 54.1568	Recall: 53.2089	F1: 53.6786
2024-06-08 16:27:54,331:INFO: Epoch 12	----Test---- Loss: 46.1121	Accuracy: 57.2121	Precision: 54.1619	Recall: 54.7235	F1: 54.4413
2024-06-08 16:29:25,802:INFO: ----------------------------------------------------------------------------------------------------
2024-06-08 16:29:25,803:INFO: Epoch 13	---Train--- Average Loss:    43.6049	 Patience 2	 Loss:    42.8558	Accuracy: 67.4919	Precision: 62.1302	Recall: 72.4346	f1: 66.888	
2024-06-08 16:29:31,170:INFO: Epoch 13	----Valid---- Loss: 46.7014	Accuracy: 59.4665	Precision: 54.2094	Recall: 61.6103	F1: 57.6734
2024-06-08 16:29:36,502:INFO: Epoch 13	----Test---- Loss: 46.1297	Accuracy: 58.1270	Precision: 54.5913	Recall: 62.2555	F1: 58.1720
2024-06-08 16:31:08,280:INFO: ----------------------------------------------------------------------------------------------------
2024-06-08 16:31:08,280:INFO: Epoch 14	---Train--- Average Loss:    43.0866	 Patience 0	 Loss:    42.5554	Accuracy: 68.1824	Precision: 64.1165	Recall: 67.6919	f1: 65.856	
2024-06-08 16:31:13,659:INFO: Epoch 14	----Valid---- Loss: 46.8976	Accuracy: 59.8326	Precision: 55.1804	Recall: 55.3092	F1: 55.2448
2024-06-08 16:31:18,975:INFO: Epoch 14	----Test---- Loss: 46.3633	Accuracy: 57.8579	Precision: 54.8643	Recall: 55.8113	F1: 55.3337
2024-06-08 16:32:50,688:INFO: ----------------------------------------------------------------------------------------------------
2024-06-08 16:32:50,688:INFO: Epoch 15	---Train--- Average Loss:    42.7502	 Patience 1	 Loss:    41.9749	Accuracy: 69.3681	Precision: 65.7016	Recall: 67.8356	f1: 66.752	
2024-06-08 16:32:55,963:INFO: Epoch 15	----Valid---- Loss: 46.6080	Accuracy: 59.9372	Precision: 55.4622	Recall: 53.9090	F1: 54.6746
2024-06-08 16:33:01,206:INFO: Epoch 15	----Test---- Loss: 46.4976	Accuracy: 57.4812	Precision: 54.8276	Recall: 54.5767	F1: 54.7018
2024-06-08 16:34:31,614:INFO: ----------------------------------------------------------------------------------------------------
2024-06-08 16:34:31,614:INFO: Epoch 16	---Train--- Average Loss:    42.1674	 Patience 2	 Loss:    41.3167	Accuracy: 70.9381	Precision: 68.1653	Recall: 67.3326	f1: 67.746	
2024-06-08 16:34:36,898:INFO: Epoch 16	----Valid---- Loss: 46.5759	Accuracy: 60.9833	Precision: 56.8773	Recall: 53.5589	F1: 55.1683
2024-06-08 16:34:42,131:INFO: Epoch 16	----Test---- Loss: 46.7071	Accuracy: 58.3423	Precision: 56.4735	Recall: 52.1047	F1: 54.2012
2024-06-08 16:36:12,604:INFO: ----------------------------------------------------------------------------------------------------
2024-06-08 16:36:12,604:INFO: Epoch 17	---Train--- Average Loss:    41.6135	 Patience 3	 Loss:    40.6880	Accuracy: 71.4202	Precision: 66.6193	Recall: 74.0586	f1: 70.142	
2024-06-08 16:36:17,888:INFO: Epoch 17	----Valid---- Loss: 46.4587	Accuracy: 61.0356	Precision: 56.0870	Recall: 60.2100	F1: 58.0754
2024-06-08 16:36:23,136:INFO: Epoch 17	----Test---- Loss: 46.7672	Accuracy: 56.7277	Precision: 53.1983	Recall: 57.7546	F1: 55.3829
2024-06-08 16:37:53,522:INFO: ----------------------------------------------------------------------------------------------------
2024-06-08 16:37:53,522:INFO: Epoch 18	---Train--- Average Loss:    41.1678	 Patience 0	 Loss:    40.6004	Accuracy: 70.7948	Precision: 64.0418	Recall: 81.1153	f1: 71.574	
2024-06-08 16:37:58,821:INFO: Epoch 18	----Valid---- Loss: 46.5560	Accuracy: 59.4665	Precision: 53.7684	Recall: 68.2614	F1: 60.1542
2024-06-08 16:38:04,409:INFO: Epoch 18	----Test---- Loss: 46.5473	Accuracy: 57.8579	Precision: 53.7004	Recall: 68.7861	F1: 60.3142
2024-06-08 16:39:35,324:INFO: ----------------------------------------------------------------------------------------------------
2024-06-08 16:39:35,324:INFO: Epoch 19	---Train--- Average Loss:    40.7050	 Patience 0	 Loss:    40.0357	Accuracy: 71.9609	Precision: 65.3446	Recall: 81.2159	f1: 72.421	
2024-06-08 16:39:40,748:INFO: Epoch 19	----Valid---- Loss: 46.6172	Accuracy: 61.2448	Precision: 55.5238	Recall: 68.0280	F1: 61.1432
2024-06-08 16:39:46,092:INFO: Epoch 19	----Test---- Loss: 46.7280	Accuracy: 58.6652	Precision: 54.8148	Recall: 67.8899	F1: 60.6557
2024-06-08 16:41:18,367:INFO: ----------------------------------------------------------------------------------------------------
2024-06-08 16:41:18,367:INFO: Epoch 20	---Train--- Average Loss:    40.2866	 Patience 0	 Loss:    39.5771	Accuracy: 73.2313	Precision: 67.7818	Recall: 78.0397	f1: 72.550	
2024-06-08 16:41:23,743:INFO: Epoch 20	----Valid---- Loss: 46.4656	Accuracy: 60.8787	Precision: 55.7188	Recall: 61.9603	F1: 58.6740
2024-06-08 16:41:29,101:INFO: Epoch 20	----Test---- Loss: 46.6481	Accuracy: 58.6652	Precision: 54.8420	Recall: 62.3407	F1: 58.3514
2024-06-08 16:43:01,319:INFO: ----------------------------------------------------------------------------------------------------
2024-06-08 16:43:01,319:INFO: Epoch 21	---Train--- Average Loss:    39.8637	 Patience 1	 Loss:    39.9352	Accuracy: 71.4853	Precision: 63.9710	Recall: 84.9238	f1: 72.973	
2024-06-08 16:43:06,713:INFO: Epoch 21	----Valid---- Loss: 46.5770	Accuracy: 59.9895	Precision: 54.0351	Recall: 71.8786	F1: 61.6925
2024-06-08 16:43:12,074:INFO: Epoch 21	----Test---- Loss: 46.4010	Accuracy: 58.8267	Precision: 54.1952	Recall: 73.3488	F1: 62.3338
2024-06-08 16:44:43,929:INFO: ----------------------------------------------------------------------------------------------------
2024-06-08 16:44:43,930:INFO: Epoch 22	---Train--- Average Loss:    39.3546	 Patience 0	 Loss:    39.3005	Accuracy: 73.8697	Precision: 70.7740	Recall: 72.1472	f1: 71.454	
2024-06-08 16:44:49,223:INFO: Epoch 22	----Valid---- Loss: 46.9941	Accuracy: 61.4540	Precision: 57.2289	Recall: 55.4259	F1: 56.3130
2024-06-08 16:44:54,445:INFO: Epoch 22	----Test---- Loss: 47.5981	Accuracy: 57.6426	Precision: 55.0640	Recall: 54.1190	F1: 54.5874
2024-06-08 16:46:24,776:INFO: ----------------------------------------------------------------------------------------------------
2024-06-08 16:46:24,776:INFO: Epoch 23	---Train--- Average Loss:    39.1132	 Patience 1	 Loss:    38.1971	Accuracy: 75.0163	Precision: 69.5066	Recall: 79.9655	f1: 74.370	
2024-06-08 16:46:30,087:INFO: Epoch 23	----Valid---- Loss: 46.7481	Accuracy: 60.7218	Precision: 55.5439	Recall: 61.9603	F1: 58.5769
2024-06-08 16:46:35,346:INFO: Epoch 23	----Test---- Loss: 47.1247	Accuracy: 57.6964	Precision: 54.5267	Recall: 60.6407	F1: 57.4215
2024-06-08 16:48:05,747:INFO: ----------------------------------------------------------------------------------------------------
2024-06-08 16:48:05,747:INFO: Epoch 24	---Train--- Average Loss:    38.5753	 Patience 2	 Loss:    38.2611	Accuracy: 74.8599	Precision: 68.5369	Recall: 82.3369	f1: 74.806	
2024-06-08 16:48:11,052:INFO: Epoch 24	----Valid---- Loss: 46.9539	Accuracy: 61.0879	Precision: 55.6331	Recall: 65.1109	F1: 60.0000
2024-06-08 16:48:16,287:INFO: Epoch 24	----Test---- Loss: 46.9829	Accuracy: 58.7729	Precision: 54.6654	Recall: 67.0520	F1: 60.2285
2024-06-08 16:49:47,005:INFO: ----------------------------------------------------------------------------------------------------
2024-06-08 16:49:47,005:INFO: Epoch 25	---Train--- Average Loss:    38.3031	 Patience 3	 Loss:    37.1705	Accuracy: 77.2834	Precision: 74.1949	Recall: 76.4875	f1: 75.324	
2024-06-08 16:49:52,291:INFO: Epoch 25	----Valid---- Loss: 47.0790	Accuracy: 61.1925	Precision: 56.8209	Recall: 55.8926	F1: 56.3529
2024-06-08 16:49:57,517:INFO: Epoch 25	----Test---- Loss: 47.4375	Accuracy: 58.8267	Precision: 55.7062	Recall: 56.9284	F1: 56.3107
2024-06-08 16:51:28,904:INFO: ----------------------------------------------------------------------------------------------------
2024-06-08 16:51:28,905:INFO: Epoch 26	---Train--- Average Loss:    37.8406	 Patience 4	 Loss:    37.1888	Accuracy: 77.2508	Precision: 75.4928	Recall: 73.7568	f1: 74.615	
2024-06-08 16:51:34,336:INFO: Epoch 26	----Valid---- Loss: 47.1381	Accuracy: 61.6109	Precision: 57.8544	Recall: 52.8588	F1: 55.2439
2024-06-08 16:51:39,722:INFO: Epoch 26	----Test---- Loss: 47.6689	Accuracy: 58.9882	Precision: 56.6382	Recall: 53.3869	F1: 54.9645
2024-06-08 16:53:11,861:INFO: ----------------------------------------------------------------------------------------------------
2024-06-08 16:53:11,861:INFO: Epoch 27	---Train--- Average Loss:    37.4447	 Patience 5	 Loss:    37.2618	Accuracy: 76.6124	Precision: 70.9193	Recall: 82.0494	f1: 76.079	
2024-06-08 16:53:17,276:INFO: Epoch 27	----Valid---- Loss: 47.1088	Accuracy: 60.7741	Precision: 55.6375	Recall: 61.6103	F1: 58.4718
2024-06-08 16:53:22,651:INFO: Epoch 27	----Test---- Loss: 47.1632	Accuracy: 58.6652	Precision: 55.3067	Recall: 64.7662	F1: 59.6639
2024-06-08 16:54:55,048:INFO: ----------------------------------------------------------------------------------------------------
2024-06-08 16:54:55,048:INFO: Epoch 28	---Train--- Average Loss:    37.0247	 Patience 6	 Loss:    38.5615	Accuracy: 73.5961	Precision: 65.3590	Recall: 88.8330	f1: 75.309	
2024-06-08 16:55:00,470:INFO: Epoch 28	----Valid---- Loss: 47.3042	Accuracy: 60.1464	Precision: 54.0984	Recall: 73.1622	F1: 62.2024
2024-06-08 16:55:05,846:INFO: Epoch 28	----Test---- Loss: 46.9100	Accuracy: 58.5038	Precision: 54.3068	Recall: 75.5708	F1: 63.1981
2024-06-08 16:56:38,442:INFO: ----------------------------------------------------------------------------------------------------
2024-06-08 16:56:38,442:INFO: Epoch 29	---Train--- Average Loss:    36.7611	 Patience 0	 Loss:    39.4259	Accuracy: 71.5765	Precision: 62.9685	Recall: 90.5433	f1: 74.279	
2024-06-08 16:56:43,873:INFO: Epoch 29	----Valid---- Loss: 47.5429	Accuracy: 59.4665	Precision: 53.3065	Recall: 77.1295	F1: 63.0424
2024-06-08 16:56:49,267:INFO: Epoch 29	----Test---- Loss: 47.3561	Accuracy: 58.1270	Precision: 53.2806	Recall: 78.2811	F1: 63.4055
2024-06-08 16:58:21,368:INFO: ----------------------------------------------------------------------------------------------------
2024-06-08 16:58:21,368:INFO: Epoch 30	---Train--- Average Loss:    36.7386	 Patience 0	 Loss:    36.1296	Accuracy: 78.3583	Precision: 72.7080	Recall: 83.6591	f1: 77.800	
2024-06-08 16:58:26,756:INFO: Epoch 30	----Valid---- Loss: 46.9909	Accuracy: 61.1402	Precision: 55.9129	Recall: 62.8938	F1: 59.1982
2024-06-08 16:58:32,131:INFO: Epoch 30	----Test---- Loss: 47.3165	Accuracy: 58.4499	Precision: 54.8805	Recall: 63.3333	F1: 58.8047
2024-06-08 17:00:04,033:INFO: ----------------------------------------------------------------------------------------------------
2024-06-08 17:00:04,034:INFO: Epoch 31	---Train--- Average Loss:    36.2916	 Patience 1	 Loss:    35.8217	Accuracy: 78.6124	Precision: 72.9315	Recall: 83.9897	f1: 78.071	
2024-06-08 17:00:09,781:INFO: Epoch 31	----Valid---- Loss: 47.3104	Accuracy: 60.6695	Precision: 55.4745	Recall: 62.0770	F1: 58.5903
2024-06-08 17:00:15,114:INFO: Epoch 31	----Test---- Loss: 48.2035	Accuracy: 56.9429	Precision: 53.4449	Recall: 62.4138	F1: 57.5822
2024-06-08 17:01:46,671:INFO: ----------------------------------------------------------------------------------------------------
2024-06-08 17:01:46,671:INFO: Epoch 32	---Train--- Average Loss:    36.2471	 Patience 2	 Loss:    37.1879	Accuracy: 75.9739	Precision: 67.8649	Recall: 89.2642	f1: 77.107	
2024-06-08 17:01:52,067:INFO: Epoch 32	----Valid---- Loss: 47.1686	Accuracy: 60.6695	Precision: 54.6584	Recall: 71.8786	F1: 62.0968
2024-06-08 17:01:57,579:INFO: Epoch 32	----Test---- Loss: 48.6764	Accuracy: 58.8021	Precision: 54.4251	Recall: 73.2739	F1: 62.4585
2024-06-08 17:03:28,971:INFO: ----------------------------------------------------------------------------------------------------
2024-06-08 17:03:28,972:INFO: Epoch 33	---Train--- Average Loss:    36.1286	 Patience 3	 Loss:    35.6463	Accuracy: 78.9772	Precision: 73.2230	Recall: 84.5358	f1: 78.474	
2024-06-08 17:03:34,262:INFO: Epoch 33	----Valid---- Loss: 47.3852	Accuracy: 60.7741	Precision: 55.5212	Recall: 62.7771	F1: 58.9266
2024-06-08 17:03:39,506:INFO: Epoch 33	----Test---- Loss: 47.5806	Accuracy: 59.0420	Precision: 55.5230	Recall: 64.9886	F1: 59.8840
2024-06-08 17:05:09,314:INFO: ----------------------------------------------------------------------------------------------------
2024-06-08 17:05:09,314:INFO: Epoch 34	---Train--- Average Loss:    35.9714	 Patience 4	 Loss:    36.3620	Accuracy: 77.0033	Precision: 69.1680	Recall: 88.8905	f1: 77.799	
2024-06-08 17:05:14,589:INFO: Epoch 34	----Valid---- Loss: 47.4670	Accuracy: 60.1464	Precision: 54.3379	Recall: 69.4282	F1: 60.9631
2024-06-08 17:05:19,823:INFO: Epoch 34	----Test---- Loss: 47.4842	Accuracy: 58.2347	Precision: 54.1114	Recall: 70.4258	F1: 61.2000
2024-06-08 17:06:50,363:INFO: ----------------------------------------------------------------------------------------------------
2024-06-08 17:06:50,363:INFO: Epoch 35	---Train--- Average Loss:    35.7421	 Patience 5	 Loss:    34.7111	Accuracy: 80.5798	Precision: 74.5828	Recall: 86.7059	f1: 80.189	
2024-06-08 17:06:55,651:INFO: Epoch 35	----Valid---- Loss: 46.4487	Accuracy: 62.6569	Precision: 57.3183	Recall: 65.3442	F1: 61.0687
2024-06-08 17:07:00,871:INFO: Epoch 35	----Test---- Loss: 47.0710	Accuracy: 59.7417	Precision: 56.0757	Recall: 64.7126	F1: 60.0854
2024-06-08 17:08:31,223:INFO: ----------------------------------------------------------------------------------------------------
2024-06-08 17:08:31,224:INFO: Epoch 36	---Train--- Average Loss:    35.1823	 Patience 6	 Loss:    34.7831	Accuracy: 80.5342	Precision: 75.6063	Recall: 84.2340	f1: 79.687	
2024-06-08 17:08:36,504:INFO: Epoch 36	----Valid---- Loss: 46.6286	Accuracy: 61.8201	Precision: 56.7914	Recall: 61.9603	F1: 59.2634
2024-06-08 17:08:41,737:INFO: Epoch 36	----Test---- Loss: 47.9522	Accuracy: 58.1270	Precision: 54.8523	Recall: 59.7701	F1: 57.2057
2024-06-08 17:10:12,487:INFO: ----------------------------------------------------------------------------------------------------
2024-06-08 17:10:12,487:INFO: Epoch 37	---Train--- Average Loss:    34.9541	 Patience 7	 Loss:    35.1283	Accuracy: 79.4919	Precision: 72.8966	Recall: 87.1659	f1: 79.395	
2024-06-08 17:10:17,780:INFO: Epoch 37	----Valid---- Loss: 47.4001	Accuracy: 60.8264	Precision: 55.3045	Recall: 65.6943	F1: 60.0533
2024-06-08 17:10:23,023:INFO: Epoch 37	----Test---- Loss: 46.8059	Accuracy: 60.0646	Precision: 55.9546	Recall: 68.2028	F1: 61.4746
2024-06-08 17:11:54,488:INFO: ----------------------------------------------------------------------------------------------------
2024-06-08 17:11:54,488:INFO: Epoch 38	---Train--- Average Loss:    34.8163	 Patience 8	 Loss:    35.0577	Accuracy: 79.8567	Precision: 73.4189	Recall: 87.0940	f1: 79.674	
2024-06-08 17:11:59,782:INFO: Epoch 38	----Valid---- Loss: 47.6201	Accuracy: 60.6695	Precision: 55.1320	Recall: 65.8110	F1: 60.0000
2024-06-08 17:12:05,056:INFO: Epoch 38	----Test---- Loss: 47.3896	Accuracy: 59.5264	Precision: 55.7985	Recall: 67.1625	F1: 60.9553
2024-06-08 17:13:35,825:INFO: ----------------------------------------------------------------------------------------------------
2024-06-08 17:13:35,825:INFO: Epoch 39	---Train--- Average Loss:    34.6656	 Patience 9	 Loss:    34.4823	Accuracy: 81.2704	Precision: 78.7171	Recall: 80.4254	f1: 79.562	
2024-06-08 17:13:41,118:INFO: Epoch 39	----Valid---- Loss: 47.3450	Accuracy: 61.6109	Precision: 57.2781	Recall: 56.4761	F1: 56.8743
2024-06-08 17:13:46,386:INFO: Epoch 39	----Test---- Loss: 48.7400	Accuracy: 57.5888	Precision: 55.3191	Recall: 53.3030	F1: 54.2923
2024-06-08 17:15:16,857:INFO: ----------------------------------------------------------------------------------------------------
2024-06-08 17:15:16,857:INFO: Epoch 40	---Train--- Average Loss:    34.4930	 Patience 10	 Loss:    33.5502	Accuracy: 82.5928	Precision: 79.9218	Recall: 82.2650	f1: 81.076	
2024-06-08 17:15:22,148:INFO: Epoch 40	----Valid---- Loss: 47.5242	Accuracy: 61.0356	Precision: 56.5882	Recall: 56.1260	F1: 56.3562
2024-06-08 17:15:27,382:INFO: Epoch 40	----Test---- Loss: 47.3785	Accuracy: 60.3337	Precision: 57.4541	Recall: 57.7855	F1: 57.6193
2024-06-08 17:16:58,115:INFO: ----------------------------------------------------------------------------------------------------
2024-06-08 17:16:58,115:INFO: Epoch 41	---Train--- Average Loss:    34.5481	 Patience 11	 Loss:    34.6435	Accuracy: 81.2052	Precision: 79.3995	Recall: 79.0457	f1: 79.222	
2024-06-08 17:17:03,454:INFO: Epoch 41	----Valid---- Loss: 47.3952	Accuracy: 61.1925	Precision: 56.9866	Recall: 54.7258	F1: 55.8333
2024-06-08 17:17:08,726:INFO: Epoch 41	----Test---- Loss: 48.5779	Accuracy: 58.3961	Precision: 56.0191	Recall: 53.7757	F1: 54.8745
2024-06-08 17:18:39,065:INFO: ----------------------------------------------------------------------------------------------------
2024-06-08 17:18:39,065:INFO: Epoch 42	---Train--- Average Loss:    34.0543	 Patience 12	 Loss:    33.7695	Accuracy: 82.2997	Precision: 79.0998	Recall: 82.8399	f1: 80.927	
2024-06-08 17:18:44,365:INFO: Epoch 42	----Valid---- Loss: 47.8023	Accuracy: 60.4603	Precision: 55.8517	Recall: 56.2427	F1: 56.0465
2024-06-08 17:18:49,591:INFO: Epoch 42	----Test---- Loss: 47.7859	Accuracy: 58.7191	Precision: 55.7191	Recall: 56.6820	F1: 56.1965
2024-06-08 17:20:21,348:INFO: ----------------------------------------------------------------------------------------------------
2024-06-08 17:20:21,349:INFO: Epoch 43	---Train--- Average Loss:    34.0328	 Patience 13	 Loss:    34.6897	Accuracy: 80.4495	Precision: 74.5198	Recall: 86.4185	f1: 80.029	
2024-06-08 17:20:26,754:INFO: Epoch 43	----Valid---- Loss: 47.6783	Accuracy: 60.5649	Precision: 55.2284	Recall: 63.4772	F1: 59.0662
2024-06-08 17:20:32,103:INFO: Epoch 43	----Test---- Loss: 46.8623	Accuracy: 60.3337	Precision: 56.3778	Recall: 66.7051	F1: 61.1082
2024-06-08 17:22:04,089:INFO: ----------------------------------------------------------------------------------------------------
2024-06-08 17:22:04,089:INFO: Epoch 44	---Train--- Average Loss:    33.8187	 Patience 14	 Loss:    33.2442	Accuracy: 83.3681	Precision: 82.3945	Recall: 80.5116	f1: 81.442	
2024-06-08 17:22:09,476:INFO: Epoch 44	----Valid---- Loss: 47.6375	Accuracy: 61.4540	Precision: 57.5377	Recall: 53.4422	F1: 55.4144
2024-06-08 17:22:14,858:INFO: Epoch 44	----Test---- Loss: 47.7018	Accuracy: 59.8493	Precision: 57.7554	Recall: 52.7043	F1: 55.1143
2024-06-08 17:23:46,747:INFO: ----------------------------------------------------------------------------------------------------
2024-06-08 17:23:46,747:INFO: Epoch 45	---Train--- Average Loss:    33.4500	 Patience 15	 Loss:    34.9861	Accuracy: 79.8306	Precision: 73.6237	Recall: 86.4904	f1: 79.540	
2024-06-08 17:23:52,153:INFO: Epoch 45	----Valid---- Loss: 48.1883	Accuracy: 59.5711	Precision: 54.0000	Recall: 66.1610	F1: 59.4651
2024-06-08 17:23:57,841:INFO: Epoch 45	----Test---- Loss: 48.0773	Accuracy: 58.8805	Precision: 55.0529	Recall: 65.8228	F1: 59.9581
2024-06-08 17:25:29,140:INFO: ----------------------------------------------------------------------------------------------------
2024-06-08 17:25:29,140:INFO: Epoch 46	---Train--- Average Loss:    33.6835	 Patience 16	 Loss:    33.9553	Accuracy: 82.3909	Precision: 83.1955	Recall: 76.6312	f1: 79.779	
2024-06-08 17:25:34,549:INFO: Epoch 46	----Valid---- Loss: 47.6216	Accuracy: 62.1862	Precision: 59.3838	Recall: 49.4749	F1: 53.9784
2024-06-08 17:25:39,922:INFO: Epoch 46	----Test---- Loss: 48.1311	Accuracy: 59.4187	Precision: 58.1522	Recall: 48.9703	F1: 53.1677
2024-06-08 17:27:11,932:INFO: ----------------------------------------------------------------------------------------------------
2024-06-08 17:27:11,932:INFO: Epoch 47	---Train--- Average Loss:    33.3790	 Patience 17	 Loss:    32.6854	Accuracy: 83.8241	Precision: 80.1753	Recall: 85.4412	f1: 82.725	
2024-06-08 17:27:17,320:INFO: Epoch 47	----Valid---- Loss: 47.5490	Accuracy: 61.6109	Precision: 57.0286	Recall: 58.2264	F1: 57.6212
2024-06-08 17:27:22,677:INFO: Epoch 47	----Test---- Loss: 47.3707	Accuracy: 60.0108	Precision: 57.5388	Recall: 59.0444	F1: 58.2819
2024-06-08 17:28:54,312:INFO: ----------------------------------------------------------------------------------------------------
2024-06-08 17:28:54,312:INFO: Epoch 48	---Train--- Average Loss:    33.1688	 Patience 18	 Loss:    32.9108	Accuracy: 83.9218	Precision: 82.5362	Recall: 81.8482	f1: 82.191	
2024-06-08 17:28:59,715:INFO: Epoch 48	----Valid---- Loss: 47.8066	Accuracy: 61.5586	Precision: 57.6633	Recall: 53.5589	F1: 55.5354
2024-06-08 17:29:05,068:INFO: Epoch 48	----Test---- Loss: 48.0656	Accuracy: 59.2573	Precision: 56.5324	Recall: 53.5880	F1: 55.0208
2024-06-08 17:30:36,673:INFO: ----------------------------------------------------------------------------------------------------
2024-06-08 17:30:36,673:INFO: Epoch 49	---Train--- Average Loss:    33.3035	 Patience 19	 Loss:    34.3780	Accuracy: 82.1433	Precision: 86.6377	Recall: 71.6585	f1: 78.439	
2024-06-08 17:30:42,080:INFO: Epoch 49	----Valid---- Loss: 47.8916	Accuracy: 62.3954	Precision: 61.5000	Recall: 43.0572	F1: 50.6520
2024-06-08 17:30:47,400:INFO: Epoch 49	----Test---- Loss: 48.6769	Accuracy: 58.8805	Precision: 58.3471	Recall: 40.8092	F1: 48.0272
2024-06-08 17:32:19,579:INFO: ----------------------------------------------------------------------------------------------------
2024-06-08 17:32:19,580:INFO: Epoch 50	---Train--- Average Loss:    32.9088	 Patience 20	 Loss:    34.6148	Accuracy: 81.7199	Precision: 85.8797	Recall: 71.4142	f1: 77.982	
2024-06-08 17:32:25,013:INFO: Epoch 50	----Valid---- Loss: 48.1684	Accuracy: 61.5586	Precision: 59.8071	Recall: 43.4072	F1: 50.3043
2024-06-08 17:32:30,372:INFO: Epoch 50	----Test---- Loss: 49.2065	Accuracy: 58.8267	Precision: 58.5056	Recall: 42.2018	F1: 49.0340
2024-06-08 17:34:02,482:INFO: ----------------------------------------------------------------------------------------------------
2024-06-08 17:34:02,482:INFO: Epoch 51	---Train--- Average Loss:    32.9453	 Patience 21	 Loss:    32.7968	Accuracy: 84.2736	Precision: 86.1093	Recall: 77.8672	f1: 81.781	
2024-06-08 17:34:07,863:INFO: Epoch 51	----Valid---- Loss: 47.7124	Accuracy: 62.6569	Precision: 60.2582	Recall: 49.0082	F1: 54.0541
2024-06-08 17:34:13,213:INFO: Epoch 51	----Test---- Loss: 48.4705	Accuracy: 59.0420	Precision: 57.0055	Recall: 48.0881	F1: 52.1684
2024-06-08 17:35:45,422:INFO: ----------------------------------------------------------------------------------------------------
2024-06-08 17:35:45,423:INFO: Epoch 52	---Train--- Average Loss:    32.8785	 Patience 22	 Loss:    32.8135	Accuracy: 84.3518	Precision: 86.3086	Recall: 77.8241	f1: 81.847	
2024-06-08 17:35:50,901:INFO: Epoch 52	----Valid---- Loss: 48.7872	Accuracy: 61.2448	Precision: 58.5546	Recall: 46.3244	F1: 51.7264
2024-06-08 17:35:56,259:INFO: Epoch 52	----Test---- Loss: 48.6583	Accuracy: 58.8267	Precision: 56.7308	Recall: 47.8563	F1: 51.9170
2024-06-08 17:37:28,848:INFO: ----------------------------------------------------------------------------------------------------
2024-06-08 17:37:28,848:INFO: Epoch 53	---Train--- Average Loss:    32.6985	 Patience 23	 Loss:    35.9248	Accuracy: 80.4365	Precision: 88.3608	Recall: 65.4642	f1: 75.208	
2024-06-08 17:37:34,262:INFO: Epoch 53	----Valid---- Loss: 49.0815	Accuracy: 61.4017	Precision: 61.6896	Recall: 36.6394	F1: 45.9736
2024-06-08 17:37:39,605:INFO: Epoch 53	----Test---- Loss: 49.1869	Accuracy: 59.6878	Precision: 61.0619	Recall: 39.4737	F1: 47.9500
2024-06-08 17:39:12,102:INFO: ----------------------------------------------------------------------------------------------------
2024-06-08 17:39:12,103:INFO: Epoch 54	---Train--- Average Loss:    32.4300	 Patience 24	 Loss:    34.3760	Accuracy: 82.3127	Precision: 88.1633	Recall: 70.4369	f1: 78.309	
2024-06-08 17:39:17,492:INFO: Epoch 54	----Valid---- Loss: 48.9370	Accuracy: 61.1402	Precision: 60.0352	Recall: 39.7900	F1: 47.8596
2024-06-08 17:39:22,861:INFO: Epoch 54	----Test---- Loss: 49.5892	Accuracy: 58.0194	Precision: 58.2168	Recall: 38.1007	F1: 46.0581
2024-06-08 17:40:53,926:INFO: ----------------------------------------------------------------------------------------------------
2024-06-08 17:40:53,926:INFO: Epoch 55	---Train--- Average Loss:    32.2665	 Patience 25	 Loss:    32.6079	Accuracy: 84.5603	Precision: 86.1716	Recall: 78.5427	f1: 82.180	
2024-06-08 17:40:59,219:INFO: Epoch 55	----Valid---- Loss: 48.6120	Accuracy: 60.7741	Precision: 57.5035	Recall: 47.8413	F1: 52.2293
2024-06-08 17:41:04,501:INFO: Epoch 55	----Test---- Loss: 48.6176	Accuracy: 58.7729	Precision: 56.7164	Recall: 48.3237	F1: 52.1848
2024-06-08 17:42:35,098:INFO: ----------------------------------------------------------------------------------------------------
2024-06-08 17:42:35,098:INFO: Epoch 56	---Train--- Average Loss:    32.0091	 Patience 26	 Loss:    33.2588	Accuracy: 83.6352	Precision: 86.6348	Recall: 75.5533	f1: 80.715	
2024-06-08 17:42:40,400:INFO: Epoch 56	----Valid---- Loss: 48.8961	Accuracy: 61.2448	Precision: 58.9783	Recall: 44.4574	F1: 50.6986
2024-06-08 17:42:45,640:INFO: Epoch 56	----Test---- Loss: 48.5044	Accuracy: 59.0420	Precision: 57.7320	Recall: 45.2656	F1: 50.7443
2024-06-08 17:44:17,008:INFO: ----------------------------------------------------------------------------------------------------
2024-06-08 17:44:17,009:INFO: Epoch 57	---Train--- Average Loss:    32.0302	 Patience 27	 Loss:    33.4144	Accuracy: 83.5961	Precision: 86.8893	Recall: 75.1509	f1: 80.595	
2024-06-08 17:44:22,363:INFO: Epoch 57	----Valid---- Loss: 47.8685	Accuracy: 62.8661	Precision: 61.5748	Recall: 45.6243	F1: 52.4129
2024-06-08 17:44:27,680:INFO: Epoch 57	----Test---- Loss: 48.5607	Accuracy: 59.7417	Precision: 59.1928	Recall: 45.4650	F1: 51.4286
2024-06-08 17:45:59,459:INFO: ----------------------------------------------------------------------------------------------------
2024-06-08 17:45:59,459:INFO: Epoch 58	---Train--- Average Loss:    31.8760	 Patience 28	 Loss:    31.8601	Accuracy: 85.5896	Precision: 86.2844	Recall: 81.1009	f1: 83.612	
2024-06-08 17:46:04,863:INFO: Epoch 58	----Valid---- Loss: 47.7721	Accuracy: 62.0816	Precision: 58.9189	Recall: 50.8751	F1: 54.6024
2024-06-08 17:46:10,571:INFO: Epoch 58	----Test---- Loss: 48.4547	Accuracy: 59.4187	Precision: 58.1673	Recall: 49.9430	F1: 53.7423
2024-06-08 17:47:42,256:INFO: ----------------------------------------------------------------------------------------------------
2024-06-08 17:47:42,256:INFO: Epoch 59	---Train--- Average Loss:    31.7907	 Patience 29	 Loss:    33.4036	Accuracy: 83.7459	Precision: 87.5357	Recall: 74.7916	f1: 80.663	
2024-06-08 17:47:47,678:INFO: Epoch 59	----Valid---- Loss: 48.3469	Accuracy: 61.9247	Precision: 60.2871	Recall: 44.1074	F1: 50.9434
2024-06-08 17:47:53,029:INFO: Epoch 59	----Test---- Loss: 49.0497	Accuracy: 59.1496	Precision: 58.9313	Recall: 44.0639	F1: 50.4246
2024-06-08 17:49:25,349:INFO: ----------------------------------------------------------------------------------------------------
2024-06-08 17:49:25,350:INFO: Epoch 60	---Train--- Average Loss:    31.4937	 Patience 30	 Loss:    32.8944	Accuracy: 83.9674	Precision: 84.9743	Recall: 78.5139	f1: 81.616	
2024-06-08 17:49:30,774:INFO: Epoch 60	----Valid---- Loss: 47.3982	Accuracy: 63.1799	Precision: 60.4366	Recall: 51.6919	F1: 55.7233
2024-06-08 17:49:36,156:INFO: Epoch 60	----Test---- Loss: 48.6368	Accuracy: 59.2573	Precision: 57.0652	Recall: 48.7805	F1: 52.5986
2024-06-08 17:51:10,258:INFO: ----------------------------------------------------------------------------------------------------
2024-06-08 17:51:10,259:INFO: Epoch 61	---Train--- Average Loss:    31.7277	 Patience 31	 Loss:    32.3536	Accuracy: 85.0228	Precision: 86.4269	Recall: 79.4337	f1: 82.783	
2024-06-08 17:51:15,768:INFO: Epoch 61	----Valid---- Loss: 47.7097	Accuracy: 62.5000	Precision: 59.7222	Recall: 50.1750	F1: 54.5339
2024-06-08 17:51:21,090:INFO: Epoch 61	----Test---- Loss: 48.8607	Accuracy: 59.4726	Precision: 58.0027	Recall: 48.7356	F1: 52.9669
2024-06-08 17:52:52,447:INFO: ----------------------------------------------------------------------------------------------------
2024-06-08 17:52:52,447:INFO: Epoch 62	---Train--- Average Loss:    31.9701	 Patience 32	 Loss:    33.6804	Accuracy: 82.9121	Precision: 84.8978	Recall: 75.7833	f1: 80.082	
2024-06-08 17:52:57,796:INFO: Epoch 62	----Valid---- Loss: 47.6327	Accuracy: 62.8661	Precision: 60.5452	Recall: 49.2415	F1: 54.3115
2024-06-08 17:53:03,086:INFO: Epoch 62	----Test---- Loss: 49.1403	Accuracy: 58.4499	Precision: 56.7680	Recall: 47.2414	F1: 51.5684
2024-06-08 17:54:34,216:INFO: ----------------------------------------------------------------------------------------------------
2024-06-08 17:54:34,217:INFO: Epoch 63	---Train--- Average Loss:    31.3558	 Patience 33	 Loss:    31.5522	Accuracy: 86.0391	Precision: 86.3616	Recall: 82.1788	f1: 84.218	
2024-06-08 17:54:39,575:INFO: Epoch 63	----Valid---- Loss: 47.5965	Accuracy: 62.1339	Precision: 58.9023	Recall: 51.3419	F1: 54.8628
2024-06-08 17:54:45,062:INFO: Epoch 63	----Test---- Loss: 49.6285	Accuracy: 60.0521	Precision: 58.1366	Recall: 52.1158	F1: 54.9618
2024-06-08 17:56:15,733:INFO: ----------------------------------------------------------------------------------------------------
2024-06-08 17:56:15,733:INFO: Epoch 64	---Train--- Average Loss:    31.3945	 Patience 34	 Loss:    33.2927	Accuracy: 83.6743	Precision: 87.2116	Recall: 74.9784	f1: 80.634	
2024-06-08 17:56:21,081:INFO: Epoch 64	----Valid---- Loss: 48.0816	Accuracy: 61.9770	Precision: 60.1881	Recall: 44.8075	F1: 51.3712
2024-06-08 17:56:26,379:INFO: Epoch 64	----Test---- Loss: 48.6248	Accuracy: 60.4413	Precision: 60.5144	Recall: 45.7666	F1: 52.1173
2024-06-08 17:57:57,955:INFO: ----------------------------------------------------------------------------------------------------
2024-06-08 17:57:57,955:INFO: Epoch 65	---Train--- Average Loss:    31.6126	 Patience 35	 Loss:    30.9644	Accuracy: 86.9642	Precision: 86.8550	Recall: 83.9465	f1: 85.376	
2024-06-08 17:58:03,306:INFO: Epoch 65	----Valid---- Loss: 47.7788	Accuracy: 62.0816	Precision: 58.5714	Recall: 52.6254	F1: 55.4395
2024-06-08 17:58:08,568:INFO: Epoch 65	----Test---- Loss: 47.7984	Accuracy: 60.1184	Precision: 58.0605	Recall: 53.0495	F1: 55.4420
2024-06-08 17:59:40,126:INFO: ----------------------------------------------------------------------------------------------------
2024-06-08 17:59:40,126:INFO: Epoch 66	---Train--- Average Loss:    30.8706	 Patience 36	 Loss:    32.1876	Accuracy: 85.3029	Precision: 87.4721	Recall: 78.8732	f1: 82.950	
2024-06-08 17:59:45,473:INFO: Epoch 66	----Valid---- Loss: 47.8376	Accuracy: 62.1339	Precision: 60.0910	Recall: 46.2077	F1: 52.2427
2024-06-08 17:59:50,785:INFO: Epoch 66	----Test---- Loss: 48.6854	Accuracy: 59.3111	Precision: 58.1197	Recall: 46.8966	F1: 51.9084
2024-06-08 18:01:22,513:INFO: ----------------------------------------------------------------------------------------------------
2024-06-08 18:01:22,513:INFO: Epoch 67	---Train--- Average Loss:    30.8760	 Patience 37	 Loss:    32.0262	Accuracy: 85.5896	Precision: 88.1757	Recall: 78.7726	f1: 83.209	
2024-06-08 18:01:27,872:INFO: Epoch 67	----Valid---- Loss: 48.2222	Accuracy: 61.5586	Precision: 59.3272	Recall: 45.2742	F1: 51.3567
2024-06-08 18:01:33,177:INFO: Epoch 67	----Test---- Loss: 48.3280	Accuracy: 59.7417	Precision: 58.8921	Recall: 46.4368	F1: 51.9280
2024-06-08 18:03:04,883:INFO: ----------------------------------------------------------------------------------------------------
2024-06-08 18:03:04,883:INFO: Epoch 68	---Train--- Average Loss:    30.9242	 Patience 38	 Loss:    32.2690	Accuracy: 85.2899	Precision: 88.8815	Recall: 77.2061	f1: 82.633	
2024-06-08 18:03:10,241:INFO: Epoch 68	----Valid---- Loss: 48.6869	Accuracy: 61.9247	Precision: 60.1256	Recall: 44.6908	F1: 51.2718
2024-06-08 18:03:15,567:INFO: Epoch 68	----Test---- Loss: 48.7859	Accuracy: 59.7417	Precision: 58.9021	Recall: 45.7373	F1: 51.4916
2024-06-08 18:04:47,226:INFO: ----------------------------------------------------------------------------------------------------
2024-06-08 18:04:47,227:INFO: Epoch 69	---Train--- Average Loss:    31.1599	 Patience 39	 Loss:    30.9476	Accuracy: 86.7752	Precision: 86.2780	Recall: 84.2196	f1: 85.236	
2024-06-08 18:04:52,611:INFO: Epoch 69	----Valid---- Loss: 47.8982	Accuracy: 61.9247	Precision: 58.1957	Recall: 53.4422	F1: 55.7178
2024-06-08 18:04:57,965:INFO: Epoch 69	----Test---- Loss: 48.3336	Accuracy: 59.2034	Precision: 57.1782	Recall: 52.8604	F1: 54.9346
2024-06-08 18:06:30,349:INFO: ----------------------------------------------------------------------------------------------------
2024-06-08 18:06:30,349:INFO: Epoch 70	---Train--- Average Loss:    30.7488	 Patience 40	 Loss:    30.1502	Accuracy: 87.8111	Precision: 86.0014	Recall: 87.3239	f1: 86.658	
2024-06-08 18:06:35,731:INFO: Epoch 70	----Valid---- Loss: 48.1421	Accuracy: 60.9310	Precision: 56.6106	Recall: 54.9592	F1: 55.7726
2024-06-08 18:06:41,097:INFO: Epoch 70	----Test---- Loss: 48.0766	Accuracy: 59.5264	Precision: 57.4292	Recall: 55.4670	F1: 56.4311
2024-06-08 18:08:12,936:INFO: ----------------------------------------------------------------------------------------------------
2024-06-08 18:08:12,936:INFO: Epoch 71	---Train--- Average Loss:    30.8046	 Patience 41	 Loss:    30.9032	Accuracy: 86.8795	Precision: 85.4155	Recall: 85.6855	f1: 85.550	
2024-06-08 18:08:18,689:INFO: Epoch 71	----Valid---- Loss: 47.8932	Accuracy: 61.2448	Precision: 57.1078	Recall: 54.3757	F1: 55.7083
2024-06-08 18:08:24,029:INFO: Epoch 71	----Test---- Loss: 48.1936	Accuracy: 59.7417	Precision: 57.1257	Recall: 55.0173	F1: 56.0517
2024-06-08 18:09:55,312:INFO: ----------------------------------------------------------------------------------------------------
2024-06-08 18:09:55,312:INFO: Epoch 72	---Train--- Average Loss:    30.5509	 Patience 42	 Loss:    31.1439	Accuracy: 86.5668	Precision: 87.4770	Recall: 82.1213	f1: 84.715	
2024-06-08 18:10:00,711:INFO: Epoch 72	----Valid---- Loss: 47.7927	Accuracy: 62.2908	Precision: 59.0186	Recall: 51.9253	F1: 55.2452
2024-06-08 18:10:06,084:INFO: Epoch 72	----Test---- Loss: 48.7530	Accuracy: 58.8267	Precision: 57.0687	Recall: 50.3432	F1: 53.4954
2024-06-08 18:11:38,237:INFO: ----------------------------------------------------------------------------------------------------
2024-06-08 18:11:38,237:INFO: Epoch 73	---Train--- Average Loss:    30.5820	 Patience 43	 Loss:    30.2010	Accuracy: 87.9414	Precision: 87.7569	Recall: 85.2975	f1: 86.510	
2024-06-08 18:11:43,624:INFO: Epoch 73	----Valid---- Loss: 48.1414	Accuracy: 61.7678	Precision: 58.2895	Recall: 51.6919	F1: 54.7928
2024-06-08 18:11:48,953:INFO: Epoch 73	----Test---- Loss: 48.0832	Accuracy: 59.4726	Precision: 57.0900	Recall: 53.3410	F1: 55.1519
2024-06-08 18:13:20,740:INFO: ----------------------------------------------------------------------------------------------------
2024-06-08 18:13:20,740:INFO: Epoch 74	---Train--- Average Loss:    30.6821	 Patience 44	 Loss:    30.2472	Accuracy: 87.4463	Precision: 83.7878	Recall: 89.6522	f1: 86.621	
2024-06-08 18:13:26,113:INFO: Epoch 74	----Valid---- Loss: 48.0654	Accuracy: 61.2971	Precision: 56.5217	Recall: 59.1599	F1: 57.8107
2024-06-08 18:13:31,462:INFO: Epoch 74	----Test---- Loss: 47.0601	Accuracy: 60.5490	Precision: 57.1885	Recall: 61.8664	F1: 59.4355
2024-06-08 18:15:03,572:INFO: ----------------------------------------------------------------------------------------------------
2024-06-08 18:15:03,572:INFO: Epoch 75	---Train--- Average Loss:    30.2225	 Patience 45	 Loss:    29.9709	Accuracy: 87.9544	Precision: 85.1424	Recall: 88.9480	f1: 87.004	
2024-06-08 18:15:08,962:INFO: Epoch 75	----Valid---- Loss: 47.8533	Accuracy: 61.5586	Precision: 57.1765	Recall: 56.7095	F1: 56.9420
2024-06-08 18:15:14,299:INFO: Epoch 75	----Test---- Loss: 47.2537	Accuracy: 60.3875	Precision: 57.2997	Recall: 60.0690	F1: 58.6517
2024-06-08 18:16:45,824:INFO: ----------------------------------------------------------------------------------------------------
2024-06-08 18:16:45,825:INFO: Epoch 76	---Train--- Average Loss:    29.8999	 Patience 46	 Loss:    30.6552	Accuracy: 87.4593	Precision: 88.9009	Recall: 82.6531	f1: 85.663	
2024-06-08 18:16:51,231:INFO: Epoch 76	----Valid---- Loss: 47.7820	Accuracy: 62.5000	Precision: 59.8870	Recall: 49.4749	F1: 54.1853
2024-06-08 18:16:56,551:INFO: Epoch 76	----Test---- Loss: 48.1017	Accuracy: 59.8493	Precision: 58.3221	Recall: 49.5972	F1: 53.6070
2024-06-08 18:18:28,546:INFO: ----------------------------------------------------------------------------------------------------
2024-06-08 18:18:28,546:INFO: Epoch 77	---Train--- Average Loss:    30.2040	 Patience 47	 Loss:    30.5841	Accuracy: 87.1466	Precision: 84.4792	Recall: 87.7695	f1: 86.093	
2024-06-08 18:18:33,967:INFO: Epoch 77	----Valid---- Loss: 47.6405	Accuracy: 61.7678	Precision: 57.1754	Recall: 58.5764	F1: 57.8674
2024-06-08 18:18:39,355:INFO: Epoch 77	----Test---- Loss: 47.6753	Accuracy: 60.3875	Precision: 57.7009	Recall: 59.1533	F1: 58.4181
2024-06-08 18:20:11,580:INFO: ----------------------------------------------------------------------------------------------------
2024-06-08 18:20:11,580:INFO: Epoch 78	---Train--- Average Loss:    29.8947	 Patience 48	 Loss:    29.9346	Accuracy: 88.1564	Precision: 86.2278	Recall: 87.9132	f1: 87.062	
2024-06-08 18:20:16,978:INFO: Epoch 78	----Valid---- Loss: 47.6822	Accuracy: 62.2908	Precision: 58.0952	Recall: 56.9428	F1: 57.5133
2024-06-08 18:20:22,323:INFO: Epoch 78	----Test---- Loss: 47.8254	Accuracy: 60.2799	Precision: 58.1503	Recall: 57.2241	F1: 57.6835
2024-06-08 18:21:53,941:INFO: ----------------------------------------------------------------------------------------------------
2024-06-08 18:21:53,942:INFO: Epoch 79	---Train--- Average Loss:    30.0550	 Patience 49	 Loss:    30.1824	Accuracy: 87.5309	Precision: 84.0259	Recall: 89.5085	f1: 86.681	
2024-06-08 18:21:59,411:INFO: Epoch 79	----Valid---- Loss: 48.4103	Accuracy: 60.5649	Precision: 55.6781	Recall: 58.9265	F1: 57.2562
2024-06-08 18:22:04,752:INFO: Epoch 79	----Test---- Loss: 47.7319	Accuracy: 59.3649	Precision: 55.8289	Recall: 60.4167	F1: 58.0322
2024-06-08 18:23:36,808:INFO: ----------------------------------------------------------------------------------------------------
2024-06-08 18:23:36,808:INFO: Epoch 80	---Train--- Average Loss:    29.7416	 Patience 50	 Loss:    30.9263	Accuracy: 87.0489	Precision: 88.1838	Recall: 82.4806	f1: 85.237	
2024-06-08 18:23:42,204:INFO: Epoch 80	----Valid---- Loss: 47.4076	Accuracy: 62.7615	Precision: 60.0000	Recall: 50.7585	F1: 54.9937
2024-06-08 18:23:47,536:INFO: Epoch 80	----Test---- Loss: 48.1166	Accuracy: 60.0646	Precision: 58.3221	Recall: 49.8266	F1: 53.7406
2024-06-08 18:25:19,289:INFO: ----------------------------------------------------------------------------------------------------
2024-06-08 18:25:19,289:INFO: Epoch 81	---Train--- Average Loss:    29.7291	 Patience 51	 Loss:    29.7726	Accuracy: 88.4951	Precision: 87.7985	Recall: 86.6628	f1: 87.227	
2024-06-08 18:25:24,682:INFO: Epoch 81	----Valid---- Loss: 48.3861	Accuracy: 61.2971	Precision: 57.5290	Recall: 52.1587	F1: 54.7124
2024-06-08 18:25:30,046:INFO: Epoch 81	----Test---- Loss: 48.1254	Accuracy: 59.9569	Precision: 57.8818	Recall: 53.8991	F1: 55.8195
2024-06-08 18:27:02,424:INFO: ----------------------------------------------------------------------------------------------------
2024-06-08 18:27:02,425:INFO: Epoch 82	---Train--- Average Loss:    29.6852	 Patience 52	 Loss:    31.1804	Accuracy: 86.7948	Precision: 89.8626	Recall: 79.8793	f1: 84.577	
2024-06-08 18:27:07,809:INFO: Epoch 82	----Valid---- Loss: 48.4176	Accuracy: 62.1862	Precision: 60.5346	Recall: 44.9242	F1: 51.5740
2024-06-08 18:27:13,158:INFO: Epoch 82	----Test---- Loss: 48.6635	Accuracy: 59.4726	Precision: 58.1361	Recall: 45.5388	F1: 51.0721
2024-06-08 18:28:45,426:INFO: ----------------------------------------------------------------------------------------------------
2024-06-08 18:28:45,426:INFO: Epoch 83	---Train--- Average Loss:    29.9046	 Patience 53	 Loss:    30.0174	Accuracy: 88.0586	Precision: 86.4457	Recall: 87.3527	f1: 86.897	
2024-06-08 18:28:50,806:INFO: Epoch 83	----Valid---- Loss: 48.5292	Accuracy: 60.1987	Precision: 55.7692	Recall: 54.1424	F1: 54.9438
2024-06-08 18:28:56,148:INFO: Epoch 83	----Test---- Loss: 48.0582	Accuracy: 59.8493	Precision: 56.7787	Recall: 56.7787	F1: 56.7787
2024-06-08 18:30:27,786:INFO: ----------------------------------------------------------------------------------------------------
2024-06-08 18:30:27,786:INFO: Epoch 84	---Train--- Average Loss:    29.5437	 Patience 54	 Loss:    30.5462	Accuracy: 87.5700	Precision: 89.0142	Recall: 82.7968	f1: 85.793	
2024-06-08 18:30:33,556:INFO: Epoch 84	----Valid---- Loss: 48.7202	Accuracy: 61.1925	Precision: 58.1560	Recall: 47.8413	F1: 52.4968
2024-06-08 18:30:38,930:INFO: Epoch 84	----Test---- Loss: 48.5023	Accuracy: 59.5802	Precision: 58.5062	Recall: 48.3982	F1: 52.9743
2024-06-08 18:32:10,220:INFO: ----------------------------------------------------------------------------------------------------
2024-06-08 18:32:10,220:INFO: Epoch 85	---Train--- Average Loss:    29.5297	 Patience 55	 Loss:    29.8284	Accuracy: 88.4430	Precision: 88.2527	Recall: 85.9442	f1: 87.083	
2024-06-08 18:32:15,654:INFO: Epoch 85	----Valid---- Loss: 48.1963	Accuracy: 61.6109	Precision: 57.7947	Recall: 53.2089	F1: 55.4070
2024-06-08 18:32:21,006:INFO: Epoch 85	----Test---- Loss: 47.6566	Accuracy: 60.8719	Precision: 58.9525	Recall: 55.3776	F1: 57.1091
2024-06-08 18:33:53,229:INFO: ----------------------------------------------------------------------------------------------------
2024-06-08 18:33:53,229:INFO: Epoch 86	---Train--- Average Loss:    29.5405	 Patience 56	 Loss:    30.6379	Accuracy: 87.3811	Precision: 89.3187	Recall: 81.9632	f1: 85.483	
2024-06-08 18:33:58,623:INFO: Epoch 86	----Valid---- Loss: 48.3647	Accuracy: 61.8201	Precision: 59.0327	Recall: 48.4247	F1: 53.2051
2024-06-08 18:34:03,990:INFO: Epoch 86	----Test---- Loss: 48.4665	Accuracy: 59.2573	Precision: 57.3770	Recall: 48.5549	F1: 52.5986
2024-06-08 18:35:36,192:INFO: ----------------------------------------------------------------------------------------------------
2024-06-08 18:35:36,192:INFO: Epoch 87	---Train--- Average Loss:    29.4885	 Patience 57	 Loss:    30.5538	Accuracy: 87.4202	Precision: 89.4646	Recall: 81.8913	f1: 85.511	
2024-06-08 18:35:41,599:INFO: Epoch 87	----Valid---- Loss: 48.7408	Accuracy: 61.4017	Precision: 58.8674	Recall: 46.0910	F1: 51.7016
2024-06-08 18:35:46,937:INFO: Epoch 87	----Test---- Loss: 48.4895	Accuracy: 59.7955	Precision: 58.3450	Recall: 48.0370	F1: 52.6916
2024-06-08 18:37:19,289:INFO: ----------------------------------------------------------------------------------------------------
2024-06-08 18:37:19,289:INFO: Epoch 88	---Train--- Average Loss:    29.5808	 Patience 58	 Loss:    29.6066	Accuracy: 88.9186	Precision: 89.8439	Recall: 85.1825	f1: 87.451	
2024-06-08 18:37:24,669:INFO: Epoch 88	----Valid---- Loss: 48.4567	Accuracy: 61.4017	Precision: 58.1395	Recall: 49.5916	F1: 53.5264
2024-06-08 18:37:30,061:INFO: Epoch 88	----Test---- Loss: 48.4129	Accuracy: 59.2573	Precision: 57.7446	Recall: 48.7945	F1: 52.8936
2024-06-08 18:39:02,159:INFO: ----------------------------------------------------------------------------------------------------
2024-06-08 18:39:02,159:INFO: Epoch 89	---Train--- Average Loss:    29.1360	 Patience 59	 Loss:    29.4655	Accuracy: 88.8925	Precision: 87.6343	Recall: 87.8988	f1: 87.766	
2024-06-08 18:39:07,562:INFO: Epoch 89	----Valid---- Loss: 48.3622	Accuracy: 61.1925	Precision: 56.9697	Recall: 54.8425	F1: 55.8859
2024-06-08 18:39:12,924:INFO: Epoch 89	----Test---- Loss: 48.6716	Accuracy: 58.2885	Precision: 55.9579	Recall: 54.6180	F1: 55.2799
2024-06-08 18:40:44,758:INFO: ----------------------------------------------------------------------------------------------------
2024-06-08 18:40:44,759:INFO: Epoch 90	---Train--- Average Loss:    29.3124	 Patience 60	 Loss:    30.1411	Accuracy: 88.0261	Precision: 89.3241	Recall: 83.5729	f1: 86.353	
2024-06-08 18:40:50,159:INFO: Epoch 90	----Valid---- Loss: 48.4605	Accuracy: 61.4017	Precision: 58.1395	Recall: 49.5916	F1: 53.5264
2024-06-08 18:40:55,599:INFO: Epoch 90	----Test---- Loss: 48.7058	Accuracy: 59.5264	Precision: 58.2228	Recall: 50.1142	F1: 53.8650
2024-06-08 18:42:27,695:INFO: ----------------------------------------------------------------------------------------------------
2024-06-08 18:42:27,696:INFO: Epoch 91	---Train--- Average Loss:    28.9717	 Patience 61	 Loss:    30.1427	Accuracy: 88.0195	Precision: 88.7275	Recall: 84.2771	f1: 86.445	
2024-06-08 18:42:33,086:INFO: Epoch 91	----Valid---- Loss: 47.9616	Accuracy: 62.5000	Precision: 59.3333	Recall: 51.9253	F1: 55.3827
2024-06-08 18:42:38,472:INFO: Epoch 91	----Test---- Loss: 48.4897	Accuracy: 59.2034	Precision: 56.4943	Recall: 52.0325	F1: 54.1717
2024-06-08 18:44:10,627:INFO: ----------------------------------------------------------------------------------------------------
2024-06-08 18:44:10,627:INFO: Epoch 92	---Train--- Average Loss:    28.9967	 Patience 62	 Loss:    29.9484	Accuracy: 88.3518	Precision: 89.0248	Recall: 84.7514	f1: 86.836	
2024-06-08 18:44:16,026:INFO: Epoch 92	----Valid---- Loss: 48.6134	Accuracy: 61.3494	Precision: 58.1267	Recall: 49.2415	F1: 53.3165
2024-06-08 18:44:21,392:INFO: Epoch 92	----Test---- Loss: 48.9375	Accuracy: 58.7191	Precision: 56.8942	Recall: 48.8506	F1: 52.5665
2024-06-08 18:45:53,018:INFO: ----------------------------------------------------------------------------------------------------
2024-06-08 18:45:53,018:INFO: Epoch 93	---Train--- Average Loss:    28.9906	 Patience 63	 Loss:    30.3542	Accuracy: 87.7134	Precision: 88.2504	Recall: 84.0903	f1: 86.120	
2024-06-08 18:45:58,444:INFO: Epoch 93	----Valid---- Loss: 48.3343	Accuracy: 61.3494	Precision: 57.7632	Recall: 51.2252	F1: 54.2981
2024-06-08 18:46:03,797:INFO: Epoch 93	----Test---- Loss: 48.9550	Accuracy: 58.4499	Precision: 56.2660	Recall: 50.5747	F1: 53.2688
2024-06-08 18:47:34,292:INFO: ----------------------------------------------------------------------------------------------------
2024-06-08 18:47:34,292:INFO: Epoch 94	---Train--- Average Loss:    28.8778	 Patience 64	 Loss:    30.0874	Accuracy: 87.9153	Precision: 85.9924	Recall: 87.6114	f1: 86.794	
2024-06-08 18:47:39,602:INFO: Epoch 94	----Valid---- Loss: 48.4239	Accuracy: 60.8264	Precision: 56.4133	Recall: 55.4259	F1: 55.9152
2024-06-08 18:47:45,011:INFO: Epoch 94	----Test---- Loss: 49.3197	Accuracy: 60.2083	Precision: 57.5112	Recall: 57.1269	F1: 57.3184
2024-06-08 18:49:15,464:INFO: ----------------------------------------------------------------------------------------------------
2024-06-08 18:49:15,464:INFO: Epoch 95	---Train--- Average Loss:    28.8468	 Patience 65	 Loss:    29.5394	Accuracy: 88.9511	Precision: 89.3039	Recall: 85.9155	f1: 87.577	
2024-06-08 18:49:20,762:INFO: Epoch 95	----Valid---- Loss: 48.8422	Accuracy: 60.9310	Precision: 57.4124	Recall: 49.7083	F1: 53.2833
2024-06-08 18:49:26,006:INFO: Epoch 95	----Test---- Loss: 48.0117	Accuracy: 60.7104	Precision: 59.3264	Recall: 52.4027	F1: 55.6501
2024-06-08 18:50:56,888:INFO: ----------------------------------------------------------------------------------------------------
2024-06-08 18:50:56,888:INFO: Epoch 96	---Train--- Average Loss:    28.7923	 Patience 66	 Loss:    29.2690	Accuracy: 89.2443	Precision: 89.0393	Recall: 86.9790	f1: 87.997	
2024-06-08 18:51:02,378:INFO: Epoch 96	----Valid---- Loss: 47.9840	Accuracy: 62.1862	Precision: 58.5678	Recall: 53.4422	F1: 55.8877
2024-06-08 18:51:07,848:INFO: Epoch 96	----Test---- Loss: 47.7517	Accuracy: 60.8181	Precision: 58.8903	Recall: 53.7399	F1: 56.1974
2024-06-08 18:52:37,520:INFO: ----------------------------------------------------------------------------------------------------
2024-06-08 18:52:37,521:INFO: Epoch 97	---Train--- Average Loss:    28.8233	 Patience 67	 Loss:    29.8436	Accuracy: 88.6450	Precision: 90.4326	Recall: 83.8172	f1: 86.999	
2024-06-08 18:52:42,805:INFO: Epoch 97	----Valid---- Loss: 48.9470	Accuracy: 60.8787	Precision: 57.7086	Recall: 47.6079	F1: 52.1739
2024-06-08 18:52:48,035:INFO: Epoch 97	----Test---- Loss: 48.2901	Accuracy: 60.1184	Precision: 58.8966	Recall: 49.0805	F1: 53.5423
2024-06-08 18:54:18,083:INFO: ----------------------------------------------------------------------------------------------------
2024-06-08 18:54:18,083:INFO: Epoch 98	---Train--- Average Loss:    28.8401	 Patience 68	 Loss:    29.1614	Accuracy: 89.0489	Precision: 85.2693	Recall: 91.6786	f1: 88.358	
2024-06-08 18:54:23,372:INFO: Epoch 98	----Valid---- Loss: 48.4161	Accuracy: 60.3033	Precision: 55.1907	Recall: 60.7935	F1: 57.8567
2024-06-08 18:54:28,949:INFO: Epoch 98	----Test---- Loss: 47.7985	Accuracy: 59.7955	Precision: 56.4805	Recall: 61.6092	F1: 58.9335
2024-06-08 18:55:59,191:INFO: ----------------------------------------------------------------------------------------------------
2024-06-08 18:55:59,191:INFO: Epoch 99	---Train--- Average Loss:    28.8112	 Patience 69	 Loss:    28.5705	Accuracy: 90.1368	Precision: 87.3798	Recall: 91.4487	f1: 89.368	
2024-06-08 18:56:04,490:INFO: Epoch 99	----Valid---- Loss: 47.6502	Accuracy: 62.0816	Precision: 57.4492	Recall: 59.3932	F1: 58.4050
2024-06-08 18:56:09,727:INFO: Epoch 99	----Test---- Loss: 46.7641	Accuracy: 61.4101	Precision: 58.3610	Recall: 60.7143	F1: 59.5144
2024-06-08 18:57:39,941:INFO: ----------------------------------------------------------------------------------------------------
2024-06-08 18:57:39,941:INFO: Epoch 100	---Train--- Average Loss:    28.4989	 Patience 70	 Loss:    28.8067	Accuracy: 89.6808	Precision: 87.3298	Recall: 90.3421	f1: 88.810	
2024-06-08 18:57:45,226:INFO: Epoch 100	----Valid---- Loss: 48.3455	Accuracy: 60.8787	Precision: 56.2286	Recall: 57.4096	F1: 56.8129
2024-06-08 18:57:50,435:INFO: Epoch 100	----Test---- Loss: 47.5329	Accuracy: 60.1722	Precision: 57.4610	Recall: 59.0389	F1: 58.2393
2024-06-08 18:57:50,435:INFO: Finish training!
2024-06-08 18:57:50,453:INFO: ####################################################################################################
2024-06-08 18:57:50,453:INFO: Test result
2024-06-08 18:57:55,883:INFO: models/FFmpeg/DevignModel	----Test---- Loss: 47.2157	Accuracy: 58.5848	Precision: 53.9755	Recall: 78.4444	F1: 63.9493
