2024-08-31 21:50:21,633:INFO: Check up feature_size: 100
2024-08-31 21:50:21,634:INFO: ####################################################################################################
2024-08-31 21:50:21,634:INFO: Loading the dataset from ../data_processing/dataset/FFMPeg/outputs/orign_cpg/
2024-08-31 21:58:12,646:INFO: train_dataset: 5740; valid_dataset: 736; test_dataset: 683
2024-08-31 21:58:12,646:INFO: train_batch: 90, valid_batch: 12, test_batch: 11
2024-08-31 21:58:12,646:INFO: ####################################################################################################
2024-08-31 21:58:12,646:INFO: Check up model_type: devign
2024-08-31 21:58:12,665:INFO: Total Parameters : 1289771
2024-08-31 21:58:12,665:INFO: ####################################################################################################
2024-08-31 21:58:13,838:INFO: Start training!
2024-08-31 22:00:35,049:INFO: ----------------------------------------------------------------------------------------------------
2024-08-31 22:00:35,049:INFO: Epoch 1	---Train--- Average Loss:    36.0744	 Patience 0	 Loss:    34.3690	Accuracy: 94.3554	Precision: 0.0000	Recall: 0.0000	f1: 0.000	
2024-08-31 22:00:43,289:INFO: Epoch 1	----Valid---- Loss: 33.0991	Accuracy: 94.2935	Precision: 0.0000	Recall: 0.0000	F1: 0.0000
2024-08-31 22:00:52,248:INFO: Epoch 1	----Test---- Loss: 33.1759	Accuracy: 95.3146	Precision: 0.0000	Recall: 0.0000	F1: 0.0000
2024-08-31 22:03:01,578:INFO: ----------------------------------------------------------------------------------------------------
2024-08-31 22:03:01,578:INFO: Epoch 2	---Train--- Average Loss:    34.2928	 Patience 1	 Loss:    34.2705	Accuracy: 94.3554	Precision: 0.0000	Recall: 0.0000	f1: 0.000	
2024-08-31 22:03:09,613:INFO: Epoch 2	----Valid---- Loss: 33.0054	Accuracy: 94.2935	Precision: 0.0000	Recall: 0.0000	F1: 0.0000
2024-08-31 22:03:18,572:INFO: Epoch 2	----Test---- Loss: 32.8975	Accuracy: 95.8501	Precision: 0.0000	Recall: 0.0000	F1: 0.0000
2024-08-31 22:05:27,400:INFO: ----------------------------------------------------------------------------------------------------
2024-08-31 22:05:27,400:INFO: Epoch 3	---Train--- Average Loss:    34.2659	 Patience 2	 Loss:    34.2613	Accuracy: 94.3554	Precision: 0.0000	Recall: 0.0000	f1: 0.000	
2024-08-31 22:05:35,490:INFO: Epoch 3	----Valid---- Loss: 32.9969	Accuracy: 94.2935	Precision: 0.0000	Recall: 0.0000	F1: 0.0000
2024-08-31 22:05:44,236:INFO: Epoch 3	----Test---- Loss: 32.9409	Accuracy: 95.7162	Precision: 0.0000	Recall: 0.0000	F1: 0.0000
2024-08-31 22:07:53,385:INFO: ----------------------------------------------------------------------------------------------------
2024-08-31 22:07:53,386:INFO: Epoch 4	---Train--- Average Loss:    34.2592	 Patience 3	 Loss:    34.2586	Accuracy: 94.3554	Precision: 0.0000	Recall: 0.0000	f1: 0.000	
2024-08-31 22:08:01,477:INFO: Epoch 4	----Valid---- Loss: 32.9944	Accuracy: 94.2935	Precision: 0.0000	Recall: 0.0000	F1: 0.0000
2024-08-31 22:08:10,437:INFO: Epoch 4	----Test---- Loss: 32.9296	Accuracy: 95.7162	Precision: 0.0000	Recall: 0.0000	F1: 0.0000
2024-08-31 22:10:20,049:INFO: ----------------------------------------------------------------------------------------------------
2024-08-31 22:10:20,050:INFO: Epoch 5	---Train--- Average Loss:    34.2573	 Patience 4	 Loss:    34.2576	Accuracy: 94.3554	Precision: 0.0000	Recall: 0.0000	f1: 0.000	
2024-08-31 22:10:28,133:INFO: Epoch 5	----Valid---- Loss: 32.9936	Accuracy: 94.2935	Precision: 0.0000	Recall: 0.0000	F1: 0.0000
2024-08-31 22:10:36,997:INFO: Epoch 5	----Test---- Loss: 32.9280	Accuracy: 95.7162	Precision: 0.0000	Recall: 0.0000	F1: 0.0000
2024-08-31 22:12:46,570:INFO: ----------------------------------------------------------------------------------------------------
2024-08-31 22:12:46,571:INFO: Epoch 6	---Train--- Average Loss:    34.2585	 Patience 5	 Loss:    34.2573	Accuracy: 94.3554	Precision: 0.0000	Recall: 0.0000	f1: 0.000	
2024-08-31 22:12:54,605:INFO: Epoch 6	----Valid---- Loss: 32.9933	Accuracy: 94.2935	Precision: 0.0000	Recall: 0.0000	F1: 0.0000
2024-08-31 22:13:03,717:INFO: Epoch 6	----Test---- Loss: 32.9362	Accuracy: 95.7162	Precision: 0.0000	Recall: 0.0000	F1: 0.0000
2024-08-31 22:15:12,723:INFO: ----------------------------------------------------------------------------------------------------
2024-08-31 22:15:12,723:INFO: Epoch 7	---Train--- Average Loss:    34.2579	 Patience 6	 Loss:    34.2571	Accuracy: 94.3554	Precision: 0.0000	Recall: 0.0000	f1: 0.000	
2024-08-31 22:15:20,809:INFO: Epoch 7	----Valid---- Loss: 32.9932	Accuracy: 94.2935	Precision: 0.0000	Recall: 0.0000	F1: 0.0000
2024-08-31 22:15:29,584:INFO: Epoch 7	----Test---- Loss: 32.8277	Accuracy: 95.9839	Precision: 0.0000	Recall: 0.0000	F1: 0.0000
2024-08-31 22:17:39,363:INFO: ----------------------------------------------------------------------------------------------------
2024-08-31 22:17:39,364:INFO: Epoch 8	---Train--- Average Loss:    34.2555	 Patience 7	 Loss:    34.2571	Accuracy: 94.3554	Precision: 0.0000	Recall: 0.0000	f1: 0.000	
2024-08-31 22:17:47,489:INFO: Epoch 8	----Valid---- Loss: 32.9931	Accuracy: 94.2935	Precision: 0.0000	Recall: 0.0000	F1: 0.0000
2024-08-31 22:17:56,759:INFO: Epoch 8	----Test---- Loss: 32.7800	Accuracy: 96.1178	Precision: 0.0000	Recall: 0.0000	F1: 0.0000
2024-08-31 22:20:06,107:INFO: ----------------------------------------------------------------------------------------------------
2024-08-31 22:20:06,108:INFO: Epoch 9	---Train--- Average Loss:    34.2537	 Patience 8	 Loss:    34.2570	Accuracy: 94.3554	Precision: 0.0000	Recall: 0.0000	f1: 0.000	
2024-08-31 22:20:14,224:INFO: Epoch 9	----Valid---- Loss: 32.9931	Accuracy: 94.2935	Precision: 0.0000	Recall: 0.0000	F1: 0.0000
2024-08-31 22:20:23,199:INFO: Epoch 9	----Test---- Loss: 32.8352	Accuracy: 95.9839	Precision: 0.0000	Recall: 0.0000	F1: 0.0000
2024-08-31 22:22:32,464:INFO: ----------------------------------------------------------------------------------------------------
2024-08-31 22:22:32,464:INFO: Epoch 10	---Train--- Average Loss:    34.2534	 Patience 9	 Loss:    34.2570	Accuracy: 94.3554	Precision: 0.0000	Recall: 0.0000	f1: 0.000	
2024-08-31 22:22:40,495:INFO: Epoch 10	----Valid---- Loss: 32.9930	Accuracy: 94.2935	Precision: 0.0000	Recall: 0.0000	F1: 0.0000
2024-08-31 22:22:49,222:INFO: Epoch 10	----Test---- Loss: 33.0014	Accuracy: 95.5823	Precision: 0.0000	Recall: 0.0000	F1: 0.0000
2024-08-31 22:24:57,974:INFO: ----------------------------------------------------------------------------------------------------
2024-08-31 22:24:57,974:INFO: Epoch 11	---Train--- Average Loss:    34.2508	 Patience 10	 Loss:    34.2570	Accuracy: 94.3554	Precision: 0.0000	Recall: 0.0000	f1: 0.000	
2024-08-31 22:25:05,974:INFO: Epoch 11	----Valid---- Loss: 32.9930	Accuracy: 94.2935	Precision: 0.0000	Recall: 0.0000	F1: 0.0000
2024-08-31 22:25:14,532:INFO: Epoch 11	----Test---- Loss: 32.0575	Accuracy: 95.5923	Precision: 0.0000	Recall: 0.0000	F1: 0.0000
2024-08-31 22:27:23,607:INFO: ----------------------------------------------------------------------------------------------------
2024-08-31 22:27:23,607:INFO: Epoch 12	---Train--- Average Loss:    34.2509	 Patience 11	 Loss:    34.2570	Accuracy: 94.3554	Precision: 0.0000	Recall: 0.0000	f1: 0.000	
2024-08-31 22:27:31,614:INFO: Epoch 12	----Valid---- Loss: 32.9930	Accuracy: 94.2935	Precision: 0.0000	Recall: 0.0000	F1: 0.0000
2024-08-31 22:27:40,371:INFO: Epoch 12	----Test---- Loss: 33.0764	Accuracy: 95.3146	Precision: 0.0000	Recall: 0.0000	F1: 0.0000
2024-08-31 22:29:49,565:INFO: ----------------------------------------------------------------------------------------------------
2024-08-31 22:29:49,565:INFO: Epoch 13	---Train--- Average Loss:    34.2595	 Patience 12	 Loss:    34.2570	Accuracy: 94.3554	Precision: 0.0000	Recall: 0.0000	f1: 0.000	
2024-08-31 22:29:57,701:INFO: Epoch 13	----Valid---- Loss: 32.9930	Accuracy: 94.2935	Precision: 0.0000	Recall: 0.0000	F1: 0.0000
2024-08-31 22:30:06,544:INFO: Epoch 13	----Test---- Loss: 32.8865	Accuracy: 95.8501	Precision: 0.0000	Recall: 0.0000	F1: 0.0000
2024-08-31 22:32:15,646:INFO: ----------------------------------------------------------------------------------------------------
2024-08-31 22:32:15,646:INFO: Epoch 14	---Train--- Average Loss:    34.2557	 Patience 13	 Loss:    34.2570	Accuracy: 94.3554	Precision: 0.0000	Recall: 0.0000	f1: 0.000	
2024-08-31 22:32:23,794:INFO: Epoch 14	----Valid---- Loss: 32.9930	Accuracy: 94.2935	Precision: 0.0000	Recall: 0.0000	F1: 0.0000
2024-08-31 22:32:32,604:INFO: Epoch 14	----Test---- Loss: 32.9373	Accuracy: 95.7162	Precision: 0.0000	Recall: 0.0000	F1: 0.0000
2024-08-31 22:34:41,586:INFO: ----------------------------------------------------------------------------------------------------
2024-08-31 22:34:41,586:INFO: Epoch 15	---Train--- Average Loss:    34.2530	 Patience 14	 Loss:    34.2570	Accuracy: 94.3554	Precision: 0.0000	Recall: 0.0000	f1: 0.000	
2024-08-31 22:34:49,680:INFO: Epoch 15	----Valid---- Loss: 32.9930	Accuracy: 94.2935	Precision: 0.0000	Recall: 0.0000	F1: 0.0000
2024-08-31 22:34:58,619:INFO: Epoch 15	----Test---- Loss: 32.9285	Accuracy: 95.7162	Precision: 0.0000	Recall: 0.0000	F1: 0.0000
2024-08-31 22:37:08,557:INFO: ----------------------------------------------------------------------------------------------------
2024-08-31 22:37:08,557:INFO: Epoch 16	---Train--- Average Loss:    34.2539	 Patience 15	 Loss:    34.2570	Accuracy: 94.3554	Precision: 0.0000	Recall: 0.0000	f1: 0.000	
2024-08-31 22:37:16,719:INFO: Epoch 16	----Valid---- Loss: 32.9930	Accuracy: 94.2935	Precision: 0.0000	Recall: 0.0000	F1: 0.0000
2024-08-31 22:37:25,535:INFO: Epoch 16	----Test---- Loss: 32.9276	Accuracy: 95.7162	Precision: 0.0000	Recall: 0.0000	F1: 0.0000
2024-08-31 22:39:34,400:INFO: ----------------------------------------------------------------------------------------------------
2024-08-31 22:39:34,400:INFO: Epoch 17	---Train--- Average Loss:    34.2485	 Patience 16	 Loss:    34.2570	Accuracy: 94.3554	Precision: 0.0000	Recall: 0.0000	f1: 0.000	
2024-08-31 22:39:42,448:INFO: Epoch 17	----Valid---- Loss: 32.9930	Accuracy: 94.2935	Precision: 0.0000	Recall: 0.0000	F1: 0.0000
2024-08-31 22:39:51,344:INFO: Epoch 17	----Test---- Loss: 32.9360	Accuracy: 95.7162	Precision: 0.0000	Recall: 0.0000	F1: 0.0000
2024-08-31 22:42:00,601:INFO: ----------------------------------------------------------------------------------------------------
2024-08-31 22:42:00,601:INFO: Epoch 18	---Train--- Average Loss:    34.2535	 Patience 17	 Loss:    34.2570	Accuracy: 94.3554	Precision: 0.0000	Recall: 0.0000	f1: 0.000	
2024-08-31 22:42:08,767:INFO: Epoch 18	----Valid---- Loss: 32.9930	Accuracy: 94.2935	Precision: 0.0000	Recall: 0.0000	F1: 0.0000
2024-08-31 22:42:17,633:INFO: Epoch 18	----Test---- Loss: 32.8276	Accuracy: 95.9839	Precision: 0.0000	Recall: 0.0000	F1: 0.0000
2024-08-31 22:44:27,499:INFO: ----------------------------------------------------------------------------------------------------
2024-08-31 22:44:27,500:INFO: Epoch 19	---Train--- Average Loss:    34.2518	 Patience 18	 Loss:    34.2570	Accuracy: 94.3554	Precision: 0.0000	Recall: 0.0000	f1: 0.000	
2024-08-31 22:44:35,578:INFO: Epoch 19	----Valid---- Loss: 32.9930	Accuracy: 94.2935	Precision: 0.0000	Recall: 0.0000	F1: 0.0000
2024-08-31 22:44:44,720:INFO: Epoch 19	----Test---- Loss: 32.7800	Accuracy: 96.1178	Precision: 0.0000	Recall: 0.0000	F1: 0.0000
2024-08-31 22:46:54,109:INFO: ----------------------------------------------------------------------------------------------------
2024-08-31 22:46:54,110:INFO: Epoch 20	---Train--- Average Loss:    34.2485	 Patience 19	 Loss:    34.2570	Accuracy: 94.3554	Precision: 0.0000	Recall: 0.0000	f1: 0.000	
2024-08-31 22:47:02,211:INFO: Epoch 20	----Valid---- Loss: 32.9930	Accuracy: 94.2935	Precision: 0.0000	Recall: 0.0000	F1: 0.0000
2024-08-31 22:47:11,006:INFO: Epoch 20	----Test---- Loss: 32.8351	Accuracy: 95.9839	Precision: 0.0000	Recall: 0.0000	F1: 0.0000
2024-08-31 22:49:20,156:INFO: ----------------------------------------------------------------------------------------------------
2024-08-31 22:49:20,156:INFO: Epoch 21	---Train--- Average Loss:    34.2499	 Patience 20	 Loss:    34.2570	Accuracy: 94.3554	Precision: 0.0000	Recall: 0.0000	f1: 0.000	
2024-08-31 22:49:28,178:INFO: Epoch 21	----Valid---- Loss: 32.9930	Accuracy: 94.2935	Precision: 0.0000	Recall: 0.0000	F1: 0.0000
2024-08-31 22:49:36,942:INFO: Epoch 21	----Test---- Loss: 33.0014	Accuracy: 95.5823	Precision: 0.0000	Recall: 0.0000	F1: 0.0000
2024-08-31 22:51:46,811:INFO: ----------------------------------------------------------------------------------------------------
2024-08-31 22:51:46,811:INFO: Epoch 22	---Train--- Average Loss:    34.2532	 Patience 21	 Loss:    34.2570	Accuracy: 94.3554	Precision: 0.0000	Recall: 0.0000	f1: 0.000	
2024-08-31 22:51:54,856:INFO: Epoch 22	----Valid---- Loss: 32.9930	Accuracy: 94.2935	Precision: 0.0000	Recall: 0.0000	F1: 0.0000
2024-08-31 22:52:03,399:INFO: Epoch 22	----Test---- Loss: 32.0575	Accuracy: 95.5923	Precision: 0.0000	Recall: 0.0000	F1: 0.0000
2024-08-31 22:54:12,816:INFO: ----------------------------------------------------------------------------------------------------
2024-08-31 22:54:12,816:INFO: Epoch 23	---Train--- Average Loss:    34.2553	 Patience 22	 Loss:    34.2570	Accuracy: 94.3554	Precision: 0.0000	Recall: 0.0000	f1: 0.000	
2024-08-31 22:54:20,839:INFO: Epoch 23	----Valid---- Loss: 32.9930	Accuracy: 94.2935	Precision: 0.0000	Recall: 0.0000	F1: 0.0000
2024-08-31 22:54:29,594:INFO: Epoch 23	----Test---- Loss: 33.0764	Accuracy: 95.3146	Precision: 0.0000	Recall: 0.0000	F1: 0.0000
2024-08-31 22:56:38,784:INFO: ----------------------------------------------------------------------------------------------------
2024-08-31 22:56:38,784:INFO: Epoch 24	---Train--- Average Loss:    34.2556	 Patience 23	 Loss:    34.2570	Accuracy: 94.3554	Precision: 0.0000	Recall: 0.0000	f1: 0.000	
2024-08-31 22:56:46,806:INFO: Epoch 24	----Valid---- Loss: 32.9930	Accuracy: 94.2935	Precision: 0.0000	Recall: 0.0000	F1: 0.0000
2024-08-31 22:56:55,678:INFO: Epoch 24	----Test---- Loss: 32.8865	Accuracy: 95.8501	Precision: 0.0000	Recall: 0.0000	F1: 0.0000
2024-08-31 22:59:05,554:INFO: ----------------------------------------------------------------------------------------------------
2024-08-31 22:59:05,554:INFO: Epoch 25	---Train--- Average Loss:    34.2504	 Patience 24	 Loss:    34.2570	Accuracy: 94.3554	Precision: 0.0000	Recall: 0.0000	f1: 0.000	
2024-08-31 22:59:13,607:INFO: Epoch 25	----Valid---- Loss: 32.9930	Accuracy: 94.2935	Precision: 0.0000	Recall: 0.0000	F1: 0.0000
2024-08-31 22:59:22,351:INFO: Epoch 25	----Test---- Loss: 32.9373	Accuracy: 95.7162	Precision: 0.0000	Recall: 0.0000	F1: 0.0000
2024-08-31 23:01:31,980:INFO: ----------------------------------------------------------------------------------------------------
2024-08-31 23:01:31,980:INFO: Epoch 26	---Train--- Average Loss:    34.2478	 Patience 25	 Loss:    34.2570	Accuracy: 94.3554	Precision: 0.0000	Recall: 0.0000	f1: 0.000	
2024-08-31 23:01:40,107:INFO: Epoch 26	----Valid---- Loss: 32.9930	Accuracy: 94.2935	Precision: 0.0000	Recall: 0.0000	F1: 0.0000
2024-08-31 23:01:49,069:INFO: Epoch 26	----Test---- Loss: 32.9285	Accuracy: 95.7162	Precision: 0.0000	Recall: 0.0000	F1: 0.0000
2024-08-31 23:03:59,205:INFO: ----------------------------------------------------------------------------------------------------
2024-08-31 23:03:59,205:INFO: Epoch 27	---Train--- Average Loss:    34.2531	 Patience 26	 Loss:    34.2570	Accuracy: 94.3554	Precision: 0.0000	Recall: 0.0000	f1: 0.000	
2024-08-31 23:04:07,289:INFO: Epoch 27	----Valid---- Loss: 32.9930	Accuracy: 94.2935	Precision: 0.0000	Recall: 0.0000	F1: 0.0000
2024-08-31 23:04:16,248:INFO: Epoch 27	----Test---- Loss: 32.9276	Accuracy: 95.7162	Precision: 0.0000	Recall: 0.0000	F1: 0.0000
2024-08-31 23:06:25,577:INFO: ----------------------------------------------------------------------------------------------------
2024-08-31 23:06:25,577:INFO: Epoch 28	---Train--- Average Loss:    34.2536	 Patience 27	 Loss:    34.2570	Accuracy: 94.3554	Precision: 0.0000	Recall: 0.0000	f1: 0.000	
2024-08-31 23:06:33,678:INFO: Epoch 28	----Valid---- Loss: 32.9930	Accuracy: 94.2935	Precision: 0.0000	Recall: 0.0000	F1: 0.0000
2024-08-31 23:06:42,663:INFO: Epoch 28	----Test---- Loss: 32.9360	Accuracy: 95.7162	Precision: 0.0000	Recall: 0.0000	F1: 0.0000
2024-08-31 23:08:52,740:INFO: ----------------------------------------------------------------------------------------------------
2024-08-31 23:08:52,740:INFO: Epoch 29	---Train--- Average Loss:    34.2499	 Patience 28	 Loss:    34.2570	Accuracy: 94.3554	Precision: 0.0000	Recall: 0.0000	f1: 0.000	
2024-08-31 23:09:00,820:INFO: Epoch 29	----Valid---- Loss: 32.9930	Accuracy: 94.2935	Precision: 0.0000	Recall: 0.0000	F1: 0.0000
2024-08-31 23:09:09,605:INFO: Epoch 29	----Test---- Loss: 32.8276	Accuracy: 95.9839	Precision: 0.0000	Recall: 0.0000	F1: 0.0000
2024-08-31 23:11:19,847:INFO: ----------------------------------------------------------------------------------------------------
2024-08-31 23:11:19,847:INFO: Epoch 30	---Train--- Average Loss:    34.2505	 Patience 29	 Loss:    34.2570	Accuracy: 94.3554	Precision: 0.0000	Recall: 0.0000	f1: 0.000	
2024-08-31 23:11:28,018:INFO: Epoch 30	----Valid---- Loss: 32.9930	Accuracy: 94.2935	Precision: 0.0000	Recall: 0.0000	F1: 0.0000
2024-08-31 23:11:37,217:INFO: Epoch 30	----Test---- Loss: 32.7800	Accuracy: 96.1178	Precision: 0.0000	Recall: 0.0000	F1: 0.0000
2024-08-31 23:13:45,938:INFO: ----------------------------------------------------------------------------------------------------
2024-08-31 23:13:45,938:INFO: Epoch 31	---Train--- Average Loss:    34.2573	 Patience 30	 Loss:    34.2570	Accuracy: 94.3554	Precision: 0.0000	Recall: 0.0000	f1: 0.000	
2024-08-31 23:13:54,058:INFO: Epoch 31	----Valid---- Loss: 32.9930	Accuracy: 94.2935	Precision: 0.0000	Recall: 0.0000	F1: 0.0000
2024-08-31 23:14:02,965:INFO: Epoch 31	----Test---- Loss: 32.8351	Accuracy: 95.9839	Precision: 0.0000	Recall: 0.0000	F1: 0.0000
2024-08-31 23:16:12,210:INFO: ----------------------------------------------------------------------------------------------------
2024-08-31 23:16:12,210:INFO: Epoch 32	---Train--- Average Loss:    34.2476	 Patience 31	 Loss:    34.2570	Accuracy: 94.3554	Precision: 0.0000	Recall: 0.0000	f1: 0.000	
2024-08-31 23:16:20,330:INFO: Epoch 32	----Valid---- Loss: 32.9930	Accuracy: 94.2935	Precision: 0.0000	Recall: 0.0000	F1: 0.0000
2024-08-31 23:16:29,174:INFO: Epoch 32	----Test---- Loss: 33.0014	Accuracy: 95.5823	Precision: 0.0000	Recall: 0.0000	F1: 0.0000
2024-08-31 23:18:38,436:INFO: ----------------------------------------------------------------------------------------------------
2024-08-31 23:18:38,437:INFO: Epoch 33	---Train--- Average Loss:    34.2498	 Patience 32	 Loss:    34.2570	Accuracy: 94.3554	Precision: 0.0000	Recall: 0.0000	f1: 0.000	
2024-08-31 23:18:46,507:INFO: Epoch 33	----Valid---- Loss: 32.9930	Accuracy: 94.2935	Precision: 0.0000	Recall: 0.0000	F1: 0.0000
2024-08-31 23:18:55,131:INFO: Epoch 33	----Test---- Loss: 32.0575	Accuracy: 95.5923	Precision: 0.0000	Recall: 0.0000	F1: 0.0000
2024-08-31 23:21:05,272:INFO: ----------------------------------------------------------------------------------------------------
2024-08-31 23:21:05,272:INFO: Epoch 34	---Train--- Average Loss:    34.2498	 Patience 33	 Loss:    34.2570	Accuracy: 94.3554	Precision: 0.0000	Recall: 0.0000	f1: 0.000	
2024-08-31 23:21:13,366:INFO: Epoch 34	----Valid---- Loss: 32.9930	Accuracy: 94.2935	Precision: 0.0000	Recall: 0.0000	F1: 0.0000
2024-08-31 23:21:22,285:INFO: Epoch 34	----Test---- Loss: 33.0764	Accuracy: 95.3146	Precision: 0.0000	Recall: 0.0000	F1: 0.0000
2024-08-31 23:23:31,646:INFO: ----------------------------------------------------------------------------------------------------
2024-08-31 23:23:31,646:INFO: Epoch 35	---Train--- Average Loss:    34.2556	 Patience 34	 Loss:    34.2570	Accuracy: 94.3554	Precision: 0.0000	Recall: 0.0000	f1: 0.000	
2024-08-31 23:23:39,665:INFO: Epoch 35	----Valid---- Loss: 32.9930	Accuracy: 94.2935	Precision: 0.0000	Recall: 0.0000	F1: 0.0000
2024-08-31 23:23:48,572:INFO: Epoch 35	----Test---- Loss: 32.8865	Accuracy: 95.8501	Precision: 0.0000	Recall: 0.0000	F1: 0.0000
2024-08-31 23:25:58,070:INFO: ----------------------------------------------------------------------------------------------------
2024-08-31 23:25:58,070:INFO: Epoch 36	---Train--- Average Loss:    34.2581	 Patience 35	 Loss:    34.2570	Accuracy: 94.3554	Precision: 0.0000	Recall: 0.0000	f1: 0.000	
2024-08-31 23:26:06,149:INFO: Epoch 36	----Valid---- Loss: 32.9930	Accuracy: 94.2935	Precision: 0.0000	Recall: 0.0000	F1: 0.0000
2024-08-31 23:26:14,919:INFO: Epoch 36	----Test---- Loss: 32.9373	Accuracy: 95.7162	Precision: 0.0000	Recall: 0.0000	F1: 0.0000
2024-08-31 23:28:25,383:INFO: ----------------------------------------------------------------------------------------------------
2024-08-31 23:28:25,383:INFO: Epoch 37	---Train--- Average Loss:    34.2518	 Patience 36	 Loss:    34.2570	Accuracy: 94.3554	Precision: 0.0000	Recall: 0.0000	f1: 0.000	
2024-08-31 23:28:33,499:INFO: Epoch 37	----Valid---- Loss: 32.9930	Accuracy: 94.2935	Precision: 0.0000	Recall: 0.0000	F1: 0.0000
2024-08-31 23:28:42,437:INFO: Epoch 37	----Test---- Loss: 32.9285	Accuracy: 95.7162	Precision: 0.0000	Recall: 0.0000	F1: 0.0000
2024-08-31 23:30:52,832:INFO: ----------------------------------------------------------------------------------------------------
2024-08-31 23:30:52,832:INFO: Epoch 38	---Train--- Average Loss:    34.2562	 Patience 37	 Loss:    34.2570	Accuracy: 94.3554	Precision: 0.0000	Recall: 0.0000	f1: 0.000	
2024-08-31 23:31:00,961:INFO: Epoch 38	----Valid---- Loss: 32.9930	Accuracy: 94.2935	Precision: 0.0000	Recall: 0.0000	F1: 0.0000
2024-08-31 23:31:09,824:INFO: Epoch 38	----Test---- Loss: 32.9276	Accuracy: 95.7162	Precision: 0.0000	Recall: 0.0000	F1: 0.0000
2024-08-31 23:33:19,714:INFO: ----------------------------------------------------------------------------------------------------
2024-08-31 23:33:19,715:INFO: Epoch 39	---Train--- Average Loss:    34.2525	 Patience 38	 Loss:    34.2570	Accuracy: 94.3554	Precision: 0.0000	Recall: 0.0000	f1: 0.000	
2024-08-31 23:33:27,799:INFO: Epoch 39	----Valid---- Loss: 32.9930	Accuracy: 94.2935	Precision: 0.0000	Recall: 0.0000	F1: 0.0000
2024-08-31 23:33:36,709:INFO: Epoch 39	----Test---- Loss: 32.9360	Accuracy: 95.7162	Precision: 0.0000	Recall: 0.0000	F1: 0.0000
2024-08-31 23:35:47,305:INFO: ----------------------------------------------------------------------------------------------------
2024-08-31 23:35:47,305:INFO: Epoch 40	---Train--- Average Loss:    34.2567	 Patience 39	 Loss:    34.2570	Accuracy: 94.3554	Precision: 0.0000	Recall: 0.0000	f1: 0.000	
2024-08-31 23:35:55,373:INFO: Epoch 40	----Valid---- Loss: 32.9930	Accuracy: 94.2935	Precision: 0.0000	Recall: 0.0000	F1: 0.0000
2024-08-31 23:36:04,112:INFO: Epoch 40	----Test---- Loss: 32.8276	Accuracy: 95.9839	Precision: 0.0000	Recall: 0.0000	F1: 0.0000
2024-08-31 23:38:13,256:INFO: ----------------------------------------------------------------------------------------------------
2024-08-31 23:38:13,256:INFO: Epoch 41	---Train--- Average Loss:    34.2573	 Patience 40	 Loss:    34.2570	Accuracy: 94.3554	Precision: 0.0000	Recall: 0.0000	f1: 0.000	
2024-08-31 23:38:21,314:INFO: Epoch 41	----Valid---- Loss: 32.9930	Accuracy: 94.2935	Precision: 0.0000	Recall: 0.0000	F1: 0.0000
2024-08-31 23:38:30,491:INFO: Epoch 41	----Test---- Loss: 32.7800	Accuracy: 96.1178	Precision: 0.0000	Recall: 0.0000	F1: 0.0000
2024-08-31 23:40:39,606:INFO: ----------------------------------------------------------------------------------------------------
2024-08-31 23:40:39,606:INFO: Epoch 42	---Train--- Average Loss:    34.2529	 Patience 41	 Loss:    34.2570	Accuracy: 94.3554	Precision: 0.0000	Recall: 0.0000	f1: 0.000	
2024-08-31 23:40:47,639:INFO: Epoch 42	----Valid---- Loss: 32.9930	Accuracy: 94.2935	Precision: 0.0000	Recall: 0.0000	F1: 0.0000
2024-08-31 23:40:56,456:INFO: Epoch 42	----Test---- Loss: 32.8351	Accuracy: 95.9839	Precision: 0.0000	Recall: 0.0000	F1: 0.0000
2024-08-31 23:43:05,273:INFO: ----------------------------------------------------------------------------------------------------
2024-08-31 23:43:05,274:INFO: Epoch 43	---Train--- Average Loss:    34.2474	 Patience 42	 Loss:    34.2570	Accuracy: 94.3554	Precision: 0.0000	Recall: 0.0000	f1: 0.000	
2024-08-31 23:43:13,382:INFO: Epoch 43	----Valid---- Loss: 32.9930	Accuracy: 94.2935	Precision: 0.0000	Recall: 0.0000	F1: 0.0000
2024-08-31 23:43:22,180:INFO: Epoch 43	----Test---- Loss: 33.0014	Accuracy: 95.5823	Precision: 0.0000	Recall: 0.0000	F1: 0.0000
2024-08-31 23:45:31,479:INFO: ----------------------------------------------------------------------------------------------------
2024-08-31 23:45:31,479:INFO: Epoch 44	---Train--- Average Loss:    34.2536	 Patience 43	 Loss:    34.2570	Accuracy: 94.3554	Precision: 0.0000	Recall: 0.0000	f1: 0.000	
2024-08-31 23:45:39,498:INFO: Epoch 44	----Valid---- Loss: 32.9930	Accuracy: 94.2935	Precision: 0.0000	Recall: 0.0000	F1: 0.0000
2024-08-31 23:45:48,014:INFO: Epoch 44	----Test---- Loss: 32.0575	Accuracy: 95.5923	Precision: 0.0000	Recall: 0.0000	F1: 0.0000
2024-08-31 23:47:57,033:INFO: ----------------------------------------------------------------------------------------------------
2024-08-31 23:47:57,033:INFO: Epoch 45	---Train--- Average Loss:    34.2546	 Patience 44	 Loss:    34.2570	Accuracy: 94.3554	Precision: 0.0000	Recall: 0.0000	f1: 0.000	
2024-08-31 23:48:05,055:INFO: Epoch 45	----Valid---- Loss: 32.9930	Accuracy: 94.2935	Precision: 0.0000	Recall: 0.0000	F1: 0.0000
2024-08-31 23:48:13,874:INFO: Epoch 45	----Test---- Loss: 33.0764	Accuracy: 95.3146	Precision: 0.0000	Recall: 0.0000	F1: 0.0000
2024-08-31 23:50:23,006:INFO: ----------------------------------------------------------------------------------------------------
2024-08-31 23:50:23,006:INFO: Epoch 46	---Train--- Average Loss:    34.2521	 Patience 45	 Loss:    34.2570	Accuracy: 94.3554	Precision: 0.0000	Recall: 0.0000	f1: 0.000	
2024-08-31 23:50:31,025:INFO: Epoch 46	----Valid---- Loss: 32.9930	Accuracy: 94.2935	Precision: 0.0000	Recall: 0.0000	F1: 0.0000
2024-08-31 23:50:39,926:INFO: Epoch 46	----Test---- Loss: 32.8865	Accuracy: 95.8501	Precision: 0.0000	Recall: 0.0000	F1: 0.0000
2024-08-31 23:52:49,261:INFO: ----------------------------------------------------------------------------------------------------
2024-08-31 23:52:49,262:INFO: Epoch 47	---Train--- Average Loss:    34.2526	 Patience 46	 Loss:    34.2570	Accuracy: 94.3554	Precision: 0.0000	Recall: 0.0000	f1: 0.000	
2024-08-31 23:52:57,427:INFO: Epoch 47	----Valid---- Loss: 32.9930	Accuracy: 94.2935	Precision: 0.0000	Recall: 0.0000	F1: 0.0000
2024-08-31 23:53:06,196:INFO: Epoch 47	----Test---- Loss: 32.9373	Accuracy: 95.7162	Precision: 0.0000	Recall: 0.0000	F1: 0.0000
2024-08-31 23:55:18,304:INFO: ----------------------------------------------------------------------------------------------------
2024-08-31 23:55:18,304:INFO: Epoch 48	---Train--- Average Loss:    34.2532	 Patience 47	 Loss:    34.2570	Accuracy: 94.3554	Precision: 0.0000	Recall: 0.0000	f1: 0.000	
2024-08-31 23:55:26,485:INFO: Epoch 48	----Valid---- Loss: 32.9930	Accuracy: 94.2935	Precision: 0.0000	Recall: 0.0000	F1: 0.0000
2024-08-31 23:55:35,435:INFO: Epoch 48	----Test---- Loss: 32.9285	Accuracy: 95.7162	Precision: 0.0000	Recall: 0.0000	F1: 0.0000
2024-08-31 23:57:45,162:INFO: ----------------------------------------------------------------------------------------------------
2024-08-31 23:57:45,162:INFO: Epoch 49	---Train--- Average Loss:    34.2619	 Patience 48	 Loss:    34.2570	Accuracy: 94.3554	Precision: 0.0000	Recall: 0.0000	f1: 0.000	
2024-08-31 23:57:53,265:INFO: Epoch 49	----Valid---- Loss: 32.9930	Accuracy: 94.2935	Precision: 0.0000	Recall: 0.0000	F1: 0.0000
2024-08-31 23:58:02,159:INFO: Epoch 49	----Test---- Loss: 32.9276	Accuracy: 95.7162	Precision: 0.0000	Recall: 0.0000	F1: 0.0000
2024-09-01 00:00:12,481:INFO: ----------------------------------------------------------------------------------------------------
2024-09-01 00:00:12,482:INFO: Epoch 50	---Train--- Average Loss:    34.2596	 Patience 49	 Loss:    34.2570	Accuracy: 94.3554	Precision: 0.0000	Recall: 0.0000	f1: 0.000	
2024-09-01 00:00:20,654:INFO: Epoch 50	----Valid---- Loss: 32.9930	Accuracy: 94.2935	Precision: 0.0000	Recall: 0.0000	F1: 0.0000
2024-09-01 00:00:29,544:INFO: Epoch 50	----Test---- Loss: 32.9360	Accuracy: 95.7162	Precision: 0.0000	Recall: 0.0000	F1: 0.0000
2024-09-01 00:02:38,730:INFO: ----------------------------------------------------------------------------------------------------
2024-09-01 00:02:38,730:INFO: Epoch 51	---Train--- Average Loss:    34.2519	 Patience 50	 Loss:    34.2570	Accuracy: 94.3554	Precision: 0.0000	Recall: 0.0000	f1: 0.000	
2024-09-01 00:02:46,780:INFO: Epoch 51	----Valid---- Loss: 32.9930	Accuracy: 94.2935	Precision: 0.0000	Recall: 0.0000	F1: 0.0000
2024-09-01 00:02:55,512:INFO: Epoch 51	----Test---- Loss: 32.8276	Accuracy: 95.9839	Precision: 0.0000	Recall: 0.0000	F1: 0.0000
2024-09-01 00:05:05,209:INFO: ----------------------------------------------------------------------------------------------------
2024-09-01 00:05:05,209:INFO: Epoch 52	---Train--- Average Loss:    34.2484	 Patience 51	 Loss:    34.2570	Accuracy: 94.3554	Precision: 0.0000	Recall: 0.0000	f1: 0.000	
2024-09-01 00:05:13,244:INFO: Epoch 52	----Valid---- Loss: 32.9930	Accuracy: 94.2935	Precision: 0.0000	Recall: 0.0000	F1: 0.0000
2024-09-01 00:05:22,300:INFO: Epoch 52	----Test---- Loss: 32.7800	Accuracy: 96.1178	Precision: 0.0000	Recall: 0.0000	F1: 0.0000
2024-09-01 00:07:32,165:INFO: ----------------------------------------------------------------------------------------------------
2024-09-01 00:07:32,165:INFO: Epoch 53	---Train--- Average Loss:    34.2553	 Patience 52	 Loss:    34.2570	Accuracy: 94.3554	Precision: 0.0000	Recall: 0.0000	f1: 0.000	
2024-09-01 00:07:40,203:INFO: Epoch 53	----Valid---- Loss: 32.9930	Accuracy: 94.2935	Precision: 0.0000	Recall: 0.0000	F1: 0.0000
2024-09-01 00:07:49,057:INFO: Epoch 53	----Test---- Loss: 32.8351	Accuracy: 95.9839	Precision: 0.0000	Recall: 0.0000	F1: 0.0000
2024-09-01 00:09:58,632:INFO: ----------------------------------------------------------------------------------------------------
2024-09-01 00:09:58,632:INFO: Epoch 54	---Train--- Average Loss:    34.2540	 Patience 53	 Loss:    34.2570	Accuracy: 94.3554	Precision: 0.0000	Recall: 0.0000	f1: 0.000	
2024-09-01 00:10:06,682:INFO: Epoch 54	----Valid---- Loss: 32.9930	Accuracy: 94.2935	Precision: 0.0000	Recall: 0.0000	F1: 0.0000
2024-09-01 00:10:15,405:INFO: Epoch 54	----Test---- Loss: 33.0014	Accuracy: 95.5823	Precision: 0.0000	Recall: 0.0000	F1: 0.0000
2024-09-01 00:12:23,857:INFO: ----------------------------------------------------------------------------------------------------
2024-09-01 00:12:23,858:INFO: Epoch 55	---Train--- Average Loss:    34.2551	 Patience 54	 Loss:    34.2570	Accuracy: 94.3554	Precision: 0.0000	Recall: 0.0000	f1: 0.000	
2024-09-01 00:12:31,987:INFO: Epoch 55	----Valid---- Loss: 32.9930	Accuracy: 94.2935	Precision: 0.0000	Recall: 0.0000	F1: 0.0000
2024-09-01 00:12:40,542:INFO: Epoch 55	----Test---- Loss: 32.0575	Accuracy: 95.5923	Precision: 0.0000	Recall: 0.0000	F1: 0.0000
2024-09-01 00:14:50,297:INFO: ----------------------------------------------------------------------------------------------------
2024-09-01 00:14:50,297:INFO: Epoch 56	---Train--- Average Loss:    34.2543	 Patience 55	 Loss:    34.2570	Accuracy: 94.3554	Precision: 0.0000	Recall: 0.0000	f1: 0.000	
2024-09-01 00:14:58,409:INFO: Epoch 56	----Valid---- Loss: 32.9930	Accuracy: 94.2935	Precision: 0.0000	Recall: 0.0000	F1: 0.0000
2024-09-01 00:15:07,245:INFO: Epoch 56	----Test---- Loss: 33.0764	Accuracy: 95.3146	Precision: 0.0000	Recall: 0.0000	F1: 0.0000
2024-09-01 00:17:16,933:INFO: ----------------------------------------------------------------------------------------------------
2024-09-01 00:17:16,933:INFO: Epoch 57	---Train--- Average Loss:    34.2506	 Patience 56	 Loss:    34.2570	Accuracy: 94.3554	Precision: 0.0000	Recall: 0.0000	f1: 0.000	
2024-09-01 00:17:25,021:INFO: Epoch 57	----Valid---- Loss: 32.9930	Accuracy: 94.2935	Precision: 0.0000	Recall: 0.0000	F1: 0.0000
2024-09-01 00:17:33,952:INFO: Epoch 57	----Test---- Loss: 32.8865	Accuracy: 95.8501	Precision: 0.0000	Recall: 0.0000	F1: 0.0000
2024-09-01 00:19:43,714:INFO: ----------------------------------------------------------------------------------------------------
2024-09-01 00:19:43,715:INFO: Epoch 58	---Train--- Average Loss:    34.2541	 Patience 57	 Loss:    34.2570	Accuracy: 94.3554	Precision: 0.0000	Recall: 0.0000	f1: 0.000	
2024-09-01 00:19:51,797:INFO: Epoch 58	----Valid---- Loss: 32.9930	Accuracy: 94.2935	Precision: 0.0000	Recall: 0.0000	F1: 0.0000
2024-09-01 00:20:00,588:INFO: Epoch 58	----Test---- Loss: 32.9373	Accuracy: 95.7162	Precision: 0.0000	Recall: 0.0000	F1: 0.0000
2024-09-01 00:22:10,871:INFO: ----------------------------------------------------------------------------------------------------
2024-09-01 00:22:10,871:INFO: Epoch 59	---Train--- Average Loss:    34.2516	 Patience 58	 Loss:    34.2570	Accuracy: 94.3554	Precision: 0.0000	Recall: 0.0000	f1: 0.000	
2024-09-01 00:22:18,993:INFO: Epoch 59	----Valid---- Loss: 32.9930	Accuracy: 94.2935	Precision: 0.0000	Recall: 0.0000	F1: 0.0000
2024-09-01 00:22:27,944:INFO: Epoch 59	----Test---- Loss: 32.9285	Accuracy: 95.7162	Precision: 0.0000	Recall: 0.0000	F1: 0.0000
2024-09-01 00:24:38,090:INFO: ----------------------------------------------------------------------------------------------------
2024-09-01 00:24:38,090:INFO: Epoch 60	---Train--- Average Loss:    34.2507	 Patience 59	 Loss:    34.2570	Accuracy: 94.3554	Precision: 0.0000	Recall: 0.0000	f1: 0.000	
2024-09-01 00:24:46,293:INFO: Epoch 60	----Valid---- Loss: 32.9930	Accuracy: 94.2935	Precision: 0.0000	Recall: 0.0000	F1: 0.0000
2024-09-01 00:24:55,277:INFO: Epoch 60	----Test---- Loss: 32.9276	Accuracy: 95.7162	Precision: 0.0000	Recall: 0.0000	F1: 0.0000
2024-09-01 00:27:05,975:INFO: ----------------------------------------------------------------------------------------------------
2024-09-01 00:27:05,975:INFO: Epoch 61	---Train--- Average Loss:    34.2600	 Patience 60	 Loss:    34.2570	Accuracy: 94.3554	Precision: 0.0000	Recall: 0.0000	f1: 0.000	
2024-09-01 00:27:14,156:INFO: Epoch 61	----Valid---- Loss: 32.9930	Accuracy: 94.2935	Precision: 0.0000	Recall: 0.0000	F1: 0.0000
2024-09-01 00:27:23,127:INFO: Epoch 61	----Test---- Loss: 32.9360	Accuracy: 95.7162	Precision: 0.0000	Recall: 0.0000	F1: 0.0000
2024-09-01 00:29:33,550:INFO: ----------------------------------------------------------------------------------------------------
2024-09-01 00:29:33,551:INFO: Epoch 62	---Train--- Average Loss:    34.2560	 Patience 61	 Loss:    34.2570	Accuracy: 94.3554	Precision: 0.0000	Recall: 0.0000	f1: 0.000	
2024-09-01 00:29:41,721:INFO: Epoch 62	----Valid---- Loss: 32.9930	Accuracy: 94.2935	Precision: 0.0000	Recall: 0.0000	F1: 0.0000
2024-09-01 00:29:50,445:INFO: Epoch 62	----Test---- Loss: 32.8276	Accuracy: 95.9839	Precision: 0.0000	Recall: 0.0000	F1: 0.0000
2024-09-01 00:32:01,293:INFO: ----------------------------------------------------------------------------------------------------
2024-09-01 00:32:01,293:INFO: Epoch 63	---Train--- Average Loss:    34.2556	 Patience 62	 Loss:    34.2570	Accuracy: 94.3554	Precision: 0.0000	Recall: 0.0000	f1: 0.000	
2024-09-01 00:32:09,383:INFO: Epoch 63	----Valid---- Loss: 32.9930	Accuracy: 94.2935	Precision: 0.0000	Recall: 0.0000	F1: 0.0000
2024-09-01 00:32:18,544:INFO: Epoch 63	----Test---- Loss: 32.7800	Accuracy: 96.1178	Precision: 0.0000	Recall: 0.0000	F1: 0.0000
2024-09-01 00:34:28,677:INFO: ----------------------------------------------------------------------------------------------------
2024-09-01 00:34:28,677:INFO: Epoch 64	---Train--- Average Loss:    34.2544	 Patience 63	 Loss:    34.2570	Accuracy: 94.3554	Precision: 0.0000	Recall: 0.0000	f1: 0.000	
2024-09-01 00:34:36,800:INFO: Epoch 64	----Valid---- Loss: 32.9930	Accuracy: 94.2935	Precision: 0.0000	Recall: 0.0000	F1: 0.0000
2024-09-01 00:34:45,749:INFO: Epoch 64	----Test---- Loss: 32.8351	Accuracy: 95.9839	Precision: 0.0000	Recall: 0.0000	F1: 0.0000
2024-09-01 00:36:55,466:INFO: ----------------------------------------------------------------------------------------------------
2024-09-01 00:36:55,466:INFO: Epoch 65	---Train--- Average Loss:    34.2540	 Patience 64	 Loss:    34.2570	Accuracy: 94.3554	Precision: 0.0000	Recall: 0.0000	f1: 0.000	
2024-09-01 00:37:03,527:INFO: Epoch 65	----Valid---- Loss: 32.9930	Accuracy: 94.2935	Precision: 0.0000	Recall: 0.0000	F1: 0.0000
2024-09-01 00:37:12,290:INFO: Epoch 65	----Test---- Loss: 33.0014	Accuracy: 95.5823	Precision: 0.0000	Recall: 0.0000	F1: 0.0000
2024-09-01 00:39:22,437:INFO: ----------------------------------------------------------------------------------------------------
2024-09-01 00:39:22,437:INFO: Epoch 66	---Train--- Average Loss:    34.2484	 Patience 65	 Loss:    34.2570	Accuracy: 94.3554	Precision: 0.0000	Recall: 0.0000	f1: 0.000	
2024-09-01 00:39:30,557:INFO: Epoch 66	----Valid---- Loss: 32.9930	Accuracy: 94.2935	Precision: 0.0000	Recall: 0.0000	F1: 0.0000
2024-09-01 00:39:39,138:INFO: Epoch 66	----Test---- Loss: 32.0575	Accuracy: 95.5923	Precision: 0.0000	Recall: 0.0000	F1: 0.0000
2024-09-01 00:41:49,482:INFO: ----------------------------------------------------------------------------------------------------
2024-09-01 00:41:49,482:INFO: Epoch 67	---Train--- Average Loss:    34.2503	 Patience 66	 Loss:    34.2570	Accuracy: 94.3554	Precision: 0.0000	Recall: 0.0000	f1: 0.000	
2024-09-01 00:41:57,583:INFO: Epoch 67	----Valid---- Loss: 32.9930	Accuracy: 94.2935	Precision: 0.0000	Recall: 0.0000	F1: 0.0000
2024-09-01 00:42:06,407:INFO: Epoch 67	----Test---- Loss: 33.0764	Accuracy: 95.3146	Precision: 0.0000	Recall: 0.0000	F1: 0.0000
2024-09-01 00:44:16,700:INFO: ----------------------------------------------------------------------------------------------------
2024-09-01 00:44:16,701:INFO: Epoch 68	---Train--- Average Loss:    34.2540	 Patience 67	 Loss:    34.2570	Accuracy: 94.3554	Precision: 0.0000	Recall: 0.0000	f1: 0.000	
2024-09-01 00:44:24,819:INFO: Epoch 68	----Valid---- Loss: 32.9930	Accuracy: 94.2935	Precision: 0.0000	Recall: 0.0000	F1: 0.0000
2024-09-01 00:44:33,789:INFO: Epoch 68	----Test---- Loss: 32.8865	Accuracy: 95.8501	Precision: 0.0000	Recall: 0.0000	F1: 0.0000
2024-09-01 00:46:43,682:INFO: ----------------------------------------------------------------------------------------------------
2024-09-01 00:46:43,682:INFO: Epoch 69	---Train--- Average Loss:    34.2624	 Patience 68	 Loss:    34.2570	Accuracy: 94.3554	Precision: 0.0000	Recall: 0.0000	f1: 0.000	
2024-09-01 00:46:51,868:INFO: Epoch 69	----Valid---- Loss: 32.9930	Accuracy: 94.2935	Precision: 0.0000	Recall: 0.0000	F1: 0.0000
2024-09-01 00:47:00,629:INFO: Epoch 69	----Test---- Loss: 32.9373	Accuracy: 95.7162	Precision: 0.0000	Recall: 0.0000	F1: 0.0000
2024-09-01 00:49:10,925:INFO: ----------------------------------------------------------------------------------------------------
2024-09-01 00:49:10,925:INFO: Epoch 70	---Train--- Average Loss:    34.2583	 Patience 69	 Loss:    34.2570	Accuracy: 94.3554	Precision: 0.0000	Recall: 0.0000	f1: 0.000	
2024-09-01 00:49:19,120:INFO: Epoch 70	----Valid---- Loss: 32.9930	Accuracy: 94.2935	Precision: 0.0000	Recall: 0.0000	F1: 0.0000
2024-09-01 00:49:28,116:INFO: Epoch 70	----Test---- Loss: 32.9285	Accuracy: 95.7162	Precision: 0.0000	Recall: 0.0000	F1: 0.0000
2024-09-01 00:51:38,516:INFO: ----------------------------------------------------------------------------------------------------
2024-09-01 00:51:38,516:INFO: Epoch 71	---Train--- Average Loss:    34.2523	 Patience 70	 Loss:    34.2570	Accuracy: 94.3554	Precision: 0.0000	Recall: 0.0000	f1: 0.000	
2024-09-01 00:51:46,620:INFO: Epoch 71	----Valid---- Loss: 32.9930	Accuracy: 94.2935	Precision: 0.0000	Recall: 0.0000	F1: 0.0000
2024-09-01 00:51:55,557:INFO: Epoch 71	----Test---- Loss: 32.9276	Accuracy: 95.7162	Precision: 0.0000	Recall: 0.0000	F1: 0.0000
2024-09-01 00:54:06,276:INFO: ----------------------------------------------------------------------------------------------------
2024-09-01 00:54:06,276:INFO: Epoch 72	---Train--- Average Loss:    34.2491	 Patience 71	 Loss:    34.2570	Accuracy: 94.3554	Precision: 0.0000	Recall: 0.0000	f1: 0.000	
2024-09-01 00:54:14,388:INFO: Epoch 72	----Valid---- Loss: 32.9930	Accuracy: 94.2935	Precision: 0.0000	Recall: 0.0000	F1: 0.0000
2024-09-01 00:54:23,362:INFO: Epoch 72	----Test---- Loss: 32.9360	Accuracy: 95.7162	Precision: 0.0000	Recall: 0.0000	F1: 0.0000
2024-09-01 00:56:33,298:INFO: ----------------------------------------------------------------------------------------------------
2024-09-01 00:56:33,298:INFO: Epoch 73	---Train--- Average Loss:    34.2553	 Patience 72	 Loss:    34.2570	Accuracy: 94.3554	Precision: 0.0000	Recall: 0.0000	f1: 0.000	
2024-09-01 00:56:41,508:INFO: Epoch 73	----Valid---- Loss: 32.9930	Accuracy: 94.2935	Precision: 0.0000	Recall: 0.0000	F1: 0.0000
2024-09-01 00:56:50,273:INFO: Epoch 73	----Test---- Loss: 32.8276	Accuracy: 95.9839	Precision: 0.0000	Recall: 0.0000	F1: 0.0000
2024-09-01 00:59:00,125:INFO: ----------------------------------------------------------------------------------------------------
2024-09-01 00:59:00,125:INFO: Epoch 74	---Train--- Average Loss:    34.2493	 Patience 73	 Loss:    34.2570	Accuracy: 94.3554	Precision: 0.0000	Recall: 0.0000	f1: 0.000	
2024-09-01 00:59:08,318:INFO: Epoch 74	----Valid---- Loss: 32.9930	Accuracy: 94.2935	Precision: 0.0000	Recall: 0.0000	F1: 0.0000
2024-09-01 00:59:17,568:INFO: Epoch 74	----Test---- Loss: 32.7800	Accuracy: 96.1178	Precision: 0.0000	Recall: 0.0000	F1: 0.0000
2024-09-01 01:01:27,467:INFO: ----------------------------------------------------------------------------------------------------
2024-09-01 01:01:27,467:INFO: Epoch 75	---Train--- Average Loss:    34.2536	 Patience 74	 Loss:    34.2570	Accuracy: 94.3554	Precision: 0.0000	Recall: 0.0000	f1: 0.000	
2024-09-01 01:01:35,630:INFO: Epoch 75	----Valid---- Loss: 32.9930	Accuracy: 94.2935	Precision: 0.0000	Recall: 0.0000	F1: 0.0000
2024-09-01 01:01:44,605:INFO: Epoch 75	----Test---- Loss: 32.8351	Accuracy: 95.9839	Precision: 0.0000	Recall: 0.0000	F1: 0.0000
2024-09-01 01:03:54,743:INFO: ----------------------------------------------------------------------------------------------------
2024-09-01 01:03:54,744:INFO: Epoch 76	---Train--- Average Loss:    34.2572	 Patience 75	 Loss:    34.2570	Accuracy: 94.3554	Precision: 0.0000	Recall: 0.0000	f1: 0.000	
2024-09-01 01:04:02,924:INFO: Epoch 76	----Valid---- Loss: 32.9930	Accuracy: 94.2935	Precision: 0.0000	Recall: 0.0000	F1: 0.0000
2024-09-01 01:04:11,768:INFO: Epoch 76	----Test---- Loss: 33.0014	Accuracy: 95.5823	Precision: 0.0000	Recall: 0.0000	F1: 0.0000
2024-09-01 01:06:21,684:INFO: ----------------------------------------------------------------------------------------------------
2024-09-01 01:06:21,684:INFO: Epoch 77	---Train--- Average Loss:    34.2543	 Patience 76	 Loss:    34.2570	Accuracy: 94.3554	Precision: 0.0000	Recall: 0.0000	f1: 0.000	
2024-09-01 01:06:29,760:INFO: Epoch 77	----Valid---- Loss: 32.9930	Accuracy: 94.2935	Precision: 0.0000	Recall: 0.0000	F1: 0.0000
2024-09-01 01:06:38,341:INFO: Epoch 77	----Test---- Loss: 32.0575	Accuracy: 95.5923	Precision: 0.0000	Recall: 0.0000	F1: 0.0000
2024-09-01 01:08:48,349:INFO: ----------------------------------------------------------------------------------------------------
2024-09-01 01:08:48,349:INFO: Epoch 78	---Train--- Average Loss:    34.2491	 Patience 77	 Loss:    34.2570	Accuracy: 94.3554	Precision: 0.0000	Recall: 0.0000	f1: 0.000	
2024-09-01 01:08:56,516:INFO: Epoch 78	----Valid---- Loss: 32.9930	Accuracy: 94.2935	Precision: 0.0000	Recall: 0.0000	F1: 0.0000
2024-09-01 01:09:05,447:INFO: Epoch 78	----Test---- Loss: 33.0764	Accuracy: 95.3146	Precision: 0.0000	Recall: 0.0000	F1: 0.0000
2024-09-01 01:11:16,111:INFO: ----------------------------------------------------------------------------------------------------
2024-09-01 01:11:16,111:INFO: Epoch 79	---Train--- Average Loss:    34.2534	 Patience 78	 Loss:    34.2570	Accuracy: 94.3554	Precision: 0.0000	Recall: 0.0000	f1: 0.000	
2024-09-01 01:11:24,225:INFO: Epoch 79	----Valid---- Loss: 32.9930	Accuracy: 94.2935	Precision: 0.0000	Recall: 0.0000	F1: 0.0000
2024-09-01 01:11:33,316:INFO: Epoch 79	----Test---- Loss: 32.8865	Accuracy: 95.8501	Precision: 0.0000	Recall: 0.0000	F1: 0.0000
2024-09-01 01:13:43,411:INFO: ----------------------------------------------------------------------------------------------------
2024-09-01 01:13:43,411:INFO: Epoch 80	---Train--- Average Loss:    34.2541	 Patience 79	 Loss:    34.2570	Accuracy: 94.3554	Precision: 0.0000	Recall: 0.0000	f1: 0.000	
2024-09-01 01:13:51,517:INFO: Epoch 80	----Valid---- Loss: 32.9930	Accuracy: 94.2935	Precision: 0.0000	Recall: 0.0000	F1: 0.0000
2024-09-01 01:14:00,285:INFO: Epoch 80	----Test---- Loss: 32.9373	Accuracy: 95.7162	Precision: 0.0000	Recall: 0.0000	F1: 0.0000
2024-09-01 01:16:10,572:INFO: ----------------------------------------------------------------------------------------------------
2024-09-01 01:16:10,573:INFO: Epoch 81	---Train--- Average Loss:    34.2540	 Patience 80	 Loss:    34.2570	Accuracy: 94.3554	Precision: 0.0000	Recall: 0.0000	f1: 0.000	
2024-09-01 01:16:18,672:INFO: Epoch 81	----Valid---- Loss: 32.9930	Accuracy: 94.2935	Precision: 0.0000	Recall: 0.0000	F1: 0.0000
2024-09-01 01:16:27,637:INFO: Epoch 81	----Test---- Loss: 32.9285	Accuracy: 95.7162	Precision: 0.0000	Recall: 0.0000	F1: 0.0000
2024-09-01 01:18:38,263:INFO: ----------------------------------------------------------------------------------------------------
2024-09-01 01:18:38,263:INFO: Epoch 82	---Train--- Average Loss:    34.2530	 Patience 81	 Loss:    34.2570	Accuracy: 94.3554	Precision: 0.0000	Recall: 0.0000	f1: 0.000	
2024-09-01 01:18:46,463:INFO: Epoch 82	----Valid---- Loss: 32.9930	Accuracy: 94.2935	Precision: 0.0000	Recall: 0.0000	F1: 0.0000
2024-09-01 01:18:55,473:INFO: Epoch 82	----Test---- Loss: 32.9276	Accuracy: 95.7162	Precision: 0.0000	Recall: 0.0000	F1: 0.0000
2024-09-01 01:21:05,587:INFO: ----------------------------------------------------------------------------------------------------
2024-09-01 01:21:05,587:INFO: Epoch 83	---Train--- Average Loss:    34.2554	 Patience 82	 Loss:    34.2570	Accuracy: 94.3554	Precision: 0.0000	Recall: 0.0000	f1: 0.000	
2024-09-01 01:21:13,878:INFO: Epoch 83	----Valid---- Loss: 32.9930	Accuracy: 94.2935	Precision: 0.0000	Recall: 0.0000	F1: 0.0000
2024-09-01 01:21:22,809:INFO: Epoch 83	----Test---- Loss: 32.9360	Accuracy: 95.7162	Precision: 0.0000	Recall: 0.0000	F1: 0.0000
2024-09-01 01:23:32,939:INFO: ----------------------------------------------------------------------------------------------------
2024-09-01 01:23:32,939:INFO: Epoch 84	---Train--- Average Loss:    34.2530	 Patience 83	 Loss:    34.2570	Accuracy: 94.3554	Precision: 0.0000	Recall: 0.0000	f1: 0.000	
2024-09-01 01:23:41,078:INFO: Epoch 84	----Valid---- Loss: 32.9930	Accuracy: 94.2935	Precision: 0.0000	Recall: 0.0000	F1: 0.0000
2024-09-01 01:23:49,921:INFO: Epoch 84	----Test---- Loss: 32.8276	Accuracy: 95.9839	Precision: 0.0000	Recall: 0.0000	F1: 0.0000
2024-09-01 01:26:00,531:INFO: ----------------------------------------------------------------------------------------------------
2024-09-01 01:26:00,532:INFO: Epoch 85	---Train--- Average Loss:    34.2574	 Patience 84	 Loss:    34.2570	Accuracy: 94.3554	Precision: 0.0000	Recall: 0.0000	f1: 0.000	
2024-09-01 01:26:08,595:INFO: Epoch 85	----Valid---- Loss: 32.9930	Accuracy: 94.2935	Precision: 0.0000	Recall: 0.0000	F1: 0.0000
2024-09-01 01:26:17,737:INFO: Epoch 85	----Test---- Loss: 32.7800	Accuracy: 96.1178	Precision: 0.0000	Recall: 0.0000	F1: 0.0000
2024-09-01 01:28:27,397:INFO: ----------------------------------------------------------------------------------------------------
2024-09-01 01:28:27,397:INFO: Epoch 86	---Train--- Average Loss:    34.2517	 Patience 85	 Loss:    34.2570	Accuracy: 94.3554	Precision: 0.0000	Recall: 0.0000	f1: 0.000	
2024-09-01 01:28:35,544:INFO: Epoch 86	----Valid---- Loss: 32.9930	Accuracy: 94.2935	Precision: 0.0000	Recall: 0.0000	F1: 0.0000
2024-09-01 01:28:44,461:INFO: Epoch 86	----Test---- Loss: 32.8351	Accuracy: 95.9839	Precision: 0.0000	Recall: 0.0000	F1: 0.0000
2024-09-01 01:30:54,531:INFO: ----------------------------------------------------------------------------------------------------
2024-09-01 01:30:54,531:INFO: Epoch 87	---Train--- Average Loss:    34.2526	 Patience 86	 Loss:    34.2570	Accuracy: 94.3554	Precision: 0.0000	Recall: 0.0000	f1: 0.000	
2024-09-01 01:31:02,612:INFO: Epoch 87	----Valid---- Loss: 32.9930	Accuracy: 94.2935	Precision: 0.0000	Recall: 0.0000	F1: 0.0000
2024-09-01 01:31:11,433:INFO: Epoch 87	----Test---- Loss: 33.0014	Accuracy: 95.5823	Precision: 0.0000	Recall: 0.0000	F1: 0.0000
2024-09-01 01:33:21,150:INFO: ----------------------------------------------------------------------------------------------------
2024-09-01 01:33:21,150:INFO: Epoch 88	---Train--- Average Loss:    34.2554	 Patience 87	 Loss:    34.2570	Accuracy: 94.3554	Precision: 0.0000	Recall: 0.0000	f1: 0.000	
2024-09-01 01:33:29,270:INFO: Epoch 88	----Valid---- Loss: 32.9930	Accuracy: 94.2935	Precision: 0.0000	Recall: 0.0000	F1: 0.0000
2024-09-01 01:33:37,953:INFO: Epoch 88	----Test---- Loss: 32.0575	Accuracy: 95.5923	Precision: 0.0000	Recall: 0.0000	F1: 0.0000
2024-09-01 01:35:47,684:INFO: ----------------------------------------------------------------------------------------------------
2024-09-01 01:35:47,685:INFO: Epoch 89	---Train--- Average Loss:    34.2541	 Patience 88	 Loss:    34.2570	Accuracy: 94.3554	Precision: 0.0000	Recall: 0.0000	f1: 0.000	
2024-09-01 01:35:55,813:INFO: Epoch 89	----Valid---- Loss: 32.9930	Accuracy: 94.2935	Precision: 0.0000	Recall: 0.0000	F1: 0.0000
2024-09-01 01:36:04,760:INFO: Epoch 89	----Test---- Loss: 33.0764	Accuracy: 95.3146	Precision: 0.0000	Recall: 0.0000	F1: 0.0000
2024-09-01 01:38:15,266:INFO: ----------------------------------------------------------------------------------------------------
2024-09-01 01:38:15,266:INFO: Epoch 90	---Train--- Average Loss:    34.2513	 Patience 89	 Loss:    34.2570	Accuracy: 94.3554	Precision: 0.0000	Recall: 0.0000	f1: 0.000	
2024-09-01 01:38:23,467:INFO: Epoch 90	----Valid---- Loss: 32.9930	Accuracy: 94.2935	Precision: 0.0000	Recall: 0.0000	F1: 0.0000
2024-09-01 01:38:32,522:INFO: Epoch 90	----Test---- Loss: 32.8865	Accuracy: 95.8501	Precision: 0.0000	Recall: 0.0000	F1: 0.0000
2024-09-01 01:40:42,684:INFO: ----------------------------------------------------------------------------------------------------
2024-09-01 01:40:42,684:INFO: Epoch 91	---Train--- Average Loss:    34.2530	 Patience 90	 Loss:    34.2570	Accuracy: 94.3554	Precision: 0.0000	Recall: 0.0000	f1: 0.000	
2024-09-01 01:40:50,794:INFO: Epoch 91	----Valid---- Loss: 32.9930	Accuracy: 94.2935	Precision: 0.0000	Recall: 0.0000	F1: 0.0000
2024-09-01 01:40:59,543:INFO: Epoch 91	----Test---- Loss: 32.9373	Accuracy: 95.7162	Precision: 0.0000	Recall: 0.0000	F1: 0.0000
2024-09-01 01:43:08,946:INFO: ----------------------------------------------------------------------------------------------------
2024-09-01 01:43:08,946:INFO: Epoch 92	---Train--- Average Loss:    34.2532	 Patience 91	 Loss:    34.2570	Accuracy: 94.3554	Precision: 0.0000	Recall: 0.0000	f1: 0.000	
2024-09-01 01:43:17,011:INFO: Epoch 92	----Valid---- Loss: 32.9930	Accuracy: 94.2935	Precision: 0.0000	Recall: 0.0000	F1: 0.0000
2024-09-01 01:43:26,007:INFO: Epoch 92	----Test---- Loss: 32.9285	Accuracy: 95.7162	Precision: 0.0000	Recall: 0.0000	F1: 0.0000
2024-09-01 01:45:35,600:INFO: ----------------------------------------------------------------------------------------------------
2024-09-01 01:45:35,600:INFO: Epoch 93	---Train--- Average Loss:    34.2544	 Patience 92	 Loss:    34.2570	Accuracy: 94.3554	Precision: 0.0000	Recall: 0.0000	f1: 0.000	
2024-09-01 01:45:43,624:INFO: Epoch 93	----Valid---- Loss: 32.9930	Accuracy: 94.2935	Precision: 0.0000	Recall: 0.0000	F1: 0.0000
2024-09-01 01:45:52,440:INFO: Epoch 93	----Test---- Loss: 32.9276	Accuracy: 95.7162	Precision: 0.0000	Recall: 0.0000	F1: 0.0000
2024-09-01 01:48:01,411:INFO: ----------------------------------------------------------------------------------------------------
2024-09-01 01:48:01,412:INFO: Epoch 94	---Train--- Average Loss:    34.2511	 Patience 93	 Loss:    34.2570	Accuracy: 94.3554	Precision: 0.0000	Recall: 0.0000	f1: 0.000	
2024-09-01 01:48:09,440:INFO: Epoch 94	----Valid---- Loss: 32.9930	Accuracy: 94.2935	Precision: 0.0000	Recall: 0.0000	F1: 0.0000
2024-09-01 01:48:18,305:INFO: Epoch 94	----Test---- Loss: 32.9360	Accuracy: 95.7162	Precision: 0.0000	Recall: 0.0000	F1: 0.0000
2024-09-01 01:50:27,693:INFO: ----------------------------------------------------------------------------------------------------
2024-09-01 01:50:27,694:INFO: Epoch 95	---Train--- Average Loss:    34.2551	 Patience 94	 Loss:    34.2570	Accuracy: 94.3554	Precision: 0.0000	Recall: 0.0000	f1: 0.000	
2024-09-01 01:50:35,761:INFO: Epoch 95	----Valid---- Loss: 32.9930	Accuracy: 94.2935	Precision: 0.0000	Recall: 0.0000	F1: 0.0000
2024-09-01 01:50:44,499:INFO: Epoch 95	----Test---- Loss: 32.8276	Accuracy: 95.9839	Precision: 0.0000	Recall: 0.0000	F1: 0.0000
2024-09-01 01:52:53,958:INFO: ----------------------------------------------------------------------------------------------------
2024-09-01 01:52:53,958:INFO: Epoch 96	---Train--- Average Loss:    34.2530	 Patience 95	 Loss:    34.2570	Accuracy: 94.3554	Precision: 0.0000	Recall: 0.0000	f1: 0.000	
2024-09-01 01:53:02,021:INFO: Epoch 96	----Valid---- Loss: 32.9930	Accuracy: 94.2935	Precision: 0.0000	Recall: 0.0000	F1: 0.0000
2024-09-01 01:53:11,193:INFO: Epoch 96	----Test---- Loss: 32.7800	Accuracy: 96.1178	Precision: 0.0000	Recall: 0.0000	F1: 0.0000
2024-09-01 01:55:21,215:INFO: ----------------------------------------------------------------------------------------------------
2024-09-01 01:55:21,215:INFO: Epoch 97	---Train--- Average Loss:    34.2531	 Patience 96	 Loss:    34.2570	Accuracy: 94.3554	Precision: 0.0000	Recall: 0.0000	f1: 0.000	
2024-09-01 01:55:29,404:INFO: Epoch 97	----Valid---- Loss: 32.9930	Accuracy: 94.2935	Precision: 0.0000	Recall: 0.0000	F1: 0.0000
2024-09-01 01:55:38,252:INFO: Epoch 97	----Test---- Loss: 32.8351	Accuracy: 95.9839	Precision: 0.0000	Recall: 0.0000	F1: 0.0000
2024-09-01 01:57:48,192:INFO: ----------------------------------------------------------------------------------------------------
2024-09-01 01:57:48,192:INFO: Epoch 98	---Train--- Average Loss:    34.2517	 Patience 97	 Loss:    34.2570	Accuracy: 94.3554	Precision: 0.0000	Recall: 0.0000	f1: 0.000	
2024-09-01 01:57:56,262:INFO: Epoch 98	----Valid---- Loss: 32.9930	Accuracy: 94.2935	Precision: 0.0000	Recall: 0.0000	F1: 0.0000
2024-09-01 01:58:05,139:INFO: Epoch 98	----Test---- Loss: 33.0014	Accuracy: 95.5823	Precision: 0.0000	Recall: 0.0000	F1: 0.0000
2024-09-01 02:00:14,967:INFO: ----------------------------------------------------------------------------------------------------
2024-09-01 02:00:14,967:INFO: Epoch 99	---Train--- Average Loss:    34.2564	 Patience 98	 Loss:    34.2570	Accuracy: 94.3554	Precision: 0.0000	Recall: 0.0000	f1: 0.000	
2024-09-01 02:00:23,001:INFO: Epoch 99	----Valid---- Loss: 32.9930	Accuracy: 94.2935	Precision: 0.0000	Recall: 0.0000	F1: 0.0000
2024-09-01 02:00:31,532:INFO: Epoch 99	----Test---- Loss: 32.0575	Accuracy: 95.5923	Precision: 0.0000	Recall: 0.0000	F1: 0.0000
2024-09-01 02:02:40,071:INFO: ----------------------------------------------------------------------------------------------------
2024-09-01 02:02:40,071:INFO: Epoch 100	---Train--- Average Loss:    34.2526	 Patience 99	 Loss:    34.2570	Accuracy: 94.3554	Precision: 0.0000	Recall: 0.0000	f1: 0.000	
2024-09-01 02:02:48,086:INFO: Epoch 100	----Valid---- Loss: 32.9930	Accuracy: 94.2935	Precision: 0.0000	Recall: 0.0000	F1: 0.0000
2024-09-01 02:02:56,952:INFO: Epoch 100	----Test---- Loss: 33.0764	Accuracy: 95.3146	Precision: 0.0000	Recall: 0.0000	F1: 0.0000
2024-09-01 02:02:56,952:INFO: Finish training!
2024-09-01 02:02:56,967:INFO: ####################################################################################################
2024-09-01 02:02:56,967:INFO: Test result
