2024-09-01 11:46:09,673:INFO: Check up feature_size: 100
2024-09-01 11:46:09,674:INFO: ####################################################################################################
2024-09-01 11:46:09,674:INFO: Loading the dataset from ../data_processing/dataset/FFMPeg/output/orign_cpg/
2024-09-01 12:09:36,067:INFO: train_dataset: 14209; valid_dataset: 1753; test_dataset: 1771
2024-09-01 12:09:36,067:INFO: train_batch: 223, valid_batch: 28, test_batch: 28
2024-09-01 12:09:36,067:INFO: ####################################################################################################
2024-09-01 12:09:36,067:INFO: Check up model_type: devign
2024-09-01 12:09:36,129:INFO: Total Parameters : 1289771
2024-09-01 12:09:36,129:INFO: ####################################################################################################
2024-09-01 12:09:37,327:INFO: Start training!
2024-09-01 12:17:15,860:INFO: ----------------------------------------------------------------------------------------------------
2024-09-01 12:17:15,860:INFO: Epoch 1	---Train--- Average Loss:    48.1027	 Patience 0	 Loss:    47.5239	Accuracy: 56.1897	Precision: 51.2350	Recall: 55.4565	f1: 53.262	
2024-09-01 12:17:41,330:INFO: Epoch 1	----Valid---- Loss: 46.9516	Accuracy: 53.7935	Precision: 48.8208	Recall: 52.4051	F1: 50.5495
2024-09-01 12:18:09,548:INFO: Epoch 1	----Test---- Loss: 47.3817	Accuracy: 55.1666	Precision: 51.4620	Recall: 53.7241	F1: 52.5687
2024-09-01 12:25:38,603:INFO: ----------------------------------------------------------------------------------------------------
2024-09-01 12:25:38,603:INFO: Epoch 2	---Train--- Average Loss:    47.4780	 Patience 0	 Loss:    46.8677	Accuracy: 58.6037	Precision: 53.6187	Recall: 59.5372	f1: 56.423	
2024-09-01 12:26:04,093:INFO: Epoch 2	----Valid---- Loss: 46.4536	Accuracy: 56.4746	Precision: 51.5323	Recall: 57.4684	F1: 54.3387
2024-09-01 12:26:32,383:INFO: Epoch 2	----Test---- Loss: 47.1437	Accuracy: 55.7312	Precision: 51.9337	Recall: 57.3871	F1: 54.5244
2024-09-01 12:33:59,069:INFO: ----------------------------------------------------------------------------------------------------
2024-09-01 12:33:59,069:INFO: Epoch 3	---Train--- Average Loss:    46.8554	 Patience 0	 Loss:    46.2726	Accuracy: 62.0593	Precision: 57.9572	Recall: 57.2233	f1: 57.588	
2024-09-01 12:34:24,407:INFO: Epoch 3	----Valid---- Loss: 46.3320	Accuracy: 58.7564	Precision: 54.4021	Recall: 52.4051	F1: 53.3849
2024-09-01 12:34:52,612:INFO: Epoch 3	----Test---- Loss: 46.9807	Accuracy: 57.5946	Precision: 54.2714	Recall: 52.7473	F1: 53.4985
2024-09-01 12:42:20,484:INFO: ----------------------------------------------------------------------------------------------------
2024-09-01 12:42:20,484:INFO: Epoch 4	---Train--- Average Loss:    46.2451	 Patience 1	 Loss:    45.5590	Accuracy: 62.6786	Precision: 57.1168	Recall: 68.5741	f1: 62.323	
2024-09-01 12:42:45,804:INFO: Epoch 4	----Valid---- Loss: 46.0099	Accuracy: 58.3571	Precision: 53.2120	Recall: 62.9114	F1: 57.6566
2024-09-01 12:43:13,935:INFO: Epoch 4	----Test---- Loss: 46.7368	Accuracy: 57.0299	Precision: 53.0851	Recall: 60.9280	F1: 56.7368
2024-09-01 12:50:40,479:INFO: ----------------------------------------------------------------------------------------------------
2024-09-01 12:50:40,479:INFO: Epoch 5	---Train--- Average Loss:    45.6411	 Patience 0	 Loss:    45.1666	Accuracy: 63.3401	Precision: 57.6197	Recall: 70.1689	f1: 63.278	
2024-09-01 12:51:05,861:INFO: Epoch 5	----Valid---- Loss: 45.7883	Accuracy: 59.0416	Precision: 53.7344	Recall: 65.5696	F1: 59.0650
2024-09-01 12:51:34,106:INFO: Epoch 5	----Test---- Loss: 46.8530	Accuracy: 56.6911	Precision: 52.7311	Recall: 61.2943	F1: 56.6911
2024-09-01 12:59:03,928:INFO: ----------------------------------------------------------------------------------------------------
2024-09-01 12:59:03,928:INFO: Epoch 6	---Train--- Average Loss:    45.1712	 Patience 0	 Loss:    44.9101	Accuracy: 63.2627	Precision: 56.8836	Recall: 75.9694	f1: 65.056	
2024-09-01 12:59:29,306:INFO: Epoch 6	----Valid---- Loss: 45.9891	Accuracy: 57.9578	Precision: 52.4697	Recall: 71.2658	F1: 60.4402
2024-09-01 12:59:57,536:INFO: Epoch 6	----Test---- Loss: 46.9077	Accuracy: 56.1829	Precision: 52.0574	Recall: 66.4225	F1: 58.3691
2024-09-01 13:07:26,926:INFO: ----------------------------------------------------------------------------------------------------
2024-09-01 13:07:26,926:INFO: Epoch 7	---Train--- Average Loss:    44.6561	 Patience 0	 Loss:    44.8385	Accuracy: 63.1501	Precision: 56.4074	Recall: 79.8311	f1: 66.106	
2024-09-01 13:07:52,534:INFO: Epoch 7	----Valid---- Loss: 46.1169	Accuracy: 56.8169	Precision: 51.4563	Recall: 73.7975	F1: 60.6344
2024-09-01 13:08:21,120:INFO: Epoch 7	----Test---- Loss: 46.9914	Accuracy: 55.6748	Precision: 51.5288	Recall: 69.9634	F1: 59.3475
2024-09-01 13:15:50,675:INFO: ----------------------------------------------------------------------------------------------------
2024-09-01 13:15:50,676:INFO: Epoch 8	---Train--- Average Loss:    44.2386	 Patience 0	 Loss:    44.7159	Accuracy: 63.5513	Precision: 56.7830	Recall: 79.6435	f1: 66.298	
2024-09-01 13:16:16,379:INFO: Epoch 8	----Valid---- Loss: 46.0878	Accuracy: 57.8437	Precision: 52.2667	Recall: 74.4304	F1: 61.4099
2024-09-01 13:16:44,887:INFO: Epoch 8	----Test---- Loss: 46.9563	Accuracy: 56.6347	Precision: 52.3161	Recall: 70.3297	F1: 60.0000
2024-09-01 13:24:13,414:INFO: ----------------------------------------------------------------------------------------------------
2024-09-01 13:24:13,414:INFO: Epoch 9	---Train--- Average Loss:    43.8121	 Patience 0	 Loss:    46.1530	Accuracy: 59.1034	Precision: 52.8456	Recall: 84.9281	f1: 65.151	
2024-09-01 13:24:38,805:INFO: Epoch 9	----Valid---- Loss: 47.0205	Accuracy: 54.5921	Precision: 49.7660	Recall: 80.7595	F1: 61.5830
2024-09-01 13:25:07,107:INFO: Epoch 9	----Test---- Loss: 47.8560	Accuracy: 53.3032	Precision: 49.6865	Recall: 77.4115	F1: 60.5251
2024-09-01 13:32:38,353:INFO: ----------------------------------------------------------------------------------------------------
2024-09-01 13:32:38,353:INFO: Epoch 10	---Train--- Average Loss:    43.4574	 Patience 0	 Loss:    45.4350	Accuracy: 62.1015	Precision: 55.4928	Recall: 79.8468	f1: 65.479	
2024-09-01 13:33:03,889:INFO: Epoch 10	----Valid---- Loss: 46.8819	Accuracy: 55.4478	Precision: 50.3937	Recall: 72.9114	F1: 59.5965
2024-09-01 13:33:32,263:INFO: Epoch 10	----Test---- Loss: 47.7450	Accuracy: 54.8842	Precision: 50.8850	Recall: 70.2076	F1: 59.0046
2024-09-01 13:41:03,686:INFO: ----------------------------------------------------------------------------------------------------
2024-09-01 13:41:03,687:INFO: Epoch 11	---Train--- Average Loss:    43.1318	 Patience 1	 Loss:    45.3085	Accuracy: 62.0522	Precision: 55.2379	Recall: 82.7705	f1: 66.258	
2024-09-01 13:41:29,644:INFO: Epoch 11	----Valid---- Loss: 47.0329	Accuracy: 54.8203	Precision: 49.9160	Recall: 75.1899	F1: 60.0000
2024-09-01 13:41:58,247:INFO: Epoch 11	----Test---- Loss: 47.7149	Accuracy: 54.7149	Precision: 50.7209	Recall: 73.0159	F1: 59.8599
2024-09-01 13:49:30,194:INFO: ----------------------------------------------------------------------------------------------------
2024-09-01 13:49:30,194:INFO: Epoch 12	---Train--- Average Loss:    42.8815	 Patience 2	 Loss:    43.6980	Accuracy: 67.0702	Precision: 59.7369	Recall: 82.3483	f1: 69.243	
2024-09-01 13:49:55,555:INFO: Epoch 12	----Valid---- Loss: 45.8717	Accuracy: 58.3571	Precision: 52.6978	Recall: 74.1772	F1: 61.6193
2024-09-01 13:50:23,885:INFO: Epoch 12	----Test---- Loss: 46.5170	Accuracy: 58.7804	Precision: 54.0714	Recall: 72.1612	F1: 61.8201
2024-09-01 13:57:54,953:INFO: ----------------------------------------------------------------------------------------------------
2024-09-01 13:57:54,953:INFO: Epoch 13	---Train--- Average Loss:    42.6766	 Patience 0	 Loss:    44.7759	Accuracy: 64.1424	Precision: 57.1728	Recall: 81.0663	f1: 67.055	
2024-09-01 13:58:20,712:INFO: Epoch 13	----Valid---- Loss: 46.6714	Accuracy: 56.1323	Precision: 50.9170	Recall: 73.7975	F1: 60.2584
2024-09-01 13:58:49,265:INFO: Epoch 13	----Test---- Loss: 47.5661	Accuracy: 55.6183	Precision: 51.4589	Recall: 71.0623	F1: 59.6923
2024-09-01 14:06:19,179:INFO: ----------------------------------------------------------------------------------------------------
2024-09-01 14:06:19,179:INFO: Epoch 14	---Train--- Average Loss:    42.5760	 Patience 1	 Loss:    43.4695	Accuracy: 68.1047	Precision: 60.7126	Recall: 82.5829	f1: 69.979	
2024-09-01 14:06:44,734:INFO: Epoch 14	----Valid---- Loss: 45.6550	Accuracy: 59.2128	Precision: 53.4499	Recall: 73.5443	F1: 61.9073
2024-09-01 14:07:13,184:INFO: Epoch 14	----Test---- Loss: 46.3736	Accuracy: 59.2321	Precision: 54.4373	Recall: 72.6496	F1: 62.2385
2024-09-01 14:14:42,592:INFO: ----------------------------------------------------------------------------------------------------
2024-09-01 14:14:42,592:INFO: Epoch 15	---Train--- Average Loss:    42.3565	 Patience 0	 Loss:    43.0167	Accuracy: 69.9064	Precision: 63.1972	Recall: 79.3621	f1: 70.363	
2024-09-01 14:15:08,279:INFO: Epoch 15	----Valid---- Loss: 45.7300	Accuracy: 59.4410	Precision: 53.8537	Recall: 69.8734	F1: 60.8264
2024-09-01 14:15:36,857:INFO: Epoch 15	----Test---- Loss: 46.6762	Accuracy: 58.3286	Precision: 54.0460	Recall: 66.0562	F1: 59.4505
2024-09-01 14:23:05,329:INFO: ----------------------------------------------------------------------------------------------------
2024-09-01 14:23:05,329:INFO: Epoch 16	---Train--- Average Loss:    42.2718	 Patience 1	 Loss:    44.0126	Accuracy: 66.6479	Precision: 59.4892	Recall: 81.2070	f1: 68.672	
2024-09-01 14:23:30,814:INFO: Epoch 16	----Valid---- Loss: 46.3481	Accuracy: 57.4444	Precision: 52.0036	Recall: 72.2785	F1: 60.4873
2024-09-01 14:23:59,297:INFO: Epoch 16	----Test---- Loss: 47.0598	Accuracy: 57.1429	Precision: 52.8302	Recall: 68.3761	F1: 59.6062
2024-09-01 14:31:29,002:INFO: ----------------------------------------------------------------------------------------------------
2024-09-01 14:31:29,002:INFO: Epoch 17	---Train--- Average Loss:    41.9986	 Patience 2	 Loss:    42.9987	Accuracy: 69.7938	Precision: 62.7392	Recall: 81.0038	f1: 70.711	
2024-09-01 14:31:54,508:INFO: Epoch 17	----Valid---- Loss: 46.0614	Accuracy: 58.2430	Precision: 52.7831	Recall: 69.6203	F1: 60.0437
2024-09-01 14:32:23,140:INFO: Epoch 17	----Test---- Loss: 46.9577	Accuracy: 57.4252	Precision: 53.2468	Recall: 65.0794	F1: 58.5714
2024-09-01 14:39:53,295:INFO: ----------------------------------------------------------------------------------------------------
2024-09-01 14:39:53,295:INFO: Epoch 18	---Train--- Average Loss:    41.7891	 Patience 3	 Loss:    42.4073	Accuracy: 71.5392	Precision: 64.6487	Recall: 81.1445	f1: 71.963	
2024-09-01 14:40:19,376:INFO: Epoch 18	----Valid---- Loss: 45.7096	Accuracy: 59.4980	Precision: 54.0241	Recall: 67.9747	F1: 60.2018
2024-09-01 14:40:47,800:INFO: Epoch 18	----Test---- Loss: 46.4922	Accuracy: 58.8368	Precision: 54.5272	Recall: 66.1783	F1: 59.7904
2024-09-01 14:48:17,454:INFO: ----------------------------------------------------------------------------------------------------
2024-09-01 14:48:17,454:INFO: Epoch 19	---Train--- Average Loss:    41.6619	 Patience 4	 Loss:    43.2393	Accuracy: 68.8437	Precision: 61.4730	Recall: 82.4734	f1: 70.441	
2024-09-01 14:48:43,249:INFO: Epoch 19	----Valid---- Loss: 46.0144	Accuracy: 59.2698	Precision: 53.5316	Recall: 72.9114	F1: 61.7363
2024-09-01 14:49:11,912:INFO: Epoch 19	----Test---- Loss: 46.8530	Accuracy: 57.7640	Precision: 53.3271	Recall: 69.4750	F1: 60.3393
2024-09-01 14:56:42,160:INFO: ----------------------------------------------------------------------------------------------------
2024-09-01 14:56:42,160:INFO: Epoch 20	---Train--- Average Loss:    41.7124	 Patience 5	 Loss:    42.8524	Accuracy: 70.1668	Precision: 62.6244	Recall: 83.6460	f1: 71.625	
2024-09-01 14:57:07,943:INFO: Epoch 20	----Valid---- Loss: 45.7568	Accuracy: 59.3839	Precision: 53.5649	Recall: 74.1772	F1: 62.2081
2024-09-01 14:57:36,375:INFO: Epoch 20	----Test---- Loss: 46.7433	Accuracy: 58.2157	Precision: 53.5876	Recall: 72.0391	F1: 61.4583
2024-09-01 15:05:09,017:INFO: ----------------------------------------------------------------------------------------------------
2024-09-01 15:05:09,017:INFO: Epoch 21	---Train--- Average Loss:    41.5992	 Patience 0	 Loss:    41.6993	Accuracy: 74.7484	Precision: 71.6266	Recall: 72.7017	f1: 72.160	
2024-09-01 15:05:34,579:INFO: Epoch 21	----Valid---- Loss: 45.3011	Accuracy: 61.9509	Precision: 57.7554	Recall: 57.9747	F1: 57.8648
2024-09-01 15:06:02,997:INFO: Epoch 21	----Test---- Loss: 46.6922	Accuracy: 59.4579	Precision: 56.4496	Recall: 53.9683	F1: 55.1810
2024-09-01 15:13:33,950:INFO: ----------------------------------------------------------------------------------------------------
2024-09-01 15:13:33,950:INFO: Epoch 22	---Train--- Average Loss:    41.3829	 Patience 1	 Loss:    41.2545	Accuracy: 75.8181	Precision: 71.9846	Recall: 75.7661	f1: 73.827	
2024-09-01 15:13:59,481:INFO: Epoch 22	----Valid---- Loss: 45.3642	Accuracy: 61.6657	Precision: 57.0406	Recall: 60.5063	F1: 58.7224
2024-09-01 15:14:27,844:INFO: Epoch 22	----Test---- Loss: 46.5378	Accuracy: 59.7967	Precision: 56.4226	Recall: 57.3871	F1: 56.9007
2024-09-01 15:21:57,429:INFO: ----------------------------------------------------------------------------------------------------
2024-09-01 15:21:57,429:INFO: Epoch 23	---Train--- Average Loss:    41.0683	 Patience 2	 Loss:    40.9955	Accuracy: 76.4515	Precision: 72.1980	Recall: 77.5485	f1: 74.778	
2024-09-01 15:22:23,020:INFO: Epoch 23	----Valid---- Loss: 45.4393	Accuracy: 60.9241	Precision: 56.1260	Recall: 60.8861	F1: 58.4092
2024-09-01 15:22:51,540:INFO: Epoch 23	----Test---- Loss: 46.3059	Accuracy: 60.5308	Precision: 57.1770	Recall: 58.3639	F1: 57.7644
2024-09-01 15:30:23,159:INFO: ----------------------------------------------------------------------------------------------------
2024-09-01 15:30:23,159:INFO: Epoch 24	---Train--- Average Loss:    41.1939	 Patience 3	 Loss:    40.8070	Accuracy: 77.4157	Precision: 74.8945	Recall: 74.9531	f1: 74.924	
2024-09-01 15:30:48,680:INFO: Epoch 24	----Valid---- Loss: 45.2407	Accuracy: 61.8369	Precision: 57.7864	Recall: 56.8354	F1: 57.3070
2024-09-01 15:31:17,008:INFO: Epoch 24	----Test---- Loss: 46.3266	Accuracy: 60.4178	Precision: 57.5255	Recall: 55.0672	F1: 56.2695
2024-09-01 15:38:46,356:INFO: ----------------------------------------------------------------------------------------------------
2024-09-01 15:38:46,356:INFO: Epoch 25	---Train--- Average Loss:    40.9300	 Patience 4	 Loss:    40.5568	Accuracy: 78.0350	Precision: 74.8068	Recall: 77.2045	f1: 75.987	
2024-09-01 15:39:11,973:INFO: Epoch 25	----Valid---- Loss: 45.1483	Accuracy: 62.1221	Precision: 57.8164	Recall: 58.9873	F1: 58.3960
2024-09-01 15:39:40,402:INFO: Epoch 25	----Test---- Loss: 46.4058	Accuracy: 60.0226	Precision: 56.8773	Recall: 56.0440	F1: 56.4576
2024-09-01 15:47:11,223:INFO: ----------------------------------------------------------------------------------------------------
2024-09-01 15:47:11,223:INFO: Epoch 26	---Train--- Average Loss:    40.8723	 Patience 5	 Loss:    40.6554	Accuracy: 78.1828	Precision: 78.5813	Recall: 70.8412	f1: 74.511	
2024-09-01 15:47:36,985:INFO: Epoch 26	----Valid---- Loss: 45.1440	Accuracy: 62.9207	Precision: 60.3550	Recall: 51.6456	F1: 55.6617
2024-09-01 15:48:05,337:INFO: Epoch 26	----Test---- Loss: 46.2648	Accuracy: 60.7566	Precision: 59.1716	Recall: 48.8400	F1: 53.5117
2024-09-01 15:55:36,850:INFO: ----------------------------------------------------------------------------------------------------
2024-09-01 15:55:36,850:INFO: Epoch 27	---Train--- Average Loss:    40.7516	 Patience 6	 Loss:    41.3185	Accuracy: 75.7970	Precision: 73.6598	Recall: 71.9669	f1: 72.803	
2024-09-01 15:56:02,347:INFO: Epoch 27	----Valid---- Loss: 45.3751	Accuracy: 61.3805	Precision: 57.1975	Recall: 56.8354	F1: 57.0159
2024-09-01 15:56:30,747:INFO: Epoch 27	----Test---- Loss: 46.7969	Accuracy: 58.6674	Precision: 55.7769	Recall: 51.2821	F1: 53.4351
2024-09-01 16:04:01,656:INFO: ----------------------------------------------------------------------------------------------------
2024-09-01 16:04:01,656:INFO: Epoch 28	---Train--- Average Loss:    40.6863	 Patience 7	 Loss:    41.0396	Accuracy: 76.3530	Precision: 71.9873	Recall: 77.7048	f1: 74.737	
2024-09-01 16:04:27,334:INFO: Epoch 28	----Valid---- Loss: 45.5051	Accuracy: 61.2094	Precision: 56.3510	Recall: 61.7722	F1: 58.9372
2024-09-01 16:04:55,851:INFO: Epoch 28	----Test---- Loss: 46.9898	Accuracy: 57.8769	Precision: 54.2197	Recall: 57.2650	F1: 55.7007
2024-09-01 16:12:24,842:INFO: ----------------------------------------------------------------------------------------------------
2024-09-01 16:12:24,842:INFO: Epoch 29	---Train--- Average Loss:    40.4944	 Patience 8	 Loss:    40.3938	Accuracy: 78.3658	Precision: 74.9250	Recall: 78.0644	f1: 76.462	
2024-09-01 16:12:50,480:INFO: Epoch 29	----Valid---- Loss: 45.4694	Accuracy: 61.3805	Precision: 56.8651	Recall: 59.2405	F1: 58.0285
2024-09-01 16:13:18,829:INFO: Epoch 29	----Test---- Loss: 46.4856	Accuracy: 59.7403	Precision: 56.5111	Recall: 56.1661	F1: 56.3380
2024-09-01 16:20:50,455:INFO: ----------------------------------------------------------------------------------------------------
2024-09-01 16:20:50,455:INFO: Epoch 30	---Train--- Average Loss:    40.5424	 Patience 9	 Loss:    40.7479	Accuracy: 77.0075	Precision: 71.5052	Recall: 81.3321	f1: 76.103	
2024-09-01 16:21:15,934:INFO: Epoch 30	----Valid---- Loss: 45.6913	Accuracy: 60.1255	Precision: 54.7445	Recall: 66.4557	F1: 60.0343
2024-09-01 16:21:44,215:INFO: Epoch 30	----Test---- Loss: 46.2466	Accuracy: 59.9661	Precision: 55.9140	Recall: 63.4921	F1: 59.4626
2024-09-01 16:29:14,755:INFO: ----------------------------------------------------------------------------------------------------
2024-09-01 16:29:14,755:INFO: Epoch 31	---Train--- Average Loss:    40.2737	 Patience 10	 Loss:    41.8222	Accuracy: 73.5238	Precision: 66.1397	Recall: 84.3809	f1: 74.155	
2024-09-01 16:29:40,241:INFO: Epoch 31	----Valid---- Loss: 46.2483	Accuracy: 58.1860	Precision: 52.6811	Recall: 70.8861	F1: 60.4425
2024-09-01 16:30:08,736:INFO: Epoch 31	----Test---- Loss: 46.9157	Accuracy: 57.8769	Precision: 53.5130	Recall: 67.8877	F1: 59.8493
2024-09-01 16:37:37,788:INFO: ----------------------------------------------------------------------------------------------------
2024-09-01 16:37:37,788:INFO: Epoch 32	---Train--- Average Loss:    40.4046	 Patience 11	 Loss:    40.4272	Accuracy: 78.1899	Precision: 73.6073	Recall: 80.3627	f1: 76.837	
2024-09-01 16:38:03,466:INFO: Epoch 32	----Valid---- Loss: 45.6687	Accuracy: 60.6389	Precision: 55.6054	Recall: 62.7848	F1: 58.9774
2024-09-01 16:38:32,212:INFO: Epoch 32	----Test---- Loss: 46.7886	Accuracy: 58.8368	Precision: 55.1136	Recall: 59.2186	F1: 57.0924
2024-09-01 16:46:03,052:INFO: ----------------------------------------------------------------------------------------------------
2024-09-01 16:46:03,052:INFO: Epoch 33	---Train--- Average Loss:    39.9932	 Patience 12	 Loss:    39.9310	Accuracy: 79.6045	Precision: 75.2673	Recall: 81.4572	f1: 78.240	
2024-09-01 16:46:28,731:INFO: Epoch 33	----Valid---- Loss: 45.0282	Accuracy: 62.9778	Precision: 58.2072	Recall: 63.2911	F1: 60.6428
2024-09-01 16:46:57,276:INFO: Epoch 33	----Test---- Loss: 46.4662	Accuracy: 59.7967	Precision: 56.1003	Recall: 60.0733	F1: 58.0189
2024-09-01 16:54:31,086:INFO: ----------------------------------------------------------------------------------------------------
2024-09-01 16:54:31,086:INFO: Epoch 34	---Train--- Average Loss:    40.1402	 Patience 13	 Loss:    40.3841	Accuracy: 78.3306	Precision: 73.9080	Recall: 80.1595	f1: 76.907	
2024-09-01 16:54:56,743:INFO: Epoch 34	----Valid---- Loss: 45.3131	Accuracy: 61.6087	Precision: 56.5510	Recall: 63.9241	F1: 60.0119
2024-09-01 16:55:25,277:INFO: Epoch 34	----Test---- Loss: 46.1019	Accuracy: 61.0954	Precision: 57.5231	Recall: 60.6838	F1: 59.0612
2024-09-01 17:02:58,155:INFO: ----------------------------------------------------------------------------------------------------
2024-09-01 17:02:58,155:INFO: Epoch 35	---Train--- Average Loss:    39.9668	 Patience 14	 Loss:    41.3425	Accuracy: 75.1707	Precision: 68.8140	Recall: 82.0044	f1: 74.832	
2024-09-01 17:03:23,903:INFO: Epoch 35	----Valid---- Loss: 46.0674	Accuracy: 58.8705	Precision: 53.5385	Recall: 66.0759	F1: 59.1501
2024-09-01 17:03:52,439:INFO: Epoch 35	----Test---- Loss: 46.8022	Accuracy: 58.6674	Precision: 54.4984	Recall: 64.3468	F1: 59.0146
2024-09-01 17:11:23,917:INFO: ----------------------------------------------------------------------------------------------------
2024-09-01 17:11:23,917:INFO: Epoch 36	---Train--- Average Loss:    40.0243	 Patience 15	 Loss:    41.3609	Accuracy: 75.1355	Precision: 68.6320	Recall: 82.4422	f1: 74.906	
2024-09-01 17:11:49,590:INFO: Epoch 36	----Valid---- Loss: 46.0402	Accuracy: 59.4410	Precision: 54.0265	Recall: 67.0886	F1: 59.8532
2024-09-01 17:12:18,091:INFO: Epoch 36	----Test---- Loss: 46.7711	Accuracy: 58.6110	Precision: 54.4513	Recall: 64.2247	F1: 58.9356
2024-09-01 17:19:51,013:INFO: ----------------------------------------------------------------------------------------------------
2024-09-01 17:19:51,014:INFO: Epoch 37	---Train--- Average Loss:    39.9290	 Patience 16	 Loss:    42.8652	Accuracy: 70.0120	Precision: 61.6096	Recall: 88.5710	f1: 72.670	
2024-09-01 17:20:16,654:INFO: Epoch 37	----Valid---- Loss: 46.5534	Accuracy: 56.9880	Precision: 51.4950	Recall: 78.4810	F1: 62.1866
2024-09-01 17:20:45,152:INFO: Epoch 37	----Test---- Loss: 46.4152	Accuracy: 59.3450	Precision: 54.1632	Recall: 78.6325	F1: 64.1434
2024-09-01 17:28:16,563:INFO: ----------------------------------------------------------------------------------------------------
2024-09-01 17:28:16,563:INFO: Epoch 38	---Train--- Average Loss:    39.9452	 Patience 17	 Loss:    40.9587	Accuracy: 76.3178	Precision: 69.5070	Recall: 84.4278	f1: 76.244	
2024-09-01 17:28:42,340:INFO: Epoch 38	----Valid---- Loss: 45.8195	Accuracy: 59.7262	Precision: 54.1667	Recall: 69.1139	F1: 60.7341
2024-09-01 17:29:11,104:INFO: Epoch 38	----Test---- Loss: 46.1747	Accuracy: 60.4743	Precision: 55.8853	Recall: 68.9866	F1: 61.7486
2024-09-01 17:36:41,868:INFO: ----------------------------------------------------------------------------------------------------
2024-09-01 17:36:41,868:INFO: Epoch 39	---Train--- Average Loss:    39.7457	 Patience 18	 Loss:    39.8687	Accuracy: 79.6256	Precision: 74.2889	Recall: 83.7086	f1: 78.718	
2024-09-01 17:37:07,881:INFO: Epoch 39	----Valid---- Loss: 45.1872	Accuracy: 61.6087	Precision: 56.2971	Recall: 66.2025	F1: 60.8493
2024-09-01 17:37:36,501:INFO: Epoch 39	----Test---- Loss: 45.8654	Accuracy: 61.3778	Precision: 57.1429	Recall: 65.9341	F1: 61.2245
2024-09-01 17:45:10,754:INFO: ----------------------------------------------------------------------------------------------------
2024-09-01 17:45:10,755:INFO: Epoch 40	---Train--- Average Loss:    39.5729	 Patience 19	 Loss:    41.0618	Accuracy: 75.7970	Precision: 68.3005	Recall: 86.2727	f1: 76.242	
2024-09-01 17:45:36,169:INFO: Epoch 40	----Valid---- Loss: 45.9043	Accuracy: 59.4410	Precision: 53.7229	Recall: 72.1519	F1: 61.5883
2024-09-01 17:46:04,490:INFO: Epoch 40	----Test---- Loss: 46.5477	Accuracy: 59.2885	Precision: 54.5624	Recall: 71.5507	F1: 61.9123
2024-09-01 17:53:44,191:INFO: ----------------------------------------------------------------------------------------------------
2024-09-01 17:53:44,191:INFO: Epoch 41	---Train--- Average Loss:    39.6128	 Patience 20	 Loss:    40.7506	Accuracy: 76.8457	Precision: 69.9358	Recall: 85.1782	f1: 76.808	
2024-09-01 17:54:09,946:INFO: Epoch 41	----Valid---- Loss: 45.3709	Accuracy: 60.9241	Precision: 55.1622	Recall: 71.0127	F1: 62.0919
2024-09-01 17:54:38,411:INFO: Epoch 41	----Test---- Loss: 46.3512	Accuracy: 60.1355	Precision: 55.5775	Recall: 68.7424	F1: 61.4629
2024-09-01 18:02:09,195:INFO: ----------------------------------------------------------------------------------------------------
2024-09-01 18:02:09,195:INFO: Epoch 42	---Train--- Average Loss:    39.5573	 Patience 21	 Loss:    41.8004	Accuracy: 73.3690	Precision: 65.2250	Recall: 87.4765	f1: 74.730	
2024-09-01 18:02:35,146:INFO: Epoch 42	----Valid---- Loss: 46.2537	Accuracy: 58.1289	Precision: 52.5000	Recall: 74.4304	F1: 61.5707
2024-09-01 18:03:03,899:INFO: Epoch 42	----Test---- Loss: 46.7390	Accuracy: 58.7804	Precision: 54.0345	Recall: 72.7717	F1: 62.0187
2024-09-01 18:10:34,658:INFO: ----------------------------------------------------------------------------------------------------
2024-09-01 18:10:34,658:INFO: Epoch 43	---Train--- Average Loss:    39.5197	 Patience 22	 Loss:    39.9258	Accuracy: 79.4426	Precision: 73.2007	Recall: 85.7098	f1: 78.963	
2024-09-01 18:11:00,198:INFO: Epoch 43	----Valid---- Loss: 45.0661	Accuracy: 62.1791	Precision: 56.4730	Recall: 70.1266	F1: 62.5635
2024-09-01 18:11:28,564:INFO: Epoch 43	----Test---- Loss: 46.0222	Accuracy: 61.0390	Precision: 56.5086	Recall: 68.3761	F1: 61.8785
2024-09-01 18:18:59,916:INFO: ----------------------------------------------------------------------------------------------------
2024-09-01 18:18:59,916:INFO: Epoch 44	---Train--- Average Loss:    39.6655	 Patience 0	 Loss:    40.3031	Accuracy: 78.2110	Precision: 72.2853	Recall: 83.6773	f1: 77.565	
2024-09-01 18:19:25,454:INFO: Epoch 44	----Valid---- Loss: 45.6283	Accuracy: 60.7530	Precision: 55.4025	Recall: 66.2025	F1: 60.3230
2024-09-01 18:19:54,112:INFO: Epoch 44	----Test---- Loss: 46.0716	Accuracy: 61.0954	Precision: 56.7568	Recall: 66.6667	F1: 61.3139
2024-09-01 18:27:23,494:INFO: ----------------------------------------------------------------------------------------------------
2024-09-01 18:27:23,494:INFO: Epoch 45	---Train--- Average Loss:    39.5394	 Patience 1	 Loss:    40.1281	Accuracy: 78.6403	Precision: 72.0278	Recall: 85.9131	f1: 78.360	
2024-09-01 18:27:49,108:INFO: Epoch 45	----Valid---- Loss: 45.3065	Accuracy: 61.4946	Precision: 55.7905	Recall: 70.1266	F1: 62.1425
2024-09-01 18:28:17,618:INFO: Epoch 45	----Test---- Loss: 45.7676	Accuracy: 61.8295	Precision: 57.2295	Recall: 69.1087	F1: 62.6106
2024-09-01 18:35:47,980:INFO: ----------------------------------------------------------------------------------------------------
2024-09-01 18:35:47,980:INFO: Epoch 46	---Train--- Average Loss:    39.4586	 Patience 2	 Loss:    40.3417	Accuracy: 78.2462	Precision: 71.6949	Recall: 85.3815	f1: 77.942	
2024-09-01 18:36:13,673:INFO: Epoch 46	----Valid---- Loss: 45.3915	Accuracy: 61.2664	Precision: 55.5667	Recall: 70.1266	F1: 62.0034
2024-09-01 18:36:42,263:INFO: Epoch 46	----Test---- Loss: 45.8209	Accuracy: 61.3778	Precision: 56.7568	Recall: 69.2308	F1: 62.3762
2024-09-01 18:44:15,949:INFO: ----------------------------------------------------------------------------------------------------
2024-09-01 18:44:15,949:INFO: Epoch 47	---Train--- Average Loss:    39.2546	 Patience 3	 Loss:    41.0466	Accuracy: 75.8674	Precision: 68.1379	Recall: 87.1326	f1: 76.473	
2024-09-01 18:44:41,836:INFO: Epoch 47	----Valid---- Loss: 46.0686	Accuracy: 59.3269	Precision: 53.5881	Recall: 72.7848	F1: 61.7284
2024-09-01 18:45:10,485:INFO: Epoch 47	----Test---- Loss: 45.9558	Accuracy: 60.7566	Precision: 55.7944	Recall: 72.8938	F1: 63.2080
2024-09-01 18:52:42,517:INFO: ----------------------------------------------------------------------------------------------------
2024-09-01 18:52:42,517:INFO: Epoch 48	---Train--- Average Loss:    39.2450	 Patience 4	 Loss:    40.3887	Accuracy: 78.0350	Precision: 71.0611	Recall: 86.3821	f1: 77.976	
2024-09-01 18:53:08,341:INFO: Epoch 48	----Valid---- Loss: 45.8556	Accuracy: 59.4410	Precision: 53.8537	Recall: 69.8734	F1: 60.8264
2024-09-01 18:53:36,715:INFO: Epoch 48	----Test---- Loss: 46.2390	Accuracy: 60.3614	Precision: 55.7073	Recall: 69.7192	F1: 61.9306
2024-09-01 19:01:08,746:INFO: ----------------------------------------------------------------------------------------------------
2024-09-01 19:01:08,746:INFO: Epoch 49	---Train--- Average Loss:    39.3469	 Patience 5	 Loss:    40.1136	Accuracy: 78.8585	Precision: 71.9974	Recall: 86.7886	f1: 78.704	
2024-09-01 19:01:34,470:INFO: Epoch 49	----Valid---- Loss: 45.4162	Accuracy: 60.9241	Precision: 55.1220	Recall: 71.5190	F1: 62.2590
2024-09-01 19:02:03,093:INFO: Epoch 49	----Test---- Loss: 45.8390	Accuracy: 61.3213	Precision: 56.5945	Recall: 70.2076	F1: 62.6703
2024-09-01 19:09:34,374:INFO: ----------------------------------------------------------------------------------------------------
2024-09-01 19:09:34,374:INFO: Epoch 50	---Train--- Average Loss:    39.1701	 Patience 6	 Loss:    39.4121	Accuracy: 81.3147	Precision: 76.9719	Recall: 83.4584	f1: 80.084	
2024-09-01 19:10:00,025:INFO: Epoch 50	----Valid---- Loss: 45.1914	Accuracy: 62.0650	Precision: 57.0146	Recall: 64.3038	F1: 60.4402
2024-09-01 19:10:28,408:INFO: Epoch 50	----Test---- Loss: 46.3189	Accuracy: 60.3614	Precision: 56.4074	Recall: 62.8816	F1: 59.4688
2024-09-01 19:18:01,690:INFO: ----------------------------------------------------------------------------------------------------
2024-09-01 19:18:01,691:INFO: Epoch 51	---Train--- Average Loss:    39.0195	 Patience 7	 Loss:    40.2967	Accuracy: 78.2673	Precision: 71.5533	Recall: 85.8505	f1: 78.053	
2024-09-01 19:18:27,320:INFO: Epoch 51	----Valid---- Loss: 45.6683	Accuracy: 60.5819	Precision: 54.9749	Recall: 69.2405	F1: 61.2885
2024-09-01 19:18:55,779:INFO: Epoch 51	----Test---- Loss: 46.2308	Accuracy: 60.3049	Precision: 55.7312	Recall: 68.8645	F1: 61.6057
2024-09-01 19:26:34,349:INFO: ----------------------------------------------------------------------------------------------------
2024-09-01 19:26:34,349:INFO: Epoch 52	---Train--- Average Loss:    39.1761	 Patience 8	 Loss:    40.8000	Accuracy: 76.5923	Precision: 68.7745	Recall: 87.9143	f1: 77.175	
2024-09-01 19:26:59,928:INFO: Epoch 52	----Valid---- Loss: 45.6333	Accuracy: 60.4678	Precision: 54.4949	Recall: 74.4304	F1: 62.9213
2024-09-01 19:27:28,385:INFO: Epoch 52	----Test---- Loss: 46.7225	Accuracy: 58.7804	Precision: 54.0126	Recall: 73.1380	F1: 62.1369
2024-09-01 19:34:59,322:INFO: ----------------------------------------------------------------------------------------------------
2024-09-01 19:34:59,323:INFO: Epoch 53	---Train--- Average Loss:    39.2366	 Patience 0	 Loss:    43.2664	Accuracy: 68.9141	Precision: 60.3407	Recall: 90.2752	f1: 72.333	
2024-09-01 19:35:24,868:INFO: Epoch 53	----Valid---- Loss: 46.2675	Accuracy: 58.0148	Precision: 52.1635	Recall: 82.4051	F1: 63.8862
2024-09-01 19:35:53,282:INFO: Epoch 53	----Test---- Loss: 47.2658	Accuracy: 56.7476	Precision: 52.0982	Recall: 80.3419	F1: 63.2085
2024-09-01 19:43:24,356:INFO: ----------------------------------------------------------------------------------------------------
2024-09-01 19:43:24,356:INFO: Epoch 54	---Train--- Average Loss:    39.0672	 Patience 0	 Loss:    39.4840	Accuracy: 80.7305	Precision: 75.3535	Recall: 84.9906	f1: 79.882	
2024-09-01 19:43:50,055:INFO: Epoch 54	----Valid---- Loss: 45.3157	Accuracy: 61.8369	Precision: 56.4021	Recall: 67.4684	F1: 61.4409
2024-09-01 19:44:18,778:INFO: Epoch 54	----Test---- Loss: 46.0664	Accuracy: 60.5872	Precision: 56.3218	Recall: 65.8120	F1: 60.6982
2024-09-01 19:51:48,053:INFO: ----------------------------------------------------------------------------------------------------
2024-09-01 19:51:48,053:INFO: Epoch 55	---Train--- Average Loss:    38.9190	 Patience 1	 Loss:    40.4591	Accuracy: 77.7817	Precision: 70.9861	Recall: 85.6473	f1: 77.631	
2024-09-01 19:52:13,912:INFO: Epoch 55	----Valid---- Loss: 45.6820	Accuracy: 60.4678	Precision: 54.7596	Recall: 70.6329	F1: 61.6915
2024-09-01 19:52:42,884:INFO: Epoch 55	----Test---- Loss: 46.4710	Accuracy: 59.6838	Precision: 55.2553	Recall: 67.3993	F1: 60.7261
2024-09-01 20:00:11,787:INFO: ----------------------------------------------------------------------------------------------------
2024-09-01 20:00:11,788:INFO: Epoch 56	---Train--- Average Loss:    39.0195	 Patience 2	 Loss:    39.2054	Accuracy: 81.9481	Precision: 78.2564	Recall: 82.9425	f1: 80.531	
2024-09-01 20:00:37,567:INFO: Epoch 56	----Valid---- Loss: 45.3560	Accuracy: 61.4375	Precision: 56.6434	Recall: 61.5190	F1: 58.9806
2024-09-01 20:01:05,979:INFO: Epoch 56	----Test---- Loss: 46.3983	Accuracy: 60.0226	Precision: 56.2997	Recall: 60.5617	F1: 58.3529
2024-09-01 20:08:36,643:INFO: ----------------------------------------------------------------------------------------------------
2024-09-01 20:08:36,643:INFO: Epoch 57	---Train--- Average Loss:    38.8244	 Patience 3	 Loss:    42.1959	Accuracy: 72.0952	Precision: 63.4801	Recall: 89.4934	f1: 74.275	
2024-09-01 20:09:02,537:INFO: Epoch 57	----Valid---- Loss: 46.3414	Accuracy: 58.0719	Precision: 52.3168	Recall: 78.6076	F1: 62.8225
2024-09-01 20:09:30,790:INFO: Epoch 57	----Test---- Loss: 46.7861	Accuracy: 58.1592	Precision: 53.2939	Recall: 77.0452	F1: 63.0055
2024-09-01 20:17:00,105:INFO: ----------------------------------------------------------------------------------------------------
2024-09-01 20:17:00,105:INFO: Epoch 58	---Train--- Average Loss:    38.7264	 Patience 4	 Loss:    41.0826	Accuracy: 75.6140	Precision: 67.6078	Recall: 87.9769	f1: 76.459	
2024-09-01 20:17:25,912:INFO: Epoch 58	----Valid---- Loss: 45.9453	Accuracy: 59.2698	Precision: 53.4862	Recall: 73.7975	F1: 62.0213
2024-09-01 20:17:54,274:INFO: Epoch 58	----Test---- Loss: 46.5513	Accuracy: 59.0062	Precision: 54.2081	Recall: 73.1380	F1: 62.2661
2024-09-01 20:25:24,529:INFO: ----------------------------------------------------------------------------------------------------
2024-09-01 20:25:24,529:INFO: Epoch 59	---Train--- Average Loss:    38.7162	 Patience 5	 Loss:    39.8066	Accuracy: 79.6819	Precision: 73.0219	Recall: 87.0075	f1: 79.404	
2024-09-01 20:25:50,162:INFO: Epoch 59	----Valid---- Loss: 45.7725	Accuracy: 60.2966	Precision: 54.6813	Recall: 69.4937	F1: 61.2040
2024-09-01 20:26:18,592:INFO: Epoch 59	----Test---- Loss: 46.5890	Accuracy: 59.4579	Precision: 54.9268	Recall: 68.7424	F1: 61.0629
2024-09-01 20:33:48,208:INFO: ----------------------------------------------------------------------------------------------------
2024-09-01 20:33:48,208:INFO: Epoch 60	---Train--- Average Loss:    38.8070	 Patience 6	 Loss:    39.8809	Accuracy: 79.5411	Precision: 72.4604	Recall: 87.9925	f1: 79.475	
2024-09-01 20:34:13,654:INFO: Epoch 60	----Valid---- Loss: 45.4558	Accuracy: 61.5516	Precision: 55.6530	Recall: 72.2785	F1: 62.8855
2024-09-01 20:34:42,093:INFO: Epoch 60	----Test---- Loss: 46.2654	Accuracy: 60.1920	Precision: 55.4183	Recall: 71.1844	F1: 62.3196
2024-09-01 20:42:12,530:INFO: ----------------------------------------------------------------------------------------------------
2024-09-01 20:42:12,530:INFO: Epoch 61	---Train--- Average Loss:    38.7760	 Patience 7	 Loss:    40.3904	Accuracy: 77.9013	Precision: 70.7230	Recall: 86.8668	f1: 77.968	
2024-09-01 20:42:38,032:INFO: Epoch 61	----Valid---- Loss: 46.1410	Accuracy: 58.9846	Precision: 53.3971	Recall: 70.6329	F1: 60.8174
2024-09-01 20:43:06,381:INFO: Epoch 61	----Test---- Loss: 46.5994	Accuracy: 59.2321	Precision: 54.6411	Recall: 69.7192	F1: 61.2661
2024-09-01 20:50:36,616:INFO: ----------------------------------------------------------------------------------------------------
2024-09-01 20:50:36,616:INFO: Epoch 62	---Train--- Average Loss:    38.7558	 Patience 8	 Loss:    41.6127	Accuracy: 73.8194	Precision: 65.2775	Recall: 89.3840	f1: 75.452	
2024-09-01 20:51:02,344:INFO: Epoch 62	----Valid---- Loss: 46.1339	Accuracy: 58.4712	Precision: 52.6770	Recall: 77.2152	F1: 62.6283
2024-09-01 20:51:30,681:INFO: Epoch 62	----Test---- Loss: 46.6323	Accuracy: 58.7804	Precision: 53.8729	Recall: 75.5800	F1: 62.9065
2024-09-01 20:59:00,670:INFO: ----------------------------------------------------------------------------------------------------
2024-09-01 20:59:00,670:INFO: Epoch 63	---Train--- Average Loss:    38.6622	 Patience 9	 Loss:    42.0333	Accuracy: 72.6089	Precision: 63.9514	Recall: 89.7280	f1: 74.678	
2024-09-01 20:59:26,209:INFO: Epoch 63	----Valid---- Loss: 46.2697	Accuracy: 57.9578	Precision: 52.2592	Recall: 77.5949	F1: 62.4554
2024-09-01 20:59:54,584:INFO: Epoch 63	----Test---- Loss: 47.1160	Accuracy: 56.8041	Precision: 52.2388	Recall: 76.9231	F1: 62.2222
2024-09-01 21:07:35,369:INFO: ----------------------------------------------------------------------------------------------------
2024-09-01 21:07:35,369:INFO: Epoch 64	---Train--- Average Loss:    38.6877	 Patience 10	 Loss:    39.0552	Accuracy: 82.2014	Precision: 77.0988	Recall: 86.0069	f1: 81.310	
2024-09-01 21:08:04,620:INFO: Epoch 64	----Valid---- Loss: 45.7351	Accuracy: 60.5248	Precision: 55.3377	Recall: 64.3038	F1: 59.4848
2024-09-01 21:08:36,799:INFO: Epoch 64	----Test---- Loss: 46.1638	Accuracy: 60.4743	Precision: 56.2566	Recall: 65.3236	F1: 60.4520
2024-09-01 21:17:05,245:INFO: ----------------------------------------------------------------------------------------------------
2024-09-01 21:17:05,245:INFO: Epoch 65	---Train--- Average Loss:    38.4767	 Patience 11	 Loss:    39.3453	Accuracy: 81.0472	Precision: 74.8690	Recall: 87.1482	f1: 80.543	
2024-09-01 21:17:34,263:INFO: Epoch 65	----Valid---- Loss: 45.3179	Accuracy: 61.7228	Precision: 56.0776	Recall: 69.4937	F1: 62.0690
2024-09-01 21:18:06,150:INFO: Epoch 65	----Test---- Loss: 46.2089	Accuracy: 60.3049	Precision: 55.7654	Recall: 68.4982	F1: 61.4795
2024-09-01 21:26:08,037:INFO: ----------------------------------------------------------------------------------------------------
2024-09-01 21:26:08,037:INFO: Epoch 66	---Train--- Average Loss:    38.4732	 Patience 12	 Loss:    38.5966	Accuracy: 83.5245	Precision: 79.0431	Recall: 86.2727	f1: 82.500	
2024-09-01 21:26:33,674:INFO: Epoch 66	----Valid---- Loss: 45.2904	Accuracy: 61.7228	Precision: 56.5891	Recall: 64.6835	F1: 60.3662
2024-09-01 21:27:02,024:INFO: Epoch 66	----Test---- Loss: 46.1700	Accuracy: 60.7002	Precision: 56.6200	Recall: 64.2247	F1: 60.1831
2024-09-01 21:34:32,845:INFO: ----------------------------------------------------------------------------------------------------
2024-09-01 21:34:32,845:INFO: Epoch 67	---Train--- Average Loss:    38.4549	 Patience 13	 Loss:    39.3837	Accuracy: 81.1176	Precision: 75.2757	Recall: 86.4447	f1: 80.474	
2024-09-01 21:34:58,465:INFO: Epoch 67	----Valid---- Loss: 45.2647	Accuracy: 61.8369	Precision: 56.2955	Recall: 68.4810	F1: 61.7933
2024-09-01 21:35:26,901:INFO: Epoch 67	----Test---- Loss: 46.2684	Accuracy: 60.0791	Precision: 55.6452	Recall: 67.3993	F1: 60.9608
2024-09-01 21:42:58,757:INFO: ----------------------------------------------------------------------------------------------------
2024-09-01 21:42:58,757:INFO: Epoch 68	---Train--- Average Loss:    38.4761	 Patience 14	 Loss:    39.4105	Accuracy: 80.8783	Precision: 74.2902	Recall: 87.9612	f1: 80.550	
2024-09-01 21:43:24,471:INFO: Epoch 68	----Valid---- Loss: 45.3629	Accuracy: 61.1523	Precision: 55.3379	Recall: 71.5190	F1: 62.3965
2024-09-01 21:43:52,917:INFO: Epoch 68	----Test---- Loss: 45.8214	Accuracy: 61.7730	Precision: 56.9608	Recall: 70.9402	F1: 63.1865
2024-09-01 21:51:24,929:INFO: ----------------------------------------------------------------------------------------------------
2024-09-01 21:51:24,929:INFO: Epoch 69	---Train--- Average Loss:    38.3749	 Patience 15	 Loss:    40.8586	Accuracy: 76.4867	Precision: 68.3439	Recall: 88.9775	f1: 77.308	
2024-09-01 21:51:50,456:INFO: Epoch 69	----Valid---- Loss: 45.7188	Accuracy: 59.9544	Precision: 53.8462	Recall: 77.9747	F1: 63.7022
2024-09-01 21:52:18,903:INFO: Epoch 69	----Test---- Loss: 46.3324	Accuracy: 59.6273	Precision: 54.6512	Recall: 74.6032	F1: 63.0872
2024-09-01 21:59:49,684:INFO: ----------------------------------------------------------------------------------------------------
2024-09-01 21:59:49,685:INFO: Epoch 70	---Train--- Average Loss:    38.4666	 Patience 16	 Loss:    39.8536	Accuracy: 79.4004	Precision: 71.8039	Recall: 89.3058	f1: 79.604	
2024-09-01 22:00:15,246:INFO: Epoch 70	----Valid---- Loss: 45.2372	Accuracy: 61.3805	Precision: 55.2170	Recall: 75.6962	F1: 63.8548
2024-09-01 22:00:43,590:INFO: Epoch 70	----Test---- Loss: 45.8698	Accuracy: 61.0954	Precision: 56.0074	Recall: 73.9927	F1: 63.7559
2024-09-01 22:08:15,777:INFO: ----------------------------------------------------------------------------------------------------
2024-09-01 22:08:15,777:INFO: Epoch 71	---Train--- Average Loss:    38.2832	 Patience 17	 Loss:    42.2067	Accuracy: 72.0107	Precision: 63.2345	Recall: 90.3533	f1: 74.400	
2024-09-01 22:08:41,601:INFO: Epoch 71	----Valid---- Loss: 46.4240	Accuracy: 57.5585	Precision: 51.8914	Recall: 79.8734	F1: 62.9113
2024-09-01 22:09:10,223:INFO: Epoch 71	----Test---- Loss: 47.6002	Accuracy: 55.3360	Precision: 51.1457	Recall: 76.3126	F1: 61.2445
2024-09-01 22:16:41,359:INFO: ----------------------------------------------------------------------------------------------------
2024-09-01 22:16:41,360:INFO: Epoch 72	---Train--- Average Loss:    38.2788	 Patience 18	 Loss:    39.7432	Accuracy: 79.7382	Precision: 72.5593	Recall: 88.4303	f1: 79.712	
2024-09-01 22:17:06,970:INFO: Epoch 72	----Valid---- Loss: 45.6973	Accuracy: 60.0114	Precision: 54.2021	Recall: 72.6582	F1: 62.0876
2024-09-01 22:17:35,414:INFO: Epoch 72	----Test---- Loss: 46.3308	Accuracy: 60.0226	Precision: 55.2113	Recall: 71.7949	F1: 62.4204
2024-09-01 22:25:05,892:INFO: ----------------------------------------------------------------------------------------------------
2024-09-01 22:25:05,893:INFO: Epoch 73	---Train--- Average Loss:    38.2280	 Patience 19	 Loss:    38.9827	Accuracy: 82.1592	Precision: 76.0491	Recall: 88.1176	f1: 81.640	
2024-09-01 22:25:31,592:INFO: Epoch 73	----Valid---- Loss: 45.0926	Accuracy: 62.4073	Precision: 56.5829	Recall: 71.2658	F1: 63.0812
2024-09-01 22:26:00,283:INFO: Epoch 73	----Test---- Loss: 46.1275	Accuracy: 60.5872	Precision: 55.9024	Recall: 69.9634	F1: 62.1475
2024-09-01 22:33:31,722:INFO: ----------------------------------------------------------------------------------------------------
2024-09-01 22:33:31,722:INFO: Epoch 74	---Train--- Average Loss:    38.0105	 Patience 20	 Loss:    39.7749	Accuracy: 79.7030	Precision: 72.1549	Recall: 89.4153	f1: 79.863	
2024-09-01 22:33:57,256:INFO: Epoch 74	----Valid---- Loss: 45.1203	Accuracy: 61.7228	Precision: 55.5452	Recall: 75.4430	F1: 63.9828
2024-09-01 22:34:25,567:INFO: Epoch 74	----Test---- Loss: 45.9034	Accuracy: 61.0954	Precision: 55.9524	Recall: 74.6032	F1: 63.9456
2024-09-01 22:41:55,408:INFO: ----------------------------------------------------------------------------------------------------
2024-09-01 22:41:55,408:INFO: Epoch 75	---Train--- Average Loss:    38.2190	 Patience 0	 Loss:    38.4436	Accuracy: 84.0453	Precision: 79.7264	Recall: 86.5697	f1: 83.007	
2024-09-01 22:42:20,969:INFO: Epoch 75	----Valid---- Loss: 45.1918	Accuracy: 62.0650	Precision: 56.8908	Recall: 65.3165	F1: 60.8132
2024-09-01 22:42:49,339:INFO: Epoch 75	----Test---- Loss: 45.9185	Accuracy: 61.3213	Precision: 57.1734	Recall: 65.2015	F1: 60.9241
2024-09-01 22:50:20,239:INFO: ----------------------------------------------------------------------------------------------------
2024-09-01 22:50:20,239:INFO: Epoch 76	---Train--- Average Loss:    38.0699	 Patience 1	 Loss:    37.7749	Accuracy: 86.3045	Precision: 84.3895	Recall: 85.3659	f1: 84.875	
2024-09-01 22:50:45,988:INFO: Epoch 76	----Valid---- Loss: 44.7041	Accuracy: 64.0616	Precision: 59.9256	Recall: 61.1392	F1: 60.5263
2024-09-01 22:51:14,375:INFO: Epoch 76	----Test---- Loss: 45.9359	Accuracy: 61.6601	Precision: 58.4951	Recall: 58.8523	F1: 58.6732
2024-09-01 22:58:45,107:INFO: ----------------------------------------------------------------------------------------------------
2024-09-01 22:58:45,107:INFO: Epoch 77	---Train--- Average Loss:    38.0049	 Patience 2	 Loss:    38.9414	Accuracy: 82.2436	Precision: 76.3505	Recall: 87.7267	f1: 81.644	
2024-09-01 22:59:10,896:INFO: Epoch 77	----Valid---- Loss: 45.0946	Accuracy: 62.4073	Precision: 56.7318	Recall: 69.8734	F1: 62.6205
2024-09-01 22:59:39,746:INFO: Epoch 77	----Test---- Loss: 46.3493	Accuracy: 59.9097	Precision: 55.4884	Recall: 67.2772	F1: 60.8168
2024-09-01 23:07:12,858:INFO: ----------------------------------------------------------------------------------------------------
2024-09-01 23:07:12,859:INFO: Epoch 78	---Train--- Average Loss:    38.0456	 Patience 3	 Loss:    39.5133	Accuracy: 80.6179	Precision: 73.3761	Recall: 89.3684	f1: 80.586	
2024-09-01 23:07:39,325:INFO: Epoch 78	----Valid---- Loss: 45.2415	Accuracy: 62.0650	Precision: 56.0386	Recall: 73.4177	F1: 63.5616
2024-09-01 23:08:07,818:INFO: Epoch 78	----Test---- Loss: 45.9643	Accuracy: 60.8131	Precision: 55.7924	Recall: 73.5043	F1: 63.4352
2024-09-01 23:15:37,856:INFO: ----------------------------------------------------------------------------------------------------
2024-09-01 23:15:37,857:INFO: Epoch 79	---Train--- Average Loss:    38.1332	 Patience 4	 Loss:    38.2387	Accuracy: 84.6365	Precision: 80.2354	Recall: 87.3984	f1: 83.664	
2024-09-01 23:16:03,401:INFO: Epoch 79	----Valid---- Loss: 45.0061	Accuracy: 62.5784	Precision: 57.3465	Recall: 66.2025	F1: 61.4571
2024-09-01 23:16:32,232:INFO: Epoch 79	----Test---- Loss: 46.1388	Accuracy: 60.9825	Precision: 56.7511	Recall: 65.6899	F1: 60.8942
2024-09-01 23:24:01,815:INFO: ----------------------------------------------------------------------------------------------------
2024-09-01 23:24:01,815:INFO: Epoch 80	---Train--- Average Loss:    37.9866	 Patience 5	 Loss:    37.7900	Accuracy: 85.9807	Precision: 83.0929	Recall: 86.4447	f1: 84.736	
2024-09-01 23:24:27,291:INFO: Epoch 80	----Valid---- Loss: 44.7438	Accuracy: 63.6052	Precision: 58.9412	Recall: 63.4177	F1: 61.0976
2024-09-01 23:24:55,628:INFO: Epoch 80	----Test---- Loss: 46.0369	Accuracy: 61.3778	Precision: 57.5928	Recall: 62.5153	F1: 59.9532
2024-09-01 23:32:25,672:INFO: ----------------------------------------------------------------------------------------------------
2024-09-01 23:32:25,672:INFO: Epoch 81	---Train--- Average Loss:    37.8807	 Patience 6	 Loss:    38.6757	Accuracy: 83.3204	Precision: 77.6435	Recall: 88.3990	f1: 82.673	
2024-09-01 23:32:51,574:INFO: Epoch 81	----Valid---- Loss: 44.9386	Accuracy: 62.5214	Precision: 56.8345	Recall: 70.0000	F1: 62.7340
2024-09-01 23:33:20,164:INFO: Epoch 81	----Test---- Loss: 45.8834	Accuracy: 61.4907	Precision: 56.9685	Recall: 68.3761	F1: 62.1532
2024-09-01 23:40:50,452:INFO: ----------------------------------------------------------------------------------------------------
2024-09-01 23:40:50,453:INFO: Epoch 82	---Train--- Average Loss:    37.8771	 Patience 7	 Loss:    37.8515	Accuracy: 85.8118	Precision: 81.7668	Recall: 88.1332	f1: 84.831	
2024-09-01 23:41:16,020:INFO: Epoch 82	----Valid---- Loss: 45.0367	Accuracy: 62.6925	Precision: 57.3276	Recall: 67.3418	F1: 61.9325
2024-09-01 23:41:44,595:INFO: Epoch 82	----Test---- Loss: 45.7568	Accuracy: 61.7730	Precision: 57.4423	Recall: 66.9109	F1: 61.8161
2024-09-01 23:49:14,521:INFO: ----------------------------------------------------------------------------------------------------
2024-09-01 23:49:14,521:INFO: Epoch 83	---Train--- Average Loss:    37.7653	 Patience 8	 Loss:    38.1833	Accuracy: 84.8124	Precision: 80.0823	Recall: 88.1957	f1: 83.943	
2024-09-01 23:49:40,063:INFO: Epoch 83	----Valid---- Loss: 45.1788	Accuracy: 61.8939	Precision: 56.5310	Recall: 66.8354	F1: 61.2529
2024-09-01 23:50:08,318:INFO: Epoch 83	----Test---- Loss: 45.9348	Accuracy: 61.5471	Precision: 57.2632	Recall: 66.4225	F1: 61.5037
2024-09-01 23:57:39,402:INFO: ----------------------------------------------------------------------------------------------------
2024-09-01 23:57:39,402:INFO: Epoch 84	---Train--- Average Loss:    37.8914	 Patience 9	 Loss:    38.4460	Accuracy: 83.8553	Precision: 78.4940	Recall: 88.3365	f1: 83.125	
2024-09-01 23:58:04,866:INFO: Epoch 84	----Valid---- Loss: 45.1122	Accuracy: 61.7798	Precision: 56.1224	Recall: 69.6203	F1: 62.1469
2024-09-01 23:58:33,202:INFO: Epoch 84	----Test---- Loss: 46.1903	Accuracy: 60.5308	Precision: 56.0484	Recall: 67.8877	F1: 61.4025
2024-09-02 00:06:08,401:INFO: ----------------------------------------------------------------------------------------------------
2024-09-02 00:06:08,401:INFO: Epoch 85	---Train--- Average Loss:    37.6882	 Patience 10	 Loss:    37.8972	Accuracy: 85.6359	Precision: 81.4078	Recall: 88.2427	f1: 84.688	
2024-09-02 00:06:34,041:INFO: Epoch 85	----Valid---- Loss: 45.1802	Accuracy: 62.0080	Precision: 56.6955	Recall: 66.4557	F1: 61.1888
2024-09-02 00:07:02,378:INFO: Epoch 85	----Test---- Loss: 46.0062	Accuracy: 60.9825	Precision: 56.7086	Recall: 66.0562	F1: 61.0265
2024-09-02 00:14:34,153:INFO: ----------------------------------------------------------------------------------------------------
2024-09-02 00:14:34,153:INFO: Epoch 86	---Train--- Average Loss:    37.7369	 Patience 11	 Loss:    38.5589	Accuracy: 83.5316	Precision: 77.6974	Recall: 88.9462	f1: 82.942	
2024-09-02 00:15:00,007:INFO: Epoch 86	----Valid---- Loss: 45.2547	Accuracy: 61.7798	Precision: 56.1224	Recall: 69.6203	F1: 62.1469
2024-09-02 00:15:28,515:INFO: Epoch 86	----Test---- Loss: 46.1832	Accuracy: 60.3049	Precision: 55.6641	Recall: 69.5971	F1: 61.8557
2024-09-02 00:22:59,671:INFO: ----------------------------------------------------------------------------------------------------
2024-09-02 00:22:59,672:INFO: Epoch 87	---Train--- Average Loss:    37.6547	 Patience 12	 Loss:    37.6968	Accuracy: 86.2059	Precision: 82.2665	Recall: 88.4146	f1: 85.230	
2024-09-02 00:23:25,238:INFO: Epoch 87	----Valid---- Loss: 44.5446	Accuracy: 64.2327	Precision: 59.0858	Recall: 67.0886	F1: 62.8334
2024-09-02 00:23:53,571:INFO: Epoch 87	----Test---- Loss: 45.7648	Accuracy: 61.9424	Precision: 57.6236	Recall: 66.9109	F1: 61.9209
2024-09-02 00:31:24,636:INFO: ----------------------------------------------------------------------------------------------------
2024-09-02 00:31:24,636:INFO: Epoch 88	---Train--- Average Loss:    37.5194	 Patience 13	 Loss:    39.3313	Accuracy: 80.8431	Precision: 73.3477	Recall: 90.2283	f1: 80.917	
2024-09-02 00:31:50,186:INFO: Epoch 88	----Valid---- Loss: 45.2883	Accuracy: 61.2664	Precision: 55.1341	Recall: 75.4430	F1: 63.7092
2024-09-02 00:32:18,613:INFO: Epoch 88	----Test---- Loss: 46.4967	Accuracy: 59.2321	Precision: 54.3420	Recall: 74.1148	F1: 62.7066
2024-09-02 00:39:49,534:INFO: ----------------------------------------------------------------------------------------------------
2024-09-02 00:39:49,534:INFO: Epoch 89	---Train--- Average Loss:    37.6975	 Patience 14	 Loss:    38.1266	Accuracy: 84.8406	Precision: 79.7726	Recall: 88.8524	f1: 84.068	
2024-09-02 00:40:15,080:INFO: Epoch 89	----Valid---- Loss: 45.0274	Accuracy: 62.6355	Precision: 56.9804	Recall: 69.7468	F1: 62.7205
2024-09-02 00:40:43,579:INFO: Epoch 89	----Test---- Loss: 45.8273	Accuracy: 61.6601	Precision: 57.1138	Recall: 68.6203	F1: 62.3405
2024-09-02 00:48:13,465:INFO: ----------------------------------------------------------------------------------------------------
2024-09-02 00:48:13,465:INFO: Epoch 90	---Train--- Average Loss:    37.4949	 Patience 15	 Loss:    39.0679	Accuracy: 81.8143	Precision: 74.7468	Recall: 90.0094	f1: 81.671	
2024-09-02 00:48:38,911:INFO: Epoch 90	----Valid---- Loss: 45.2677	Accuracy: 61.7798	Precision: 55.6497	Recall: 74.8101	F1: 63.8229
2024-09-02 00:49:07,206:INFO: Epoch 90	----Test---- Loss: 46.2168	Accuracy: 60.2484	Precision: 55.3191	Recall: 73.0159	F1: 62.9474
2024-09-02 00:56:39,765:INFO: ----------------------------------------------------------------------------------------------------
2024-09-02 00:56:39,766:INFO: Epoch 91	---Train--- Average Loss:    37.6370	 Patience 16	 Loss:    38.6212	Accuracy: 83.2923	Precision: 77.2272	Recall: 89.1807	f1: 82.775	
2024-09-02 00:57:05,337:INFO: Epoch 91	----Valid---- Loss: 45.4360	Accuracy: 61.1523	Precision: 55.3067	Recall: 71.8987	F1: 62.5206
2024-09-02 00:57:33,940:INFO: Epoch 91	----Test---- Loss: 46.0534	Accuracy: 60.9260	Precision: 56.2685	Recall: 69.5971	F1: 62.2271
2024-09-02 01:05:05,480:INFO: ----------------------------------------------------------------------------------------------------
2024-09-02 01:05:05,480:INFO: Epoch 92	---Train--- Average Loss:    37.5051	 Patience 17	 Loss:    40.8359	Accuracy: 76.3882	Precision: 67.8065	Recall: 90.5253	f1: 77.536	
2024-09-02 01:05:31,449:INFO: Epoch 92	----Valid---- Loss: 46.4092	Accuracy: 57.5014	Precision: 51.9247	Recall: 76.8354	F1: 61.9704
2024-09-02 01:06:00,001:INFO: Epoch 92	----Test---- Loss: 47.1488	Accuracy: 57.4816	Precision: 52.8696	Recall: 74.2369	F1: 61.7572
2024-09-02 01:13:29,838:INFO: ----------------------------------------------------------------------------------------------------
2024-09-02 01:13:29,838:INFO: Epoch 93	---Train--- Average Loss:    37.6012	 Patience 18	 Loss:    39.0787	Accuracy: 81.8214	Precision: 74.6924	Recall: 90.1657	f1: 81.703	
2024-09-02 01:13:55,472:INFO: Epoch 93	----Valid---- Loss: 45.0983	Accuracy: 62.1791	Precision: 56.1471	Recall: 73.4177	F1: 63.6314
2024-09-02 01:14:23,915:INFO: Epoch 93	----Test---- Loss: 46.1477	Accuracy: 60.4178	Precision: 55.5660	Recall: 71.9170	F1: 62.6929
2024-09-02 01:21:54,001:INFO: ----------------------------------------------------------------------------------------------------
2024-09-02 01:21:54,002:INFO: Epoch 94	---Train--- Average Loss:    37.4660	 Patience 19	 Loss:    39.8184	Accuracy: 79.4919	Precision: 71.7571	Recall: 89.7749	f1: 79.761	
2024-09-02 01:22:19,479:INFO: Epoch 94	----Valid---- Loss: 45.8495	Accuracy: 59.6691	Precision: 53.7900	Recall: 74.5570	F1: 62.4934
2024-09-02 01:22:48,011:INFO: Epoch 94	----Test---- Loss: 46.6941	Accuracy: 58.3851	Precision: 53.7477	Recall: 71.7949	F1: 61.4741
2024-09-02 01:30:20,196:INFO: ----------------------------------------------------------------------------------------------------
2024-09-02 01:30:20,196:INFO: Epoch 95	---Train--- Average Loss:    37.4973	 Patience 20	 Loss:    38.4073	Accuracy: 83.9327	Precision: 78.4086	Recall: 88.7430	f1: 83.256	
2024-09-02 01:30:46,076:INFO: Epoch 95	----Valid---- Loss: 45.2787	Accuracy: 61.8939	Precision: 56.1616	Recall: 70.3797	F1: 62.4719
2024-09-02 01:31:14,881:INFO: Epoch 95	----Test---- Loss: 46.4317	Accuracy: 59.7403	Precision: 55.3535	Recall: 66.9109	F1: 60.5860
2024-09-02 01:38:48,468:INFO: ----------------------------------------------------------------------------------------------------
2024-09-02 01:38:48,468:INFO: Epoch 96	---Train--- Average Loss:    37.4450	 Patience 21	 Loss:    39.4495	Accuracy: 80.6320	Precision: 72.9934	Recall: 90.4315	f1: 80.782	
2024-09-02 01:39:14,300:INFO: Epoch 96	----Valid---- Loss: 45.4329	Accuracy: 61.0382	Precision: 54.9038	Recall: 75.8228	F1: 63.6895
2024-09-02 01:39:42,866:INFO: Epoch 96	----Test---- Loss: 46.7154	Accuracy: 58.7804	Precision: 54.0565	Recall: 72.4054	F1: 61.8998
2024-09-02 01:47:13,507:INFO: ----------------------------------------------------------------------------------------------------
2024-09-02 01:47:13,507:INFO: Epoch 97	---Train--- Average Loss:    37.5257	 Patience 22	 Loss:    38.9223	Accuracy: 82.3000	Precision: 75.6850	Recall: 89.3996	f1: 81.973	
2024-09-02 01:47:39,639:INFO: Epoch 97	----Valid---- Loss: 45.3605	Accuracy: 60.9812	Precision: 55.0864	Recall: 72.6582	F1: 62.6638
2024-09-02 01:48:08,183:INFO: Epoch 97	----Test---- Loss: 46.8597	Accuracy: 58.5545	Precision: 54.0905	Recall: 68.6203	F1: 60.4952
2024-09-02 01:55:40,430:INFO: ----------------------------------------------------------------------------------------------------
2024-09-02 01:55:40,430:INFO: Epoch 98	---Train--- Average Loss:    37.3830	 Patience 23	 Loss:    37.9226	Accuracy: 85.4599	Precision: 80.2459	Recall: 89.8061	f1: 84.757	
2024-09-02 01:56:06,098:INFO: Epoch 98	----Valid---- Loss: 45.1260	Accuracy: 62.0650	Precision: 56.4234	Recall: 69.4937	F1: 62.2802
2024-09-02 01:56:34,585:INFO: Epoch 98	----Test---- Loss: 46.2406	Accuracy: 60.4178	Precision: 55.8765	Recall: 68.4982	F1: 61.5469
2024-09-02 02:04:06,170:INFO: ----------------------------------------------------------------------------------------------------
2024-09-02 02:04:06,170:INFO: Epoch 99	---Train--- Average Loss:    37.3280	 Patience 24	 Loss:    38.6696	Accuracy: 83.0248	Precision: 76.8319	Recall: 89.1807	f1: 82.547	
2024-09-02 02:04:31,823:INFO: Epoch 99	----Valid---- Loss: 45.3168	Accuracy: 61.2094	Precision: 55.4890	Recall: 70.3797	F1: 62.0536
2024-09-02 02:05:00,374:INFO: Epoch 99	----Test---- Loss: 46.5787	Accuracy: 59.3450	Precision: 54.8865	Recall: 67.8877	F1: 60.6987
2024-09-02 02:12:31,102:INFO: ----------------------------------------------------------------------------------------------------
2024-09-02 02:12:31,102:INFO: Epoch 100	---Train--- Average Loss:    37.2747	 Patience 25	 Loss:    39.8587	Accuracy: 79.3230	Precision: 71.1214	Recall: 91.0256	f1: 79.852	
2024-09-02 02:12:56,494:INFO: Epoch 100	----Valid---- Loss: 45.3580	Accuracy: 60.8100	Precision: 54.5057	Recall: 78.8608	F1: 64.4594
2024-09-02 02:13:24,948:INFO: Epoch 100	----Test---- Loss: 46.2692	Accuracy: 59.6273	Precision: 54.5455	Recall: 76.1905	F1: 63.5762
2024-09-02 02:13:24,972:INFO: Finish training!
2024-09-02 02:13:24,993:INFO: ####################################################################################################
2024-09-02 02:13:24,993:INFO: Test result
